SYM 0: CLASS MISMATCH frame 4 (got 6 want 4)
SYM 0: FAIL (1 bad frames)
SYM 1: PASS (40/40 frames)
SYM 2: PASS (40/40 frames)
SYM 3: PASS (40/40 frames)
SYM 4: PASS (40/40 frames)
SYM 5: PASS (40/40 frames)
SYM 6: PASS (40/40 frames)
SYM 7: PASS (40/40 frames)
EQUIV: 7/8 symbols PASS, 1 frame mismatches
RESULT: FAIL
tb_top.v:93: $finish called at 3276000 (1ps)
SYM 0: PASS (40/40 frames)
SYM 1: CLASS MISMATCH frame 5 (got 0 want 1)
SYM 1: CLASS MISMATCH frame 10 (got 0 want 1)
SYM 1: CLASS MISMATCH frame 11 (got 0 want 1)
SYM 1: FAIL (31 bad frames)
SYM 2: PASS (40/40 frames)
SYM 3: PASS (40/40 frames)
SYM 4: PASS (40/40 frames)
SYM 5: PASS (40/40 frames)
SYM 6: PASS (40/40 frames)
SYM 7: PASS (40/40 frames)
EQUIV: 7/8 symbols PASS, 31 frame mismatches
RESULT: FAIL
tb_top.v:93: $finish called at 3276000 (1ps)
SYM 0: PASS (40/40 frames)
SYM 1: PASS (40/40 frames)
SYM 2: PASS (40/40 frames)
SYM 3: PASS (40/40 frames)
SYM 4: PASS (40/40 frames)
SYM 5: PASS (40/40 frames)
SYM 6: PASS (40/40 frames)
SYM 7: PASS (40/40 frames)
EQUIV: 8/8 symbols PASS, 0 frame mismatches
RESULT: PASS
tb_top.v:93: $finish called at 3276000 (1ps)
