Info: Packing constants..
Info: Inserting IO buffers..
Info:     IO port 'clk' driven by IBUF '$iopadmap$lgn_top.clk'
Info:     IO port 'rst' driven by IBUF '$iopadmap$lgn_top.rst'
Info:     IO port 'class_out[0]' driven by OBUF '$iopadmap$lgn_top.class_out'
Info:     IO port 'class_out[1]' driven by OBUF '$iopadmap$lgn_top.class_out_1'
Info:     IO port 'class_out[2]' driven by OBUF '$iopadmap$lgn_top.class_out_2'
Info:     IO port 'x[0]' driven by IBUF '$iopadmap$lgn_top.x'
Info:     IO port 'x[1]' driven by IBUF '$iopadmap$lgn_top.x_1'
Info:     IO port 'x[2]' driven by IBUF '$iopadmap$lgn_top.x_2'
Info:     IO port 'x[3]' driven by IBUF '$iopadmap$lgn_top.x_3'
Info:     IO port 'x[4]' driven by IBUF '$iopadmap$lgn_top.x_4'
Info:     IO port 'x[5]' driven by IBUF '$iopadmap$lgn_top.x_5'
Info:     IO port 'x[6]' driven by IBUF '$iopadmap$lgn_top.x_6'
Info:     IO port 'x[7]' driven by IBUF '$iopadmap$lgn_top.x_7'
Info:     IO port 'x[8]' driven by IBUF '$iopadmap$lgn_top.x_8'
Info:     Constraining 'clk' to site 'IOB_X1Y76'
Info:     Tile 'RIOB33_X43Y75'
Info: Generating input buffer for '$iopadmap$lgn_top.clk'
Info: Generating input buffer for '$iopadmap$lgn_top.rst'
Info: Generating output buffer for '$iopadmap$lgn_top.class_out'
Info: Generating output buffer for '$iopadmap$lgn_top.class_out_1'
Info: Generating output buffer for '$iopadmap$lgn_top.class_out_2'
Info: Generating input buffer for '$iopadmap$lgn_top.x'
Info: Generating input buffer for '$iopadmap$lgn_top.x_1'
Info: Generating input buffer for '$iopadmap$lgn_top.x_2'
Info: Generating input buffer for '$iopadmap$lgn_top.x_3'
Info: Generating input buffer for '$iopadmap$lgn_top.x_4'
Info: Generating input buffer for '$iopadmap$lgn_top.x_5'
Info: Generating input buffer for '$iopadmap$lgn_top.x_6'
Info: Generating input buffer for '$iopadmap$lgn_top.x_7'
Info: Generating input buffer for '$iopadmap$lgn_top.x_8'
Info:     Created 14 PAD cells from:
Info:             14x PAD
ERROR: port rst of type PAD has no IOSTANDARD property0 warnings, 1 error
