Info: Packing constants..
Info: Inserting IO buffers..
Info:     IO port 'clk' driven by IBUF '$iopadmap$lgn_fsm.clk'
Info:     IO port 'rst' driven by IBUF '$iopadmap$lgn_fsm.rst'
Info:     IO port 'q[0]' driven by OBUF '$iopadmap$lgn_fsm.q'
Info:     IO port 'q[1]' driven by OBUF '$iopadmap$lgn_fsm.q_1'
Info:     IO port 'q[10]' driven by OBUF '$iopadmap$lgn_fsm.q_10'
Info:     IO port 'q[100]' driven by OBUF '$iopadmap$lgn_fsm.q_100'
Info:     IO port 'q[1000]' driven by OBUF '$iopadmap$lgn_fsm.q_1000'
Info:     IO port 'q[1001]' driven by OBUF '$iopadmap$lgn_fsm.q_1001'
Info:     IO port 'q[1002]' driven by OBUF '$iopadmap$lgn_fsm.q_1002'
Info:     IO port 'q[1003]' driven by OBUF '$iopadmap$lgn_fsm.q_1003'
Info:     IO port 'q[1004]' driven by OBUF '$iopadmap$lgn_fsm.q_1004'
Info:     IO port 'q[1005]' driven by OBUF '$iopadmap$lgn_fsm.q_1005'
Info:     IO port 'q[1006]' driven by OBUF '$iopadmap$lgn_fsm.q_1006'
Info:     IO port 'q[1007]' driven by OBUF '$iopadmap$lgn_fsm.q_1007'
Info:     IO port 'q[1008]' driven by OBUF '$iopadmap$lgn_fsm.q_1008'
Info:     IO port 'q[1009]' driven by OBUF '$iopadmap$lgn_fsm.q_1009'
Info:     IO port 'q[101]' driven by OBUF '$iopadmap$lgn_fsm.q_101'
Info:     IO port 'q[1010]' driven by OBUF '$iopadmap$lgn_fsm.q_1010'
Info:     IO port 'q[1011]' driven by OBUF '$iopadmap$lgn_fsm.q_1011'
Info:     IO port 'q[1012]' driven by OBUF '$iopadmap$lgn_fsm.q_1012'
Info:     IO port 'q[1013]' driven by OBUF '$iopadmap$lgn_fsm.q_1013'
Info:     IO port 'q[1014]' driven by OBUF '$iopadmap$lgn_fsm.q_1014'
Info:     IO port 'q[1015]' driven by OBUF '$iopadmap$lgn_fsm.q_1015'
Info:     IO port 'q[1016]' driven by OBUF '$iopadmap$lgn_fsm.q_1016'
Info:     IO port 'q[1017]' driven by OBUF '$iopadmap$lgn_fsm.q_1017'
Info:     IO port 'q[1018]' driven by OBUF '$iopadmap$lgn_fsm.q_1018'
Info:     IO port 'q[1019]' driven by OBUF '$iopadmap$lgn_fsm.q_1019'
Info:     IO port 'q[102]' driven by OBUF '$iopadmap$lgn_fsm.q_102'
Info:     IO port 'q[1020]' driven by OBUF '$iopadmap$lgn_fsm.q_1020'
Info:     IO port 'q[1021]' driven by OBUF '$iopadmap$lgn_fsm.q_1021'
Info:     IO port 'q[1022]' driven by OBUF '$iopadmap$lgn_fsm.q_1022'
Info:     IO port 'q[1023]' driven by OBUF '$iopadmap$lgn_fsm.q_1023'
Info:     IO port 'q[103]' driven by OBUF '$iopadmap$lgn_fsm.q_103'
Info:     IO port 'q[104]' driven by OBUF '$iopadmap$lgn_fsm.q_104'
Info:     IO port 'q[105]' driven by OBUF '$iopadmap$lgn_fsm.q_105'
Info:     IO port 'q[106]' driven by OBUF '$iopadmap$lgn_fsm.q_106'
Info:     IO port 'q[107]' driven by OBUF '$iopadmap$lgn_fsm.q_107'
Info:     IO port 'q[108]' driven by OBUF '$iopadmap$lgn_fsm.q_108'
Info:     IO port 'q[109]' driven by OBUF '$iopadmap$lgn_fsm.q_109'
Info:     IO port 'q[11]' driven by OBUF '$iopadmap$lgn_fsm.q_11'
Info:     IO port 'q[110]' driven by OBUF '$iopadmap$lgn_fsm.q_110'
Info:     IO port 'q[111]' driven by OBUF '$iopadmap$lgn_fsm.q_111'
Info:     IO port 'q[112]' driven by OBUF '$iopadmap$lgn_fsm.q_112'
Info:     IO port 'q[113]' driven by OBUF '$iopadmap$lgn_fsm.q_113'
Info:     IO port 'q[114]' driven by OBUF '$iopadmap$lgn_fsm.q_114'
Info:     IO port 'q[115]' driven by OBUF '$iopadmap$lgn_fsm.q_115'
Info:     IO port 'q[116]' driven by OBUF '$iopadmap$lgn_fsm.q_116'
Info:     IO port 'q[117]' driven by OBUF '$iopadmap$lgn_fsm.q_117'
Info:     IO port 'q[118]' driven by OBUF '$iopadmap$lgn_fsm.q_118'
Info:     IO port 'q[119]' driven by OBUF '$iopadmap$lgn_fsm.q_119'
Info:     IO port 'q[12]' driven by OBUF '$iopadmap$lgn_fsm.q_12'
Info:     IO port 'q[120]' driven by OBUF '$iopadmap$lgn_fsm.q_120'
Info:     IO port 'q[121]' driven by OBUF '$iopadmap$lgn_fsm.q_121'
Info:     IO port 'q[122]' driven by OBUF '$iopadmap$lgn_fsm.q_122'
Info:     IO port 'q[123]' driven by OBUF '$iopadmap$lgn_fsm.q_123'
Info:     IO port 'q[124]' driven by OBUF '$iopadmap$lgn_fsm.q_124'
Info:     IO port 'q[125]' driven by OBUF '$iopadmap$lgn_fsm.q_125'
Info:     IO port 'q[126]' driven by OBUF '$iopadmap$lgn_fsm.q_126'
Info:     IO port 'q[127]' driven by OBUF '$iopadmap$lgn_fsm.q_127'
Info:     IO port 'q[128]' driven by OBUF '$iopadmap$lgn_fsm.q_128'
Info:     IO port 'q[129]' driven by OBUF '$iopadmap$lgn_fsm.q_129'
Info:     IO port 'q[13]' driven by OBUF '$iopadmap$lgn_fsm.q_13'
Info:     IO port 'q[130]' driven by OBUF '$iopadmap$lgn_fsm.q_130'
Info:     IO port 'q[131]' driven by OBUF '$iopadmap$lgn_fsm.q_131'
Info:     IO port 'q[132]' driven by OBUF '$iopadmap$lgn_fsm.q_132'
Info:     IO port 'q[133]' driven by OBUF '$iopadmap$lgn_fsm.q_133'
Info:     IO port 'q[134]' driven by OBUF '$iopadmap$lgn_fsm.q_134'
Info:     IO port 'q[135]' driven by OBUF '$iopadmap$lgn_fsm.q_135'
Info:     IO port 'q[136]' driven by OBUF '$iopadmap$lgn_fsm.q_136'
Info:     IO port 'q[137]' driven by OBUF '$iopadmap$lgn_fsm.q_137'
Info:     IO port 'q[138]' driven by OBUF '$iopadmap$lgn_fsm.q_138'
Info:     IO port 'q[139]' driven by OBUF '$iopadmap$lgn_fsm.q_139'
Info:     IO port 'q[14]' driven by OBUF '$iopadmap$lgn_fsm.q_14'
Info:     IO port 'q[140]' driven by OBUF '$iopadmap$lgn_fsm.q_140'
Info:     IO port 'q[141]' driven by OBUF '$iopadmap$lgn_fsm.q_141'
Info:     IO port 'q[142]' driven by OBUF '$iopadmap$lgn_fsm.q_142'
Info:     IO port 'q[143]' driven by OBUF '$iopadmap$lgn_fsm.q_143'
Info:     IO port 'q[144]' driven by OBUF '$iopadmap$lgn_fsm.q_144'
Info:     IO port 'q[145]' driven by OBUF '$iopadmap$lgn_fsm.q_145'
Info:     IO port 'q[146]' driven by OBUF '$iopadmap$lgn_fsm.q_146'
Info:     IO port 'q[147]' driven by OBUF '$iopadmap$lgn_fsm.q_147'
Info:     IO port 'q[148]' driven by OBUF '$iopadmap$lgn_fsm.q_148'
Info:     IO port 'q[149]' driven by OBUF '$iopadmap$lgn_fsm.q_149'
Info:     IO port 'q[15]' driven by OBUF '$iopadmap$lgn_fsm.q_15'
Info:     IO port 'q[150]' driven by OBUF '$iopadmap$lgn_fsm.q_150'
Info:     IO port 'q[151]' driven by OBUF '$iopadmap$lgn_fsm.q_151'
Info:     IO port 'q[152]' driven by OBUF '$iopadmap$lgn_fsm.q_152'
Info:     IO port 'q[153]' driven by OBUF '$iopadmap$lgn_fsm.q_153'
Info:     IO port 'q[154]' driven by OBUF '$iopadmap$lgn_fsm.q_154'
Info:     IO port 'q[155]' driven by OBUF '$iopadmap$lgn_fsm.q_155'
Info:     IO port 'q[156]' driven by OBUF '$iopadmap$lgn_fsm.q_156'
Info:     IO port 'q[157]' driven by OBUF '$iopadmap$lgn_fsm.q_157'
Info:     IO port 'q[158]' driven by OBUF '$iopadmap$lgn_fsm.q_158'
Info:     IO port 'q[159]' driven by OBUF '$iopadmap$lgn_fsm.q_159'
Info:     IO port 'q[16]' driven by OBUF '$iopadmap$lgn_fsm.q_16'
Info:     IO port 'q[160]' driven by OBUF '$iopadmap$lgn_fsm.q_160'
Info:     IO port 'q[161]' driven by OBUF '$iopadmap$lgn_fsm.q_161'
Info:     IO port 'q[162]' driven by OBUF '$iopadmap$lgn_fsm.q_162'
Info:     IO port 'q[163]' driven by OBUF '$iopadmap$lgn_fsm.q_163'
Info:     IO port 'q[164]' driven by OBUF '$iopadmap$lgn_fsm.q_164'
Info:     IO port 'q[165]' driven by OBUF '$iopadmap$lgn_fsm.q_165'
Info:     IO port 'q[166]' driven by OBUF '$iopadmap$lgn_fsm.q_166'
Info:     IO port 'q[167]' driven by OBUF '$iopadmap$lgn_fsm.q_167'
Info:     IO port 'q[168]' driven by OBUF '$iopadmap$lgn_fsm.q_168'
Info:     IO port 'q[169]' driven by OBUF '$iopadmap$lgn_fsm.q_169'
Info:     IO port 'q[17]' driven by OBUF '$iopadmap$lgn_fsm.q_17'
Info:     IO port 'q[170]' driven by OBUF '$iopadmap$lgn_fsm.q_170'
Info:     IO port 'q[171]' driven by OBUF '$iopadmap$lgn_fsm.q_171'
Info:     IO port 'q[172]' driven by OBUF '$iopadmap$lgn_fsm.q_172'
Info:     IO port 'q[173]' driven by OBUF '$iopadmap$lgn_fsm.q_173'
Info:     IO port 'q[174]' driven by OBUF '$iopadmap$lgn_fsm.q_174'
Info:     IO port 'q[175]' driven by OBUF '$iopadmap$lgn_fsm.q_175'
Info:     IO port 'q[176]' driven by OBUF '$iopadmap$lgn_fsm.q_176'
Info:     IO port 'q[177]' driven by OBUF '$iopadmap$lgn_fsm.q_177'
Info:     IO port 'q[178]' driven by OBUF '$iopadmap$lgn_fsm.q_178'
Info:     IO port 'q[179]' driven by OBUF '$iopadmap$lgn_fsm.q_179'
Info:     IO port 'q[18]' driven by OBUF '$iopadmap$lgn_fsm.q_18'
Info:     IO port 'q[180]' driven by OBUF '$iopadmap$lgn_fsm.q_180'
Info:     IO port 'q[181]' driven by OBUF '$iopadmap$lgn_fsm.q_181'
Info:     IO port 'q[182]' driven by OBUF '$iopadmap$lgn_fsm.q_182'
Info:     IO port 'q[183]' driven by OBUF '$iopadmap$lgn_fsm.q_183'
Info:     IO port 'q[184]' driven by OBUF '$iopadmap$lgn_fsm.q_184'
Info:     IO port 'q[185]' driven by OBUF '$iopadmap$lgn_fsm.q_185'
Info:     IO port 'q[186]' driven by OBUF '$iopadmap$lgn_fsm.q_186'
Info:     IO port 'q[187]' driven by OBUF '$iopadmap$lgn_fsm.q_187'
Info:     IO port 'q[188]' driven by OBUF '$iopadmap$lgn_fsm.q_188'
Info:     IO port 'q[189]' driven by OBUF '$iopadmap$lgn_fsm.q_189'
Info:     IO port 'q[19]' driven by OBUF '$iopadmap$lgn_fsm.q_19'
Info:     IO port 'q[190]' driven by OBUF '$iopadmap$lgn_fsm.q_190'
Info:     IO port 'q[191]' driven by OBUF '$iopadmap$lgn_fsm.q_191'
Info:     IO port 'q[192]' driven by OBUF '$iopadmap$lgn_fsm.q_192'
Info:     IO port 'q[193]' driven by OBUF '$iopadmap$lgn_fsm.q_193'
Info:     IO port 'q[194]' driven by OBUF '$iopadmap$lgn_fsm.q_194'
Info:     IO port 'q[195]' driven by OBUF '$iopadmap$lgn_fsm.q_195'
Info:     IO port 'q[196]' driven by OBUF '$iopadmap$lgn_fsm.q_196'
Info:     IO port 'q[197]' driven by OBUF '$iopadmap$lgn_fsm.q_197'
Info:     IO port 'q[198]' driven by OBUF '$iopadmap$lgn_fsm.q_198'
Info:     IO port 'q[199]' driven by OBUF '$iopadmap$lgn_fsm.q_199'
Info:     IO port 'q[2]' driven by OBUF '$iopadmap$lgn_fsm.q_2'
Info:     IO port 'q[20]' driven by OBUF '$iopadmap$lgn_fsm.q_20'
Info:     IO port 'q[200]' driven by OBUF '$iopadmap$lgn_fsm.q_200'
Info:     IO port 'q[201]' driven by OBUF '$iopadmap$lgn_fsm.q_201'
Info:     IO port 'q[202]' driven by OBUF '$iopadmap$lgn_fsm.q_202'
Info:     IO port 'q[203]' driven by OBUF '$iopadmap$lgn_fsm.q_203'
Info:     IO port 'q[204]' driven by OBUF '$iopadmap$lgn_fsm.q_204'
Info:     IO port 'q[205]' driven by OBUF '$iopadmap$lgn_fsm.q_205'
Info:     IO port 'q[206]' driven by OBUF '$iopadmap$lgn_fsm.q_206'
Info:     IO port 'q[207]' driven by OBUF '$iopadmap$lgn_fsm.q_207'
Info:     IO port 'q[208]' driven by OBUF '$iopadmap$lgn_fsm.q_208'
Info:     IO port 'q[209]' driven by OBUF '$iopadmap$lgn_fsm.q_209'
Info:     IO port 'q[21]' driven by OBUF '$iopadmap$lgn_fsm.q_21'
Info:     IO port 'q[210]' driven by OBUF '$iopadmap$lgn_fsm.q_210'
Info:     IO port 'q[211]' driven by OBUF '$iopadmap$lgn_fsm.q_211'
Info:     IO port 'q[212]' driven by OBUF '$iopadmap$lgn_fsm.q_212'
Info:     IO port 'q[213]' driven by OBUF '$iopadmap$lgn_fsm.q_213'
Info:     IO port 'q[214]' driven by OBUF '$iopadmap$lgn_fsm.q_214'
Info:     IO port 'q[215]' driven by OBUF '$iopadmap$lgn_fsm.q_215'
Info:     IO port 'q[216]' driven by OBUF '$iopadmap$lgn_fsm.q_216'
Info:     IO port 'q[217]' driven by OBUF '$iopadmap$lgn_fsm.q_217'
Info:     IO port 'q[218]' driven by OBUF '$iopadmap$lgn_fsm.q_218'
Info:     IO port 'q[219]' driven by OBUF '$iopadmap$lgn_fsm.q_219'
Info:     IO port 'q[22]' driven by OBUF '$iopadmap$lgn_fsm.q_22'
Info:     IO port 'q[220]' driven by OBUF '$iopadmap$lgn_fsm.q_220'
Info:     IO port 'q[221]' driven by OBUF '$iopadmap$lgn_fsm.q_221'
Info:     IO port 'q[222]' driven by OBUF '$iopadmap$lgn_fsm.q_222'
Info:     IO port 'q[223]' driven by OBUF '$iopadmap$lgn_fsm.q_223'
Info:     IO port 'q[224]' driven by OBUF '$iopadmap$lgn_fsm.q_224'
Info:     IO port 'q[225]' driven by OBUF '$iopadmap$lgn_fsm.q_225'
Info:     IO port 'q[226]' driven by OBUF '$iopadmap$lgn_fsm.q_226'
Info:     IO port 'q[227]' driven by OBUF '$iopadmap$lgn_fsm.q_227'
Info:     IO port 'q[228]' driven by OBUF '$iopadmap$lgn_fsm.q_228'
Info:     IO port 'q[229]' driven by OBUF '$iopadmap$lgn_fsm.q_229'
Info:     IO port 'q[23]' driven by OBUF '$iopadmap$lgn_fsm.q_23'
Info:     IO port 'q[230]' driven by OBUF '$iopadmap$lgn_fsm.q_230'
Info:     IO port 'q[231]' driven by OBUF '$iopadmap$lgn_fsm.q_231'
Info:     IO port 'q[232]' driven by OBUF '$iopadmap$lgn_fsm.q_232'
Info:     IO port 'q[233]' driven by OBUF '$iopadmap$lgn_fsm.q_233'
Info:     IO port 'q[234]' driven by OBUF '$iopadmap$lgn_fsm.q_234'
Info:     IO port 'q[235]' driven by OBUF '$iopadmap$lgn_fsm.q_235'
Info:     IO port 'q[236]' driven by OBUF '$iopadmap$lgn_fsm.q_236'
Info:     IO port 'q[237]' driven by OBUF '$iopadmap$lgn_fsm.q_237'
Info:     IO port 'q[238]' driven by OBUF '$iopadmap$lgn_fsm.q_238'
Info:     IO port 'q[239]' driven by OBUF '$iopadmap$lgn_fsm.q_239'
Info:     IO port 'q[24]' driven by OBUF '$iopadmap$lgn_fsm.q_24'
Info:     IO port 'q[240]' driven by OBUF '$iopadmap$lgn_fsm.q_240'
Info:     IO port 'q[241]' driven by OBUF '$iopadmap$lgn_fsm.q_241'
Info:     IO port 'q[242]' driven by OBUF '$iopadmap$lgn_fsm.q_242'
Info:     IO port 'q[243]' driven by OBUF '$iopadmap$lgn_fsm.q_243'
Info:     IO port 'q[244]' driven by OBUF '$iopadmap$lgn_fsm.q_244'
Info:     IO port 'q[245]' driven by OBUF '$iopadmap$lgn_fsm.q_245'
Info:     IO port 'q[246]' driven by OBUF '$iopadmap$lgn_fsm.q_246'
Info:     IO port 'q[247]' driven by OBUF '$iopadmap$lgn_fsm.q_247'
Info:     IO port 'q[248]' driven by OBUF '$iopadmap$lgn_fsm.q_248'
Info:     IO port 'q[249]' driven by OBUF '$iopadmap$lgn_fsm.q_249'
Info:     IO port 'q[25]' driven by OBUF '$iopadmap$lgn_fsm.q_25'
Info:     IO port 'q[250]' driven by OBUF '$iopadmap$lgn_fsm.q_250'
Info:     IO port 'q[251]' driven by OBUF '$iopadmap$lgn_fsm.q_251'
Info:     IO port 'q[252]' driven by OBUF '$iopadmap$lgn_fsm.q_252'
Info:     IO port 'q[253]' driven by OBUF '$iopadmap$lgn_fsm.q_253'
Info:     IO port 'q[254]' driven by OBUF '$iopadmap$lgn_fsm.q_254'
Info:     IO port 'q[255]' driven by OBUF '$iopadmap$lgn_fsm.q_255'
Info:     IO port 'q[256]' driven by OBUF '$iopadmap$lgn_fsm.q_256'
Info:     IO port 'q[257]' driven by OBUF '$iopadmap$lgn_fsm.q_257'
Info:     IO port 'q[258]' driven by OBUF '$iopadmap$lgn_fsm.q_258'
Info:     IO port 'q[259]' driven by OBUF '$iopadmap$lgn_fsm.q_259'
Info:     IO port 'q[26]' driven by OBUF '$iopadmap$lgn_fsm.q_26'
Info:     IO port 'q[260]' driven by OBUF '$iopadmap$lgn_fsm.q_260'
Info:     IO port 'q[261]' driven by OBUF '$iopadmap$lgn_fsm.q_261'
Info:     IO port 'q[262]' driven by OBUF '$iopadmap$lgn_fsm.q_262'
Info:     IO port 'q[263]' driven by OBUF '$iopadmap$lgn_fsm.q_263'
Info:     IO port 'q[264]' driven by OBUF '$iopadmap$lgn_fsm.q_264'
Info:     IO port 'q[265]' driven by OBUF '$iopadmap$lgn_fsm.q_265'
Info:     IO port 'q[266]' driven by OBUF '$iopadmap$lgn_fsm.q_266'
Info:     IO port 'q[267]' driven by OBUF '$iopadmap$lgn_fsm.q_267'
Info:     IO port 'q[268]' driven by OBUF '$iopadmap$lgn_fsm.q_268'
Info:     IO port 'q[269]' driven by OBUF '$iopadmap$lgn_fsm.q_269'
Info:     IO port 'q[27]' driven by OBUF '$iopadmap$lgn_fsm.q_27'
Info:     IO port 'q[270]' driven by OBUF '$iopadmap$lgn_fsm.q_270'
Info:     IO port 'q[271]' driven by OBUF '$iopadmap$lgn_fsm.q_271'
Info:     IO port 'q[272]' driven by OBUF '$iopadmap$lgn_fsm.q_272'
Info:     IO port 'q[273]' driven by OBUF '$iopadmap$lgn_fsm.q_273'
Info:     IO port 'q[274]' driven by OBUF '$iopadmap$lgn_fsm.q_274'
Info:     IO port 'q[275]' driven by OBUF '$iopadmap$lgn_fsm.q_275'
Info:     IO port 'q[276]' driven by OBUF '$iopadmap$lgn_fsm.q_276'
Info:     IO port 'q[277]' driven by OBUF '$iopadmap$lgn_fsm.q_277'
Info:     IO port 'q[278]' driven by OBUF '$iopadmap$lgn_fsm.q_278'
Info:     IO port 'q[279]' driven by OBUF '$iopadmap$lgn_fsm.q_279'
Info:     IO port 'q[28]' driven by OBUF '$iopadmap$lgn_fsm.q_28'
Info:     IO port 'q[280]' driven by OBUF '$iopadmap$lgn_fsm.q_280'
Info:     IO port 'q[281]' driven by OBUF '$iopadmap$lgn_fsm.q_281'
Info:     IO port 'q[282]' driven by OBUF '$iopadmap$lgn_fsm.q_282'
Info:     IO port 'q[283]' driven by OBUF '$iopadmap$lgn_fsm.q_283'
Info:     IO port 'q[284]' driven by OBUF '$iopadmap$lgn_fsm.q_284'
Info:     IO port 'q[285]' driven by OBUF '$iopadmap$lgn_fsm.q_285'
Info:     IO port 'q[286]' driven by OBUF '$iopadmap$lgn_fsm.q_286'
Info:     IO port 'q[287]' driven by OBUF '$iopadmap$lgn_fsm.q_287'
Info:     IO port 'q[288]' driven by OBUF '$iopadmap$lgn_fsm.q_288'
Info:     IO port 'q[289]' driven by OBUF '$iopadmap$lgn_fsm.q_289'
Info:     IO port 'q[29]' driven by OBUF '$iopadmap$lgn_fsm.q_29'
Info:     IO port 'q[290]' driven by OBUF '$iopadmap$lgn_fsm.q_290'
Info:     IO port 'q[291]' driven by OBUF '$iopadmap$lgn_fsm.q_291'
Info:     IO port 'q[292]' driven by OBUF '$iopadmap$lgn_fsm.q_292'
Info:     IO port 'q[293]' driven by OBUF '$iopadmap$lgn_fsm.q_293'
Info:     IO port 'q[294]' driven by OBUF '$iopadmap$lgn_fsm.q_294'
Info:     IO port 'q[295]' driven by OBUF '$iopadmap$lgn_fsm.q_295'
Info:     IO port 'q[296]' driven by OBUF '$iopadmap$lgn_fsm.q_296'
Info:     IO port 'q[297]' driven by OBUF '$iopadmap$lgn_fsm.q_297'
Info:     IO port 'q[298]' driven by OBUF '$iopadmap$lgn_fsm.q_298'
Info:     IO port 'q[299]' driven by OBUF '$iopadmap$lgn_fsm.q_299'
Info:     IO port 'q[3]' driven by OBUF '$iopadmap$lgn_fsm.q_3'
Info:     IO port 'q[30]' driven by OBUF '$iopadmap$lgn_fsm.q_30'
Info:     IO port 'q[300]' driven by OBUF '$iopadmap$lgn_fsm.q_300'
Info:     IO port 'q[301]' driven by OBUF '$iopadmap$lgn_fsm.q_301'
Info:     IO port 'q[302]' driven by OBUF '$iopadmap$lgn_fsm.q_302'
Info:     IO port 'q[303]' driven by OBUF '$iopadmap$lgn_fsm.q_303'
Info:     IO port 'q[304]' driven by OBUF '$iopadmap$lgn_fsm.q_304'
Info:     IO port 'q[305]' driven by OBUF '$iopadmap$lgn_fsm.q_305'
Info:     IO port 'q[306]' driven by OBUF '$iopadmap$lgn_fsm.q_306'
Info:     IO port 'q[307]' driven by OBUF '$iopadmap$lgn_fsm.q_307'
Info:     IO port 'q[308]' driven by OBUF '$iopadmap$lgn_fsm.q_308'
Info:     IO port 'q[309]' driven by OBUF '$iopadmap$lgn_fsm.q_309'
Info:     IO port 'q[31]' driven by OBUF '$iopadmap$lgn_fsm.q_31'
Info:     IO port 'q[310]' driven by OBUF '$iopadmap$lgn_fsm.q_310'
Info:     IO port 'q[311]' driven by OBUF '$iopadmap$lgn_fsm.q_311'
Info:     IO port 'q[312]' driven by OBUF '$iopadmap$lgn_fsm.q_312'
Info:     IO port 'q[313]' driven by OBUF '$iopadmap$lgn_fsm.q_313'
Info:     IO port 'q[314]' driven by OBUF '$iopadmap$lgn_fsm.q_314'
Info:     IO port 'q[315]' driven by OBUF '$iopadmap$lgn_fsm.q_315'
Info:     IO port 'q[316]' driven by OBUF '$iopadmap$lgn_fsm.q_316'
Info:     IO port 'q[317]' driven by OBUF '$iopadmap$lgn_fsm.q_317'
Info:     IO port 'q[318]' driven by OBUF '$iopadmap$lgn_fsm.q_318'
Info:     IO port 'q[319]' driven by OBUF '$iopadmap$lgn_fsm.q_319'
Info:     IO port 'q[32]' driven by OBUF '$iopadmap$lgn_fsm.q_32'
Info:     IO port 'q[320]' driven by OBUF '$iopadmap$lgn_fsm.q_320'
Info:     IO port 'q[321]' driven by OBUF '$iopadmap$lgn_fsm.q_321'
Info:     IO port 'q[322]' driven by OBUF '$iopadmap$lgn_fsm.q_322'
Info:     IO port 'q[323]' driven by OBUF '$iopadmap$lgn_fsm.q_323'
Info:     IO port 'q[324]' driven by OBUF '$iopadmap$lgn_fsm.q_324'
Info:     IO port 'q[325]' driven by OBUF '$iopadmap$lgn_fsm.q_325'
Info:     IO port 'q[326]' driven by OBUF '$iopadmap$lgn_fsm.q_326'
Info:     IO port 'q[327]' driven by OBUF '$iopadmap$lgn_fsm.q_327'
Info:     IO port 'q[328]' driven by OBUF '$iopadmap$lgn_fsm.q_328'
Info:     IO port 'q[329]' driven by OBUF '$iopadmap$lgn_fsm.q_329'
Info:     IO port 'q[33]' driven by OBUF '$iopadmap$lgn_fsm.q_33'
Info:     IO port 'q[330]' driven by OBUF '$iopadmap$lgn_fsm.q_330'
Info:     IO port 'q[331]' driven by OBUF '$iopadmap$lgn_fsm.q_331'
Info:     IO port 'q[332]' driven by OBUF '$iopadmap$lgn_fsm.q_332'
Info:     IO port 'q[333]' driven by OBUF '$iopadmap$lgn_fsm.q_333'
Info:     IO port 'q[334]' driven by OBUF '$iopadmap$lgn_fsm.q_334'
Info:     IO port 'q[335]' driven by OBUF '$iopadmap$lgn_fsm.q_335'
Info:     IO port 'q[336]' driven by OBUF '$iopadmap$lgn_fsm.q_336'
Info:     IO port 'q[337]' driven by OBUF '$iopadmap$lgn_fsm.q_337'
Info:     IO port 'q[338]' driven by OBUF '$iopadmap$lgn_fsm.q_338'
Info:     IO port 'q[339]' driven by OBUF '$iopadmap$lgn_fsm.q_339'
Info:     IO port 'q[34]' driven by OBUF '$iopadmap$lgn_fsm.q_34'
Info:     IO port 'q[340]' driven by OBUF '$iopadmap$lgn_fsm.q_340'
Info:     IO port 'q[341]' driven by OBUF '$iopadmap$lgn_fsm.q_341'
Info:     IO port 'q[342]' driven by OBUF '$iopadmap$lgn_fsm.q_342'
Info:     IO port 'q[343]' driven by OBUF '$iopadmap$lgn_fsm.q_343'
Info:     IO port 'q[344]' driven by OBUF '$iopadmap$lgn_fsm.q_344'
Info:     IO port 'q[345]' driven by OBUF '$iopadmap$lgn_fsm.q_345'
Info:     IO port 'q[346]' driven by OBUF '$iopadmap$lgn_fsm.q_346'
Info:     IO port 'q[347]' driven by OBUF '$iopadmap$lgn_fsm.q_347'
Info:     IO port 'q[348]' driven by OBUF '$iopadmap$lgn_fsm.q_348'
Info:     IO port 'q[349]' driven by OBUF '$iopadmap$lgn_fsm.q_349'
Info:     IO port 'q[35]' driven by OBUF '$iopadmap$lgn_fsm.q_35'
Info:     IO port 'q[350]' driven by OBUF '$iopadmap$lgn_fsm.q_350'
Info:     IO port 'q[351]' driven by OBUF '$iopadmap$lgn_fsm.q_351'
Info:     IO port 'q[352]' driven by OBUF '$iopadmap$lgn_fsm.q_352'
Info:     IO port 'q[353]' driven by OBUF '$iopadmap$lgn_fsm.q_353'
Info:     IO port 'q[354]' driven by OBUF '$iopadmap$lgn_fsm.q_354'
Info:     IO port 'q[355]' driven by OBUF '$iopadmap$lgn_fsm.q_355'
Info:     IO port 'q[356]' driven by OBUF '$iopadmap$lgn_fsm.q_356'
Info:     IO port 'q[357]' driven by OBUF '$iopadmap$lgn_fsm.q_357'
Info:     IO port 'q[358]' driven by OBUF '$iopadmap$lgn_fsm.q_358'
Info:     IO port 'q[359]' driven by OBUF '$iopadmap$lgn_fsm.q_359'
Info:     IO port 'q[36]' driven by OBUF '$iopadmap$lgn_fsm.q_36'
Info:     IO port 'q[360]' driven by OBUF '$iopadmap$lgn_fsm.q_360'
Info:     IO port 'q[361]' driven by OBUF '$iopadmap$lgn_fsm.q_361'
Info:     IO port 'q[362]' driven by OBUF '$iopadmap$lgn_fsm.q_362'
Info:     IO port 'q[363]' driven by OBUF '$iopadmap$lgn_fsm.q_363'
Info:     IO port 'q[364]' driven by OBUF '$iopadmap$lgn_fsm.q_364'
Info:     IO port 'q[365]' driven by OBUF '$iopadmap$lgn_fsm.q_365'
Info:     IO port 'q[366]' driven by OBUF '$iopadmap$lgn_fsm.q_366'
Info:     IO port 'q[367]' driven by OBUF '$iopadmap$lgn_fsm.q_367'
Info:     IO port 'q[368]' driven by OBUF '$iopadmap$lgn_fsm.q_368'
Info:     IO port 'q[369]' driven by OBUF '$iopadmap$lgn_fsm.q_369'
Info:     IO port 'q[37]' driven by OBUF '$iopadmap$lgn_fsm.q_37'
Info:     IO port 'q[370]' driven by OBUF '$iopadmap$lgn_fsm.q_370'
Info:     IO port 'q[371]' driven by OBUF '$iopadmap$lgn_fsm.q_371'
Info:     IO port 'q[372]' driven by OBUF '$iopadmap$lgn_fsm.q_372'
Info:     IO port 'q[373]' driven by OBUF '$iopadmap$lgn_fsm.q_373'
Info:     IO port 'q[374]' driven by OBUF '$iopadmap$lgn_fsm.q_374'
Info:     IO port 'q[375]' driven by OBUF '$iopadmap$lgn_fsm.q_375'
Info:     IO port 'q[376]' driven by OBUF '$iopadmap$lgn_fsm.q_376'
Info:     IO port 'q[377]' driven by OBUF '$iopadmap$lgn_fsm.q_377'
Info:     IO port 'q[378]' driven by OBUF '$iopadmap$lgn_fsm.q_378'
Info:     IO port 'q[379]' driven by OBUF '$iopadmap$lgn_fsm.q_379'
Info:     IO port 'q[38]' driven by OBUF '$iopadmap$lgn_fsm.q_38'
Info:     IO port 'q[380]' driven by OBUF '$iopadmap$lgn_fsm.q_380'
Info:     IO port 'q[381]' driven by OBUF '$iopadmap$lgn_fsm.q_381'
Info:     IO port 'q[382]' driven by OBUF '$iopadmap$lgn_fsm.q_382'
Info:     IO port 'q[383]' driven by OBUF '$iopadmap$lgn_fsm.q_383'
Info:     IO port 'q[384]' driven by OBUF '$iopadmap$lgn_fsm.q_384'
Info:     IO port 'q[385]' driven by OBUF '$iopadmap$lgn_fsm.q_385'
Info:     IO port 'q[386]' driven by OBUF '$iopadmap$lgn_fsm.q_386'
Info:     IO port 'q[387]' driven by OBUF '$iopadmap$lgn_fsm.q_387'
Info:     IO port 'q[388]' driven by OBUF '$iopadmap$lgn_fsm.q_388'
Info:     IO port 'q[389]' driven by OBUF '$iopadmap$lgn_fsm.q_389'
Info:     IO port 'q[39]' driven by OBUF '$iopadmap$lgn_fsm.q_39'
Info:     IO port 'q[390]' driven by OBUF '$iopadmap$lgn_fsm.q_390'
Info:     IO port 'q[391]' driven by OBUF '$iopadmap$lgn_fsm.q_391'
Info:     IO port 'q[392]' driven by OBUF '$iopadmap$lgn_fsm.q_392'
Info:     IO port 'q[393]' driven by OBUF '$iopadmap$lgn_fsm.q_393'
Info:     IO port 'q[394]' driven by OBUF '$iopadmap$lgn_fsm.q_394'
Info:     IO port 'q[395]' driven by OBUF '$iopadmap$lgn_fsm.q_395'
Info:     IO port 'q[396]' driven by OBUF '$iopadmap$lgn_fsm.q_396'
Info:     IO port 'q[397]' driven by OBUF '$iopadmap$lgn_fsm.q_397'
Info:     IO port 'q[398]' driven by OBUF '$iopadmap$lgn_fsm.q_398'
Info:     IO port 'q[399]' driven by OBUF '$iopadmap$lgn_fsm.q_399'
Info:     IO port 'q[4]' driven by OBUF '$iopadmap$lgn_fsm.q_4'
Info:     IO port 'q[40]' driven by OBUF '$iopadmap$lgn_fsm.q_40'
Info:     IO port 'q[400]' driven by OBUF '$iopadmap$lgn_fsm.q_400'
Info:     IO port 'q[401]' driven by OBUF '$iopadmap$lgn_fsm.q_401'
Info:     IO port 'q[402]' driven by OBUF '$iopadmap$lgn_fsm.q_402'
Info:     IO port 'q[403]' driven by OBUF '$iopadmap$lgn_fsm.q_403'
Info:     IO port 'q[404]' driven by OBUF '$iopadmap$lgn_fsm.q_404'
Info:     IO port 'q[405]' driven by OBUF '$iopadmap$lgn_fsm.q_405'
Info:     IO port 'q[406]' driven by OBUF '$iopadmap$lgn_fsm.q_406'
Info:     IO port 'q[407]' driven by OBUF '$iopadmap$lgn_fsm.q_407'
Info:     IO port 'q[408]' driven by OBUF '$iopadmap$lgn_fsm.q_408'
Info:     IO port 'q[409]' driven by OBUF '$iopadmap$lgn_fsm.q_409'
Info:     IO port 'q[41]' driven by OBUF '$iopadmap$lgn_fsm.q_41'
Info:     IO port 'q[410]' driven by OBUF '$iopadmap$lgn_fsm.q_410'
Info:     IO port 'q[411]' driven by OBUF '$iopadmap$lgn_fsm.q_411'
Info:     IO port 'q[412]' driven by OBUF '$iopadmap$lgn_fsm.q_412'
Info:     IO port 'q[413]' driven by OBUF '$iopadmap$lgn_fsm.q_413'
Info:     IO port 'q[414]' driven by OBUF '$iopadmap$lgn_fsm.q_414'
Info:     IO port 'q[415]' driven by OBUF '$iopadmap$lgn_fsm.q_415'
Info:     IO port 'q[416]' driven by OBUF '$iopadmap$lgn_fsm.q_416'
Info:     IO port 'q[417]' driven by OBUF '$iopadmap$lgn_fsm.q_417'
Info:     IO port 'q[418]' driven by OBUF '$iopadmap$lgn_fsm.q_418'
Info:     IO port 'q[419]' driven by OBUF '$iopadmap$lgn_fsm.q_419'
Info:     IO port 'q[42]' driven by OBUF '$iopadmap$lgn_fsm.q_42'
Info:     IO port 'q[420]' driven by OBUF '$iopadmap$lgn_fsm.q_420'
Info:     IO port 'q[421]' driven by OBUF '$iopadmap$lgn_fsm.q_421'
Info:     IO port 'q[422]' driven by OBUF '$iopadmap$lgn_fsm.q_422'
Info:     IO port 'q[423]' driven by OBUF '$iopadmap$lgn_fsm.q_423'
Info:     IO port 'q[424]' driven by OBUF '$iopadmap$lgn_fsm.q_424'
Info:     IO port 'q[425]' driven by OBUF '$iopadmap$lgn_fsm.q_425'
Info:     IO port 'q[426]' driven by OBUF '$iopadmap$lgn_fsm.q_426'
Info:     IO port 'q[427]' driven by OBUF '$iopadmap$lgn_fsm.q_427'
Info:     IO port 'q[428]' driven by OBUF '$iopadmap$lgn_fsm.q_428'
Info:     IO port 'q[429]' driven by OBUF '$iopadmap$lgn_fsm.q_429'
Info:     IO port 'q[43]' driven by OBUF '$iopadmap$lgn_fsm.q_43'
Info:     IO port 'q[430]' driven by OBUF '$iopadmap$lgn_fsm.q_430'
Info:     IO port 'q[431]' driven by OBUF '$iopadmap$lgn_fsm.q_431'
Info:     IO port 'q[432]' driven by OBUF '$iopadmap$lgn_fsm.q_432'
Info:     IO port 'q[433]' driven by OBUF '$iopadmap$lgn_fsm.q_433'
Info:     IO port 'q[434]' driven by OBUF '$iopadmap$lgn_fsm.q_434'
Info:     IO port 'q[435]' driven by OBUF '$iopadmap$lgn_fsm.q_435'
Info:     IO port 'q[436]' driven by OBUF '$iopadmap$lgn_fsm.q_436'
Info:     IO port 'q[437]' driven by OBUF '$iopadmap$lgn_fsm.q_437'
Info:     IO port 'q[438]' driven by OBUF '$iopadmap$lgn_fsm.q_438'
Info:     IO port 'q[439]' driven by OBUF '$iopadmap$lgn_fsm.q_439'
Info:     IO port 'q[44]' driven by OBUF '$iopadmap$lgn_fsm.q_44'
Info:     IO port 'q[440]' driven by OBUF '$iopadmap$lgn_fsm.q_440'
Info:     IO port 'q[441]' driven by OBUF '$iopadmap$lgn_fsm.q_441'
Info:     IO port 'q[442]' driven by OBUF '$iopadmap$lgn_fsm.q_442'
Info:     IO port 'q[443]' driven by OBUF '$iopadmap$lgn_fsm.q_443'
Info:     IO port 'q[444]' driven by OBUF '$iopadmap$lgn_fsm.q_444'
Info:     IO port 'q[445]' driven by OBUF '$iopadmap$lgn_fsm.q_445'
Info:     IO port 'q[446]' driven by OBUF '$iopadmap$lgn_fsm.q_446'
Info:     IO port 'q[447]' driven by OBUF '$iopadmap$lgn_fsm.q_447'
Info:     IO port 'q[448]' driven by OBUF '$iopadmap$lgn_fsm.q_448'
Info:     IO port 'q[449]' driven by OBUF '$iopadmap$lgn_fsm.q_449'
Info:     IO port 'q[45]' driven by OBUF '$iopadmap$lgn_fsm.q_45'
Info:     IO port 'q[450]' driven by OBUF '$iopadmap$lgn_fsm.q_450'
Info:     IO port 'q[451]' driven by OBUF '$iopadmap$lgn_fsm.q_451'
Info:     IO port 'q[452]' driven by OBUF '$iopadmap$lgn_fsm.q_452'
Info:     IO port 'q[453]' driven by OBUF '$iopadmap$lgn_fsm.q_453'
Info:     IO port 'q[454]' driven by OBUF '$iopadmap$lgn_fsm.q_454'
Info:     IO port 'q[455]' driven by OBUF '$iopadmap$lgn_fsm.q_455'
Info:     IO port 'q[456]' driven by OBUF '$iopadmap$lgn_fsm.q_456'
Info:     IO port 'q[457]' driven by OBUF '$iopadmap$lgn_fsm.q_457'
Info:     IO port 'q[458]' driven by OBUF '$iopadmap$lgn_fsm.q_458'
Info:     IO port 'q[459]' driven by OBUF '$iopadmap$lgn_fsm.q_459'
Info:     IO port 'q[46]' driven by OBUF '$iopadmap$lgn_fsm.q_46'
Info:     IO port 'q[460]' driven by OBUF '$iopadmap$lgn_fsm.q_460'
Info:     IO port 'q[461]' driven by OBUF '$iopadmap$lgn_fsm.q_461'
Info:     IO port 'q[462]' driven by OBUF '$iopadmap$lgn_fsm.q_462'
Info:     IO port 'q[463]' driven by OBUF '$iopadmap$lgn_fsm.q_463'
Info:     IO port 'q[464]' driven by OBUF '$iopadmap$lgn_fsm.q_464'
Info:     IO port 'q[465]' driven by OBUF '$iopadmap$lgn_fsm.q_465'
Info:     IO port 'q[466]' driven by OBUF '$iopadmap$lgn_fsm.q_466'
Info:     IO port 'q[467]' driven by OBUF '$iopadmap$lgn_fsm.q_467'
Info:     IO port 'q[468]' driven by OBUF '$iopadmap$lgn_fsm.q_468'
Info:     IO port 'q[469]' driven by OBUF '$iopadmap$lgn_fsm.q_469'
Info:     IO port 'q[47]' driven by OBUF '$iopadmap$lgn_fsm.q_47'
Info:     IO port 'q[470]' driven by OBUF '$iopadmap$lgn_fsm.q_470'
Info:     IO port 'q[471]' driven by OBUF '$iopadmap$lgn_fsm.q_471'
Info:     IO port 'q[472]' driven by OBUF '$iopadmap$lgn_fsm.q_472'
Info:     IO port 'q[473]' driven by OBUF '$iopadmap$lgn_fsm.q_473'
Info:     IO port 'q[474]' driven by OBUF '$iopadmap$lgn_fsm.q_474'
Info:     IO port 'q[475]' driven by OBUF '$iopadmap$lgn_fsm.q_475'
Info:     IO port 'q[476]' driven by OBUF '$iopadmap$lgn_fsm.q_476'
Info:     IO port 'q[477]' driven by OBUF '$iopadmap$lgn_fsm.q_477'
Info:     IO port 'q[478]' driven by OBUF '$iopadmap$lgn_fsm.q_478'
Info:     IO port 'q[479]' driven by OBUF '$iopadmap$lgn_fsm.q_479'
Info:     IO port 'q[48]' driven by OBUF '$iopadmap$lgn_fsm.q_48'
Info:     IO port 'q[480]' driven by OBUF '$iopadmap$lgn_fsm.q_480'
Info:     IO port 'q[481]' driven by OBUF '$iopadmap$lgn_fsm.q_481'
Info:     IO port 'q[482]' driven by OBUF '$iopadmap$lgn_fsm.q_482'
Info:     IO port 'q[483]' driven by OBUF '$iopadmap$lgn_fsm.q_483'
Info:     IO port 'q[484]' driven by OBUF '$iopadmap$lgn_fsm.q_484'
Info:     IO port 'q[485]' driven by OBUF '$iopadmap$lgn_fsm.q_485'
Info:     IO port 'q[486]' driven by OBUF '$iopadmap$lgn_fsm.q_486'
Info:     IO port 'q[487]' driven by OBUF '$iopadmap$lgn_fsm.q_487'
Info:     IO port 'q[488]' driven by OBUF '$iopadmap$lgn_fsm.q_488'
Info:     IO port 'q[489]' driven by OBUF '$iopadmap$lgn_fsm.q_489'
Info:     IO port 'q[49]' driven by OBUF '$iopadmap$lgn_fsm.q_49'
Info:     IO port 'q[490]' driven by OBUF '$iopadmap$lgn_fsm.q_490'
Info:     IO port 'q[491]' driven by OBUF '$iopadmap$lgn_fsm.q_491'
Info:     IO port 'q[492]' driven by OBUF '$iopadmap$lgn_fsm.q_492'
Info:     IO port 'q[493]' driven by OBUF '$iopadmap$lgn_fsm.q_493'
Info:     IO port 'q[494]' driven by OBUF '$iopadmap$lgn_fsm.q_494'
Info:     IO port 'q[495]' driven by OBUF '$iopadmap$lgn_fsm.q_495'
Info:     IO port 'q[496]' driven by OBUF '$iopadmap$lgn_fsm.q_496'
Info:     IO port 'q[497]' driven by OBUF '$iopadmap$lgn_fsm.q_497'
Info:     IO port 'q[498]' driven by OBUF '$iopadmap$lgn_fsm.q_498'
Info:     IO port 'q[499]' driven by OBUF '$iopadmap$lgn_fsm.q_499'
Info:     IO port 'q[5]' driven by OBUF '$iopadmap$lgn_fsm.q_5'
Info:     IO port 'q[50]' driven by OBUF '$iopadmap$lgn_fsm.q_50'
Info:     IO port 'q[500]' driven by OBUF '$iopadmap$lgn_fsm.q_500'
Info:     IO port 'q[501]' driven by OBUF '$iopadmap$lgn_fsm.q_501'
Info:     IO port 'q[502]' driven by OBUF '$iopadmap$lgn_fsm.q_502'
Info:     IO port 'q[503]' driven by OBUF '$iopadmap$lgn_fsm.q_503'
Info:     IO port 'q[504]' driven by OBUF '$iopadmap$lgn_fsm.q_504'
Info:     IO port 'q[505]' driven by OBUF '$iopadmap$lgn_fsm.q_505'
Info:     IO port 'q[506]' driven by OBUF '$iopadmap$lgn_fsm.q_506'
Info:     IO port 'q[507]' driven by OBUF '$iopadmap$lgn_fsm.q_507'
Info:     IO port 'q[508]' driven by OBUF '$iopadmap$lgn_fsm.q_508'
Info:     IO port 'q[509]' driven by OBUF '$iopadmap$lgn_fsm.q_509'
Info:     IO port 'q[51]' driven by OBUF '$iopadmap$lgn_fsm.q_51'
Info:     IO port 'q[510]' driven by OBUF '$iopadmap$lgn_fsm.q_510'
Info:     IO port 'q[511]' driven by OBUF '$iopadmap$lgn_fsm.q_511'
Info:     IO port 'q[512]' driven by OBUF '$iopadmap$lgn_fsm.q_512'
Info:     IO port 'q[513]' driven by OBUF '$iopadmap$lgn_fsm.q_513'
Info:     IO port 'q[514]' driven by OBUF '$iopadmap$lgn_fsm.q_514'
Info:     IO port 'q[515]' driven by OBUF '$iopadmap$lgn_fsm.q_515'
Info:     IO port 'q[516]' driven by OBUF '$iopadmap$lgn_fsm.q_516'
Info:     IO port 'q[517]' driven by OBUF '$iopadmap$lgn_fsm.q_517'
Info:     IO port 'q[518]' driven by OBUF '$iopadmap$lgn_fsm.q_518'
Info:     IO port 'q[519]' driven by OBUF '$iopadmap$lgn_fsm.q_519'
Info:     IO port 'q[52]' driven by OBUF '$iopadmap$lgn_fsm.q_52'
Info:     IO port 'q[520]' driven by OBUF '$iopadmap$lgn_fsm.q_520'
Info:     IO port 'q[521]' driven by OBUF '$iopadmap$lgn_fsm.q_521'
Info:     IO port 'q[522]' driven by OBUF '$iopadmap$lgn_fsm.q_522'
Info:     IO port 'q[523]' driven by OBUF '$iopadmap$lgn_fsm.q_523'
Info:     IO port 'q[524]' driven by OBUF '$iopadmap$lgn_fsm.q_524'
Info:     IO port 'q[525]' driven by OBUF '$iopadmap$lgn_fsm.q_525'
Info:     IO port 'q[526]' driven by OBUF '$iopadmap$lgn_fsm.q_526'
Info:     IO port 'q[527]' driven by OBUF '$iopadmap$lgn_fsm.q_527'
Info:     IO port 'q[528]' driven by OBUF '$iopadmap$lgn_fsm.q_528'
Info:     IO port 'q[529]' driven by OBUF '$iopadmap$lgn_fsm.q_529'
Info:     IO port 'q[53]' driven by OBUF '$iopadmap$lgn_fsm.q_53'
Info:     IO port 'q[530]' driven by OBUF '$iopadmap$lgn_fsm.q_530'
Info:     IO port 'q[531]' driven by OBUF '$iopadmap$lgn_fsm.q_531'
Info:     IO port 'q[532]' driven by OBUF '$iopadmap$lgn_fsm.q_532'
Info:     IO port 'q[533]' driven by OBUF '$iopadmap$lgn_fsm.q_533'
Info:     IO port 'q[534]' driven by OBUF '$iopadmap$lgn_fsm.q_534'
Info:     IO port 'q[535]' driven by OBUF '$iopadmap$lgn_fsm.q_535'
Info:     IO port 'q[536]' driven by OBUF '$iopadmap$lgn_fsm.q_536'
Info:     IO port 'q[537]' driven by OBUF '$iopadmap$lgn_fsm.q_537'
Info:     IO port 'q[538]' driven by OBUF '$iopadmap$lgn_fsm.q_538'
Info:     IO port 'q[539]' driven by OBUF '$iopadmap$lgn_fsm.q_539'
Info:     IO port 'q[54]' driven by OBUF '$iopadmap$lgn_fsm.q_54'
Info:     IO port 'q[540]' driven by OBUF '$iopadmap$lgn_fsm.q_540'
Info:     IO port 'q[541]' driven by OBUF '$iopadmap$lgn_fsm.q_541'
Info:     IO port 'q[542]' driven by OBUF '$iopadmap$lgn_fsm.q_542'
Info:     IO port 'q[543]' driven by OBUF '$iopadmap$lgn_fsm.q_543'
Info:     IO port 'q[544]' driven by OBUF '$iopadmap$lgn_fsm.q_544'
Info:     IO port 'q[545]' driven by OBUF '$iopadmap$lgn_fsm.q_545'
Info:     IO port 'q[546]' driven by OBUF '$iopadmap$lgn_fsm.q_546'
Info:     IO port 'q[547]' driven by OBUF '$iopadmap$lgn_fsm.q_547'
Info:     IO port 'q[548]' driven by OBUF '$iopadmap$lgn_fsm.q_548'
Info:     IO port 'q[549]' driven by OBUF '$iopadmap$lgn_fsm.q_549'
Info:     IO port 'q[55]' driven by OBUF '$iopadmap$lgn_fsm.q_55'
Info:     IO port 'q[550]' driven by OBUF '$iopadmap$lgn_fsm.q_550'
Info:     IO port 'q[551]' driven by OBUF '$iopadmap$lgn_fsm.q_551'
Info:     IO port 'q[552]' driven by OBUF '$iopadmap$lgn_fsm.q_552'
Info:     IO port 'q[553]' driven by OBUF '$iopadmap$lgn_fsm.q_553'
Info:     IO port 'q[554]' driven by OBUF '$iopadmap$lgn_fsm.q_554'
Info:     IO port 'q[555]' driven by OBUF '$iopadmap$lgn_fsm.q_555'
Info:     IO port 'q[556]' driven by OBUF '$iopadmap$lgn_fsm.q_556'
Info:     IO port 'q[557]' driven by OBUF '$iopadmap$lgn_fsm.q_557'
Info:     IO port 'q[558]' driven by OBUF '$iopadmap$lgn_fsm.q_558'
Info:     IO port 'q[559]' driven by OBUF '$iopadmap$lgn_fsm.q_559'
Info:     IO port 'q[56]' driven by OBUF '$iopadmap$lgn_fsm.q_56'
Info:     IO port 'q[560]' driven by OBUF '$iopadmap$lgn_fsm.q_560'
Info:     IO port 'q[561]' driven by OBUF '$iopadmap$lgn_fsm.q_561'
Info:     IO port 'q[562]' driven by OBUF '$iopadmap$lgn_fsm.q_562'
Info:     IO port 'q[563]' driven by OBUF '$iopadmap$lgn_fsm.q_563'
Info:     IO port 'q[564]' driven by OBUF '$iopadmap$lgn_fsm.q_564'
Info:     IO port 'q[565]' driven by OBUF '$iopadmap$lgn_fsm.q_565'
Info:     IO port 'q[566]' driven by OBUF '$iopadmap$lgn_fsm.q_566'
Info:     IO port 'q[567]' driven by OBUF '$iopadmap$lgn_fsm.q_567'
Info:     IO port 'q[568]' driven by OBUF '$iopadmap$lgn_fsm.q_568'
Info:     IO port 'q[569]' driven by OBUF '$iopadmap$lgn_fsm.q_569'
Info:     IO port 'q[57]' driven by OBUF '$iopadmap$lgn_fsm.q_57'
Info:     IO port 'q[570]' driven by OBUF '$iopadmap$lgn_fsm.q_570'
Info:     IO port 'q[571]' driven by OBUF '$iopadmap$lgn_fsm.q_571'
Info:     IO port 'q[572]' driven by OBUF '$iopadmap$lgn_fsm.q_572'
Info:     IO port 'q[573]' driven by OBUF '$iopadmap$lgn_fsm.q_573'
Info:     IO port 'q[574]' driven by OBUF '$iopadmap$lgn_fsm.q_574'
Info:     IO port 'q[575]' driven by OBUF '$iopadmap$lgn_fsm.q_575'
Info:     IO port 'q[576]' driven by OBUF '$iopadmap$lgn_fsm.q_576'
Info:     IO port 'q[577]' driven by OBUF '$iopadmap$lgn_fsm.q_577'
Info:     IO port 'q[578]' driven by OBUF '$iopadmap$lgn_fsm.q_578'
Info:     IO port 'q[579]' driven by OBUF '$iopadmap$lgn_fsm.q_579'
Info:     IO port 'q[58]' driven by OBUF '$iopadmap$lgn_fsm.q_58'
Info:     IO port 'q[580]' driven by OBUF '$iopadmap$lgn_fsm.q_580'
Info:     IO port 'q[581]' driven by OBUF '$iopadmap$lgn_fsm.q_581'
Info:     IO port 'q[582]' driven by OBUF '$iopadmap$lgn_fsm.q_582'
Info:     IO port 'q[583]' driven by OBUF '$iopadmap$lgn_fsm.q_583'
Info:     IO port 'q[584]' driven by OBUF '$iopadmap$lgn_fsm.q_584'
Info:     IO port 'q[585]' driven by OBUF '$iopadmap$lgn_fsm.q_585'
Info:     IO port 'q[586]' driven by OBUF '$iopadmap$lgn_fsm.q_586'
Info:     IO port 'q[587]' driven by OBUF '$iopadmap$lgn_fsm.q_587'
Info:     IO port 'q[588]' driven by OBUF '$iopadmap$lgn_fsm.q_588'
Info:     IO port 'q[589]' driven by OBUF '$iopadmap$lgn_fsm.q_589'
Info:     IO port 'q[59]' driven by OBUF '$iopadmap$lgn_fsm.q_59'
Info:     IO port 'q[590]' driven by OBUF '$iopadmap$lgn_fsm.q_590'
Info:     IO port 'q[591]' driven by OBUF '$iopadmap$lgn_fsm.q_591'
Info:     IO port 'q[592]' driven by OBUF '$iopadmap$lgn_fsm.q_592'
Info:     IO port 'q[593]' driven by OBUF '$iopadmap$lgn_fsm.q_593'
Info:     IO port 'q[594]' driven by OBUF '$iopadmap$lgn_fsm.q_594'
Info:     IO port 'q[595]' driven by OBUF '$iopadmap$lgn_fsm.q_595'
Info:     IO port 'q[596]' driven by OBUF '$iopadmap$lgn_fsm.q_596'
Info:     IO port 'q[597]' driven by OBUF '$iopadmap$lgn_fsm.q_597'
Info:     IO port 'q[598]' driven by OBUF '$iopadmap$lgn_fsm.q_598'
Info:     IO port 'q[599]' driven by OBUF '$iopadmap$lgn_fsm.q_599'
Info:     IO port 'q[6]' driven by OBUF '$iopadmap$lgn_fsm.q_6'
Info:     IO port 'q[60]' driven by OBUF '$iopadmap$lgn_fsm.q_60'
Info:     IO port 'q[600]' driven by OBUF '$iopadmap$lgn_fsm.q_600'
Info:     IO port 'q[601]' driven by OBUF '$iopadmap$lgn_fsm.q_601'
Info:     IO port 'q[602]' driven by OBUF '$iopadmap$lgn_fsm.q_602'
Info:     IO port 'q[603]' driven by OBUF '$iopadmap$lgn_fsm.q_603'
Info:     IO port 'q[604]' driven by OBUF '$iopadmap$lgn_fsm.q_604'
Info:     IO port 'q[605]' driven by OBUF '$iopadmap$lgn_fsm.q_605'
Info:     IO port 'q[606]' driven by OBUF '$iopadmap$lgn_fsm.q_606'
Info:     IO port 'q[607]' driven by OBUF '$iopadmap$lgn_fsm.q_607'
Info:     IO port 'q[608]' driven by OBUF '$iopadmap$lgn_fsm.q_608'
Info:     IO port 'q[609]' driven by OBUF '$iopadmap$lgn_fsm.q_609'
Info:     IO port 'q[61]' driven by OBUF '$iopadmap$lgn_fsm.q_61'
Info:     IO port 'q[610]' driven by OBUF '$iopadmap$lgn_fsm.q_610'
Info:     IO port 'q[611]' driven by OBUF '$iopadmap$lgn_fsm.q_611'
Info:     IO port 'q[612]' driven by OBUF '$iopadmap$lgn_fsm.q_612'
Info:     IO port 'q[613]' driven by OBUF '$iopadmap$lgn_fsm.q_613'
Info:     IO port 'q[614]' driven by OBUF '$iopadmap$lgn_fsm.q_614'
Info:     IO port 'q[615]' driven by OBUF '$iopadmap$lgn_fsm.q_615'
Info:     IO port 'q[616]' driven by OBUF '$iopadmap$lgn_fsm.q_616'
Info:     IO port 'q[617]' driven by OBUF '$iopadmap$lgn_fsm.q_617'
Info:     IO port 'q[618]' driven by OBUF '$iopadmap$lgn_fsm.q_618'
Info:     IO port 'q[619]' driven by OBUF '$iopadmap$lgn_fsm.q_619'
Info:     IO port 'q[62]' driven by OBUF '$iopadmap$lgn_fsm.q_62'
Info:     IO port 'q[620]' driven by OBUF '$iopadmap$lgn_fsm.q_620'
Info:     IO port 'q[621]' driven by OBUF '$iopadmap$lgn_fsm.q_621'
Info:     IO port 'q[622]' driven by OBUF '$iopadmap$lgn_fsm.q_622'
Info:     IO port 'q[623]' driven by OBUF '$iopadmap$lgn_fsm.q_623'
Info:     IO port 'q[624]' driven by OBUF '$iopadmap$lgn_fsm.q_624'
Info:     IO port 'q[625]' driven by OBUF '$iopadmap$lgn_fsm.q_625'
Info:     IO port 'q[626]' driven by OBUF '$iopadmap$lgn_fsm.q_626'
Info:     IO port 'q[627]' driven by OBUF '$iopadmap$lgn_fsm.q_627'
Info:     IO port 'q[628]' driven by OBUF '$iopadmap$lgn_fsm.q_628'
Info:     IO port 'q[629]' driven by OBUF '$iopadmap$lgn_fsm.q_629'
Info:     IO port 'q[63]' driven by OBUF '$iopadmap$lgn_fsm.q_63'
Info:     IO port 'q[630]' driven by OBUF '$iopadmap$lgn_fsm.q_630'
Info:     IO port 'q[631]' driven by OBUF '$iopadmap$lgn_fsm.q_631'
Info:     IO port 'q[632]' driven by OBUF '$iopadmap$lgn_fsm.q_632'
Info:     IO port 'q[633]' driven by OBUF '$iopadmap$lgn_fsm.q_633'
Info:     IO port 'q[634]' driven by OBUF '$iopadmap$lgn_fsm.q_634'
Info:     IO port 'q[635]' driven by OBUF '$iopadmap$lgn_fsm.q_635'
Info:     IO port 'q[636]' driven by OBUF '$iopadmap$lgn_fsm.q_636'
Info:     IO port 'q[637]' driven by OBUF '$iopadmap$lgn_fsm.q_637'
Info:     IO port 'q[638]' driven by OBUF '$iopadmap$lgn_fsm.q_638'
Info:     IO port 'q[639]' driven by OBUF '$iopadmap$lgn_fsm.q_639'
Info:     IO port 'q[64]' driven by OBUF '$iopadmap$lgn_fsm.q_64'
Info:     IO port 'q[640]' driven by OBUF '$iopadmap$lgn_fsm.q_640'
Info:     IO port 'q[641]' driven by OBUF '$iopadmap$lgn_fsm.q_641'
Info:     IO port 'q[642]' driven by OBUF '$iopadmap$lgn_fsm.q_642'
Info:     IO port 'q[643]' driven by OBUF '$iopadmap$lgn_fsm.q_643'
Info:     IO port 'q[644]' driven by OBUF '$iopadmap$lgn_fsm.q_644'
Info:     IO port 'q[645]' driven by OBUF '$iopadmap$lgn_fsm.q_645'
Info:     IO port 'q[646]' driven by OBUF '$iopadmap$lgn_fsm.q_646'
Info:     IO port 'q[647]' driven by OBUF '$iopadmap$lgn_fsm.q_647'
Info:     IO port 'q[648]' driven by OBUF '$iopadmap$lgn_fsm.q_648'
Info:     IO port 'q[649]' driven by OBUF '$iopadmap$lgn_fsm.q_649'
Info:     IO port 'q[65]' driven by OBUF '$iopadmap$lgn_fsm.q_65'
Info:     IO port 'q[650]' driven by OBUF '$iopadmap$lgn_fsm.q_650'
Info:     IO port 'q[651]' driven by OBUF '$iopadmap$lgn_fsm.q_651'
Info:     IO port 'q[652]' driven by OBUF '$iopadmap$lgn_fsm.q_652'
Info:     IO port 'q[653]' driven by OBUF '$iopadmap$lgn_fsm.q_653'
Info:     IO port 'q[654]' driven by OBUF '$iopadmap$lgn_fsm.q_654'
Info:     IO port 'q[655]' driven by OBUF '$iopadmap$lgn_fsm.q_655'
Info:     IO port 'q[656]' driven by OBUF '$iopadmap$lgn_fsm.q_656'
Info:     IO port 'q[657]' driven by OBUF '$iopadmap$lgn_fsm.q_657'
Info:     IO port 'q[658]' driven by OBUF '$iopadmap$lgn_fsm.q_658'
Info:     IO port 'q[659]' driven by OBUF '$iopadmap$lgn_fsm.q_659'
Info:     IO port 'q[66]' driven by OBUF '$iopadmap$lgn_fsm.q_66'
Info:     IO port 'q[660]' driven by OBUF '$iopadmap$lgn_fsm.q_660'
Info:     IO port 'q[661]' driven by OBUF '$iopadmap$lgn_fsm.q_661'
Info:     IO port 'q[662]' driven by OBUF '$iopadmap$lgn_fsm.q_662'
Info:     IO port 'q[663]' driven by OBUF '$iopadmap$lgn_fsm.q_663'
Info:     IO port 'q[664]' driven by OBUF '$iopadmap$lgn_fsm.q_664'
Info:     IO port 'q[665]' driven by OBUF '$iopadmap$lgn_fsm.q_665'
Info:     IO port 'q[666]' driven by OBUF '$iopadmap$lgn_fsm.q_666'
Info:     IO port 'q[667]' driven by OBUF '$iopadmap$lgn_fsm.q_667'
Info:     IO port 'q[668]' driven by OBUF '$iopadmap$lgn_fsm.q_668'
Info:     IO port 'q[669]' driven by OBUF '$iopadmap$lgn_fsm.q_669'
Info:     IO port 'q[67]' driven by OBUF '$iopadmap$lgn_fsm.q_67'
Info:     IO port 'q[670]' driven by OBUF '$iopadmap$lgn_fsm.q_670'
Info:     IO port 'q[671]' driven by OBUF '$iopadmap$lgn_fsm.q_671'
Info:     IO port 'q[672]' driven by OBUF '$iopadmap$lgn_fsm.q_672'
Info:     IO port 'q[673]' driven by OBUF '$iopadmap$lgn_fsm.q_673'
Info:     IO port 'q[674]' driven by OBUF '$iopadmap$lgn_fsm.q_674'
Info:     IO port 'q[675]' driven by OBUF '$iopadmap$lgn_fsm.q_675'
Info:     IO port 'q[676]' driven by OBUF '$iopadmap$lgn_fsm.q_676'
Info:     IO port 'q[677]' driven by OBUF '$iopadmap$lgn_fsm.q_677'
Info:     IO port 'q[678]' driven by OBUF '$iopadmap$lgn_fsm.q_678'
Info:     IO port 'q[679]' driven by OBUF '$iopadmap$lgn_fsm.q_679'
Info:     IO port 'q[68]' driven by OBUF '$iopadmap$lgn_fsm.q_68'
Info:     IO port 'q[680]' driven by OBUF '$iopadmap$lgn_fsm.q_680'
Info:     IO port 'q[681]' driven by OBUF '$iopadmap$lgn_fsm.q_681'
Info:     IO port 'q[682]' driven by OBUF '$iopadmap$lgn_fsm.q_682'
Info:     IO port 'q[683]' driven by OBUF '$iopadmap$lgn_fsm.q_683'
Info:     IO port 'q[684]' driven by OBUF '$iopadmap$lgn_fsm.q_684'
Info:     IO port 'q[685]' driven by OBUF '$iopadmap$lgn_fsm.q_685'
Info:     IO port 'q[686]' driven by OBUF '$iopadmap$lgn_fsm.q_686'
Info:     IO port 'q[687]' driven by OBUF '$iopadmap$lgn_fsm.q_687'
Info:     IO port 'q[688]' driven by OBUF '$iopadmap$lgn_fsm.q_688'
Info:     IO port 'q[689]' driven by OBUF '$iopadmap$lgn_fsm.q_689'
Info:     IO port 'q[69]' driven by OBUF '$iopadmap$lgn_fsm.q_69'
Info:     IO port 'q[690]' driven by OBUF '$iopadmap$lgn_fsm.q_690'
Info:     IO port 'q[691]' driven by OBUF '$iopadmap$lgn_fsm.q_691'
Info:     IO port 'q[692]' driven by OBUF '$iopadmap$lgn_fsm.q_692'
Info:     IO port 'q[693]' driven by OBUF '$iopadmap$lgn_fsm.q_693'
Info:     IO port 'q[694]' driven by OBUF '$iopadmap$lgn_fsm.q_694'
Info:     IO port 'q[695]' driven by OBUF '$iopadmap$lgn_fsm.q_695'
Info:     IO port 'q[696]' driven by OBUF '$iopadmap$lgn_fsm.q_696'
Info:     IO port 'q[697]' driven by OBUF '$iopadmap$lgn_fsm.q_697'
Info:     IO port 'q[698]' driven by OBUF '$iopadmap$lgn_fsm.q_698'
Info:     IO port 'q[699]' driven by OBUF '$iopadmap$lgn_fsm.q_699'
Info:     IO port 'q[7]' driven by OBUF '$iopadmap$lgn_fsm.q_7'
Info:     IO port 'q[70]' driven by OBUF '$iopadmap$lgn_fsm.q_70'
Info:     IO port 'q[700]' driven by OBUF '$iopadmap$lgn_fsm.q_700'
Info:     IO port 'q[701]' driven by OBUF '$iopadmap$lgn_fsm.q_701'
Info:     IO port 'q[702]' driven by OBUF '$iopadmap$lgn_fsm.q_702'
Info:     IO port 'q[703]' driven by OBUF '$iopadmap$lgn_fsm.q_703'
Info:     IO port 'q[704]' driven by OBUF '$iopadmap$lgn_fsm.q_704'
Info:     IO port 'q[705]' driven by OBUF '$iopadmap$lgn_fsm.q_705'
Info:     IO port 'q[706]' driven by OBUF '$iopadmap$lgn_fsm.q_706'
Info:     IO port 'q[707]' driven by OBUF '$iopadmap$lgn_fsm.q_707'
Info:     IO port 'q[708]' driven by OBUF '$iopadmap$lgn_fsm.q_708'
Info:     IO port 'q[709]' driven by OBUF '$iopadmap$lgn_fsm.q_709'
Info:     IO port 'q[71]' driven by OBUF '$iopadmap$lgn_fsm.q_71'
Info:     IO port 'q[710]' driven by OBUF '$iopadmap$lgn_fsm.q_710'
Info:     IO port 'q[711]' driven by OBUF '$iopadmap$lgn_fsm.q_711'
Info:     IO port 'q[712]' driven by OBUF '$iopadmap$lgn_fsm.q_712'
Info:     IO port 'q[713]' driven by OBUF '$iopadmap$lgn_fsm.q_713'
Info:     IO port 'q[714]' driven by OBUF '$iopadmap$lgn_fsm.q_714'
Info:     IO port 'q[715]' driven by OBUF '$iopadmap$lgn_fsm.q_715'
Info:     IO port 'q[716]' driven by OBUF '$iopadmap$lgn_fsm.q_716'
Info:     IO port 'q[717]' driven by OBUF '$iopadmap$lgn_fsm.q_717'
Info:     IO port 'q[718]' driven by OBUF '$iopadmap$lgn_fsm.q_718'
Info:     IO port 'q[719]' driven by OBUF '$iopadmap$lgn_fsm.q_719'
Info:     IO port 'q[72]' driven by OBUF '$iopadmap$lgn_fsm.q_72'
Info:     IO port 'q[720]' driven by OBUF '$iopadmap$lgn_fsm.q_720'
Info:     IO port 'q[721]' driven by OBUF '$iopadmap$lgn_fsm.q_721'
Info:     IO port 'q[722]' driven by OBUF '$iopadmap$lgn_fsm.q_722'
Info:     IO port 'q[723]' driven by OBUF '$iopadmap$lgn_fsm.q_723'
Info:     IO port 'q[724]' driven by OBUF '$iopadmap$lgn_fsm.q_724'
Info:     IO port 'q[725]' driven by OBUF '$iopadmap$lgn_fsm.q_725'
Info:     IO port 'q[726]' driven by OBUF '$iopadmap$lgn_fsm.q_726'
Info:     IO port 'q[727]' driven by OBUF '$iopadmap$lgn_fsm.q_727'
Info:     IO port 'q[728]' driven by OBUF '$iopadmap$lgn_fsm.q_728'
Info:     IO port 'q[729]' driven by OBUF '$iopadmap$lgn_fsm.q_729'
Info:     IO port 'q[73]' driven by OBUF '$iopadmap$lgn_fsm.q_73'
Info:     IO port 'q[730]' driven by OBUF '$iopadmap$lgn_fsm.q_730'
Info:     IO port 'q[731]' driven by OBUF '$iopadmap$lgn_fsm.q_731'
Info:     IO port 'q[732]' driven by OBUF '$iopadmap$lgn_fsm.q_732'
Info:     IO port 'q[733]' driven by OBUF '$iopadmap$lgn_fsm.q_733'
Info:     IO port 'q[734]' driven by OBUF '$iopadmap$lgn_fsm.q_734'
Info:     IO port 'q[735]' driven by OBUF '$iopadmap$lgn_fsm.q_735'
Info:     IO port 'q[736]' driven by OBUF '$iopadmap$lgn_fsm.q_736'
Info:     IO port 'q[737]' driven by OBUF '$iopadmap$lgn_fsm.q_737'
Info:     IO port 'q[738]' driven by OBUF '$iopadmap$lgn_fsm.q_738'
Info:     IO port 'q[739]' driven by OBUF '$iopadmap$lgn_fsm.q_739'
Info:     IO port 'q[74]' driven by OBUF '$iopadmap$lgn_fsm.q_74'
Info:     IO port 'q[740]' driven by OBUF '$iopadmap$lgn_fsm.q_740'
Info:     IO port 'q[741]' driven by OBUF '$iopadmap$lgn_fsm.q_741'
Info:     IO port 'q[742]' driven by OBUF '$iopadmap$lgn_fsm.q_742'
Info:     IO port 'q[743]' driven by OBUF '$iopadmap$lgn_fsm.q_743'
Info:     IO port 'q[744]' driven by OBUF '$iopadmap$lgn_fsm.q_744'
Info:     IO port 'q[745]' driven by OBUF '$iopadmap$lgn_fsm.q_745'
Info:     IO port 'q[746]' driven by OBUF '$iopadmap$lgn_fsm.q_746'
Info:     IO port 'q[747]' driven by OBUF '$iopadmap$lgn_fsm.q_747'
Info:     IO port 'q[748]' driven by OBUF '$iopadmap$lgn_fsm.q_748'
Info:     IO port 'q[749]' driven by OBUF '$iopadmap$lgn_fsm.q_749'
Info:     IO port 'q[75]' driven by OBUF '$iopadmap$lgn_fsm.q_75'
Info:     IO port 'q[750]' driven by OBUF '$iopadmap$lgn_fsm.q_750'
Info:     IO port 'q[751]' driven by OBUF '$iopadmap$lgn_fsm.q_751'
Info:     IO port 'q[752]' driven by OBUF '$iopadmap$lgn_fsm.q_752'
Info:     IO port 'q[753]' driven by OBUF '$iopadmap$lgn_fsm.q_753'
Info:     IO port 'q[754]' driven by OBUF '$iopadmap$lgn_fsm.q_754'
Info:     IO port 'q[755]' driven by OBUF '$iopadmap$lgn_fsm.q_755'
Info:     IO port 'q[756]' driven by OBUF '$iopadmap$lgn_fsm.q_756'
Info:     IO port 'q[757]' driven by OBUF '$iopadmap$lgn_fsm.q_757'
Info:     IO port 'q[758]' driven by OBUF '$iopadmap$lgn_fsm.q_758'
Info:     IO port 'q[759]' driven by OBUF '$iopadmap$lgn_fsm.q_759'
Info:     IO port 'q[76]' driven by OBUF '$iopadmap$lgn_fsm.q_76'
Info:     IO port 'q[760]' driven by OBUF '$iopadmap$lgn_fsm.q_760'
Info:     IO port 'q[761]' driven by OBUF '$iopadmap$lgn_fsm.q_761'
Info:     IO port 'q[762]' driven by OBUF '$iopadmap$lgn_fsm.q_762'
Info:     IO port 'q[763]' driven by OBUF '$iopadmap$lgn_fsm.q_763'
Info:     IO port 'q[764]' driven by OBUF '$iopadmap$lgn_fsm.q_764'
Info:     IO port 'q[765]' driven by OBUF '$iopadmap$lgn_fsm.q_765'
Info:     IO port 'q[766]' driven by OBUF '$iopadmap$lgn_fsm.q_766'
Info:     IO port 'q[767]' driven by OBUF '$iopadmap$lgn_fsm.q_767'
Info:     IO port 'q[768]' driven by OBUF '$iopadmap$lgn_fsm.q_768'
Info:     IO port 'q[769]' driven by OBUF '$iopadmap$lgn_fsm.q_769'
Info:     IO port 'q[77]' driven by OBUF '$iopadmap$lgn_fsm.q_77'
Info:     IO port 'q[770]' driven by OBUF '$iopadmap$lgn_fsm.q_770'
Info:     IO port 'q[771]' driven by OBUF '$iopadmap$lgn_fsm.q_771'
Info:     IO port 'q[772]' driven by OBUF '$iopadmap$lgn_fsm.q_772'
Info:     IO port 'q[773]' driven by OBUF '$iopadmap$lgn_fsm.q_773'
Info:     IO port 'q[774]' driven by OBUF '$iopadmap$lgn_fsm.q_774'
Info:     IO port 'q[775]' driven by OBUF '$iopadmap$lgn_fsm.q_775'
Info:     IO port 'q[776]' driven by OBUF '$iopadmap$lgn_fsm.q_776'
Info:     IO port 'q[777]' driven by OBUF '$iopadmap$lgn_fsm.q_777'
Info:     IO port 'q[778]' driven by OBUF '$iopadmap$lgn_fsm.q_778'
Info:     IO port 'q[779]' driven by OBUF '$iopadmap$lgn_fsm.q_779'
Info:     IO port 'q[78]' driven by OBUF '$iopadmap$lgn_fsm.q_78'
Info:     IO port 'q[780]' driven by OBUF '$iopadmap$lgn_fsm.q_780'
Info:     IO port 'q[781]' driven by OBUF '$iopadmap$lgn_fsm.q_781'
Info:     IO port 'q[782]' driven by OBUF '$iopadmap$lgn_fsm.q_782'
Info:     IO port 'q[783]' driven by OBUF '$iopadmap$lgn_fsm.q_783'
Info:     IO port 'q[784]' driven by OBUF '$iopadmap$lgn_fsm.q_784'
Info:     IO port 'q[785]' driven by OBUF '$iopadmap$lgn_fsm.q_785'
Info:     IO port 'q[786]' driven by OBUF '$iopadmap$lgn_fsm.q_786'
Info:     IO port 'q[787]' driven by OBUF '$iopadmap$lgn_fsm.q_787'
Info:     IO port 'q[788]' driven by OBUF '$iopadmap$lgn_fsm.q_788'
Info:     IO port 'q[789]' driven by OBUF '$iopadmap$lgn_fsm.q_789'
Info:     IO port 'q[79]' driven by OBUF '$iopadmap$lgn_fsm.q_79'
Info:     IO port 'q[790]' driven by OBUF '$iopadmap$lgn_fsm.q_790'
Info:     IO port 'q[791]' driven by OBUF '$iopadmap$lgn_fsm.q_791'
Info:     IO port 'q[792]' driven by OBUF '$iopadmap$lgn_fsm.q_792'
Info:     IO port 'q[793]' driven by OBUF '$iopadmap$lgn_fsm.q_793'
Info:     IO port 'q[794]' driven by OBUF '$iopadmap$lgn_fsm.q_794'
Info:     IO port 'q[795]' driven by OBUF '$iopadmap$lgn_fsm.q_795'
Info:     IO port 'q[796]' driven by OBUF '$iopadmap$lgn_fsm.q_796'
Info:     IO port 'q[797]' driven by OBUF '$iopadmap$lgn_fsm.q_797'
Info:     IO port 'q[798]' driven by OBUF '$iopadmap$lgn_fsm.q_798'
Info:     IO port 'q[799]' driven by OBUF '$iopadmap$lgn_fsm.q_799'
Info:     IO port 'q[8]' driven by OBUF '$iopadmap$lgn_fsm.q_8'
Info:     IO port 'q[80]' driven by OBUF '$iopadmap$lgn_fsm.q_80'
Info:     IO port 'q[800]' driven by OBUF '$iopadmap$lgn_fsm.q_800'
Info:     IO port 'q[801]' driven by OBUF '$iopadmap$lgn_fsm.q_801'
Info:     IO port 'q[802]' driven by OBUF '$iopadmap$lgn_fsm.q_802'
Info:     IO port 'q[803]' driven by OBUF '$iopadmap$lgn_fsm.q_803'
Info:     IO port 'q[804]' driven by OBUF '$iopadmap$lgn_fsm.q_804'
Info:     IO port 'q[805]' driven by OBUF '$iopadmap$lgn_fsm.q_805'
Info:     IO port 'q[806]' driven by OBUF '$iopadmap$lgn_fsm.q_806'
Info:     IO port 'q[807]' driven by OBUF '$iopadmap$lgn_fsm.q_807'
Info:     IO port 'q[808]' driven by OBUF '$iopadmap$lgn_fsm.q_808'
Info:     IO port 'q[809]' driven by OBUF '$iopadmap$lgn_fsm.q_809'
Info:     IO port 'q[81]' driven by OBUF '$iopadmap$lgn_fsm.q_81'
Info:     IO port 'q[810]' driven by OBUF '$iopadmap$lgn_fsm.q_810'
Info:     IO port 'q[811]' driven by OBUF '$iopadmap$lgn_fsm.q_811'
Info:     IO port 'q[812]' driven by OBUF '$iopadmap$lgn_fsm.q_812'
Info:     IO port 'q[813]' driven by OBUF '$iopadmap$lgn_fsm.q_813'
Info:     IO port 'q[814]' driven by OBUF '$iopadmap$lgn_fsm.q_814'
Info:     IO port 'q[815]' driven by OBUF '$iopadmap$lgn_fsm.q_815'
Info:     IO port 'q[816]' driven by OBUF '$iopadmap$lgn_fsm.q_816'
Info:     IO port 'q[817]' driven by OBUF '$iopadmap$lgn_fsm.q_817'
Info:     IO port 'q[818]' driven by OBUF '$iopadmap$lgn_fsm.q_818'
Info:     IO port 'q[819]' driven by OBUF '$iopadmap$lgn_fsm.q_819'
Info:     IO port 'q[82]' driven by OBUF '$iopadmap$lgn_fsm.q_82'
Info:     IO port 'q[820]' driven by OBUF '$iopadmap$lgn_fsm.q_820'
Info:     IO port 'q[821]' driven by OBUF '$iopadmap$lgn_fsm.q_821'
Info:     IO port 'q[822]' driven by OBUF '$iopadmap$lgn_fsm.q_822'
Info:     IO port 'q[823]' driven by OBUF '$iopadmap$lgn_fsm.q_823'
Info:     IO port 'q[824]' driven by OBUF '$iopadmap$lgn_fsm.q_824'
Info:     IO port 'q[825]' driven by OBUF '$iopadmap$lgn_fsm.q_825'
Info:     IO port 'q[826]' driven by OBUF '$iopadmap$lgn_fsm.q_826'
Info:     IO port 'q[827]' driven by OBUF '$iopadmap$lgn_fsm.q_827'
Info:     IO port 'q[828]' driven by OBUF '$iopadmap$lgn_fsm.q_828'
Info:     IO port 'q[829]' driven by OBUF '$iopadmap$lgn_fsm.q_829'
Info:     IO port 'q[83]' driven by OBUF '$iopadmap$lgn_fsm.q_83'
Info:     IO port 'q[830]' driven by OBUF '$iopadmap$lgn_fsm.q_830'
Info:     IO port 'q[831]' driven by OBUF '$iopadmap$lgn_fsm.q_831'
Info:     IO port 'q[832]' driven by OBUF '$iopadmap$lgn_fsm.q_832'
Info:     IO port 'q[833]' driven by OBUF '$iopadmap$lgn_fsm.q_833'
Info:     IO port 'q[834]' driven by OBUF '$iopadmap$lgn_fsm.q_834'
Info:     IO port 'q[835]' driven by OBUF '$iopadmap$lgn_fsm.q_835'
Info:     IO port 'q[836]' driven by OBUF '$iopadmap$lgn_fsm.q_836'
Info:     IO port 'q[837]' driven by OBUF '$iopadmap$lgn_fsm.q_837'
Info:     IO port 'q[838]' driven by OBUF '$iopadmap$lgn_fsm.q_838'
Info:     IO port 'q[839]' driven by OBUF '$iopadmap$lgn_fsm.q_839'
Info:     IO port 'q[84]' driven by OBUF '$iopadmap$lgn_fsm.q_84'
Info:     IO port 'q[840]' driven by OBUF '$iopadmap$lgn_fsm.q_840'
Info:     IO port 'q[841]' driven by OBUF '$iopadmap$lgn_fsm.q_841'
Info:     IO port 'q[842]' driven by OBUF '$iopadmap$lgn_fsm.q_842'
Info:     IO port 'q[843]' driven by OBUF '$iopadmap$lgn_fsm.q_843'
Info:     IO port 'q[844]' driven by OBUF '$iopadmap$lgn_fsm.q_844'
Info:     IO port 'q[845]' driven by OBUF '$iopadmap$lgn_fsm.q_845'
Info:     IO port 'q[846]' driven by OBUF '$iopadmap$lgn_fsm.q_846'
Info:     IO port 'q[847]' driven by OBUF '$iopadmap$lgn_fsm.q_847'
Info:     IO port 'q[848]' driven by OBUF '$iopadmap$lgn_fsm.q_848'
Info:     IO port 'q[849]' driven by OBUF '$iopadmap$lgn_fsm.q_849'
Info:     IO port 'q[85]' driven by OBUF '$iopadmap$lgn_fsm.q_85'
Info:     IO port 'q[850]' driven by OBUF '$iopadmap$lgn_fsm.q_850'
Info:     IO port 'q[851]' driven by OBUF '$iopadmap$lgn_fsm.q_851'
Info:     IO port 'q[852]' driven by OBUF '$iopadmap$lgn_fsm.q_852'
Info:     IO port 'q[853]' driven by OBUF '$iopadmap$lgn_fsm.q_853'
Info:     IO port 'q[854]' driven by OBUF '$iopadmap$lgn_fsm.q_854'
Info:     IO port 'q[855]' driven by OBUF '$iopadmap$lgn_fsm.q_855'
Info:     IO port 'q[856]' driven by OBUF '$iopadmap$lgn_fsm.q_856'
Info:     IO port 'q[857]' driven by OBUF '$iopadmap$lgn_fsm.q_857'
Info:     IO port 'q[858]' driven by OBUF '$iopadmap$lgn_fsm.q_858'
Info:     IO port 'q[859]' driven by OBUF '$iopadmap$lgn_fsm.q_859'
Info:     IO port 'q[86]' driven by OBUF '$iopadmap$lgn_fsm.q_86'
Info:     IO port 'q[860]' driven by OBUF '$iopadmap$lgn_fsm.q_860'
Info:     IO port 'q[861]' driven by OBUF '$iopadmap$lgn_fsm.q_861'
Info:     IO port 'q[862]' driven by OBUF '$iopadmap$lgn_fsm.q_862'
Info:     IO port 'q[863]' driven by OBUF '$iopadmap$lgn_fsm.q_863'
Info:     IO port 'q[864]' driven by OBUF '$iopadmap$lgn_fsm.q_864'
Info:     IO port 'q[865]' driven by OBUF '$iopadmap$lgn_fsm.q_865'
Info:     IO port 'q[866]' driven by OBUF '$iopadmap$lgn_fsm.q_866'
Info:     IO port 'q[867]' driven by OBUF '$iopadmap$lgn_fsm.q_867'
Info:     IO port 'q[868]' driven by OBUF '$iopadmap$lgn_fsm.q_868'
Info:     IO port 'q[869]' driven by OBUF '$iopadmap$lgn_fsm.q_869'
Info:     IO port 'q[87]' driven by OBUF '$iopadmap$lgn_fsm.q_87'
Info:     IO port 'q[870]' driven by OBUF '$iopadmap$lgn_fsm.q_870'
Info:     IO port 'q[871]' driven by OBUF '$iopadmap$lgn_fsm.q_871'
Info:     IO port 'q[872]' driven by OBUF '$iopadmap$lgn_fsm.q_872'
Info:     IO port 'q[873]' driven by OBUF '$iopadmap$lgn_fsm.q_873'
Info:     IO port 'q[874]' driven by OBUF '$iopadmap$lgn_fsm.q_874'
Info:     IO port 'q[875]' driven by OBUF '$iopadmap$lgn_fsm.q_875'
Info:     IO port 'q[876]' driven by OBUF '$iopadmap$lgn_fsm.q_876'
Info:     IO port 'q[877]' driven by OBUF '$iopadmap$lgn_fsm.q_877'
Info:     IO port 'q[878]' driven by OBUF '$iopadmap$lgn_fsm.q_878'
Info:     IO port 'q[879]' driven by OBUF '$iopadmap$lgn_fsm.q_879'
Info:     IO port 'q[88]' driven by OBUF '$iopadmap$lgn_fsm.q_88'
Info:     IO port 'q[880]' driven by OBUF '$iopadmap$lgn_fsm.q_880'
Info:     IO port 'q[881]' driven by OBUF '$iopadmap$lgn_fsm.q_881'
Info:     IO port 'q[882]' driven by OBUF '$iopadmap$lgn_fsm.q_882'
Info:     IO port 'q[883]' driven by OBUF '$iopadmap$lgn_fsm.q_883'
Info:     IO port 'q[884]' driven by OBUF '$iopadmap$lgn_fsm.q_884'
Info:     IO port 'q[885]' driven by OBUF '$iopadmap$lgn_fsm.q_885'
Info:     IO port 'q[886]' driven by OBUF '$iopadmap$lgn_fsm.q_886'
Info:     IO port 'q[887]' driven by OBUF '$iopadmap$lgn_fsm.q_887'
Info:     IO port 'q[888]' driven by OBUF '$iopadmap$lgn_fsm.q_888'
Info:     IO port 'q[889]' driven by OBUF '$iopadmap$lgn_fsm.q_889'
Info:     IO port 'q[89]' driven by OBUF '$iopadmap$lgn_fsm.q_89'
Info:     IO port 'q[890]' driven by OBUF '$iopadmap$lgn_fsm.q_890'
Info:     IO port 'q[891]' driven by OBUF '$iopadmap$lgn_fsm.q_891'
Info:     IO port 'q[892]' driven by OBUF '$iopadmap$lgn_fsm.q_892'
Info:     IO port 'q[893]' driven by OBUF '$iopadmap$lgn_fsm.q_893'
Info:     IO port 'q[894]' driven by OBUF '$iopadmap$lgn_fsm.q_894'
Info:     IO port 'q[895]' driven by OBUF '$iopadmap$lgn_fsm.q_895'
Info:     IO port 'q[896]' driven by OBUF '$iopadmap$lgn_fsm.q_896'
Info:     IO port 'q[897]' driven by OBUF '$iopadmap$lgn_fsm.q_897'
Info:     IO port 'q[898]' driven by OBUF '$iopadmap$lgn_fsm.q_898'
Info:     IO port 'q[899]' driven by OBUF '$iopadmap$lgn_fsm.q_899'
Info:     IO port 'q[9]' driven by OBUF '$iopadmap$lgn_fsm.q_9'
Info:     IO port 'q[90]' driven by OBUF '$iopadmap$lgn_fsm.q_90'
Info:     IO port 'q[900]' driven by OBUF '$iopadmap$lgn_fsm.q_900'
Info:     IO port 'q[901]' driven by OBUF '$iopadmap$lgn_fsm.q_901'
Info:     IO port 'q[902]' driven by OBUF '$iopadmap$lgn_fsm.q_902'
Info:     IO port 'q[903]' driven by OBUF '$iopadmap$lgn_fsm.q_903'
Info:     IO port 'q[904]' driven by OBUF '$iopadmap$lgn_fsm.q_904'
Info:     IO port 'q[905]' driven by OBUF '$iopadmap$lgn_fsm.q_905'
Info:     IO port 'q[906]' driven by OBUF '$iopadmap$lgn_fsm.q_906'
Info:     IO port 'q[907]' driven by OBUF '$iopadmap$lgn_fsm.q_907'
Info:     IO port 'q[908]' driven by OBUF '$iopadmap$lgn_fsm.q_908'
Info:     IO port 'q[909]' driven by OBUF '$iopadmap$lgn_fsm.q_909'
Info:     IO port 'q[91]' driven by OBUF '$iopadmap$lgn_fsm.q_91'
Info:     IO port 'q[910]' driven by OBUF '$iopadmap$lgn_fsm.q_910'
Info:     IO port 'q[911]' driven by OBUF '$iopadmap$lgn_fsm.q_911'
Info:     IO port 'q[912]' driven by OBUF '$iopadmap$lgn_fsm.q_912'
Info:     IO port 'q[913]' driven by OBUF '$iopadmap$lgn_fsm.q_913'
Info:     IO port 'q[914]' driven by OBUF '$iopadmap$lgn_fsm.q_914'
Info:     IO port 'q[915]' driven by OBUF '$iopadmap$lgn_fsm.q_915'
Info:     IO port 'q[916]' driven by OBUF '$iopadmap$lgn_fsm.q_916'
Info:     IO port 'q[917]' driven by OBUF '$iopadmap$lgn_fsm.q_917'
Info:     IO port 'q[918]' driven by OBUF '$iopadmap$lgn_fsm.q_918'
Info:     IO port 'q[919]' driven by OBUF '$iopadmap$lgn_fsm.q_919'
Info:     IO port 'q[92]' driven by OBUF '$iopadmap$lgn_fsm.q_92'
Info:     IO port 'q[920]' driven by OBUF '$iopadmap$lgn_fsm.q_920'
Info:     IO port 'q[921]' driven by OBUF '$iopadmap$lgn_fsm.q_921'
Info:     IO port 'q[922]' driven by OBUF '$iopadmap$lgn_fsm.q_922'
Info:     IO port 'q[923]' driven by OBUF '$iopadmap$lgn_fsm.q_923'
Info:     IO port 'q[924]' driven by OBUF '$iopadmap$lgn_fsm.q_924'
Info:     IO port 'q[925]' driven by OBUF '$iopadmap$lgn_fsm.q_925'
Info:     IO port 'q[926]' driven by OBUF '$iopadmap$lgn_fsm.q_926'
Info:     IO port 'q[927]' driven by OBUF '$iopadmap$lgn_fsm.q_927'
Info:     IO port 'q[928]' driven by OBUF '$iopadmap$lgn_fsm.q_928'
Info:     IO port 'q[929]' driven by OBUF '$iopadmap$lgn_fsm.q_929'
Info:     IO port 'q[93]' driven by OBUF '$iopadmap$lgn_fsm.q_93'
Info:     IO port 'q[930]' driven by OBUF '$iopadmap$lgn_fsm.q_930'
Info:     IO port 'q[931]' driven by OBUF '$iopadmap$lgn_fsm.q_931'
Info:     IO port 'q[932]' driven by OBUF '$iopadmap$lgn_fsm.q_932'
Info:     IO port 'q[933]' driven by OBUF '$iopadmap$lgn_fsm.q_933'
Info:     IO port 'q[934]' driven by OBUF '$iopadmap$lgn_fsm.q_934'
Info:     IO port 'q[935]' driven by OBUF '$iopadmap$lgn_fsm.q_935'
Info:     IO port 'q[936]' driven by OBUF '$iopadmap$lgn_fsm.q_936'
Info:     IO port 'q[937]' driven by OBUF '$iopadmap$lgn_fsm.q_937'
Info:     IO port 'q[938]' driven by OBUF '$iopadmap$lgn_fsm.q_938'
Info:     IO port 'q[939]' driven by OBUF '$iopadmap$lgn_fsm.q_939'
Info:     IO port 'q[94]' driven by OBUF '$iopadmap$lgn_fsm.q_94'
Info:     IO port 'q[940]' driven by OBUF '$iopadmap$lgn_fsm.q_940'
Info:     IO port 'q[941]' driven by OBUF '$iopadmap$lgn_fsm.q_941'
Info:     IO port 'q[942]' driven by OBUF '$iopadmap$lgn_fsm.q_942'
Info:     IO port 'q[943]' driven by OBUF '$iopadmap$lgn_fsm.q_943'
Info:     IO port 'q[944]' driven by OBUF '$iopadmap$lgn_fsm.q_944'
Info:     IO port 'q[945]' driven by OBUF '$iopadmap$lgn_fsm.q_945'
Info:     IO port 'q[946]' driven by OBUF '$iopadmap$lgn_fsm.q_946'
Info:     IO port 'q[947]' driven by OBUF '$iopadmap$lgn_fsm.q_947'
Info:     IO port 'q[948]' driven by OBUF '$iopadmap$lgn_fsm.q_948'
Info:     IO port 'q[949]' driven by OBUF '$iopadmap$lgn_fsm.q_949'
Info:     IO port 'q[95]' driven by OBUF '$iopadmap$lgn_fsm.q_95'
Info:     IO port 'q[950]' driven by OBUF '$iopadmap$lgn_fsm.q_950'
Info:     IO port 'q[951]' driven by OBUF '$iopadmap$lgn_fsm.q_951'
Info:     IO port 'q[952]' driven by OBUF '$iopadmap$lgn_fsm.q_952'
Info:     IO port 'q[953]' driven by OBUF '$iopadmap$lgn_fsm.q_953'
Info:     IO port 'q[954]' driven by OBUF '$iopadmap$lgn_fsm.q_954'
Info:     IO port 'q[955]' driven by OBUF '$iopadmap$lgn_fsm.q_955'
Info:     IO port 'q[956]' driven by OBUF '$iopadmap$lgn_fsm.q_956'
Info:     IO port 'q[957]' driven by OBUF '$iopadmap$lgn_fsm.q_957'
Info:     IO port 'q[958]' driven by OBUF '$iopadmap$lgn_fsm.q_958'
Info:     IO port 'q[959]' driven by OBUF '$iopadmap$lgn_fsm.q_959'
Info:     IO port 'q[96]' driven by OBUF '$iopadmap$lgn_fsm.q_96'
Info:     IO port 'q[960]' driven by OBUF '$iopadmap$lgn_fsm.q_960'
Info:     IO port 'q[961]' driven by OBUF '$iopadmap$lgn_fsm.q_961'
Info:     IO port 'q[962]' driven by OBUF '$iopadmap$lgn_fsm.q_962'
Info:     IO port 'q[963]' driven by OBUF '$iopadmap$lgn_fsm.q_963'
Info:     IO port 'q[964]' driven by OBUF '$iopadmap$lgn_fsm.q_964'
Info:     IO port 'q[965]' driven by OBUF '$iopadmap$lgn_fsm.q_965'
Info:     IO port 'q[966]' driven by OBUF '$iopadmap$lgn_fsm.q_966'
Info:     IO port 'q[967]' driven by OBUF '$iopadmap$lgn_fsm.q_967'
Info:     IO port 'q[968]' driven by OBUF '$iopadmap$lgn_fsm.q_968'
Info:     IO port 'q[969]' driven by OBUF '$iopadmap$lgn_fsm.q_969'
Info:     IO port 'q[97]' driven by OBUF '$iopadmap$lgn_fsm.q_97'
Info:     IO port 'q[970]' driven by OBUF '$iopadmap$lgn_fsm.q_970'
Info:     IO port 'q[971]' driven by OBUF '$iopadmap$lgn_fsm.q_971'
Info:     IO port 'q[972]' driven by OBUF '$iopadmap$lgn_fsm.q_972'
Info:     IO port 'q[973]' driven by OBUF '$iopadmap$lgn_fsm.q_973'
Info:     IO port 'q[974]' driven by OBUF '$iopadmap$lgn_fsm.q_974'
Info:     IO port 'q[975]' driven by OBUF '$iopadmap$lgn_fsm.q_975'
Info:     IO port 'q[976]' driven by OBUF '$iopadmap$lgn_fsm.q_976'
Info:     IO port 'q[977]' driven by OBUF '$iopadmap$lgn_fsm.q_977'
Info:     IO port 'q[978]' driven by OBUF '$iopadmap$lgn_fsm.q_978'
Info:     IO port 'q[979]' driven by OBUF '$iopadmap$lgn_fsm.q_979'
Info:     IO port 'q[98]' driven by OBUF '$iopadmap$lgn_fsm.q_98'
Info:     IO port 'q[980]' driven by OBUF '$iopadmap$lgn_fsm.q_980'
Info:     IO port 'q[981]' driven by OBUF '$iopadmap$lgn_fsm.q_981'
Info:     IO port 'q[982]' driven by OBUF '$iopadmap$lgn_fsm.q_982'
Info:     IO port 'q[983]' driven by OBUF '$iopadmap$lgn_fsm.q_983'
Info:     IO port 'q[984]' driven by OBUF '$iopadmap$lgn_fsm.q_984'
Info:     IO port 'q[985]' driven by OBUF '$iopadmap$lgn_fsm.q_985'
Info:     IO port 'q[986]' driven by OBUF '$iopadmap$lgn_fsm.q_986'
Info:     IO port 'q[987]' driven by OBUF '$iopadmap$lgn_fsm.q_987'
Info:     IO port 'q[988]' driven by OBUF '$iopadmap$lgn_fsm.q_988'
Info:     IO port 'q[989]' driven by OBUF '$iopadmap$lgn_fsm.q_989'
Info:     IO port 'q[99]' driven by OBUF '$iopadmap$lgn_fsm.q_99'
Info:     IO port 'q[990]' driven by OBUF '$iopadmap$lgn_fsm.q_990'
Info:     IO port 'q[991]' driven by OBUF '$iopadmap$lgn_fsm.q_991'
Info:     IO port 'q[992]' driven by OBUF '$iopadmap$lgn_fsm.q_992'
Info:     IO port 'q[993]' driven by OBUF '$iopadmap$lgn_fsm.q_993'
Info:     IO port 'q[994]' driven by OBUF '$iopadmap$lgn_fsm.q_994'
Info:     IO port 'q[995]' driven by OBUF '$iopadmap$lgn_fsm.q_995'
Info:     IO port 'q[996]' driven by OBUF '$iopadmap$lgn_fsm.q_996'
Info:     IO port 'q[997]' driven by OBUF '$iopadmap$lgn_fsm.q_997'
Info:     IO port 'q[998]' driven by OBUF '$iopadmap$lgn_fsm.q_998'
Info:     IO port 'q[999]' driven by OBUF '$iopadmap$lgn_fsm.q_999'
Info:     IO port 'x[0]' driven by IBUF '$iopadmap$lgn_fsm.x'
Info:     IO port 'x[1]' driven by IBUF '$iopadmap$lgn_fsm.x_1'
Info:     IO port 'x[2]' driven by IBUF '$iopadmap$lgn_fsm.x_2'
Info:     IO port 'x[3]' driven by IBUF '$iopadmap$lgn_fsm.x_3'
Info:     IO port 'x[4]' driven by IBUF '$iopadmap$lgn_fsm.x_4'
Info:     IO port 'x[5]' driven by IBUF '$iopadmap$lgn_fsm.x_5'
Info:     IO port 'x[6]' driven by IBUF '$iopadmap$lgn_fsm.x_6'
Info:     IO port 'x[7]' driven by IBUF '$iopadmap$lgn_fsm.x_7'
Info:     IO port 'x[8]' driven by IBUF '$iopadmap$lgn_fsm.x_8'
Info:     Constraining 'clk' to site 'IOB_X1Y76'
Info:     Tile 'RIOB33_X43Y75'
ERROR: IO placer ran out of available IOs (212 available IO, 1034 unconstrained pins)
0 warnings, 1 error
