
 /----------------------------------------------------------------------------\
 |  yosys -- Yosys Open SYnthesis Suite                                       |
 |  Copyright (C) 2012 - 2026  Claire Xenia Wolf <claire@yosyshq.com>         |
 |  Distributed under an ISC-like license, type "license" to see terms        |
 \----------------------------------------------------------------------------/
 Yosys 0.67+4 (git sha1 b88b73a99, Release, Clang /usr/bin/clang++ 18.1.8)

-- Running command `read_verilog fsm.v; synth -top lgn_fsm; stat' --

1. Executing Verilog-2005 frontend: fsm.v
Parsing Verilog input from `fsm.v' to AST representation.
Generating RTLIL representation for module `\lgn_fsm'.
Successfully finished Verilog frontend.

2. Executing SYNTH pass.

2.1. Executing HIERARCHY pass (managing design hierarchy).

2.1.1. Analyzing design hierarchy..
Top module:  \lgn_fsm

2.1.2. Analyzing design hierarchy..
Top module:  \lgn_fsm
Removed 0 unused modules.

2.2. Executing PROC pass (convert processes to netlists).

2.2.1. Executing PROC_CLEAN pass (remove empty switches from decision trees).
Cleaned up 0 empty switches.

2.2.2. Executing PROC_RMDEAD pass (remove dead branches from decision trees).
Marked 1 switch rules as full_case in process $proc$fsm.v:8217$8317 in module lgn_fsm.
Removed a total of 0 dead cases.

2.2.3. Executing PROC_PRUNE pass (remove redundant assignments in processes).
Removed 1 redundant assignment.
Promoted 0 assignments to connections.

2.2.4. Executing PROC_INIT pass (extract init attributes).

2.2.5. Executing PROC_ARST pass (detect async resets in processes).

2.2.6. Executing PROC_ROM pass (convert switches to ROMs).
Converted 0 switches.
<suppressed ~1 debug messages>

2.2.7. Executing PROC_MUX pass (convert decision trees to multiplexers).
Creating decoders for process `\lgn_fsm.$proc$fsm.v:8217$8317'.
     1/1024: $0\q[1023:0] [1023]
     2/1024: $0\q[1023:0] [1022]
     3/1024: $0\q[1023:0] [1021]
     4/1024: $0\q[1023:0] [1020]
     5/1024: $0\q[1023:0] [1019]
     6/1024: $0\q[1023:0] [1018]
     7/1024: $0\q[1023:0] [1017]
     8/1024: $0\q[1023:0] [1016]
     9/1024: $0\q[1023:0] [1015]
    10/1024: $0\q[1023:0] [1014]
    11/1024: $0\q[1023:0] [1013]
    12/1024: $0\q[1023:0] [1012]
    13/1024: $0\q[1023:0] [1011]
    14/1024: $0\q[1023:0] [1010]
    15/1024: $0\q[1023:0] [1009]
    16/1024: $0\q[1023:0] [1008]
    17/1024: $0\q[1023:0] [1007]
    18/1024: $0\q[1023:0] [1006]
    19/1024: $0\q[1023:0] [1005]
    20/1024: $0\q[1023:0] [1004]
    21/1024: $0\q[1023:0] [1003]
    22/1024: $0\q[1023:0] [1002]
    23/1024: $0\q[1023:0] [1001]
    24/1024: $0\q[1023:0] [1000]
    25/1024: $0\q[1023:0] [999]
    26/1024: $0\q[1023:0] [998]
    27/1024: $0\q[1023:0] [997]
    28/1024: $0\q[1023:0] [996]
    29/1024: $0\q[1023:0] [995]
    30/1024: $0\q[1023:0] [994]
    31/1024: $0\q[1023:0] [993]
    32/1024: $0\q[1023:0] [992]
    33/1024: $0\q[1023:0] [991]
    34/1024: $0\q[1023:0] [990]
    35/1024: $0\q[1023:0] [989]
    36/1024: $0\q[1023:0] [988]
    37/1024: $0\q[1023:0] [987]
    38/1024: $0\q[1023:0] [986]
    39/1024: $0\q[1023:0] [985]
    40/1024: $0\q[1023:0] [984]
    41/1024: $0\q[1023:0] [983]
    42/1024: $0\q[1023:0] [982]
    43/1024: $0\q[1023:0] [981]
    44/1024: $0\q[1023:0] [980]
    45/1024: $0\q[1023:0] [979]
    46/1024: $0\q[1023:0] [978]
    47/1024: $0\q[1023:0] [977]
    48/1024: $0\q[1023:0] [976]
    49/1024: $0\q[1023:0] [975]
    50/1024: $0\q[1023:0] [974]
    51/1024: $0\q[1023:0] [973]
    52/1024: $0\q[1023:0] [972]
    53/1024: $0\q[1023:0] [971]
    54/1024: $0\q[1023:0] [970]
    55/1024: $0\q[1023:0] [969]
    56/1024: $0\q[1023:0] [968]
    57/1024: $0\q[1023:0] [967]
    58/1024: $0\q[1023:0] [966]
    59/1024: $0\q[1023:0] [965]
    60/1024: $0\q[1023:0] [964]
    61/1024: $0\q[1023:0] [963]
    62/1024: $0\q[1023:0] [962]
    63/1024: $0\q[1023:0] [961]
    64/1024: $0\q[1023:0] [960]
    65/1024: $0\q[1023:0] [959]
    66/1024: $0\q[1023:0] [958]
    67/1024: $0\q[1023:0] [957]
    68/1024: $0\q[1023:0] [956]
    69/1024: $0\q[1023:0] [955]
    70/1024: $0\q[1023:0] [954]
    71/1024: $0\q[1023:0] [953]
    72/1024: $0\q[1023:0] [952]
    73/1024: $0\q[1023:0] [951]
    74/1024: $0\q[1023:0] [950]
    75/1024: $0\q[1023:0] [949]
    76/1024: $0\q[1023:0] [948]
    77/1024: $0\q[1023:0] [947]
    78/1024: $0\q[1023:0] [946]
    79/1024: $0\q[1023:0] [945]
    80/1024: $0\q[1023:0] [944]
    81/1024: $0\q[1023:0] [943]
    82/1024: $0\q[1023:0] [942]
    83/1024: $0\q[1023:0] [941]
    84/1024: $0\q[1023:0] [940]
    85/1024: $0\q[1023:0] [939]
    86/1024: $0\q[1023:0] [938]
    87/1024: $0\q[1023:0] [937]
    88/1024: $0\q[1023:0] [936]
    89/1024: $0\q[1023:0] [935]
    90/1024: $0\q[1023:0] [934]
    91/1024: $0\q[1023:0] [933]
    92/1024: $0\q[1023:0] [932]
    93/1024: $0\q[1023:0] [931]
    94/1024: $0\q[1023:0] [930]
    95/1024: $0\q[1023:0] [929]
    96/1024: $0\q[1023:0] [928]
    97/1024: $0\q[1023:0] [927]
    98/1024: $0\q[1023:0] [926]
    99/1024: $0\q[1023:0] [925]
   100/1024: $0\q[1023:0] [924]
   101/1024: $0\q[1023:0] [923]
   102/1024: $0\q[1023:0] [922]
   103/1024: $0\q[1023:0] [921]
   104/1024: $0\q[1023:0] [920]
   105/1024: $0\q[1023:0] [919]
   106/1024: $0\q[1023:0] [918]
   107/1024: $0\q[1023:0] [917]
   108/1024: $0\q[1023:0] [916]
   109/1024: $0\q[1023:0] [915]
   110/1024: $0\q[1023:0] [914]
   111/1024: $0\q[1023:0] [913]
   112/1024: $0\q[1023:0] [912]
   113/1024: $0\q[1023:0] [911]
   114/1024: $0\q[1023:0] [910]
   115/1024: $0\q[1023:0] [909]
   116/1024: $0\q[1023:0] [908]
   117/1024: $0\q[1023:0] [907]
   118/1024: $0\q[1023:0] [906]
   119/1024: $0\q[1023:0] [905]
   120/1024: $0\q[1023:0] [904]
   121/1024: $0\q[1023:0] [903]
   122/1024: $0\q[1023:0] [902]
   123/1024: $0\q[1023:0] [901]
   124/1024: $0\q[1023:0] [900]
   125/1024: $0\q[1023:0] [899]
   126/1024: $0\q[1023:0] [898]
   127/1024: $0\q[1023:0] [897]
   128/1024: $0\q[1023:0] [896]
   129/1024: $0\q[1023:0] [895]
   130/1024: $0\q[1023:0] [894]
   131/1024: $0\q[1023:0] [893]
   132/1024: $0\q[1023:0] [892]
   133/1024: $0\q[1023:0] [891]
   134/1024: $0\q[1023:0] [890]
   135/1024: $0\q[1023:0] [889]
   136/1024: $0\q[1023:0] [888]
   137/1024: $0\q[1023:0] [887]
   138/1024: $0\q[1023:0] [886]
   139/1024: $0\q[1023:0] [885]
   140/1024: $0\q[1023:0] [884]
   141/1024: $0\q[1023:0] [883]
   142/1024: $0\q[1023:0] [882]
   143/1024: $0\q[1023:0] [881]
   144/1024: $0\q[1023:0] [880]
   145/1024: $0\q[1023:0] [879]
   146/1024: $0\q[1023:0] [878]
   147/1024: $0\q[1023:0] [877]
   148/1024: $0\q[1023:0] [876]
   149/1024: $0\q[1023:0] [875]
   150/1024: $0\q[1023:0] [874]
   151/1024: $0\q[1023:0] [873]
   152/1024: $0\q[1023:0] [872]
   153/1024: $0\q[1023:0] [871]
   154/1024: $0\q[1023:0] [870]
   155/1024: $0\q[1023:0] [869]
   156/1024: $0\q[1023:0] [868]
   157/1024: $0\q[1023:0] [867]
   158/1024: $0\q[1023:0] [866]
   159/1024: $0\q[1023:0] [865]
   160/1024: $0\q[1023:0] [864]
   161/1024: $0\q[1023:0] [863]
   162/1024: $0\q[1023:0] [862]
   163/1024: $0\q[1023:0] [861]
   164/1024: $0\q[1023:0] [860]
   165/1024: $0\q[1023:0] [859]
   166/1024: $0\q[1023:0] [858]
   167/1024: $0\q[1023:0] [857]
   168/1024: $0\q[1023:0] [856]
   169/1024: $0\q[1023:0] [855]
   170/1024: $0\q[1023:0] [854]
   171/1024: $0\q[1023:0] [853]
   172/1024: $0\q[1023:0] [852]
   173/1024: $0\q[1023:0] [851]
   174/1024: $0\q[1023:0] [850]
   175/1024: $0\q[1023:0] [849]
   176/1024: $0\q[1023:0] [848]
   177/1024: $0\q[1023:0] [847]
   178/1024: $0\q[1023:0] [846]
   179/1024: $0\q[1023:0] [845]
   180/1024: $0\q[1023:0] [844]
   181/1024: $0\q[1023:0] [843]
   182/1024: $0\q[1023:0] [842]
   183/1024: $0\q[1023:0] [841]
   184/1024: $0\q[1023:0] [840]
   185/1024: $0\q[1023:0] [839]
   186/1024: $0\q[1023:0] [838]
   187/1024: $0\q[1023:0] [837]
   188/1024: $0\q[1023:0] [836]
   189/1024: $0\q[1023:0] [835]
   190/1024: $0\q[1023:0] [834]
   191/1024: $0\q[1023:0] [833]
   192/1024: $0\q[1023:0] [832]
   193/1024: $0\q[1023:0] [831]
   194/1024: $0\q[1023:0] [830]
   195/1024: $0\q[1023:0] [829]
   196/1024: $0\q[1023:0] [828]
   197/1024: $0\q[1023:0] [827]
   198/1024: $0\q[1023:0] [826]
   199/1024: $0\q[1023:0] [825]
   200/1024: $0\q[1023:0] [824]
   201/1024: $0\q[1023:0] [823]
   202/1024: $0\q[1023:0] [822]
   203/1024: $0\q[1023:0] [821]
   204/1024: $0\q[1023:0] [820]
   205/1024: $0\q[1023:0] [819]
   206/1024: $0\q[1023:0] [818]
   207/1024: $0\q[1023:0] [817]
   208/1024: $0\q[1023:0] [816]
   209/1024: $0\q[1023:0] [815]
   210/1024: $0\q[1023:0] [814]
   211/1024: $0\q[1023:0] [813]
   212/1024: $0\q[1023:0] [812]
   213/1024: $0\q[1023:0] [811]
   214/1024: $0\q[1023:0] [810]
   215/1024: $0\q[1023:0] [809]
   216/1024: $0\q[1023:0] [808]
   217/1024: $0\q[1023:0] [807]
   218/1024: $0\q[1023:0] [806]
   219/1024: $0\q[1023:0] [805]
   220/1024: $0\q[1023:0] [804]
   221/1024: $0\q[1023:0] [803]
   222/1024: $0\q[1023:0] [802]
   223/1024: $0\q[1023:0] [801]
   224/1024: $0\q[1023:0] [800]
   225/1024: $0\q[1023:0] [799]
   226/1024: $0\q[1023:0] [798]
   227/1024: $0\q[1023:0] [797]
   228/1024: $0\q[1023:0] [796]
   229/1024: $0\q[1023:0] [795]
   230/1024: $0\q[1023:0] [794]
   231/1024: $0\q[1023:0] [793]
   232/1024: $0\q[1023:0] [792]
   233/1024: $0\q[1023:0] [791]
   234/1024: $0\q[1023:0] [790]
   235/1024: $0\q[1023:0] [789]
   236/1024: $0\q[1023:0] [788]
   237/1024: $0\q[1023:0] [787]
   238/1024: $0\q[1023:0] [786]
   239/1024: $0\q[1023:0] [785]
   240/1024: $0\q[1023:0] [784]
   241/1024: $0\q[1023:0] [783]
   242/1024: $0\q[1023:0] [782]
   243/1024: $0\q[1023:0] [781]
   244/1024: $0\q[1023:0] [780]
   245/1024: $0\q[1023:0] [779]
   246/1024: $0\q[1023:0] [778]
   247/1024: $0\q[1023:0] [777]
   248/1024: $0\q[1023:0] [776]
   249/1024: $0\q[1023:0] [775]
   250/1024: $0\q[1023:0] [774]
   251/1024: $0\q[1023:0] [773]
   252/1024: $0\q[1023:0] [772]
   253/1024: $0\q[1023:0] [771]
   254/1024: $0\q[1023:0] [770]
   255/1024: $0\q[1023:0] [769]
   256/1024: $0\q[1023:0] [768]
   257/1024: $0\q[1023:0] [767]
   258/1024: $0\q[1023:0] [766]
   259/1024: $0\q[1023:0] [765]
   260/1024: $0\q[1023:0] [764]
   261/1024: $0\q[1023:0] [763]
   262/1024: $0\q[1023:0] [762]
   263/1024: $0\q[1023:0] [761]
   264/1024: $0\q[1023:0] [760]
   265/1024: $0\q[1023:0] [759]
   266/1024: $0\q[1023:0] [758]
   267/1024: $0\q[1023:0] [757]
   268/1024: $0\q[1023:0] [756]
   269/1024: $0\q[1023:0] [755]
   270/1024: $0\q[1023:0] [754]
   271/1024: $0\q[1023:0] [753]
   272/1024: $0\q[1023:0] [752]
   273/1024: $0\q[1023:0] [751]
   274/1024: $0\q[1023:0] [750]
   275/1024: $0\q[1023:0] [749]
   276/1024: $0\q[1023:0] [748]
   277/1024: $0\q[1023:0] [747]
   278/1024: $0\q[1023:0] [746]
   279/1024: $0\q[1023:0] [745]
   280/1024: $0\q[1023:0] [744]
   281/1024: $0\q[1023:0] [743]
   282/1024: $0\q[1023:0] [742]
   283/1024: $0\q[1023:0] [741]
   284/1024: $0\q[1023:0] [740]
   285/1024: $0\q[1023:0] [739]
   286/1024: $0\q[1023:0] [738]
   287/1024: $0\q[1023:0] [737]
   288/1024: $0\q[1023:0] [736]
   289/1024: $0\q[1023:0] [735]
   290/1024: $0\q[1023:0] [734]
   291/1024: $0\q[1023:0] [733]
   292/1024: $0\q[1023:0] [732]
   293/1024: $0\q[1023:0] [731]
   294/1024: $0\q[1023:0] [730]
   295/1024: $0\q[1023:0] [729]
   296/1024: $0\q[1023:0] [728]
   297/1024: $0\q[1023:0] [727]
   298/1024: $0\q[1023:0] [726]
   299/1024: $0\q[1023:0] [725]
   300/1024: $0\q[1023:0] [724]
   301/1024: $0\q[1023:0] [723]
   302/1024: $0\q[1023:0] [722]
   303/1024: $0\q[1023:0] [721]
   304/1024: $0\q[1023:0] [720]
   305/1024: $0\q[1023:0] [719]
   306/1024: $0\q[1023:0] [718]
   307/1024: $0\q[1023:0] [717]
   308/1024: $0\q[1023:0] [716]
   309/1024: $0\q[1023:0] [715]
   310/1024: $0\q[1023:0] [714]
   311/1024: $0\q[1023:0] [713]
   312/1024: $0\q[1023:0] [712]
   313/1024: $0\q[1023:0] [711]
   314/1024: $0\q[1023:0] [710]
   315/1024: $0\q[1023:0] [709]
   316/1024: $0\q[1023:0] [708]
   317/1024: $0\q[1023:0] [707]
   318/1024: $0\q[1023:0] [706]
   319/1024: $0\q[1023:0] [705]
   320/1024: $0\q[1023:0] [704]
   321/1024: $0\q[1023:0] [703]
   322/1024: $0\q[1023:0] [702]
   323/1024: $0\q[1023:0] [701]
   324/1024: $0\q[1023:0] [700]
   325/1024: $0\q[1023:0] [699]
   326/1024: $0\q[1023:0] [698]
   327/1024: $0\q[1023:0] [697]
   328/1024: $0\q[1023:0] [696]
   329/1024: $0\q[1023:0] [695]
   330/1024: $0\q[1023:0] [694]
   331/1024: $0\q[1023:0] [693]
   332/1024: $0\q[1023:0] [692]
   333/1024: $0\q[1023:0] [691]
   334/1024: $0\q[1023:0] [690]
   335/1024: $0\q[1023:0] [689]
   336/1024: $0\q[1023:0] [688]
   337/1024: $0\q[1023:0] [687]
   338/1024: $0\q[1023:0] [686]
   339/1024: $0\q[1023:0] [685]
   340/1024: $0\q[1023:0] [684]
   341/1024: $0\q[1023:0] [683]
   342/1024: $0\q[1023:0] [682]
   343/1024: $0\q[1023:0] [681]
   344/1024: $0\q[1023:0] [680]
   345/1024: $0\q[1023:0] [679]
   346/1024: $0\q[1023:0] [678]
   347/1024: $0\q[1023:0] [677]
   348/1024: $0\q[1023:0] [676]
   349/1024: $0\q[1023:0] [675]
   350/1024: $0\q[1023:0] [674]
   351/1024: $0\q[1023:0] [673]
   352/1024: $0\q[1023:0] [672]
   353/1024: $0\q[1023:0] [671]
   354/1024: $0\q[1023:0] [670]
   355/1024: $0\q[1023:0] [669]
   356/1024: $0\q[1023:0] [668]
   357/1024: $0\q[1023:0] [667]
   358/1024: $0\q[1023:0] [666]
   359/1024: $0\q[1023:0] [665]
   360/1024: $0\q[1023:0] [664]
   361/1024: $0\q[1023:0] [663]
   362/1024: $0\q[1023:0] [662]
   363/1024: $0\q[1023:0] [661]
   364/1024: $0\q[1023:0] [660]
   365/1024: $0\q[1023:0] [659]
   366/1024: $0\q[1023:0] [658]
   367/1024: $0\q[1023:0] [657]
   368/1024: $0\q[1023:0] [656]
   369/1024: $0\q[1023:0] [655]
   370/1024: $0\q[1023:0] [654]
   371/1024: $0\q[1023:0] [653]
   372/1024: $0\q[1023:0] [652]
   373/1024: $0\q[1023:0] [651]
   374/1024: $0\q[1023:0] [650]
   375/1024: $0\q[1023:0] [649]
   376/1024: $0\q[1023:0] [648]
   377/1024: $0\q[1023:0] [647]
   378/1024: $0\q[1023:0] [646]
   379/1024: $0\q[1023:0] [645]
   380/1024: $0\q[1023:0] [644]
   381/1024: $0\q[1023:0] [643]
   382/1024: $0\q[1023:0] [642]
   383/1024: $0\q[1023:0] [641]
   384/1024: $0\q[1023:0] [640]
   385/1024: $0\q[1023:0] [639]
   386/1024: $0\q[1023:0] [638]
   387/1024: $0\q[1023:0] [637]
   388/1024: $0\q[1023:0] [636]
   389/1024: $0\q[1023:0] [635]
   390/1024: $0\q[1023:0] [634]
   391/1024: $0\q[1023:0] [633]
   392/1024: $0\q[1023:0] [632]
   393/1024: $0\q[1023:0] [631]
   394/1024: $0\q[1023:0] [630]
   395/1024: $0\q[1023:0] [629]
   396/1024: $0\q[1023:0] [628]
   397/1024: $0\q[1023:0] [627]
   398/1024: $0\q[1023:0] [626]
   399/1024: $0\q[1023:0] [625]
   400/1024: $0\q[1023:0] [624]
   401/1024: $0\q[1023:0] [623]
   402/1024: $0\q[1023:0] [622]
   403/1024: $0\q[1023:0] [621]
   404/1024: $0\q[1023:0] [620]
   405/1024: $0\q[1023:0] [619]
   406/1024: $0\q[1023:0] [618]
   407/1024: $0\q[1023:0] [617]
   408/1024: $0\q[1023:0] [616]
   409/1024: $0\q[1023:0] [615]
   410/1024: $0\q[1023:0] [614]
   411/1024: $0\q[1023:0] [613]
   412/1024: $0\q[1023:0] [612]
   413/1024: $0\q[1023:0] [611]
   414/1024: $0\q[1023:0] [610]
   415/1024: $0\q[1023:0] [609]
   416/1024: $0\q[1023:0] [608]
   417/1024: $0\q[1023:0] [607]
   418/1024: $0\q[1023:0] [606]
   419/1024: $0\q[1023:0] [605]
   420/1024: $0\q[1023:0] [604]
   421/1024: $0\q[1023:0] [603]
   422/1024: $0\q[1023:0] [602]
   423/1024: $0\q[1023:0] [601]
   424/1024: $0\q[1023:0] [600]
   425/1024: $0\q[1023:0] [599]
   426/1024: $0\q[1023:0] [598]
   427/1024: $0\q[1023:0] [597]
   428/1024: $0\q[1023:0] [596]
   429/1024: $0\q[1023:0] [595]
   430/1024: $0\q[1023:0] [594]
   431/1024: $0\q[1023:0] [593]
   432/1024: $0\q[1023:0] [592]
   433/1024: $0\q[1023:0] [591]
   434/1024: $0\q[1023:0] [590]
   435/1024: $0\q[1023:0] [589]
   436/1024: $0\q[1023:0] [588]
   437/1024: $0\q[1023:0] [587]
   438/1024: $0\q[1023:0] [586]
   439/1024: $0\q[1023:0] [585]
   440/1024: $0\q[1023:0] [584]
   441/1024: $0\q[1023:0] [583]
   442/1024: $0\q[1023:0] [582]
   443/1024: $0\q[1023:0] [581]
   444/1024: $0\q[1023:0] [580]
   445/1024: $0\q[1023:0] [579]
   446/1024: $0\q[1023:0] [578]
   447/1024: $0\q[1023:0] [577]
   448/1024: $0\q[1023:0] [576]
   449/1024: $0\q[1023:0] [575]
   450/1024: $0\q[1023:0] [574]
   451/1024: $0\q[1023:0] [573]
   452/1024: $0\q[1023:0] [572]
   453/1024: $0\q[1023:0] [571]
   454/1024: $0\q[1023:0] [570]
   455/1024: $0\q[1023:0] [569]
   456/1024: $0\q[1023:0] [568]
   457/1024: $0\q[1023:0] [567]
   458/1024: $0\q[1023:0] [566]
   459/1024: $0\q[1023:0] [565]
   460/1024: $0\q[1023:0] [564]
   461/1024: $0\q[1023:0] [563]
   462/1024: $0\q[1023:0] [562]
   463/1024: $0\q[1023:0] [561]
   464/1024: $0\q[1023:0] [560]
   465/1024: $0\q[1023:0] [559]
   466/1024: $0\q[1023:0] [558]
   467/1024: $0\q[1023:0] [557]
   468/1024: $0\q[1023:0] [556]
   469/1024: $0\q[1023:0] [555]
   470/1024: $0\q[1023:0] [554]
   471/1024: $0\q[1023:0] [553]
   472/1024: $0\q[1023:0] [552]
   473/1024: $0\q[1023:0] [551]
   474/1024: $0\q[1023:0] [550]
   475/1024: $0\q[1023:0] [549]
   476/1024: $0\q[1023:0] [548]
   477/1024: $0\q[1023:0] [547]
   478/1024: $0\q[1023:0] [546]
   479/1024: $0\q[1023:0] [545]
   480/1024: $0\q[1023:0] [544]
   481/1024: $0\q[1023:0] [543]
   482/1024: $0\q[1023:0] [542]
   483/1024: $0\q[1023:0] [541]
   484/1024: $0\q[1023:0] [540]
   485/1024: $0\q[1023:0] [539]
   486/1024: $0\q[1023:0] [538]
   487/1024: $0\q[1023:0] [537]
   488/1024: $0\q[1023:0] [536]
   489/1024: $0\q[1023:0] [535]
   490/1024: $0\q[1023:0] [534]
   491/1024: $0\q[1023:0] [533]
   492/1024: $0\q[1023:0] [532]
   493/1024: $0\q[1023:0] [531]
   494/1024: $0\q[1023:0] [530]
   495/1024: $0\q[1023:0] [529]
   496/1024: $0\q[1023:0] [528]
   497/1024: $0\q[1023:0] [527]
   498/1024: $0\q[1023:0] [526]
   499/1024: $0\q[1023:0] [525]
   500/1024: $0\q[1023:0] [524]
   501/1024: $0\q[1023:0] [523]
   502/1024: $0\q[1023:0] [522]
   503/1024: $0\q[1023:0] [521]
   504/1024: $0\q[1023:0] [520]
   505/1024: $0\q[1023:0] [519]
   506/1024: $0\q[1023:0] [518]
   507/1024: $0\q[1023:0] [517]
   508/1024: $0\q[1023:0] [516]
   509/1024: $0\q[1023:0] [515]
   510/1024: $0\q[1023:0] [514]
   511/1024: $0\q[1023:0] [513]
   512/1024: $0\q[1023:0] [512]
   513/1024: $0\q[1023:0] [511]
   514/1024: $0\q[1023:0] [510]
   515/1024: $0\q[1023:0] [509]
   516/1024: $0\q[1023:0] [508]
   517/1024: $0\q[1023:0] [507]
   518/1024: $0\q[1023:0] [506]
   519/1024: $0\q[1023:0] [505]
   520/1024: $0\q[1023:0] [504]
   521/1024: $0\q[1023:0] [503]
   522/1024: $0\q[1023:0] [502]
   523/1024: $0\q[1023:0] [501]
   524/1024: $0\q[1023:0] [500]
   525/1024: $0\q[1023:0] [499]
   526/1024: $0\q[1023:0] [498]
   527/1024: $0\q[1023:0] [497]
   528/1024: $0\q[1023:0] [496]
   529/1024: $0\q[1023:0] [495]
   530/1024: $0\q[1023:0] [494]
   531/1024: $0\q[1023:0] [493]
   532/1024: $0\q[1023:0] [492]
   533/1024: $0\q[1023:0] [491]
   534/1024: $0\q[1023:0] [490]
   535/1024: $0\q[1023:0] [489]
   536/1024: $0\q[1023:0] [488]
   537/1024: $0\q[1023:0] [487]
   538/1024: $0\q[1023:0] [486]
   539/1024: $0\q[1023:0] [485]
   540/1024: $0\q[1023:0] [484]
   541/1024: $0\q[1023:0] [483]
   542/1024: $0\q[1023:0] [482]
   543/1024: $0\q[1023:0] [481]
   544/1024: $0\q[1023:0] [480]
   545/1024: $0\q[1023:0] [479]
   546/1024: $0\q[1023:0] [478]
   547/1024: $0\q[1023:0] [477]
   548/1024: $0\q[1023:0] [476]
   549/1024: $0\q[1023:0] [475]
   550/1024: $0\q[1023:0] [474]
   551/1024: $0\q[1023:0] [473]
   552/1024: $0\q[1023:0] [472]
   553/1024: $0\q[1023:0] [471]
   554/1024: $0\q[1023:0] [470]
   555/1024: $0\q[1023:0] [469]
   556/1024: $0\q[1023:0] [468]
   557/1024: $0\q[1023:0] [467]
   558/1024: $0\q[1023:0] [466]
   559/1024: $0\q[1023:0] [465]
   560/1024: $0\q[1023:0] [464]
   561/1024: $0\q[1023:0] [463]
   562/1024: $0\q[1023:0] [462]
   563/1024: $0\q[1023:0] [461]
   564/1024: $0\q[1023:0] [460]
   565/1024: $0\q[1023:0] [459]
   566/1024: $0\q[1023:0] [458]
   567/1024: $0\q[1023:0] [457]
   568/1024: $0\q[1023:0] [456]
   569/1024: $0\q[1023:0] [455]
   570/1024: $0\q[1023:0] [454]
   571/1024: $0\q[1023:0] [453]
   572/1024: $0\q[1023:0] [452]
   573/1024: $0\q[1023:0] [451]
   574/1024: $0\q[1023:0] [450]
   575/1024: $0\q[1023:0] [449]
   576/1024: $0\q[1023:0] [448]
   577/1024: $0\q[1023:0] [447]
   578/1024: $0\q[1023:0] [446]
   579/1024: $0\q[1023:0] [445]
   580/1024: $0\q[1023:0] [444]
   581/1024: $0\q[1023:0] [443]
   582/1024: $0\q[1023:0] [442]
   583/1024: $0\q[1023:0] [441]
   584/1024: $0\q[1023:0] [440]
   585/1024: $0\q[1023:0] [439]
   586/1024: $0\q[1023:0] [438]
   587/1024: $0\q[1023:0] [437]
   588/1024: $0\q[1023:0] [436]
   589/1024: $0\q[1023:0] [435]
   590/1024: $0\q[1023:0] [434]
   591/1024: $0\q[1023:0] [433]
   592/1024: $0\q[1023:0] [432]
   593/1024: $0\q[1023:0] [431]
   594/1024: $0\q[1023:0] [430]
   595/1024: $0\q[1023:0] [429]
   596/1024: $0\q[1023:0] [428]
   597/1024: $0\q[1023:0] [427]
   598/1024: $0\q[1023:0] [426]
   599/1024: $0\q[1023:0] [425]
   600/1024: $0\q[1023:0] [424]
   601/1024: $0\q[1023:0] [423]
   602/1024: $0\q[1023:0] [422]
   603/1024: $0\q[1023:0] [421]
   604/1024: $0\q[1023:0] [420]
   605/1024: $0\q[1023:0] [419]
   606/1024: $0\q[1023:0] [418]
   607/1024: $0\q[1023:0] [417]
   608/1024: $0\q[1023:0] [416]
   609/1024: $0\q[1023:0] [415]
   610/1024: $0\q[1023:0] [414]
   611/1024: $0\q[1023:0] [413]
   612/1024: $0\q[1023:0] [412]
   613/1024: $0\q[1023:0] [411]
   614/1024: $0\q[1023:0] [410]
   615/1024: $0\q[1023:0] [409]
   616/1024: $0\q[1023:0] [408]
   617/1024: $0\q[1023:0] [407]
   618/1024: $0\q[1023:0] [406]
   619/1024: $0\q[1023:0] [405]
   620/1024: $0\q[1023:0] [404]
   621/1024: $0\q[1023:0] [403]
   622/1024: $0\q[1023:0] [402]
   623/1024: $0\q[1023:0] [401]
   624/1024: $0\q[1023:0] [400]
   625/1024: $0\q[1023:0] [399]
   626/1024: $0\q[1023:0] [398]
   627/1024: $0\q[1023:0] [397]
   628/1024: $0\q[1023:0] [396]
   629/1024: $0\q[1023:0] [395]
   630/1024: $0\q[1023:0] [394]
   631/1024: $0\q[1023:0] [393]
   632/1024: $0\q[1023:0] [392]
   633/1024: $0\q[1023:0] [391]
   634/1024: $0\q[1023:0] [390]
   635/1024: $0\q[1023:0] [389]
   636/1024: $0\q[1023:0] [388]
   637/1024: $0\q[1023:0] [387]
   638/1024: $0\q[1023:0] [386]
   639/1024: $0\q[1023:0] [385]
   640/1024: $0\q[1023:0] [384]
   641/1024: $0\q[1023:0] [383]
   642/1024: $0\q[1023:0] [382]
   643/1024: $0\q[1023:0] [381]
   644/1024: $0\q[1023:0] [380]
   645/1024: $0\q[1023:0] [379]
   646/1024: $0\q[1023:0] [378]
   647/1024: $0\q[1023:0] [377]
   648/1024: $0\q[1023:0] [376]
   649/1024: $0\q[1023:0] [375]
   650/1024: $0\q[1023:0] [374]
   651/1024: $0\q[1023:0] [373]
   652/1024: $0\q[1023:0] [372]
   653/1024: $0\q[1023:0] [371]
   654/1024: $0\q[1023:0] [370]
   655/1024: $0\q[1023:0] [369]
   656/1024: $0\q[1023:0] [368]
   657/1024: $0\q[1023:0] [367]
   658/1024: $0\q[1023:0] [366]
   659/1024: $0\q[1023:0] [365]
   660/1024: $0\q[1023:0] [364]
   661/1024: $0\q[1023:0] [363]
   662/1024: $0\q[1023:0] [362]
   663/1024: $0\q[1023:0] [361]
   664/1024: $0\q[1023:0] [360]
   665/1024: $0\q[1023:0] [359]
   666/1024: $0\q[1023:0] [358]
   667/1024: $0\q[1023:0] [357]
   668/1024: $0\q[1023:0] [356]
   669/1024: $0\q[1023:0] [355]
   670/1024: $0\q[1023:0] [354]
   671/1024: $0\q[1023:0] [353]
   672/1024: $0\q[1023:0] [352]
   673/1024: $0\q[1023:0] [351]
   674/1024: $0\q[1023:0] [350]
   675/1024: $0\q[1023:0] [349]
   676/1024: $0\q[1023:0] [348]
   677/1024: $0\q[1023:0] [347]
   678/1024: $0\q[1023:0] [346]
   679/1024: $0\q[1023:0] [345]
   680/1024: $0\q[1023:0] [344]
   681/1024: $0\q[1023:0] [343]
   682/1024: $0\q[1023:0] [342]
   683/1024: $0\q[1023:0] [341]
   684/1024: $0\q[1023:0] [340]
   685/1024: $0\q[1023:0] [339]
   686/1024: $0\q[1023:0] [338]
   687/1024: $0\q[1023:0] [337]
   688/1024: $0\q[1023:0] [336]
   689/1024: $0\q[1023:0] [335]
   690/1024: $0\q[1023:0] [334]
   691/1024: $0\q[1023:0] [333]
   692/1024: $0\q[1023:0] [332]
   693/1024: $0\q[1023:0] [331]
   694/1024: $0\q[1023:0] [330]
   695/1024: $0\q[1023:0] [329]
   696/1024: $0\q[1023:0] [328]
   697/1024: $0\q[1023:0] [327]
   698/1024: $0\q[1023:0] [326]
   699/1024: $0\q[1023:0] [325]
   700/1024: $0\q[1023:0] [324]
   701/1024: $0\q[1023:0] [323]
   702/1024: $0\q[1023:0] [322]
   703/1024: $0\q[1023:0] [321]
   704/1024: $0\q[1023:0] [320]
   705/1024: $0\q[1023:0] [319]
   706/1024: $0\q[1023:0] [318]
   707/1024: $0\q[1023:0] [317]
   708/1024: $0\q[1023:0] [316]
   709/1024: $0\q[1023:0] [315]
   710/1024: $0\q[1023:0] [314]
   711/1024: $0\q[1023:0] [313]
   712/1024: $0\q[1023:0] [312]
   713/1024: $0\q[1023:0] [311]
   714/1024: $0\q[1023:0] [310]
   715/1024: $0\q[1023:0] [309]
   716/1024: $0\q[1023:0] [308]
   717/1024: $0\q[1023:0] [307]
   718/1024: $0\q[1023:0] [306]
   719/1024: $0\q[1023:0] [305]
   720/1024: $0\q[1023:0] [304]
   721/1024: $0\q[1023:0] [303]
   722/1024: $0\q[1023:0] [302]
   723/1024: $0\q[1023:0] [301]
   724/1024: $0\q[1023:0] [300]
   725/1024: $0\q[1023:0] [299]
   726/1024: $0\q[1023:0] [298]
   727/1024: $0\q[1023:0] [297]
   728/1024: $0\q[1023:0] [296]
   729/1024: $0\q[1023:0] [295]
   730/1024: $0\q[1023:0] [294]
   731/1024: $0\q[1023:0] [293]
   732/1024: $0\q[1023:0] [292]
   733/1024: $0\q[1023:0] [291]
   734/1024: $0\q[1023:0] [290]
   735/1024: $0\q[1023:0] [289]
   736/1024: $0\q[1023:0] [288]
   737/1024: $0\q[1023:0] [287]
   738/1024: $0\q[1023:0] [286]
   739/1024: $0\q[1023:0] [285]
   740/1024: $0\q[1023:0] [284]
   741/1024: $0\q[1023:0] [283]
   742/1024: $0\q[1023:0] [282]
   743/1024: $0\q[1023:0] [281]
   744/1024: $0\q[1023:0] [280]
   745/1024: $0\q[1023:0] [279]
   746/1024: $0\q[1023:0] [278]
   747/1024: $0\q[1023:0] [277]
   748/1024: $0\q[1023:0] [276]
   749/1024: $0\q[1023:0] [275]
   750/1024: $0\q[1023:0] [274]
   751/1024: $0\q[1023:0] [273]
   752/1024: $0\q[1023:0] [272]
   753/1024: $0\q[1023:0] [271]
   754/1024: $0\q[1023:0] [270]
   755/1024: $0\q[1023:0] [269]
   756/1024: $0\q[1023:0] [268]
   757/1024: $0\q[1023:0] [267]
   758/1024: $0\q[1023:0] [266]
   759/1024: $0\q[1023:0] [265]
   760/1024: $0\q[1023:0] [264]
   761/1024: $0\q[1023:0] [263]
   762/1024: $0\q[1023:0] [262]
   763/1024: $0\q[1023:0] [261]
   764/1024: $0\q[1023:0] [260]
   765/1024: $0\q[1023:0] [259]
   766/1024: $0\q[1023:0] [258]
   767/1024: $0\q[1023:0] [257]
   768/1024: $0\q[1023:0] [256]
   769/1024: $0\q[1023:0] [255]
   770/1024: $0\q[1023:0] [254]
   771/1024: $0\q[1023:0] [253]
   772/1024: $0\q[1023:0] [252]
   773/1024: $0\q[1023:0] [251]
   774/1024: $0\q[1023:0] [250]
   775/1024: $0\q[1023:0] [249]
   776/1024: $0\q[1023:0] [248]
   777/1024: $0\q[1023:0] [247]
   778/1024: $0\q[1023:0] [246]
   779/1024: $0\q[1023:0] [245]
   780/1024: $0\q[1023:0] [244]
   781/1024: $0\q[1023:0] [243]
   782/1024: $0\q[1023:0] [242]
   783/1024: $0\q[1023:0] [241]
   784/1024: $0\q[1023:0] [240]
   785/1024: $0\q[1023:0] [239]
   786/1024: $0\q[1023:0] [238]
   787/1024: $0\q[1023:0] [237]
   788/1024: $0\q[1023:0] [236]
   789/1024: $0\q[1023:0] [235]
   790/1024: $0\q[1023:0] [234]
   791/1024: $0\q[1023:0] [233]
   792/1024: $0\q[1023:0] [232]
   793/1024: $0\q[1023:0] [231]
   794/1024: $0\q[1023:0] [230]
   795/1024: $0\q[1023:0] [229]
   796/1024: $0\q[1023:0] [228]
   797/1024: $0\q[1023:0] [227]
   798/1024: $0\q[1023:0] [226]
   799/1024: $0\q[1023:0] [225]
   800/1024: $0\q[1023:0] [224]
   801/1024: $0\q[1023:0] [223]
   802/1024: $0\q[1023:0] [222]
   803/1024: $0\q[1023:0] [221]
   804/1024: $0\q[1023:0] [220]
   805/1024: $0\q[1023:0] [219]
   806/1024: $0\q[1023:0] [218]
   807/1024: $0\q[1023:0] [217]
   808/1024: $0\q[1023:0] [216]
   809/1024: $0\q[1023:0] [215]
   810/1024: $0\q[1023:0] [214]
   811/1024: $0\q[1023:0] [213]
   812/1024: $0\q[1023:0] [212]
   813/1024: $0\q[1023:0] [211]
   814/1024: $0\q[1023:0] [210]
   815/1024: $0\q[1023:0] [209]
   816/1024: $0\q[1023:0] [208]
   817/1024: $0\q[1023:0] [207]
   818/1024: $0\q[1023:0] [206]
   819/1024: $0\q[1023:0] [205]
   820/1024: $0\q[1023:0] [204]
   821/1024: $0\q[1023:0] [203]
   822/1024: $0\q[1023:0] [202]
   823/1024: $0\q[1023:0] [201]
   824/1024: $0\q[1023:0] [200]
   825/1024: $0\q[1023:0] [199]
   826/1024: $0\q[1023:0] [198]
   827/1024: $0\q[1023:0] [197]
   828/1024: $0\q[1023:0] [196]
   829/1024: $0\q[1023:0] [195]
   830/1024: $0\q[1023:0] [194]
   831/1024: $0\q[1023:0] [193]
   832/1024: $0\q[1023:0] [192]
   833/1024: $0\q[1023:0] [191]
   834/1024: $0\q[1023:0] [190]
   835/1024: $0\q[1023:0] [189]
   836/1024: $0\q[1023:0] [188]
   837/1024: $0\q[1023:0] [187]
   838/1024: $0\q[1023:0] [186]
   839/1024: $0\q[1023:0] [185]
   840/1024: $0\q[1023:0] [184]
   841/1024: $0\q[1023:0] [183]
   842/1024: $0\q[1023:0] [182]
   843/1024: $0\q[1023:0] [181]
   844/1024: $0\q[1023:0] [180]
   845/1024: $0\q[1023:0] [179]
   846/1024: $0\q[1023:0] [178]
   847/1024: $0\q[1023:0] [177]
   848/1024: $0\q[1023:0] [176]
   849/1024: $0\q[1023:0] [175]
   850/1024: $0\q[1023:0] [174]
   851/1024: $0\q[1023:0] [173]
   852/1024: $0\q[1023:0] [172]
   853/1024: $0\q[1023:0] [171]
   854/1024: $0\q[1023:0] [170]
   855/1024: $0\q[1023:0] [169]
   856/1024: $0\q[1023:0] [168]
   857/1024: $0\q[1023:0] [167]
   858/1024: $0\q[1023:0] [166]
   859/1024: $0\q[1023:0] [165]
   860/1024: $0\q[1023:0] [164]
   861/1024: $0\q[1023:0] [163]
   862/1024: $0\q[1023:0] [162]
   863/1024: $0\q[1023:0] [161]
   864/1024: $0\q[1023:0] [160]
   865/1024: $0\q[1023:0] [159]
   866/1024: $0\q[1023:0] [158]
   867/1024: $0\q[1023:0] [157]
   868/1024: $0\q[1023:0] [156]
   869/1024: $0\q[1023:0] [155]
   870/1024: $0\q[1023:0] [154]
   871/1024: $0\q[1023:0] [153]
   872/1024: $0\q[1023:0] [152]
   873/1024: $0\q[1023:0] [151]
   874/1024: $0\q[1023:0] [150]
   875/1024: $0\q[1023:0] [149]
   876/1024: $0\q[1023:0] [148]
   877/1024: $0\q[1023:0] [147]
   878/1024: $0\q[1023:0] [146]
   879/1024: $0\q[1023:0] [145]
   880/1024: $0\q[1023:0] [144]
   881/1024: $0\q[1023:0] [143]
   882/1024: $0\q[1023:0] [142]
   883/1024: $0\q[1023:0] [141]
   884/1024: $0\q[1023:0] [140]
   885/1024: $0\q[1023:0] [139]
   886/1024: $0\q[1023:0] [138]
   887/1024: $0\q[1023:0] [137]
   888/1024: $0\q[1023:0] [136]
   889/1024: $0\q[1023:0] [135]
   890/1024: $0\q[1023:0] [134]
   891/1024: $0\q[1023:0] [133]
   892/1024: $0\q[1023:0] [132]
   893/1024: $0\q[1023:0] [131]
   894/1024: $0\q[1023:0] [130]
   895/1024: $0\q[1023:0] [129]
   896/1024: $0\q[1023:0] [128]
   897/1024: $0\q[1023:0] [127]
   898/1024: $0\q[1023:0] [126]
   899/1024: $0\q[1023:0] [125]
   900/1024: $0\q[1023:0] [124]
   901/1024: $0\q[1023:0] [123]
   902/1024: $0\q[1023:0] [122]
   903/1024: $0\q[1023:0] [121]
   904/1024: $0\q[1023:0] [120]
   905/1024: $0\q[1023:0] [119]
   906/1024: $0\q[1023:0] [118]
   907/1024: $0\q[1023:0] [117]
   908/1024: $0\q[1023:0] [116]
   909/1024: $0\q[1023:0] [115]
   910/1024: $0\q[1023:0] [114]
   911/1024: $0\q[1023:0] [113]
   912/1024: $0\q[1023:0] [112]
   913/1024: $0\q[1023:0] [111]
   914/1024: $0\q[1023:0] [110]
   915/1024: $0\q[1023:0] [109]
   916/1024: $0\q[1023:0] [108]
   917/1024: $0\q[1023:0] [107]
   918/1024: $0\q[1023:0] [106]
   919/1024: $0\q[1023:0] [105]
   920/1024: $0\q[1023:0] [104]
   921/1024: $0\q[1023:0] [103]
   922/1024: $0\q[1023:0] [102]
   923/1024: $0\q[1023:0] [101]
   924/1024: $0\q[1023:0] [100]
   925/1024: $0\q[1023:0] [99]
   926/1024: $0\q[1023:0] [98]
   927/1024: $0\q[1023:0] [97]
   928/1024: $0\q[1023:0] [96]
   929/1024: $0\q[1023:0] [95]
   930/1024: $0\q[1023:0] [94]
   931/1024: $0\q[1023:0] [93]
   932/1024: $0\q[1023:0] [92]
   933/1024: $0\q[1023:0] [91]
   934/1024: $0\q[1023:0] [90]
   935/1024: $0\q[1023:0] [89]
   936/1024: $0\q[1023:0] [88]
   937/1024: $0\q[1023:0] [87]
   938/1024: $0\q[1023:0] [86]
   939/1024: $0\q[1023:0] [85]
   940/1024: $0\q[1023:0] [84]
   941/1024: $0\q[1023:0] [83]
   942/1024: $0\q[1023:0] [82]
   943/1024: $0\q[1023:0] [81]
   944/1024: $0\q[1023:0] [80]
   945/1024: $0\q[1023:0] [79]
   946/1024: $0\q[1023:0] [78]
   947/1024: $0\q[1023:0] [77]
   948/1024: $0\q[1023:0] [76]
   949/1024: $0\q[1023:0] [75]
   950/1024: $0\q[1023:0] [74]
   951/1024: $0\q[1023:0] [73]
   952/1024: $0\q[1023:0] [72]
   953/1024: $0\q[1023:0] [71]
   954/1024: $0\q[1023:0] [70]
   955/1024: $0\q[1023:0] [69]
   956/1024: $0\q[1023:0] [68]
   957/1024: $0\q[1023:0] [67]
   958/1024: $0\q[1023:0] [66]
   959/1024: $0\q[1023:0] [65]
   960/1024: $0\q[1023:0] [64]
   961/1024: $0\q[1023:0] [63]
   962/1024: $0\q[1023:0] [62]
   963/1024: $0\q[1023:0] [61]
   964/1024: $0\q[1023:0] [60]
   965/1024: $0\q[1023:0] [59]
   966/1024: $0\q[1023:0] [58]
   967/1024: $0\q[1023:0] [57]
   968/1024: $0\q[1023:0] [56]
   969/1024: $0\q[1023:0] [55]
   970/1024: $0\q[1023:0] [54]
   971/1024: $0\q[1023:0] [53]
   972/1024: $0\q[1023:0] [52]
   973/1024: $0\q[1023:0] [51]
   974/1024: $0\q[1023:0] [50]
   975/1024: $0\q[1023:0] [49]
   976/1024: $0\q[1023:0] [48]
   977/1024: $0\q[1023:0] [47]
   978/1024: $0\q[1023:0] [46]
   979/1024: $0\q[1023:0] [45]
   980/1024: $0\q[1023:0] [44]
   981/1024: $0\q[1023:0] [43]
   982/1024: $0\q[1023:0] [42]
   983/1024: $0\q[1023:0] [41]
   984/1024: $0\q[1023:0] [40]
   985/1024: $0\q[1023:0] [39]
   986/1024: $0\q[1023:0] [38]
   987/1024: $0\q[1023:0] [37]
   988/1024: $0\q[1023:0] [36]
   989/1024: $0\q[1023:0] [35]
   990/1024: $0\q[1023:0] [34]
   991/1024: $0\q[1023:0] [33]
   992/1024: $0\q[1023:0] [32]
   993/1024: $0\q[1023:0] [31]
   994/1024: $0\q[1023:0] [30]
   995/1024: $0\q[1023:0] [29]
   996/1024: $0\q[1023:0] [28]
   997/1024: $0\q[1023:0] [27]
   998/1024: $0\q[1023:0] [26]
   999/1024: $0\q[1023:0] [25]
  1000/1024: $0\q[1023:0] [24]
  1001/1024: $0\q[1023:0] [23]
  1002/1024: $0\q[1023:0] [22]
  1003/1024: $0\q[1023:0] [21]
  1004/1024: $0\q[1023:0] [20]
  1005/1024: $0\q[1023:0] [19]
  1006/1024: $0\q[1023:0] [18]
  1007/1024: $0\q[1023:0] [17]
  1008/1024: $0\q[1023:0] [16]
  1009/1024: $0\q[1023:0] [15]
  1010/1024: $0\q[1023:0] [14]
  1011/1024: $0\q[1023:0] [13]
  1012/1024: $0\q[1023:0] [12]
  1013/1024: $0\q[1023:0] [11]
  1014/1024: $0\q[1023:0] [10]
  1015/1024: $0\q[1023:0] [9]
  1016/1024: $0\q[1023:0] [8]
  1017/1024: $0\q[1023:0] [7]
  1018/1024: $0\q[1023:0] [6]
  1019/1024: $0\q[1023:0] [5]
  1020/1024: $0\q[1023:0] [4]
  1021/1024: $0\q[1023:0] [3]
  1022/1024: $0\q[1023:0] [2]
  1023/1024: $0\q[1023:0] [1]
  1024/1024: $0\q[1023:0] [0]

2.2.8. Executing PROC_DLATCH pass (convert process syncs to latches).

2.2.9. Executing PROC_DFF pass (convert process syncs to FFs).
Creating register for signal `\lgn_fsm.\q' using process `\lgn_fsm.$proc$fsm.v:8217$8317'.
  created $dff cell `$procdff$11390' with positive edge clock.

2.2.10. Executing PROC_MEMWR pass (convert process memory writes to cells).

2.2.11. Executing PROC_CLEAN pass (remove empty switches from decision trees).
Found and cleaned up 1 empty switch in `\lgn_fsm.$proc$fsm.v:8217$8317'.
Removing empty process `lgn_fsm.$proc$fsm.v:8217$8317'.
Cleaned up 1 empty switch.

2.2.12. Executing OPT_EXPR pass (perform const folding).
Optimizing module lgn_fsm.
<suppressed ~1792 debug messages>

2.3. Executing OPT_EXPR pass (perform const folding).
Optimizing module lgn_fsm.

2.4. Executing OPT_CLEAN pass (remove unused cells and wires).
Finding unused cells or wires in module \lgn_fsm..
Removed 436 unused cells and 9274 unused wires.
<suppressed ~761 debug messages>

2.5. Executing CHECK pass (checking for obvious problems).
Checking module lgn_fsm...
Found and reported 0 problems.

2.6. Executing OPT pass (performing simple optimizations).

2.6.1. Executing OPT_EXPR pass (perform const folding).
Optimizing module lgn_fsm.

2.6.2. Executing OPT_MERGE pass (detect identical cells).
Finding identical cells in module `\lgn_fsm'.
Computing hashes of 7136 cells of `\lgn_fsm'.
Finding duplicate cells in `\lgn_fsm'.
Computing hashes of 6712 cells of `\lgn_fsm'.
Finding duplicate cells in `\lgn_fsm'.
<suppressed ~1272 debug messages>
Removed a total of 424 cells.

2.6.3. Executing OPT_MUXTREE pass (detect dead branches in mux trees).
Running muxtree optimizer on module \lgn_fsm..
  Creating internal representation of mux trees.
  Evaluating internal representation of mux trees.
  Analyzing evaluation results.
Removed 0 multiplexer ports.
<suppressed ~2048 debug messages>

2.6.4. Executing OPT_REDUCE pass (consolidate $*mux and $reduce_* inputs).
  Optimizing cells in module \lgn_fsm.
Performed a total of 0 changes.

2.6.5. Executing OPT_MERGE pass (detect identical cells).
Finding identical cells in module `\lgn_fsm'.
Computing hashes of 6712 cells of `\lgn_fsm'.
Finding duplicate cells in `\lgn_fsm'.
Computing hashes of 6706 cells of `\lgn_fsm'.
Finding duplicate cells in `\lgn_fsm'.
<suppressed ~18 debug messages>
Removed a total of 6 cells.

2.6.6. Executing OPT_DFF pass (perform DFF optimizations).

2.6.7. Executing OPT_CLEAN pass (remove unused cells and wires).
Finding unused cells or wires in module \lgn_fsm..
Removed 0 unused cells and 282 unused wires.
<suppressed ~1 debug messages>

2.6.8. Executing OPT_EXPR pass (perform const folding).
Optimizing module lgn_fsm.

2.6.9. Rerunning OPT passes. (Maybe there is more to do..)

2.6.10. Executing OPT_MUXTREE pass (detect dead branches in mux trees).
Running muxtree optimizer on module \lgn_fsm..
  Creating internal representation of mux trees.
  Evaluating internal representation of mux trees.
  Analyzing evaluation results.
Removed 0 multiplexer ports.
<suppressed ~2036 debug messages>

2.6.11. Executing OPT_REDUCE pass (consolidate $*mux and $reduce_* inputs).
  Optimizing cells in module \lgn_fsm.
Performed a total of 0 changes.

2.6.12. Executing OPT_MERGE pass (detect identical cells).
Finding identical cells in module `\lgn_fsm'.
Computing hashes of 6706 cells of `\lgn_fsm'.
Finding duplicate cells in `\lgn_fsm'.
Removed a total of 0 cells.

2.6.13. Executing OPT_DFF pass (perform DFF optimizations).

2.6.14. Executing OPT_CLEAN pass (remove unused cells and wires).
Finding unused cells or wires in module \lgn_fsm..

2.6.15. Executing OPT_EXPR pass (perform const folding).
Optimizing module lgn_fsm.

2.6.16. Finished fast OPT passes. (There is nothing left to do.)

2.7. Executing FSM pass (extract and optimize FSM).

2.7.1. Executing FSM_DETECT pass (finding FSMs in design).

2.7.2. Executing FSM_EXTRACT pass (extracting FSM from design).

2.7.3. Executing FSM_OPT pass (simple optimizations of FSMs).

2.7.4. Executing OPT_CLEAN pass (remove unused cells and wires).
Finding unused cells or wires in module \lgn_fsm..

2.7.5. Executing FSM_OPT pass (simple optimizations of FSMs).

2.7.6. Executing FSM_RECODE pass (re-assigning FSM state encoding).

2.7.7. Executing FSM_INFO pass (dumping all available information on FSM cells).

2.7.8. Executing FSM_MAP pass (mapping FSMs to basic logic).

2.8. Executing OPT pass (performing simple optimizations).

2.8.1. Executing OPT_EXPR pass (perform const folding).
Optimizing module lgn_fsm.

2.8.2. Executing OPT_MERGE pass (detect identical cells).
Finding identical cells in module `\lgn_fsm'.
Computing hashes of 6706 cells of `\lgn_fsm'.
Finding duplicate cells in `\lgn_fsm'.
Removed a total of 0 cells.

2.8.3. Executing OPT_MUXTREE pass (detect dead branches in mux trees).
Running muxtree optimizer on module \lgn_fsm..
  Creating internal representation of mux trees.
  Evaluating internal representation of mux trees.
  Analyzing evaluation results.
Removed 0 multiplexer ports.
<suppressed ~2036 debug messages>

2.8.4. Executing OPT_REDUCE pass (consolidate $*mux and $reduce_* inputs).
  Optimizing cells in module \lgn_fsm.
Performed a total of 0 changes.

2.8.5. Executing OPT_MERGE pass (detect identical cells).
Finding identical cells in module `\lgn_fsm'.
Computing hashes of 6706 cells of `\lgn_fsm'.
Finding duplicate cells in `\lgn_fsm'.
Removed a total of 0 cells.

2.8.6. Executing OPT_DFF pass (perform DFF optimizations).
Adding SRST signal on $procdff$11390 ($dff) from module lgn_fsm (D = { \g7167 \g7166 \g7164 \g7163 \g7162 \g7161 \g7159 \g7158 \g7157 \g7156 \g7155 \g7154 \g7153 \g7152 \g7151 \g7150 \g7148 \g7147 \g7146 \g7145 \g7144 \g7143 \g7141 \g7140 \g7139 \g7138 \g7137 \g7136 \g7135 \g7134 \g7133 \g7132 \g7131 \g7130 \g7129 \g7128 \g7127 \g7126 \g7125 \g7124 \g7123 \g7122 \g7120 \g7119 \g1998 \g7117 \g7116 \g7115 \g7111 \g7110 \g7109 \g7108 \g1987 \g7105 \g1984 \g7103 \g7102 \g7101 \q [994] \g7099 \g1978 \g7097 \g7095 \g7094 \q [440] \g7091 \g7090 \g7089 \g7088 \g7087 \g7086 \g7085 \q [836] \g7082 \g7080 \g7079 \g7078 \g7077 \g7076 \g7075 \g7074 \g7073 \g1952 \g7071 \g7070 \g7069 \g7068 \g7067 \g7066 \g7064 \g7063 \g7062 \g7061 \g7060 \g7059 \g7058 \g7057 \g7056 \g7054 \g7053 \g7052 \g7051 \g7050 \g7049 \g7048 \g7047 \g7046 \g7045 \g1924 \g1923 \g7042 \q [197] \g7040 \g7039 \g1012 \g7037 \g1916 \g7035 \g7034 \g7033 \g7032 \g7031 \g7030 \g7029 \g7028 \g7027 \g1906 \g7025 \g7024 \g7023 \g7022 \g7021 \g7020 \g7019 \g7018 \g7017 \g7016 \g7015 \g1821 \g7012 \g7011 \g7010 \g7009 \g7008 \g7006 \g7005 \g7004 \g7003 \g7001 \g7000 \g6999 \g6998 \g6997 \g6996 \g6995 \g6994 \g6993 \g6992 \g6991 \g6990 \g6989 \g6988 \g6987 \g6986 \g6985 \g6984 \g6983 \g6982 \g6981 \g1860 \g6979 \g6978 \g6977 \g1855 \g6974 \g6973 \g6972 \g6971 \g6968 \g6967 \g6966 \g6965 \g6963 \g6962 \g6961 \g6960 \g6959 \g6958 \g6957 \g1836 \g6955 \g6954 \g6953 \g6952 \g6951 \g6950 \g6949 \g6948 \g6947 \g6946 \g6944 \g6943 \g6942 \g6941 \g6940 \g6939 \g6938 \g6937 \g6936 \g6933 \g6932 \g1668 \g6930 \g2724 \g6928 \g6927 \q [216] \g6925 \g6924 \g6923 \g6921 \g1800 \g6919 \g6918 \g6917 \g6916 \g6915 \g6914 \g6912 \g6910 \g6909 \g6908 \g1787 \g6906 \g6905 \g6904 \g6903 \g6902 \g6901 \g6900 \g6899 \g1778 \g6897 \g6896 \g6895 \g6894 \g6893 \g6892 \g6890 \g6888 \g6887 \g6886 \q [561] \g1764 \g6883 \g6882 \g6881 \g6880 \g6879 \g6878 \g6877 \g6876 \g6875 \g6874 \g6873 \g6872 \g6871 \g1750 \g6868 \g6867 \g6866 \g6865 \g1728 \g6863 \g1742 \g6860 \g6859 \g6858 \g6857 \g6854 \g6853 \g6852 \g6851 \q [736] \q [703] \g6848 \g6847 \g6846 \g6845 \g6844 \g6843 \g1722 \g6841 \g6840 \g6839 \g6837 \g1716 \g6835 \g6834 \g6833 \g1712 \g6831 \q [285] \g6828 \g6826 \g1387 \g6824 \g6823 \g6822 \g6821 \g6820 \g6818 \g6817 \g6816 \g1695 \g6814 \g6813 \g6812 \g6811 \g6810 \g6809 \g6807 \g1686 \g6805 \g6804 \g6803 \g6802 \g6801 \g6800 \g6799 \g6798 \g6797 \g6796 \g6795 \g6794 \g6793 \g6792 \g6791 \g6790 \g6789 \g6788 \g6787 \g6786 \g6785 \g6784 \g6783 \g1230 \g6781 \g6780 \g1659 \g6778 \g6777 \g6776 \g6775 \g6774 \g1652 \g6771 \g6770 \g6769 \g6768 \g1647 \g6766 \g6765 \g6764 \g6763 \g6762 \g6761 \g6760 \g6759 \g6758 \g6757 \g6756 \g6755 \g6754 \g1633 \g6752 \g6751 \g6750 \g6749 \g6748 \g6747 \g6746 \g6745 \g6744 \g6743 \g6742 \g6741 \g6740 \g6739 \g6738 \g6737 \g6735 \g1614 \g1612 \g6731 \g6730 \g6729 \q [533] \g6727 \g6726 \g6724 \g6723 \g6722 \g6721 \g6720 \g1598 \g6717 \g6716 \g6713 \g6712 \g6711 \g1589 \g6708 \g6707 \g6706 \g6705 \g6704 \g6703 \g6702 \g6701 \g6700 \g1579 \g6698 \g6697 \g6696 \g6695 \g1635 \q [551] \g1571 \g6690 \g6689 \g6688 \g6687 \g6686 \g6685 \g6684 \g6683 \g6682 \g6681 \g6680 \g6679 \g6678 \q [364] \g6676 \g6675 \g6674 \g6672 \g6671 \g6670 \g6668 \g6667 \g6666 \g6665 \g6664 \g1907 \g1353 \g6661 \g6660 \q [550] \g6658 \g6657 \g6656 \g6655 \g6654 \q [39] \g6652 \g6651 \g6650 \g6649 \g6648 \g6647 \g6646 \g6645 \g6644 \g6643 \g6642 \g6641 \g6639 \g6638 \g6637 \g6636 \g6634 \g6633 \g6632 \g6631 \g6629 \g6628 \g1507 \g6626 \g6625 \g6623 \g6622 \g6621 \g6620 \g6619 \g6618 \g6617 \g6616 \g6615 \g6614 \g6613 \g6612 \g6611 \g6609 \g6608 \g6607 \g6606 \g6603 \g1288 \g6601 \g6600 \g6599 \g6598 \g6597 \g6596 \g6595 \g6594 \g6591 \g6590 \g6589 \g6588 \g6587 \g6586 \g6585 \g6584 \g6583 \g6582 \g6581 \g6580 \g6579 \g6578 \g6577 \g6576 \g6575 \g6573 \g6571 \g6570 \g6569 \g6568 \g6567 \g6566 \g6565 \g6564 \g6563 \g134 \g6561 \q [264] \g6558 \g6557 \g6556 \g6554 \g6553 \g6552 \g6551 \g6550 \g6548 \g6547 \g6546 \g6545 \g6544 \g6543 \q [935] \g6541 \g6540 \g6539 \g6538 \g6537 \g6536 \g6535 \q [252] \g6533 \g6532 \g6531 \g6530 \g6529 \g6528 \q [363] \g6526 \g6525 \g6524 \g6523 \q [820] \g6521 \g6520 \g1399 \g6518 \g6517 \g6516 \g6515 \g6514 \g6513 \g6512 \g6510 \g6509 \g6507 \g6506 \g6505 \g6504 \g6503 \g6501 \g6500 \g6499 \g6498 \g1377 \g6496 \g6495 \g6494 \g6493 \g6492 \g6491 \g6490 \g6489 \g6488 \g6487 \g6486 \g6485 \g6484 \g6483 \g6482 \g6481 \g6480 \g6479 \g6478 \g381 \g6476 \g6475 \q [245] \g6473 \g6472 \q [125] \g6470 \g6469 \g6468 \g128 \g6466 \g6464 \g6463 \g6462 \g1341 \g6460 \g6459 \g6458 \g6457 \g6456 \g6455 \g6454 \g6453 \g6452 \g6451 \g6450 \g6449 \g6448 \g6447 \g6446 \q [321] \g1324 \g6442 \g6440 \g6439 \g6437 \g2833 \g6435 \g6434 \g6433 \g6432 \g867 \g6430 \g1309 \g6427 \g6426 \g6425 \g6424 \g6423 \g6422 \g6421 \g6420 \g1299 \g6418 \g6417 \q [797] \g1295 \g6413 \g6412 \g6411 \g6409 \g6408 \g6407 \g6406 \g6405 \g1069 \g6403 \g6402 \g6401 \g6400 \g1279 \g6398 \g6397 \g1276 \g6394 \g6393 \g6392 \g6391 \g6389 \g6388 \g6387 \g6386 \g6385 \g6384 \g6383 \g6382 \g6381 \g6380 \g6379 \g6378 \g6377 \g6376 \g6375 \g6374 \g6373 \g6372 \g6371 \g6370 \g6368 \g6367 \g6365 \g6364 \g6363 \g6362 \g6361 \g6359 \q [922] \g6357 \g6356 \g6355 \g6354 \g6353 \g6352 \g6350 \g6348 \g6347 \g6346 \g6344 \g6343 \g6342 \g6341 \g6340 \g6337 \g6336 \g6335 \g6334 \g1213 \g6332 \g6330 \g6329 \g6328 \g6327 \g6326 \g6325 \g6323 \g6322 \g6321 \g6319 \g6318 \g6317 \g6316 \g6315 \g6314 \g6312 \g1190 \g6309 \g6308 \g6307 \g6306 \g6305 \g6304 \g6303 \g6302 \g6301 \g6300 \g6299 \g6298 \g6297 \g6296 \g6295 \g6294 \g6293 \g6292 \g6291 \g6290 \g6289 \g6287 \g6286 \g6285 \g6284 \g6283 \g6282 \g6281 \g6280 \g6279 \g6278 \g6277 \g6276 \g6275 \g1061 \g6272 \g6271 \g6270 \g6267 \g6266 \g6265 \g6264 \g6263 \g6262 \g6260 \g6259 \g6258 \g6257 \g6256 \g6255 \g6253 \g6252 \g1803 \g6250 \g6249 \g6248 \g6246 \g6245 \g6244 \g6243 \g6242 \g6241 \g6240 \g6239 \g6238 \g1117 \g6236 \g6235 \g6234 \g6233 \g6231 \g6230 \g6229 \g6227 \g6225 \g6224 \g6223 \g6222 \g6221 \g6220 \g6219 \g6218 \g6217 \g6216 \g6215 \g6214 \g6213 \g6212 \g6211 \g6210 \g6209 \g6208 \g6207 \g6206 \g6205 \g6204 \g6203 \g6202 \g6201 \g6200 \g6198 \g6197 \g6196 \g6195 \g6194 \g6193 \g6192 \g6191 \g6190 \g6189 \g6188 \g6187 \g6186 \g6184 \g6183 \g6182 \g6181 \g6180 \g6179 \g1058 \g6177 \g6176 \g6175 \g6174 \g6173 \g6172 \g6171 \g6169 \g6168 \g6167 \g6166 \g6165 \g6164 \g6162 \g6161 \g6160 \g6159 \g6158 \g6157 \g6156 \g4107 \g6154 \g955 \g6152 \g6150 \g6149 \g6148 \g6147 \g6145 \g6144 }, Q = { \q [1023:1022] \q [1020:1017] \q [1015:1006] \q [1004:999] \q [997:978] \q [976:971] \q [967:963] \q [961:953] \q [951:949] \q [947:941] \q [939:938] \q [936:922] \q [920:912] \q [910:870] \q [868:864] \q [862:859] \q [857:833] \q [831:827] \q [824:821] \q [819:802] \q [800:792] \q [789:779] \q [777:770] \q [768] \q [766:748] \q [746] \q [744:726] \q [724:718] \q [716:713] \q [710:695] \q [693:687] \q [685:684] \q [682:676] \q [674:665] \q [663:630] \q [628:593] \q [591:590] \q [588:582] \q [580:576] \q [574:572] \q [569:567] \q [565:549] \q [547:530] \q [528:526] \q [524:497] \q [495:492] \q [490:487] \q [485:481] \q [479:467] \q [465:462] \q [459:450] \q [447:431] \q [429] \q [427:417] \q [415:412] \q [410:406] \q [404:368] \q [366:365] \q [363:359] \q [357:322] \q [320:300] \q [298] \q [296:295] \q [293:285] \q [283:271] \q [269:267] \q [265:252] \q [250:247] \q [245:226] \q [224:223] \q [221:217] \q [215:208] \q [206] \q [204:202] \q [200:196] \q [193:188] \q [186:181] \q [179:177] \q [175:170] \q [168] \q [166:145] \q [143:130] \q [128:126] \q [123:118] \q [116:111] \q [109:104] \q [102:89] \q [87:85] \q [83] \q [81:56] \q [54:42] \q [40:27] \q [25:20] \q [18:8] \q [6:3] \q [1:0] }, rval = 919'0000000000000000000000000000000000000000000000000000000000000000000000000000000000000000000000000000000000000000000000000000000000000000000000000000000000000000000000000000000000000000000000000000000000000000000000000000000000000000000000000000000000000000000000000000000000000000000000000000000000000000000000000000000000000000000000000000000000000000000000000000000000000000000000000000000000000000000000000000000000000000000000000000000000000000000000000000000000000000000000000000000000000000000000000000000000000000000000000000000000000000000000000000000000000000000000000000000000000000000000000000000000000000000000000000000000000000000000000000000000000000000000000000000000000000000000000000000000000000000000000000000000000000000000000000000000000000000000000000000000000000000000000000000000000000000000000000000000000000000000000000000000000000000000000000000000000000000000000000000000000000000000000000000).
Adding EN signal on $procdff$11390 ($dff) from module lgn_fsm (D = 92'00000000000000000000000000000000000000000000000000000000000000000000000000000000000000000000, Q = { \q [1021] \q [1005] \q [998] \q [977] \q [970:968] \q [962] \q [952] \q [948] \q [940] \q [937] \q [921] \q [911] \q [869] \q [863] \q [858] \q [832] \q [826:825] \q [801] \q [791:790] \q [778] \q [769] \q [767] \q [747] \q [745] \q [725] \q [717] \q [712:711] \q [694] \q [686] \q [683] \q [675] \q [664] \q [629] \q [592] \q [589] \q [575] \q [571] \q [566] \q [548] \q [529] \q [496] \q [491] \q [486] \q [480] \q [466] \q [461:460] \q [449:448] \q [430] \q [428] \q [416] \q [411] \q [405] \q [367] \q [358] \q [299] \q [297] \q [266] \q [251] \q [246] \q [225] \q [222] \q [207] \q [205] \q [201] \q [195:194] \q [187] \q [180] \q [176] \q [169] \q [144] \q [129] \q [124] \q [117] \q [110] \q [103] \q [88] \q [84] \q [82] \q [55] \q [41] \q [26] \q [19] \q [7] \q [2] }).
Setting constant 0-bit at position 0 on $auto$ff.cc:337:slice$11439 ($dffe) from module lgn_fsm.
Setting constant 0-bit at position 1 on $auto$ff.cc:337:slice$11439 ($dffe) from module lgn_fsm.
Setting constant 0-bit at position 2 on $auto$ff.cc:337:slice$11439 ($dffe) from module lgn_fsm.
Setting constant 0-bit at position 3 on $auto$ff.cc:337:slice$11439 ($dffe) from module lgn_fsm.
Setting constant 0-bit at position 4 on $auto$ff.cc:337:slice$11439 ($dffe) from module lgn_fsm.
Setting constant 0-bit at position 5 on $auto$ff.cc:337:slice$11439 ($dffe) from module lgn_fsm.
Setting constant 0-bit at position 6 on $auto$ff.cc:337:slice$11439 ($dffe) from module lgn_fsm.
Setting constant 0-bit at position 7 on $auto$ff.cc:337:slice$11439 ($dffe) from module lgn_fsm.
Setting constant 0-bit at position 8 on $auto$ff.cc:337:slice$11439 ($dffe) from module lgn_fsm.
Setting constant 0-bit at position 9 on $auto$ff.cc:337:slice$11439 ($dffe) from module lgn_fsm.
Setting constant 0-bit at position 10 on $auto$ff.cc:337:slice$11439 ($dffe) from module lgn_fsm.
Setting constant 0-bit at position 11 on $auto$ff.cc:337:slice$11439 ($dffe) from module lgn_fsm.
Setting constant 0-bit at position 12 on $auto$ff.cc:337:slice$11439 ($dffe) from module lgn_fsm.
Setting constant 0-bit at position 13 on $auto$ff.cc:337:slice$11439 ($dffe) from module lgn_fsm.
Setting constant 0-bit at position 14 on $auto$ff.cc:337:slice$11439 ($dffe) from module lgn_fsm.
Setting constant 0-bit at position 15 on $auto$ff.cc:337:slice$11439 ($dffe) from module lgn_fsm.
Setting constant 0-bit at position 16 on $auto$ff.cc:337:slice$11439 ($dffe) from module lgn_fsm.
Setting constant 0-bit at position 17 on $auto$ff.cc:337:slice$11439 ($dffe) from module lgn_fsm.
Setting constant 0-bit at position 18 on $auto$ff.cc:337:slice$11439 ($dffe) from module lgn_fsm.
Setting constant 0-bit at position 19 on $auto$ff.cc:337:slice$11439 ($dffe) from module lgn_fsm.
Setting constant 0-bit at position 20 on $auto$ff.cc:337:slice$11439 ($dffe) from module lgn_fsm.
Setting constant 0-bit at position 21 on $auto$ff.cc:337:slice$11439 ($dffe) from module lgn_fsm.
Setting constant 0-bit at position 22 on $auto$ff.cc:337:slice$11439 ($dffe) from module lgn_fsm.
Setting constant 0-bit at position 23 on $auto$ff.cc:337:slice$11439 ($dffe) from module lgn_fsm.
Setting constant 0-bit at position 24 on $auto$ff.cc:337:slice$11439 ($dffe) from module lgn_fsm.
Setting constant 0-bit at position 25 on $auto$ff.cc:337:slice$11439 ($dffe) from module lgn_fsm.
Setting constant 0-bit at position 26 on $auto$ff.cc:337:slice$11439 ($dffe) from module lgn_fsm.
Setting constant 0-bit at position 27 on $auto$ff.cc:337:slice$11439 ($dffe) from module lgn_fsm.
Setting constant 0-bit at position 28 on $auto$ff.cc:337:slice$11439 ($dffe) from module lgn_fsm.
Setting constant 0-bit at position 29 on $auto$ff.cc:337:slice$11439 ($dffe) from module lgn_fsm.
Setting constant 0-bit at position 30 on $auto$ff.cc:337:slice$11439 ($dffe) from module lgn_fsm.
Setting constant 0-bit at position 31 on $auto$ff.cc:337:slice$11439 ($dffe) from module lgn_fsm.
Setting constant 0-bit at position 32 on $auto$ff.cc:337:slice$11439 ($dffe) from module lgn_fsm.
Setting constant 0-bit at position 33 on $auto$ff.cc:337:slice$11439 ($dffe) from module lgn_fsm.
Setting constant 0-bit at position 34 on $auto$ff.cc:337:slice$11439 ($dffe) from module lgn_fsm.
Setting constant 0-bit at position 35 on $auto$ff.cc:337:slice$11439 ($dffe) from module lgn_fsm.
Setting constant 0-bit at position 36 on $auto$ff.cc:337:slice$11439 ($dffe) from module lgn_fsm.
Setting constant 0-bit at position 37 on $auto$ff.cc:337:slice$11439 ($dffe) from module lgn_fsm.
Setting constant 0-bit at position 38 on $auto$ff.cc:337:slice$11439 ($dffe) from module lgn_fsm.
Setting constant 0-bit at position 39 on $auto$ff.cc:337:slice$11439 ($dffe) from module lgn_fsm.
Setting constant 0-bit at position 40 on $auto$ff.cc:337:slice$11439 ($dffe) from module lgn_fsm.
Setting constant 0-bit at position 41 on $auto$ff.cc:337:slice$11439 ($dffe) from module lgn_fsm.
Setting constant 0-bit at position 42 on $auto$ff.cc:337:slice$11439 ($dffe) from module lgn_fsm.
Setting constant 0-bit at position 43 on $auto$ff.cc:337:slice$11439 ($dffe) from module lgn_fsm.
Setting constant 0-bit at position 44 on $auto$ff.cc:337:slice$11439 ($dffe) from module lgn_fsm.
Setting constant 0-bit at position 45 on $auto$ff.cc:337:slice$11439 ($dffe) from module lgn_fsm.
Setting constant 0-bit at position 46 on $auto$ff.cc:337:slice$11439 ($dffe) from module lgn_fsm.
Setting constant 0-bit at position 47 on $auto$ff.cc:337:slice$11439 ($dffe) from module lgn_fsm.
Setting constant 0-bit at position 48 on $auto$ff.cc:337:slice$11439 ($dffe) from module lgn_fsm.
Setting constant 0-bit at position 49 on $auto$ff.cc:337:slice$11439 ($dffe) from module lgn_fsm.
Setting constant 0-bit at position 50 on $auto$ff.cc:337:slice$11439 ($dffe) from module lgn_fsm.
Setting constant 0-bit at position 51 on $auto$ff.cc:337:slice$11439 ($dffe) from module lgn_fsm.
Setting constant 0-bit at position 52 on $auto$ff.cc:337:slice$11439 ($dffe) from module lgn_fsm.
Setting constant 0-bit at position 53 on $auto$ff.cc:337:slice$11439 ($dffe) from module lgn_fsm.
Setting constant 0-bit at position 54 on $auto$ff.cc:337:slice$11439 ($dffe) from module lgn_fsm.
Setting constant 0-bit at position 55 on $auto$ff.cc:337:slice$11439 ($dffe) from module lgn_fsm.
Setting constant 0-bit at position 56 on $auto$ff.cc:337:slice$11439 ($dffe) from module lgn_fsm.
Setting constant 0-bit at position 57 on $auto$ff.cc:337:slice$11439 ($dffe) from module lgn_fsm.
Setting constant 0-bit at position 58 on $auto$ff.cc:337:slice$11439 ($dffe) from module lgn_fsm.
Setting constant 0-bit at position 59 on $auto$ff.cc:337:slice$11439 ($dffe) from module lgn_fsm.
Setting constant 0-bit at position 60 on $auto$ff.cc:337:slice$11439 ($dffe) from module lgn_fsm.
Setting constant 0-bit at position 61 on $auto$ff.cc:337:slice$11439 ($dffe) from module lgn_fsm.
Setting constant 0-bit at position 62 on $auto$ff.cc:337:slice$11439 ($dffe) from module lgn_fsm.
Setting constant 0-bit at position 63 on $auto$ff.cc:337:slice$11439 ($dffe) from module lgn_fsm.
Setting constant 0-bit at position 64 on $auto$ff.cc:337:slice$11439 ($dffe) from module lgn_fsm.
Setting constant 0-bit at position 65 on $auto$ff.cc:337:slice$11439 ($dffe) from module lgn_fsm.
Setting constant 0-bit at position 66 on $auto$ff.cc:337:slice$11439 ($dffe) from module lgn_fsm.
Setting constant 0-bit at position 67 on $auto$ff.cc:337:slice$11439 ($dffe) from module lgn_fsm.
Setting constant 0-bit at position 68 on $auto$ff.cc:337:slice$11439 ($dffe) from module lgn_fsm.
Setting constant 0-bit at position 69 on $auto$ff.cc:337:slice$11439 ($dffe) from module lgn_fsm.
Setting constant 0-bit at position 70 on $auto$ff.cc:337:slice$11439 ($dffe) from module lgn_fsm.
Setting constant 0-bit at position 71 on $auto$ff.cc:337:slice$11439 ($dffe) from module lgn_fsm.
Setting constant 0-bit at position 72 on $auto$ff.cc:337:slice$11439 ($dffe) from module lgn_fsm.
Setting constant 0-bit at position 73 on $auto$ff.cc:337:slice$11439 ($dffe) from module lgn_fsm.
Setting constant 0-bit at position 74 on $auto$ff.cc:337:slice$11439 ($dffe) from module lgn_fsm.
Setting constant 0-bit at position 75 on $auto$ff.cc:337:slice$11439 ($dffe) from module lgn_fsm.
Setting constant 0-bit at position 76 on $auto$ff.cc:337:slice$11439 ($dffe) from module lgn_fsm.
Setting constant 0-bit at position 77 on $auto$ff.cc:337:slice$11439 ($dffe) from module lgn_fsm.
Setting constant 0-bit at position 78 on $auto$ff.cc:337:slice$11439 ($dffe) from module lgn_fsm.
Setting constant 0-bit at position 79 on $auto$ff.cc:337:slice$11439 ($dffe) from module lgn_fsm.
Setting constant 0-bit at position 80 on $auto$ff.cc:337:slice$11439 ($dffe) from module lgn_fsm.
Setting constant 0-bit at position 81 on $auto$ff.cc:337:slice$11439 ($dffe) from module lgn_fsm.
Setting constant 0-bit at position 82 on $auto$ff.cc:337:slice$11439 ($dffe) from module lgn_fsm.
Setting constant 0-bit at position 83 on $auto$ff.cc:337:slice$11439 ($dffe) from module lgn_fsm.
Setting constant 0-bit at position 84 on $auto$ff.cc:337:slice$11439 ($dffe) from module lgn_fsm.
Setting constant 0-bit at position 85 on $auto$ff.cc:337:slice$11439 ($dffe) from module lgn_fsm.
Setting constant 0-bit at position 86 on $auto$ff.cc:337:slice$11439 ($dffe) from module lgn_fsm.
Setting constant 0-bit at position 87 on $auto$ff.cc:337:slice$11439 ($dffe) from module lgn_fsm.
Setting constant 0-bit at position 88 on $auto$ff.cc:337:slice$11439 ($dffe) from module lgn_fsm.
Setting constant 0-bit at position 89 on $auto$ff.cc:337:slice$11439 ($dffe) from module lgn_fsm.
Setting constant 0-bit at position 90 on $auto$ff.cc:337:slice$11439 ($dffe) from module lgn_fsm.
Setting constant 0-bit at position 91 on $auto$ff.cc:337:slice$11439 ($dffe) from module lgn_fsm.

2.8.7. Executing OPT_CLEAN pass (remove unused cells and wires).
Finding unused cells or wires in module \lgn_fsm..
Removed 1011 unused cells and 0 unused wires.
<suppressed ~1011 debug messages>

2.8.8. Executing OPT_EXPR pass (perform const folding).
Optimizing module lgn_fsm.
<suppressed ~478 debug messages>

2.8.9. Rerunning OPT passes. (Maybe there is more to do..)

2.8.10. Executing OPT_MUXTREE pass (detect dead branches in mux trees).
Running muxtree optimizer on module \lgn_fsm..
  Creating internal representation of mux trees.
  Evaluating internal representation of mux trees.
  Analyzing evaluation results.
Removed 0 multiplexer ports.
<suppressed ~14 debug messages>

2.8.11. Executing OPT_REDUCE pass (consolidate $*mux and $reduce_* inputs).
  Optimizing cells in module \lgn_fsm.
Performed a total of 0 changes.

2.8.12. Executing OPT_MERGE pass (detect identical cells).
Finding identical cells in module `\lgn_fsm'.
Computing hashes of 5221 cells of `\lgn_fsm'.
Finding duplicate cells in `\lgn_fsm'.
Computing hashes of 5190 cells of `\lgn_fsm'.
Finding duplicate cells in `\lgn_fsm'.
<suppressed ~93 debug messages>
Removed a total of 31 cells.

2.8.13. Executing OPT_DFF pass (perform DFF optimizations).

2.8.14. Executing OPT_CLEAN pass (remove unused cells and wires).
Finding unused cells or wires in module \lgn_fsm..
Removed 52 unused cells and 219 unused wires.
<suppressed ~80 debug messages>

2.8.15. Executing OPT_EXPR pass (perform const folding).
Optimizing module lgn_fsm.

2.8.16. Rerunning OPT passes. (Maybe there is more to do..)

2.8.17. Executing OPT_MUXTREE pass (detect dead branches in mux trees).
Running muxtree optimizer on module \lgn_fsm..
  Creating internal representation of mux trees.
  Evaluating internal representation of mux trees.
  Analyzing evaluation results.
Removed 0 multiplexer ports.
<suppressed ~14 debug messages>

2.8.18. Executing OPT_REDUCE pass (consolidate $*mux and $reduce_* inputs).
  Optimizing cells in module \lgn_fsm.
Performed a total of 0 changes.

2.8.19. Executing OPT_MERGE pass (detect identical cells).
Finding identical cells in module `\lgn_fsm'.
Computing hashes of 5138 cells of `\lgn_fsm'.
Finding duplicate cells in `\lgn_fsm'.
Removed a total of 0 cells.

2.8.20. Executing OPT_DFF pass (perform DFF optimizations).
Adding EN signal on $auto$ff.cc:337:slice$11437 ($sdff) from module lgn_fsm (D = { \q [1003:1002] \q [888] \q [829] \q [750] \q [721] \q [695] \q [655] \q [607] \q [534] \q [498] \q [447] \q [341] \q [238] \q [179] \q [172] \q [157] \q [47] \q [11] }, Q = { \q [1003:1002] \q [888] \q [829] \q [750] \q [721] \q [695] \q [655] \q [607] \q [534] \q [498] \q [447] \q [341] \q [238] \q [179] \q [172] \q [157] \q [47] \q [11] }).
Handling D = Q on $auto$ff.cc:337:slice$11447 ($sdffe) from module lgn_fsm (conecting SRST instead).
Setting constant 0-bit at position 0 on $auto$ff.cc:337:slice$11447 ($dffe) from module lgn_fsm.
Setting constant 0-bit at position 1 on $auto$ff.cc:337:slice$11447 ($dffe) from module lgn_fsm.
Setting constant 0-bit at position 2 on $auto$ff.cc:337:slice$11447 ($dffe) from module lgn_fsm.
Setting constant 0-bit at position 3 on $auto$ff.cc:337:slice$11447 ($dffe) from module lgn_fsm.
Setting constant 0-bit at position 4 on $auto$ff.cc:337:slice$11447 ($dffe) from module lgn_fsm.
Setting constant 0-bit at position 5 on $auto$ff.cc:337:slice$11447 ($dffe) from module lgn_fsm.
Setting constant 0-bit at position 6 on $auto$ff.cc:337:slice$11447 ($dffe) from module lgn_fsm.
Setting constant 0-bit at position 7 on $auto$ff.cc:337:slice$11447 ($dffe) from module lgn_fsm.
Setting constant 0-bit at position 8 on $auto$ff.cc:337:slice$11447 ($dffe) from module lgn_fsm.
Setting constant 0-bit at position 9 on $auto$ff.cc:337:slice$11447 ($dffe) from module lgn_fsm.
Setting constant 0-bit at position 10 on $auto$ff.cc:337:slice$11447 ($dffe) from module lgn_fsm.
Setting constant 0-bit at position 11 on $auto$ff.cc:337:slice$11447 ($dffe) from module lgn_fsm.
Setting constant 0-bit at position 12 on $auto$ff.cc:337:slice$11447 ($dffe) from module lgn_fsm.
Setting constant 0-bit at position 13 on $auto$ff.cc:337:slice$11447 ($dffe) from module lgn_fsm.
Setting constant 0-bit at position 14 on $auto$ff.cc:337:slice$11447 ($dffe) from module lgn_fsm.
Setting constant 0-bit at position 15 on $auto$ff.cc:337:slice$11447 ($dffe) from module lgn_fsm.
Setting constant 0-bit at position 16 on $auto$ff.cc:337:slice$11447 ($dffe) from module lgn_fsm.
Setting constant 0-bit at position 17 on $auto$ff.cc:337:slice$11447 ($dffe) from module lgn_fsm.
Setting constant 0-bit at position 18 on $auto$ff.cc:337:slice$11447 ($dffe) from module lgn_fsm.

2.8.21. Executing OPT_CLEAN pass (remove unused cells and wires).
Finding unused cells or wires in module \lgn_fsm..
Removed 1 unused cells and 1 unused wires.
<suppressed ~2 debug messages>

2.8.22. Executing OPT_EXPR pass (perform const folding).
Optimizing module lgn_fsm.
<suppressed ~114 debug messages>

2.8.23. Rerunning OPT passes. (Maybe there is more to do..)

2.8.24. Executing OPT_MUXTREE pass (detect dead branches in mux trees).
Running muxtree optimizer on module \lgn_fsm..
  Creating internal representation of mux trees.
  Evaluating internal representation of mux trees.
  Analyzing evaluation results.
Removed 0 multiplexer ports.
<suppressed ~14 debug messages>

2.8.25. Executing OPT_REDUCE pass (consolidate $*mux and $reduce_* inputs).
  Optimizing cells in module \lgn_fsm.
Performed a total of 0 changes.

2.8.26. Executing OPT_MERGE pass (detect identical cells).
Finding identical cells in module `\lgn_fsm'.
Computing hashes of 5026 cells of `\lgn_fsm'.
Finding duplicate cells in `\lgn_fsm'.
Computing hashes of 5021 cells of `\lgn_fsm'.
Finding duplicate cells in `\lgn_fsm'.
<suppressed ~15 debug messages>
Removed a total of 5 cells.

2.8.27. Executing OPT_DFF pass (perform DFF optimizations).

2.8.28. Executing OPT_CLEAN pass (remove unused cells and wires).
Finding unused cells or wires in module \lgn_fsm..
Removed 21 unused cells and 46 unused wires.
<suppressed ~31 debug messages>

2.8.29. Executing OPT_EXPR pass (perform const folding).
Optimizing module lgn_fsm.

2.8.30. Rerunning OPT passes. (Maybe there is more to do..)

2.8.31. Executing OPT_MUXTREE pass (detect dead branches in mux trees).
Running muxtree optimizer on module \lgn_fsm..
  Creating internal representation of mux trees.
  Evaluating internal representation of mux trees.
  Analyzing evaluation results.
Removed 0 multiplexer ports.
<suppressed ~14 debug messages>

2.8.32. Executing OPT_REDUCE pass (consolidate $*mux and $reduce_* inputs).
  Optimizing cells in module \lgn_fsm.
Performed a total of 0 changes.

2.8.33. Executing OPT_MERGE pass (detect identical cells).
Finding identical cells in module `\lgn_fsm'.
Computing hashes of 5000 cells of `\lgn_fsm'.
Finding duplicate cells in `\lgn_fsm'.
Removed a total of 0 cells.

2.8.34. Executing OPT_DFF pass (perform DFF optimizations).
Adding EN signal on $auto$ff.cc:337:slice$11450 ($sdff) from module lgn_fsm (D = { \q [985] \q [976] \q [852] \q [713] \q [690] \q [687] \q [402] \q [343] \q [213] }, Q = { \q [985] \q [976] \q [852] \q [713] \q [690] \q [687] \q [402] \q [343] \q [213] }).
Handling D = Q on $auto$ff.cc:337:slice$11455 ($sdffe) from module lgn_fsm (conecting SRST instead).
Setting constant 0-bit at position 0 on $auto$ff.cc:337:slice$11455 ($dffe) from module lgn_fsm.
Setting constant 0-bit at position 1 on $auto$ff.cc:337:slice$11455 ($dffe) from module lgn_fsm.
Setting constant 0-bit at position 2 on $auto$ff.cc:337:slice$11455 ($dffe) from module lgn_fsm.
Setting constant 0-bit at position 3 on $auto$ff.cc:337:slice$11455 ($dffe) from module lgn_fsm.
Setting constant 0-bit at position 4 on $auto$ff.cc:337:slice$11455 ($dffe) from module lgn_fsm.
Setting constant 0-bit at position 5 on $auto$ff.cc:337:slice$11455 ($dffe) from module lgn_fsm.
Setting constant 0-bit at position 6 on $auto$ff.cc:337:slice$11455 ($dffe) from module lgn_fsm.
Setting constant 0-bit at position 7 on $auto$ff.cc:337:slice$11455 ($dffe) from module lgn_fsm.
Setting constant 0-bit at position 8 on $auto$ff.cc:337:slice$11455 ($dffe) from module lgn_fsm.

2.8.35. Executing OPT_CLEAN pass (remove unused cells and wires).
Finding unused cells or wires in module \lgn_fsm..
Removed 1 unused cells and 1 unused wires.
<suppressed ~2 debug messages>

2.8.36. Executing OPT_EXPR pass (perform const folding).
Optimizing module lgn_fsm.
<suppressed ~61 debug messages>

2.8.37. Rerunning OPT passes. (Maybe there is more to do..)

2.8.38. Executing OPT_MUXTREE pass (detect dead branches in mux trees).
Running muxtree optimizer on module \lgn_fsm..
  Creating internal representation of mux trees.
  Evaluating internal representation of mux trees.
  Analyzing evaluation results.
Removed 0 multiplexer ports.
<suppressed ~14 debug messages>

2.8.39. Executing OPT_REDUCE pass (consolidate $*mux and $reduce_* inputs).
  Optimizing cells in module \lgn_fsm.
Performed a total of 0 changes.

2.8.40. Executing OPT_MERGE pass (detect identical cells).
Finding identical cells in module `\lgn_fsm'.
Computing hashes of 4939 cells of `\lgn_fsm'.
Finding duplicate cells in `\lgn_fsm'.
Computing hashes of 4938 cells of `\lgn_fsm'.
Finding duplicate cells in `\lgn_fsm'.
<suppressed ~3 debug messages>
Removed a total of 1 cells.

2.8.41. Executing OPT_DFF pass (perform DFF optimizations).

2.8.42. Executing OPT_CLEAN pass (remove unused cells and wires).
Finding unused cells or wires in module \lgn_fsm..
Removed 5 unused cells and 24 unused wires.
<suppressed ~10 debug messages>

2.8.43. Executing OPT_EXPR pass (perform const folding).
Optimizing module lgn_fsm.

2.8.44. Rerunning OPT passes. (Maybe there is more to do..)

2.8.45. Executing OPT_MUXTREE pass (detect dead branches in mux trees).
Running muxtree optimizer on module \lgn_fsm..
  Creating internal representation of mux trees.
  Evaluating internal representation of mux trees.
  Analyzing evaluation results.
Removed 0 multiplexer ports.
<suppressed ~14 debug messages>

2.8.46. Executing OPT_REDUCE pass (consolidate $*mux and $reduce_* inputs).
  Optimizing cells in module \lgn_fsm.
Performed a total of 0 changes.

2.8.47. Executing OPT_MERGE pass (detect identical cells).
Finding identical cells in module `\lgn_fsm'.
Computing hashes of 4933 cells of `\lgn_fsm'.
Finding duplicate cells in `\lgn_fsm'.
Removed a total of 0 cells.

2.8.48. Executing OPT_DFF pass (perform DFF optimizations).
Adding EN signal on $auto$ff.cc:337:slice$11458 ($sdff) from module lgn_fsm (D = { \q [799] \q [429] \q [215] \q [140] }, Q = { \q [799] \q [429] \q [215] \q [140] }).
Handling D = Q on $auto$ff.cc:337:slice$11459 ($sdffe) from module lgn_fsm (conecting SRST instead).
Setting constant 0-bit at position 0 on $auto$ff.cc:337:slice$11459 ($dffe) from module lgn_fsm.
Setting constant 0-bit at position 1 on $auto$ff.cc:337:slice$11459 ($dffe) from module lgn_fsm.
Setting constant 0-bit at position 2 on $auto$ff.cc:337:slice$11459 ($dffe) from module lgn_fsm.
Setting constant 0-bit at position 3 on $auto$ff.cc:337:slice$11459 ($dffe) from module lgn_fsm.

2.8.49. Executing OPT_CLEAN pass (remove unused cells and wires).
Finding unused cells or wires in module \lgn_fsm..
Removed 1 unused cells and 1 unused wires.
<suppressed ~2 debug messages>

2.8.50. Executing OPT_EXPR pass (perform const folding).
Optimizing module lgn_fsm.
<suppressed ~18 debug messages>

2.8.51. Rerunning OPT passes. (Maybe there is more to do..)

2.8.52. Executing OPT_MUXTREE pass (detect dead branches in mux trees).
Running muxtree optimizer on module \lgn_fsm..
  Creating internal representation of mux trees.
  Evaluating internal representation of mux trees.
  Analyzing evaluation results.
Removed 0 multiplexer ports.
<suppressed ~14 debug messages>

2.8.53. Executing OPT_REDUCE pass (consolidate $*mux and $reduce_* inputs).
  Optimizing cells in module \lgn_fsm.
Performed a total of 0 changes.

2.8.54. Executing OPT_MERGE pass (detect identical cells).
Finding identical cells in module `\lgn_fsm'.
Computing hashes of 4916 cells of `\lgn_fsm'.
Finding duplicate cells in `\lgn_fsm'.
Computing hashes of 4914 cells of `\lgn_fsm'.
Finding duplicate cells in `\lgn_fsm'.
<suppressed ~6 debug messages>
Removed a total of 2 cells.

2.8.55. Executing OPT_DFF pass (perform DFF optimizations).

2.8.56. Executing OPT_CLEAN pass (remove unused cells and wires).
Finding unused cells or wires in module \lgn_fsm..
Removed 2 unused cells and 10 unused wires.
<suppressed ~4 debug messages>

2.8.57. Executing OPT_EXPR pass (perform const folding).
Optimizing module lgn_fsm.

2.8.58. Rerunning OPT passes. (Maybe there is more to do..)

2.8.59. Executing OPT_MUXTREE pass (detect dead branches in mux trees).
Running muxtree optimizer on module \lgn_fsm..
  Creating internal representation of mux trees.
  Evaluating internal representation of mux trees.
  Analyzing evaluation results.
Removed 0 multiplexer ports.
<suppressed ~14 debug messages>

2.8.60. Executing OPT_REDUCE pass (consolidate $*mux and $reduce_* inputs).
  Optimizing cells in module \lgn_fsm.
Performed a total of 0 changes.

2.8.61. Executing OPT_MERGE pass (detect identical cells).
Finding identical cells in module `\lgn_fsm'.
Computing hashes of 4912 cells of `\lgn_fsm'.
Finding duplicate cells in `\lgn_fsm'.
Removed a total of 0 cells.

2.8.62. Executing OPT_DFF pass (perform DFF optimizations).

2.8.63. Executing OPT_CLEAN pass (remove unused cells and wires).
Finding unused cells or wires in module \lgn_fsm..

2.8.64. Executing OPT_EXPR pass (perform const folding).
Optimizing module lgn_fsm.

2.8.65. Finished fast OPT passes. (There is nothing left to do.)

2.9. Executing WREDUCE pass (reducing word size of cells).
Removed top 7 bits (of 1024) from wire lgn_fsm.$0\q[1023:0].

2.10. Executing PEEPOPT pass (run peephole optimizers).

2.11. Executing OPT_CLEAN pass (remove unused cells and wires).
Finding unused cells or wires in module \lgn_fsm..
Removed 0 unused cells and 1 unused wires.
<suppressed ~1 debug messages>

2.12. Executing ALUMACC pass (create $alu and $macc cells).
Extracting $alu and $macc cells in module lgn_fsm:
  created 0 $alu and 0 $macc cells.

2.13. Executing SHARE pass (SAT-based resource sharing).

2.14. Executing OPT pass (performing simple optimizations).

2.14.1. Executing OPT_EXPR pass (perform const folding).
Optimizing module lgn_fsm.

2.14.2. Executing OPT_MERGE pass (detect identical cells).
Finding identical cells in module `\lgn_fsm'.
Computing hashes of 4912 cells of `\lgn_fsm'.
Finding duplicate cells in `\lgn_fsm'.
Removed a total of 0 cells.

2.14.3. Executing OPT_MUXTREE pass (detect dead branches in mux trees).
Running muxtree optimizer on module \lgn_fsm..
  Creating internal representation of mux trees.
  Evaluating internal representation of mux trees.
  Analyzing evaluation results.
Removed 0 multiplexer ports.
<suppressed ~14 debug messages>

2.14.4. Executing OPT_REDUCE pass (consolidate $*mux and $reduce_* inputs).
  Optimizing cells in module \lgn_fsm.
Performed a total of 0 changes.

2.14.5. Executing OPT_MERGE pass (detect identical cells).
Finding identical cells in module `\lgn_fsm'.
Computing hashes of 4912 cells of `\lgn_fsm'.
Finding duplicate cells in `\lgn_fsm'.
Removed a total of 0 cells.

2.14.6. Executing OPT_DFF pass (perform DFF optimizations).

2.14.7. Executing OPT_CLEAN pass (remove unused cells and wires).
Finding unused cells or wires in module \lgn_fsm..

2.14.8. Executing OPT_EXPR pass (perform const folding).
Optimizing module lgn_fsm.

2.14.9. Finished fast OPT passes. (There is nothing left to do.)

2.15. Executing MEMORY pass.

2.15.1. Executing OPT_MEM pass (optimize memories).
Performed a total of 0 transformations.

2.15.2. Executing OPT_MEM_PRIORITY pass (removing unnecessary memory write priority relations).
Performed a total of 0 transformations.

2.15.3. Executing OPT_MEM_FEEDBACK pass (finding memory read-to-write feedback paths).

2.15.4. Executing MEMORY_BMUX2ROM pass (converting muxes to ROMs).

2.15.5. Executing MEMORY_DFF pass (merging $dff cells to $memrd).

2.15.6. Executing OPT_CLEAN pass (remove unused cells and wires).
Finding unused cells or wires in module \lgn_fsm..

2.15.7. Executing MEMORY_SHARE pass (consolidating $memrd/$memwr cells).

2.15.8. Executing OPT_MEM_WIDEN pass (optimize memories where all ports are wide).
Performed a total of 0 transformations.

2.15.9. Executing OPT_CLEAN pass (remove unused cells and wires).
Finding unused cells or wires in module \lgn_fsm..

2.15.10. Executing MEMORY_COLLECT pass (generating $mem cells).

2.16. Executing OPT_CLEAN pass (remove unused cells and wires).
Finding unused cells or wires in module \lgn_fsm..

2.17. Executing OPT pass (performing simple optimizations).

2.17.1. Executing OPT_EXPR pass (perform const folding).
Optimizing module lgn_fsm.
<suppressed ~1 debug messages>

2.17.2. Executing OPT_MERGE pass (detect identical cells).
Finding identical cells in module `\lgn_fsm'.
Computing hashes of 4912 cells of `\lgn_fsm'.
Finding duplicate cells in `\lgn_fsm'.
Removed a total of 0 cells.

2.17.3. Executing OPT_DFF pass (perform DFF optimizations).

2.17.4. Executing OPT_CLEAN pass (remove unused cells and wires).
Finding unused cells or wires in module \lgn_fsm..

2.17.5. Finished fast OPT passes.

2.18. Executing MEMORY_MAP pass (converting memories to logic and flip-flops).

2.19. Executing OPT pass (performing simple optimizations).

2.19.1. Executing OPT_EXPR pass (perform const folding).
Optimizing module lgn_fsm.

2.19.2. Executing OPT_MERGE pass (detect identical cells).
Finding identical cells in module `\lgn_fsm'.
Computing hashes of 4912 cells of `\lgn_fsm'.
Finding duplicate cells in `\lgn_fsm'.
Removed a total of 0 cells.

2.19.3. Executing OPT_MUXTREE pass (detect dead branches in mux trees).
Running muxtree optimizer on module \lgn_fsm..
  Creating internal representation of mux trees.
  Evaluating internal representation of mux trees.
  Analyzing evaluation results.
Removed 0 multiplexer ports.
<suppressed ~12 debug messages>

2.19.4. Executing OPT_REDUCE pass (consolidate $*mux and $reduce_* inputs).
  Optimizing cells in module \lgn_fsm.
Performed a total of 0 changes.

2.19.5. Executing OPT_MERGE pass (detect identical cells).
Finding identical cells in module `\lgn_fsm'.
Computing hashes of 4912 cells of `\lgn_fsm'.
Finding duplicate cells in `\lgn_fsm'.
Removed a total of 0 cells.

2.19.6. Executing OPT_SHARE pass.

2.19.7. Executing OPT_DFF pass (perform DFF optimizations).

2.19.8. Executing OPT_CLEAN pass (remove unused cells and wires).
Finding unused cells or wires in module \lgn_fsm..

2.19.9. Executing OPT_EXPR pass (perform const folding).
Optimizing module lgn_fsm.

2.19.10. Finished fast OPT passes. (There is nothing left to do.)

2.20. Executing TECHMAP pass (map to technology primitives).

2.20.1. Executing Verilog-2005 frontend: /root/oss-cad-suite/lib/../share/yosys/techmap.v
Parsing Verilog input from `/root/oss-cad-suite/lib/../share/yosys/techmap.v' to AST representation.
Generating RTLIL representation for module `\_90_simplemap_bool_ops'.
Generating RTLIL representation for module `\_90_simplemap_reduce_ops'.
Generating RTLIL representation for module `\_90_simplemap_logic_ops'.
Generating RTLIL representation for module `\_90_simplemap_compare_ops'.
Generating RTLIL representation for module `\_90_simplemap_various'.
Generating RTLIL representation for module `\_90_simplemap_registers'.
Generating RTLIL representation for module `\_90_shift_ops_shr_shl_sshl_sshr'.
Generating RTLIL representation for module `\_90_shift_shiftx'.
Generating RTLIL representation for module `\_90_fa'.
Generating RTLIL representation for module `\_90_lcu_brent_kung'.
Generating RTLIL representation for module `\_90_alu'.
Generating RTLIL representation for module `\_90_macc'.
Generating RTLIL representation for module `\_90_alumacc'.
Generating RTLIL representation for module `$__div_mod_u'.
Generating RTLIL representation for module `$__div_mod_trunc'.
Generating RTLIL representation for module `\_90_div'.
Generating RTLIL representation for module `\_90_mod'.
Generating RTLIL representation for module `$__div_mod_floor'.
Generating RTLIL representation for module `\_90_divfloor'.
Generating RTLIL representation for module `\_90_modfloor'.
Generating RTLIL representation for module `\_90_pow'.
Generating RTLIL representation for module `\_90_demux'.
Generating RTLIL representation for module `\_90_lut'.
Generating RTLIL representation for module `$connect'.
Generating RTLIL representation for module `$input_port'.
Successfully finished Verilog frontend.

2.20.2. Continuing TECHMAP pass.
Using extmapper simplemap for cells of type $sdff.
Using extmapper simplemap for cells of type $not.
Using extmapper simplemap for cells of type $dff.
Using extmapper simplemap for cells of type $or.
Using extmapper simplemap for cells of type $and.
Using extmapper simplemap for cells of type $xor.
Using extmapper simplemap for cells of type $mux.
No more expansions possible.
<suppressed ~4989 debug messages>

2.21. Executing OPT pass (performing simple optimizations).

2.21.1. Executing OPT_EXPR pass (perform const folding).
Optimizing module lgn_fsm.

2.21.2. Executing OPT_MERGE pass (detect identical cells).
Finding identical cells in module `\lgn_fsm'.
Computing hashes of 5810 cells of `\lgn_fsm'.
Finding duplicate cells in `\lgn_fsm'.
Computing hashes of 5799 cells of `\lgn_fsm'.
Finding duplicate cells in `\lgn_fsm'.
Computing hashes of 5788 cells of `\lgn_fsm'.
Finding duplicate cells in `\lgn_fsm'.
<suppressed ~66 debug messages>
Removed a total of 22 cells.

2.21.3. Executing OPT_DFF pass (perform DFF optimizations).
Adding SRST signal on $auto$ff.cc:337:slice$12426 ($_DFF_P_) from module lgn_fsm (D = \g1433, Q = \q [167], rval = 1'0).
Adding SRST signal on $auto$ff.cc:337:slice$12433 ($_DFF_P_) from module lgn_fsm (D = \g1480, Q = \q [525], rval = 1'0).
Adding SRST signal on $auto$ff.cc:337:slice$12436 ($_DFF_P_) from module lgn_fsm (D = \g1178, Q = \q [820], rval = 1'0).
Adding SRST signal on $auto$ff.cc:337:slice$12435 ($_DFF_P_) from module lgn_fsm (D = \g1605, Q = \q [581], rval = 1'0).
Adding SRST signal on $auto$ff.cc:337:slice$12432 ($_DFF_P_) from module lgn_fsm (D = \g1276, Q = \q [364], rval = 1'0).
Adding SRST signal on $auto$ff.cc:337:slice$12431 ($_DFF_P_) from module lgn_fsm (D = \g1345, Q = \q [321], rval = 1'0).

2.21.4. Executing OPT_CLEAN pass (remove unused cells and wires).
Finding unused cells or wires in module \lgn_fsm..
Removed 6 unused cells and 3 unused wires.
<suppressed ~7 debug messages>

2.21.5. Rerunning OPT passes. (Removed registers in this run.)

2.21.6. Executing OPT_EXPR pass (perform const folding).
Optimizing module lgn_fsm.

2.21.7. Executing OPT_MERGE pass (detect identical cells).
Finding identical cells in module `\lgn_fsm'.
Computing hashes of 5782 cells of `\lgn_fsm'.
Finding duplicate cells in `\lgn_fsm'.
Computing hashes of 5780 cells of `\lgn_fsm'.
Finding duplicate cells in `\lgn_fsm'.
Computing hashes of 5777 cells of `\lgn_fsm'.
Finding duplicate cells in `\lgn_fsm'.
<suppressed ~15 debug messages>
Removed a total of 5 cells.

2.21.8. Executing OPT_DFF pass (perform DFF optimizations).

2.21.9. Executing OPT_CLEAN pass (remove unused cells and wires).
Finding unused cells or wires in module \lgn_fsm..

2.21.10. Finished fast OPT passes.

2.22. Executing ABC pass (technology mapping using ABC).

2.22.1. Extracting gate netlist of module `\lgn_fsm' to `<abc-temp-dir>/input.blif'..

2.22.1.1. Executed ABC.
Extracted 4892 gates and 5779 wires to a netlist network with 887 inputs and 858 outputs.
Running ABC script: <abc-temp-dir>/abc.script
ABC: UC Berkeley, ABC 1.01 (compiled Jul 10 2026 04:38:35)
ABC: abc 01> empty
ABC: abc 01> source <abc-temp-dir>/abc.script
ABC: + read_blif <abc-temp-dir>/input.blif 
ABC: + read_library <abc-temp-dir>/stdcells.genlib 
ABC: + strash 
ABC: + &get -n 
ABC: + &fraig -x 
ABC: + &put 
ABC: + scorr 
ABC: Warning: The network is combinational (run "fraig" or "fraig_sweep").
ABC: + dc2 
ABC: + dretime 
ABC: + strash 
ABC: + &get -n 
ABC: + &dch -f 
ABC: + &nf 
ABC: + &put 
ABC: + write_blif <abc-temp-dir>/output.blif 
ABC: 
ABC: YOSYS_ABC_DONE 

2.22.1.2. Re-integrating ABC results.
ABC RESULTS:               AND cells:      328
ABC RESULTS:            ANDNOT cells:      305
ABC RESULTS:               MUX cells:      696
ABC RESULTS:              NAND cells:      172
ABC RESULTS:               NOR cells:      144
ABC RESULTS:               NOT cells:      162
ABC RESULTS:                OR cells:      184
ABC RESULTS:             ORNOT cells:      145
ABC RESULTS:              XNOR cells:       84
ABC RESULTS:               XOR cells:       33
ABC RESULTS:        internal signals:     4034
ABC RESULTS:           input signals:      887
ABC RESULTS:          output signals:      858
Removing temp directory.
Removing global temp directory.

2.23. Executing OPT pass (performing simple optimizations).

2.23.1. Executing OPT_EXPR pass (perform const folding).
Optimizing module lgn_fsm.
<suppressed ~12 debug messages>

2.23.2. Executing OPT_MERGE pass (detect identical cells).
Finding identical cells in module `\lgn_fsm'.
Computing hashes of 3138 cells of `\lgn_fsm'.
Finding duplicate cells in `\lgn_fsm'.
Removed a total of 0 cells.

2.23.3. Executing OPT_DFF pass (perform DFF optimizations).

2.23.4. Executing OPT_CLEAN pass (remove unused cells and wires).
Finding unused cells or wires in module \lgn_fsm..
Removed 0 unused cells and 6174 unused wires.
<suppressed ~3530 debug messages>

2.23.5. Finished fast OPT passes.

2.24. Executing HIERARCHY pass (managing design hierarchy).
Attribute `top' found on module `lgn_fsm'. Setting top module to lgn_fsm.

2.24.1. Analyzing design hierarchy..
Top module:  \lgn_fsm

2.24.2. Analyzing design hierarchy..
Top module:  \lgn_fsm
Removed 0 unused modules.

2.25. Printing statistics.

=== lgn_fsm ===

        +----------Local Count, excluding submodules.
        | 
     5709 wires
     7756 wire bits
     4313 public wires
     5344 public wire bits
        4 ports
     1035 port bits
     3138 cells
      305   $_ANDNOT_
      328   $_AND_
        1   $_DFF_P_
      696   $_MUX_
      172   $_NAND_
      144   $_NOR_
      162   $_NOT_
      145   $_ORNOT_
      184   $_OR_
      884   $_SDFF_PP0_
       84   $_XNOR_
       33   $_XOR_

2.26. Executing CHECK pass (checking for obvious problems).
Checking module lgn_fsm...
Found and reported 0 problems.

3. Printing statistics.

=== lgn_fsm ===

        +----------Local Count, excluding submodules.
        | 
     5709 wires
     7756 wire bits
     4313 public wires
     5344 public wire bits
        4 ports
     1035 port bits
     3138 cells
      305   $_ANDNOT_
      328   $_AND_
        1   $_DFF_P_
      696   $_MUX_
      172   $_NAND_
      144   $_NOR_
      162   $_NOT_
      145   $_ORNOT_
      184   $_OR_
      884   $_SDFF_PP0_
       84   $_XNOR_
       33   $_XOR_

End of script. Logfile hash: 61a0b8613b, time: 7.97s, user: 7.67s, system: 0.22s, MEM: 77.11 MB peak
Yosys 0.67+4 (git sha1 b88b73a99, Release, Clang /usr/bin/clang++ 18.1.8)
Time spent: 26% 23x opt_expr (2 sec), 24% 23x opt_clean (2 sec), ...
