(1700000000.009839) can0 0B0#B000000000000000
(1700000000.014725) can0 110#1000000000000000
(1700000000.020578) can0 0B0#B001000000000000
(1700000000.027150) can0 185#8500000000000000
(1700000000.030360) can0 110#1001000000000000
(1700000000.031312) can0 0B0#B002000000000000
(1700000000.041345) can0 0B0#B003000000000000
(1700000000.041953) can0 224#2400000000000000
(1700000000.046065) can0 110#1002000000000000
(1700000000.050437) can0 0B0#B004000000000000
(1700000000.054385) can0 185#8501000000000000
(1700000000.059966) can0 0B0#B005000000000000
(1700000000.061030) can0 110#1003000000000000
(1700000000.062372) can0 2A9#A900000000000000
(1700000000.070885) can0 0B0#B006000000000000
(1700000000.077008) can0 110#1004000000000000
(1700000000.079011) can0 224#2401000000000000
(1700000000.081585) can0 0B0#B007000000000000
(1700000000.081788) can0 185#8502000000000000
(1700000000.090945) can0 0B0#B008000000000000
(1700000000.091432) can0 110#1005000000000000
(1700000000.097255) can0 333#3300000000000000
(1700000000.101327) can0 0B0#B009000000000000
(1700000000.107651) can0 185#8503000000000000
(1700000000.108853) can0 110#1006000000000000
(1700000000.111910) can0 0B0#B00A000000000000
(1700000000.116419) can0 224#2402000000000000
(1700000000.121985) can0 0B0#B00B000000000000
(1700000000.125402) can0 110#1007000000000000
(1700000000.130735) can0 2A9#A901000000000000
(1700000000.132573) can0 0B0#B00C000000000000
(1700000000.134738) can0 185#8504000000000000
(1700000000.140922) can0 110#1008000000000000
(1700000000.142403) can0 0B0#B00D000000000000
(1700000000.152719) can0 0B0#B00E000000000000
(1700000000.156752) can0 110#1009000000000000
(1700000000.158971) can0 224#2403000000000000
(1700000000.161656) can0 185#8505000000000000
(1700000000.162532) can0 0B0#B00F000000000000
(1700000000.173274) can0 0B0#B010000000000000
(1700000000.173458) can0 110#100A000000000000
(1700000000.183564) can0 0B0#B011000000000000
(1700000000.184582) can0 185#8506000000000000
(1700000000.190882) can0 110#100B000000000000
(1700000000.194083) can0 0B0#B012000000000000
(1700000000.196652) can0 224#2404000000000000
(1700000000.197135) can0 2A9#A902000000000000
(1700000000.197184) can0 333#3301000000000000
(1700000000.204340) can0 0B0#B013000000000000
(1700000000.205464) can0 110#100C000000000000
(1700000000.211212) can0 185#8507000000000000
(1700000000.213544) can0 0B0#B014000000000000
(1700000000.220614) can0 110#100D000000000000
(1700000000.223826) can0 0B0#B015000000000000
(1700000000.233137) can0 0B0#B016000000000000
(1700000000.234871) can0 185#8508000000000000
(1700000000.235054) can0 224#2405000000000000
(1700000000.237309) can0 110#100E000000000000
(1700000000.243853) can0 0B0#B017000000000000
(1700000000.252296) can0 110#100F000000000000
(1700000000.254503) can0 0B0#B018000000000000
(1700000000.257711) can0 185#8509000000000000
(1700000000.259338) can0 2A9#A903000000000000
(1700000000.263855) can0 0B0#B019000000000000
(1700000000.267399) can0 110#1010000000000000
(1700000000.273996) can0 0B0#B01A000000000000
(1700000000.276846) can0 224#2406000000000000
(1700000000.283099) can0 110#1011000000000000
(1700000000.284043) can0 0B0#B01B000000000000
(1700000000.284964) can0 185#850A000000000000
(1700000000.293147) can0 0B0#B01C000000000000
(1700000000.297606) can0 110#1012000000000000
(1700000000.303336) can0 0B0#B01D000000000000
(1700000000.307037) can0 333#3302000000000000
(1700000000.311153) can0 185#850B000000000000
(1700000000.313878) can0 0B0#B01E000000000000
(1700000000.314042) can0 110#1013000000000000
(1700000000.314696) can0 224#2407000000000000
(1700000000.318080) can0 2A9#A904000000000000
(1700000000.323600) can0 0B0#B01F000000000000
(1700000000.330996) can0 110#1014000000000000
(1700000000.332766) can0 0B0#B020000000000000
(1700000000.335332) can0 185#850C000000000000
(1700000000.342622) can0 0B0#B021000000000000
(1700000000.345926) can0 110#1015000000000000
(1700000000.351296) can0 224#2408000000000000
(1700000000.352833) can0 0B0#B022000000000000
(1700000000.360809) can0 185#850D000000000000
(1700000000.361022) can0 110#1016000000000000
(1700000000.361840) can0 0B0#B023000000000000
(1700000000.370918) can0 0B0#B024000000000000
(1700000000.376689) can0 110#1017000000000000
(1700000000.378855) can0 2A9#A905000000000000
(1700000000.380671) can0 0B0#B025000000000000
(1700000000.385928) can0 185#850E000000000000
(1700000000.391342) can0 0B0#B026000000000000
(1700000000.391536) can0 110#1018000000000000
(1700000000.393542) can0 224#2409000000000000
(1700000000.400474) can0 0B0#B027000000000000
(1700000000.408024) can0 110#1019000000000000
(1700000000.408540) can0 333#3303000000000000
(1700000000.411214) can0 0B0#B028000000000000
(1700000000.412718) can0 185#850F000000000000
(1700000000.422208) can0 0B0#B029000000000000
(1700000000.424488) can0 110#101A000000000000
(1700000000.432322) can0 0B0#B02A000000000000
(1700000000.435325) can0 224#240A000000000000
(1700000000.435505) can0 185#8510000000000000
(1700000000.441326) can0 110#101B000000000000
(1700000000.441785) can0 0B0#B02B000000000000
(1700000000.446687) can0 2A9#A906000000000000
(1700000000.451734) can0 0B0#B02C000000000000
(1700000000.458147) can0 110#101C000000000000
(1700000000.461707) can0 185#8511000000000000
(1700000000.461796) can0 0B0#B02D000000000000
(1700000000.471430) can0 0B0#B02E000000000000
(1700000000.472233) can0 224#240B000000000000
(1700000000.474547) can0 110#101D000000000000
(1700000000.481571) can0 0B0#B02F000000000000
(1700000000.488031) can0 185#8512000000000000
(1700000000.490906) can0 0B0#B030000000000000
(1700000000.491245) can0 110#101E000000000000
(1700000000.500236) can0 0B0#B031000000000000
(1700000000.502365) can0 333#3304000000000000
(1700000000.505500) can0 2A9#A907000000000000
(1700000000.506311) can0 110#101F000000000000
(1700000000.509936) can0 0B0#B032000000000000
(1700000000.514075) can0 224#240C000000000000
(1700000000.514185) can0 185#8513000000000000
(1700000000.520738) can0 0B0#B033000000000000
(1700000000.520748) can0 110#1020000000000000
(1700000000.531362) can0 0B0#B034000000000000
(1700000000.535846) can0 110#1021000000000000
(1700000000.537140) can0 185#8514000000000000
(1700000000.541460) can0 0B0#B035000000000000
(1700000000.551083) can0 0B0#B036000000000000
(1700000000.551234) can0 224#240D000000000000
(1700000000.552110) can0 110#1022000000000000
(1700000000.561763) can0 0B0#B037000000000000
(1700000000.562884) can0 185#8515000000000000
(1700000000.566594) can0 110#1023000000000000
(1700000000.569451) can0 2A9#A908000000000000
(1700000000.571219) can0 0B0#B038000000000000
(1700000000.580995) can0 0B0#B039000000000000
(1700000000.582140) can0 110#1024000000000000
(1700000000.587974) can0 185#8516000000000000
(1700000000.590963) can0 0B0#B03A000000000000
(1700000000.591069) can0 224#240E000000000000
(1700000000.597260) can0 110#1025000000000000
(1700000000.601210) can0 0B0#B03B000000000000
(1700000000.609885) can0 333#3305000000000000
(1700000000.611540) can0 0B0#B03C000000000000
(1700000000.611808) can0 110#1026000000000000
(1700000000.612551) can0 185#8517000000000000
(1700000000.622043) can0 0B0#B03D000000000000
(1700000000.626702) can0 110#1027000000000000
(1700000000.627619) can0 2A9#A909000000000000
(1700000000.631302) can0 224#240F000000000000
(1700000000.631385) can0 0B0#B03E000000000000
(1700000000.637818) can0 185#8518000000000000
(1700000000.640515) can0 0B0#B03F000000000000
(1700000000.642273) can0 110#1028000000000000
(1700000000.651066) can0 0B0#B040000000000000
(1700000000.659212) can0 110#1029000000000000
(1700000000.661337) can0 0B0#B041000000000000
(1700000000.661561) can0 185#8519000000000000
(1700000000.667873) can0 224#2410000000000000
(1700000000.671865) can0 0B0#B042000000000000
(1700000000.675087) can0 110#102A000000000000
(1700000000.682079) can0 0B0#B043000000000000
(1700000000.685606) can0 185#851A000000000000
(1700000000.687730) can0 2A9#A90A000000000000
(1700000000.692001) can0 110#102B000000000000
(1700000000.692096) can0 0B0#B044000000000000
(1700000000.700333) can0 333#3306000000000000
(1700000000.702961) can0 0B0#B045000000000000
(1700000000.706377) can0 224#2411000000000000
(1700000000.706541) can0 110#102C000000000000
(1700000000.713201) can0 185#851B000000000000
(1700000000.713705) can0 0B0#B046000000000000
(1700000000.721093) can0 110#102D000000000000
(1700000000.723759) can0 0B0#B047000000000000
(1700000000.733486) can0 0B0#B048000000000000
(1700000000.737508) can0 110#102E000000000000
(1700000000.739954) can0 185#851C000000000000
(1700000000.744333) can0 224#2412000000000000
(1700000000.744465) can0 0B0#B049000000000000
(1700000000.752427) can0 2A9#A90B000000000000
(1700000000.753762) can0 0B0#B04A000000000000
(1700000000.754312) can0 110#102F000000000000
(1700000000.763369) can0 185#851D000000000000
(1700000000.763740) can0 0B0#B04B000000000000
(1700000000.770342) can0 110#1030000000000000
(1700000000.774201) can0 0B0#B04C000000000000
(1700000000.783681) can0 0B0#B04D000000000000
(1700000000.784861) can0 224#2413000000000000
(1700000000.786476) can0 110#1031000000000000
(1700000000.789985) can0 185#851E000000000000
(1700000000.792935) can0 0B0#B04E000000000000
(1700000000.802638) can0 0B0#B04F000000000000
(1700000000.803828) can0 110#1032000000000000
(1700000000.810110) can0 333#3307000000000000
(1700000000.813239) can0 0B0#B050000000000000
(1700000000.814280) can0 2A9#A90C000000000000
(1700000000.815721) can0 185#851F000000000000
(1700000000.818709) can0 110#1033000000000000
(1700000000.823411) can0 0B0#B051000000000000
(1700000000.826164) can0 224#2414000000000000
(1700000000.833875) can0 0B0#B052000000000000
(1700000000.835118) can0 110#1034000000000000
(1700000000.839031) can0 185#8520000000000000
(1700000000.843831) can0 0B0#B053000000000000
(1700000000.852155) can0 110#1035000000000000
(1700000000.854677) can0 0B0#B054000000000000
(1700000000.862956) can0 224#2415000000000000
(1700000000.864553) can0 0B0#B055000000000000
(1700000000.865425) can0 185#8521000000000000
(1700000000.868563) can0 110#1036000000000000
(1700000000.873599) can0 0B0#B056000000000000
(1700000000.874768) can0 2A9#A90D000000000000
(1700000000.883674) can0 110#1037000000000000
(1700000000.883898) can0 0B0#B057000000000000
(1700000000.888203) can0 185#8522000000000000
(1700000000.893935) can0 0B0#B058000000000000
(1700000000.900043) can0 110#1038000000000000
(1700000000.904473) can0 0B0#B059000000000000
(1700000000.905991) can0 224#2416000000000000
(1700000000.910538) can0 333#3308000000000000
(1700000000.913704) can0 0B0#B05A000000000000
(1700000000.914503) can0 110#1039000000000000
(1700000000.915105) can0 185#8523000000000000
(1700000000.924421) can0 0B0#B05B000000000000
(1700000000.928960) can0 110#103A000000000000
(1700000000.934341) can0 0B0#B05C000000000000
(1700000000.938747) can0 185#8524000000000000
(1700000000.943657) can0 0B0#B05D000000000000
(1700000000.943857) can0 2A9#A90E000000000000
(1700000000.944382) can0 110#103B000000000000
(1700000000.949378) can0 224#2417000000000000
(1700000000.953309) can0 0B0#B05E000000000000
(1700000000.959648) can0 110#103C000000000000
(1700000000.962996) can0 0B0#B05F000000000000
(1700000000.966262) can0 185#8525000000000000
(1700000000.973045) can0 0B0#B060000000000000
(1700000000.975230) can0 110#103D000000000000
(1700000000.983424) can0 0B0#B061000000000000
(1700000000.990265) can0 110#103E000000000000
(1700000000.990705) can0 224#2418000000000000
(1700000000.993574) can0 185#8526000000000000
(1700000000.993747) can0 0B0#B062000000000000
(1700000001.003098) can0 0B0#B063000000000000
(1700000001.007406) can0 110#103F000000000000
(1700000001.010367) can0 333#3309000000000000
(1700000001.010709) can0 2A9#A90F000000000000
(1700000001.013930) can0 0B0#B064000000000000
(1700000001.018231) can0 185#8527000000000000
(1700000001.023087) can0 110#1040000000000000
(1700000001.024429) can0 0B0#B065000000000000
(1700000001.030974) can0 224#2419000000000000
(1700000001.035058) can0 0B0#B066000000000000
(1700000001.038112) can0 110#1041000000000000
(1700000001.043749) can0 185#8528000000000000
(1700000001.045985) can0 0B0#B067000000000000
(1700000001.054687) can0 110#1042000000000000
(1700000001.055935) can0 0B0#B068000000000000
(1700000001.064968) can0 0B0#B069000000000000
(1700000001.068371) can0 224#241A000000000000
(1700000001.069549) can0 185#8529000000000000
(1700000001.070138) can0 110#1043000000000000
(1700000001.075805) can0 0B0#B06A000000000000
(1700000001.076505) can0 2A9#A910000000000000
(1700000001.085383) can0 110#1044000000000000
(1700000001.085685) can0 0B0#B06B000000000000
(1700000001.094754) can0 0B0#B06C000000000000
(1700000001.095399) can0 185#852A000000000000
(1700000001.100242) can0 110#1045000000000000
(1700000001.104156) can0 0B0#B06D000000000000
(1700000001.108005) can0 224#241B000000000000
(1700000001.108355) can0 333#330A000000000000
(1700000001.115084) can0 0B0#B06E000000000000
(1700000001.115611) can0 110#1046000000000000
(1700000001.121299) can0 185#852B000000000000
(1700000001.125285) can0 0B0#B06F000000000000
(1700000001.130032) can0 110#1047000000000000
(1700000001.136191) can0 0B0#B070000000000000
(1700000001.142380) can0 2A9#A911000000000000
(1700000001.145383) can0 0B0#B071000000000000
(1700000001.145633) can0 110#1048000000000000
(1700000001.146269) can0 185#852C000000000000
(1700000001.148348) can0 224#241C000000000000
(1700000001.155099) can0 0B0#B072000000000000
(1700000001.161169) can0 110#1049000000000000
(1700000001.165254) can0 0B0#B073000000000000
(1700000001.171317) can0 185#852D000000000000
(1700000001.176167) can0 0B0#B074000000000000
(1700000001.176352) can0 110#104A000000000000
(1700000001.185817) can0 0B0#B075000000000000
(1700000001.191766) can0 224#241D000000000000
(1700000001.191921) can0 110#104B000000000000
(1700000001.195869) can0 185#852E000000000000
(1700000001.195905) can0 0B0#B076000000000000
(1700000001.202871) can0 2A9#A912000000000000
(1700000001.206130) can0 0B0#B077000000000000
(1700000001.208272) can0 110#104C000000000000
(1700000001.215414) can0 333#330B000000000000
(1700000001.215985) can0 0B0#B078000000000000
(1700000001.223294) can0 185#852F000000000000
(1700000001.223378) can0 110#104D000000000000
(1700000001.226559) can0 0B0#B079000000000000
(1700000001.229112) can0 224#241E000000000000
(1700000001.235606) can0 0B0#B07A000000000000
(1700000001.239188) can0 110#104E000000000000
(1700000001.246018) can0 0B0#B07B000000000000
(1700000001.247770) can0 185#8530000000000000
(1700000001.256213) can0 110#104F000000000000
(1700000001.256421) can0 0B0#B07C000000000000
(1700000001.266552) can0 224#241F000000000000
(1700000001.267167) can0 0B0#B07D000000000000
(1700000001.271689) can0 2A9#A913000000000000
(1700000001.272950) can0 110#1050000000000000
(1700000001.274797) can0 185#8531000000000000
(1700000001.277576) can0 0B0#B07E000000000000
(1700000001.286748) can0 0B0#B07F000000000000
(1700000001.287870) can0 110#1051000000000000
(1700000001.296023) can0 0B0#B080000000000000
(1700000001.300053) can0 185#8532000000000000
(1700000001.302768) can0 110#1052000000000000
(1700000001.304976) can0 224#2420000000000000
(1700000001.305360) can0 0B0#B081000000000000
(1700000001.314557) can0 0B0#B082000000000000
(1700000001.319227) can0 110#1053000000000000
(1700000001.323185) can0 185#8533000000000000
(1700000001.324175) can0 333#330C000000000000
(1700000001.324646) can0 0B0#B083000000000000
(1700000001.332498) can0 2A9#A914000000000000
(1700000001.334122) can0 0B0#B084000000000000
(1700000001.335132) can0 110#1054000000000000
(1700000001.341043) can0 224#2421000000000000
(1700000001.343761) can0 0B0#B085000000000000
(1700000001.349732) can0 185#8534000000000000
(1700000001.352040) can0 110#1055000000000000
(1700000001.353685) can0 0B0#B086000000000000
(1700000001.363941) can0 0B0#B087000000000000
(1700000001.368458) can0 110#1056000000000000
(1700000001.373868) can0 0B0#B088000000000000
(1700000001.374960) can0 185#8535000000000000
(1700000001.382052) can0 224#2422000000000000
(1700000001.383846) can0 110#1057000000000000
(1700000001.384164) can0 0B0#B089000000000000
(1700000001.392326) can0 2A9#A915000000000000
(1700000001.394915) can0 0B0#B08A000000000000
(1700000001.400138) can0 110#1058000000000000
(1700000001.401541) can0 185#8536000000000000
(1700000001.404823) can0 0B0#B08B000000000000
(1700000001.414524) can0 110#1059000000000000
(1700000001.414707) can0 0B0#B08C000000000000
(1700000001.421093) can0 224#2423000000000000
(1700000001.423955) can0 0B0#B08D000000000000
(1700000001.425827) can0 333#330D000000000000
(1700000001.427877) can0 185#8537000000000000
(1700000001.430681) can0 110#105A000000000000
(1700000001.433958) can0 0B0#B08E000000000000
(1700000001.443271) can0 0B0#B08F000000000000
(1700000001.446839) can0 110#105B000000000000
(1700000001.454133) can0 185#8538000000000000
(1700000001.454224) can0 0B0#B090000000000000
(1700000001.457780) can0 224#2424000000000000
(1700000001.461307) can0 2A9#A916000000000000
(1700000001.462044) can0 110#105C000000000000
(1700000001.464140) can0 0B0#B091000000000000
(1700000001.474364) can0 0B0#B092000000000000
(1700000001.476510) can0 110#105D000000000000
(1700000001.479731) can0 185#8539000000000000
(1700000001.485231) can0 0B0#B093000000000000
(1700000001.492447) can0 110#105E000000000000
(1700000001.495918) can0 0B0#B094000000000000
(1700000001.500975) can0 224#2425000000000000
(1700000001.505303) can0 185#853A000000000000
(1700000001.506867) can0 0B0#B095000000000000
(1700000001.508090) can0 110#105F000000000000
(1700000001.517517) can0 0B0#B096000000000000
(1700000001.523499) can0 110#1060000000000000
(1700000001.525546) can0 333#330E000000000000
(1700000001.527673) can0 0B0#B097000000000000
(1700000001.530174) can0 185#853B000000000000
(1700000001.530254) can0 2A9#A917000000000000
(1700000001.537626) can0 0B0#B098000000000000
(1700000001.539852) can0 224#2426000000000000
(1700000001.540374) can0 110#1061000000000000
(1700000001.547293) can0 0B0#B099000000000000
(1700000001.554525) can0 185#853C000000000000
(1700000001.556966) can0 0B0#B09A000000000000
(1700000001.557102) can0 110#1062000000000000
(1700000001.567498) can0 0B0#B09B000000000000
(1700000001.574352) can0 110#1063000000000000
(1700000001.577641) can0 0B0#B09C000000000000
(1700000001.582135) can0 185#853D000000000000
(1700000001.582243) can0 224#2427000000000000
(1700000001.587014) can0 0B0#B09D000000000000
(1700000001.588193) can0 2A9#A918000000000000
(1700000001.589857) can0 110#1064000000000000
(1700000001.597973) can0 0B0#B09E000000000000
(1700000001.606275) can0 110#1065000000000000
(1700000001.608007) can0 0B0#B09F000000000000
(1700000001.609751) can0 185#853E000000000000
(1700000001.617879) can0 0B0#B0A0000000000000
(1700000001.622157) can0 110#1066000000000000
(1700000001.623750) can0 224#2428000000000000
(1700000001.627783) can0 0B0#B0A1000000000000
(1700000001.635295) can0 333#330F000000000000
(1700000001.636149) can0 185#853F000000000000
(1700000001.638025) can0 0B0#B0A2000000000000
(1700000001.639410) can0 110#1067000000000000
(1700000001.647110) can0 0B0#B0A3000000000000
(1700000001.653637) can0 2A9#A919000000000000
(1700000001.656344) can0 110#1068000000000000
(1700000001.657410) can0 0B0#B0A4000000000000
(1700000001.663008) can0 185#8540000000000000
(1700000001.666744) can0 0B0#B0A5000000000000
(1700000001.666847) can0 224#2429000000000000
(1700000001.672319) can0 110#1069000000000000
(1700000001.677097) can0 0B0#B0A6000000000000
(1700000001.686744) can0 110#106A000000000000
(1700000001.687307) can0 185#8541000000000000
(1700000001.687971) can0 0B0#B0A7000000000000
(1700000001.697116) can0 0B0#B0A8000000000000
(1700000001.703223) can0 110#106B000000000000
(1700000001.707752) can0 0B0#B0A9000000000000
(1700000001.707985) can0 224#242A000000000000
(1700000001.714418) can0 2A9#A91A000000000000
(1700000001.714809) can0 185#8542000000000000
(1700000001.718064) can0 0B0#B0AA000000000000
(1700000001.718796) can0 110#106C000000000000
(1700000001.727839) can0 0B0#B0AB000000000000
(1700000001.733369) can0 110#106D000000000000
(1700000001.738536) can0 0B0#B0AC000000000000
(1700000001.739374) can0 185#8543000000000000
(1700000001.741054) can0 333#3310000000000000
(1700000001.746582) can0 224#242B000000000000
(1700000001.747889) can0 110#106E000000000000
(1700000001.749427) can0 0B0#B0AD000000000000
(1700000001.760361) can0 0B0#B0AE000000000000
(1700000001.763921) can0 110#106F000000000000
(1700000001.765225) can0 185#8544000000000000
(1700000001.769723) can0 0B0#B0AF000000000000
(1700000001.776032) can0 2A9#A91B000000000000
(1700000001.780461) can0 0B0#B0B0000000000000
(1700000001.780562) can0 110#1070000000000000
(1700000001.789092) can0 185#8545000000000000
(1700000001.789982) can0 224#242C000000000000
(1700000001.790957) can0 0B0#B0B1000000000000
(1700000001.797328) can0 110#1071000000000000
(1700000001.801114) can0 0B0#B0B2000000000000
(1700000001.810406) can0 0B0#B0B3000000000000
(1700000001.812010) can0 110#1072000000000000
(1700000001.814363) can0 185#8546000000000000
(1700000001.820207) can0 0B0#B0B4000000000000
(1700000001.826534) can0 110#1073000000000000
(1700000001.826881) can0 224#242D000000000000
(1700000001.829757) can0 0B0#B0B5000000000000
(1700000001.836852) can0 333#3311000000000000
(1700000001.840445) can0 0B0#B0B6000000000000
(1700000001.841448) can0 185#8547000000000000
(1700000001.841910) can0 110#1074000000000000
(1700000001.842770) can0 2A9#A91C000000000000
(1700000001.849894) can0 0B0#B0B7000000000000
(1700000001.856897) can0 110#1075000000000000
(1700000001.859997) can0 0B0#B0B8000000000000
(1700000001.864923) can0 224#242E000000000000
(1700000001.869027) can0 185#8548000000000000
(1700000001.869393) can0 0B0#B0B9000000000000
(1700000001.873432) can0 110#1076000000000000
(1700000001.879815) can0 0B0#B0BA000000000000
(1700000001.890199) can0 110#1077000000000000
(1700000001.890616) can0 0B0#B0BB000000000000
(1700000001.896355) can0 185#8549000000000000
(1700000001.900822) can0 0B0#B0BC000000000000
(1700000001.905154) can0 110#1078000000000000
(1700000001.905424) can0 2A9#A91D000000000000
(1700000001.908116) can0 224#242F000000000000
(1700000001.911686) can0 0B0#B0BD000000000000
(1700000001.919423) can0 185#854A000000000000
(1700000001.921421) can0 0B0#B0BE000000000000
(1700000001.921704) can0 110#1079000000000000
(1700000001.931798) can0 0B0#B0BF000000000000
(1700000001.933815) can0 333#3312000000000000
(1700000001.937499) can0 110#107A000000000000
(1700000001.941608) can0 0B0#B0C0000000000000
(1700000001.946244) can0 185#854B000000000000
(1700000001.948397) can0 224#2430000000000000
(1700000001.951956) can0 0B0#B0C1000000000000
(1700000001.952568) can0 110#107B000000000000
(1700000001.962929) can0 0B0#B0C2000000000000
(1700000001.968126) can0 110#107C000000000000
(1700000001.970293) can0 185#854C000000000000
(1700000001.972499) can0 2A9#A91E000000000000
(1700000001.972960) can0 0B0#B0C3000000000000
(1700000001.983487) can0 0B0#B0C4000000000000
(1700000001.983784) can0 110#107D000000000000
(1700000001.987525) can0 224#2431000000000000
(1700000001.993459) can0 0B0#B0C5000000000000
(1700000001.996377) can0 185#854D000000000000
(1700000002.000836) can0 110#107E000000000000
(1700000002.003244) can0 0B0#B0C6000000000000
(1700000002.013844) can0 0B0#B0C7000000000000
(1700000002.015351) can0 110#107F000000000000
(1700000002.021623) can0 185#854E000000000000
(1700000002.023941) can0 224#2432000000000000
(1700000002.024433) can0 0B0#B0C8000000000000
(1700000002.031816) can0 2A9#A91F000000000000
(1700000002.032617) can0 110#1080000000000000
(1700000002.034783) can0 0B0#B0C9000000000000
(1700000002.037089) can0 333#3313000000000000
(1700000002.044870) can0 0B0#B0CA000000000000
(1700000002.044924) can0 185#854F000000000000
(1700000002.049342) can0 110#1081000000000000
(1700000002.054585) can0 0B0#B0CB000000000000
(1700000002.064626) can0 110#1082000000000000
(1700000002.065576) can0 0B0#B0CC000000000000
(1700000002.067472) can0 224#2433000000000000
(1700000002.071832) can0 185#8550000000000000
(1700000002.075138) can0 0B0#B0CD000000000000
(1700000002.081995) can0 110#1083000000000000
(1700000002.085593) can0 0B0#B0CE000000000000
(1700000002.092984) can0 2A9#A920000000000000
(1700000002.094629) can0 0B0#B0CF000000000000
(1700000002.096652) can0 110#1084000000000000
(1700000002.097013) can0 185#8551000000000000
(1700000002.104891) can0 0B0#B0D0000000000000
(1700000002.108124) can0 224#2434000000000000
(1700000002.113355) can0 110#1085000000000000
(1700000002.114173) can0 0B0#B0D1000000000000
(1700000002.124184) can0 185#8552000000000000
(1700000002.125161) can0 0B0#B0D2000000000000
(1700000002.128522) can0 333#3314000000000000
(1700000002.128659) can0 110#1086000000000000
(1700000002.134407) can0 0B0#B0D3000000000000
(1700000002.143680) can0 0B0#B0D4000000000000
(1700000002.145210) can0 110#1087000000000000
(1700000002.147293) can0 185#8553000000000000
(1700000002.148119) can0 224#2435000000000000
(1700000002.153013) can0 0B0#B0D5000000000000
(1700000002.160914) can0 2A9#A921000000000000
(1700000002.162622) can0 110#1088000000000000
(1700000002.163653) can0 0B0#B0D6000000000000
(1700000002.172172) can0 185#8554000000000000
(1700000002.174028) can0 0B0#B0D7000000000000
(1700000002.177249) can0 110#1089000000000000
(1700000002.184463) can0 0B0#B0D8000000000000
(1700000002.187901) can0 224#2436000000000000
(1700000002.191806) can0 110#108A000000000000
(1700000002.194059) can0 0B0#B0D9000000000000
(1700000002.199158) can0 185#8555000000000000
(1700000002.204023) can0 0B0#B0DA000000000000
(1700000002.207530) can0 110#108B000000000000
(1700000002.213559) can0 0B0#B0DB000000000000
(1700000002.220287) can0 2A9#A922000000000000
(1700000002.222099) can0 185#8556000000000000
(1700000002.223032) can0 0B0#B0DC000000000000
(1700000002.223399) can0 110#108C000000000000
(1700000002.226514) can0 224#2437000000000000
(1700000002.233153) can0 0B0#B0DD000000000000
(1700000002.234856) can0 333#3315000000000000
(1700000002.238070) can0 110#108D000000000000
(1700000002.242235) can0 0B0#B0DE000000000000
(1700000002.246139) can0 185#8557000000000000
(1700000002.252329) can0 0B0#B0DF000000000000
(1700000002.254855) can0 110#108E000000000000
(1700000002.262040) can0 0B0#B0E0000000000000
(1700000002.263531) can0 224#2438000000000000
(1700000002.270398) can0 110#108F000000000000
(1700000002.271589) can0 0B0#B0E1000000000000
(1700000002.273665) can0 185#8558000000000000
(1700000002.282374) can0 0B0#B0E2000000000000
(1700000002.285884) can0 110#1090000000000000
(1700000002.289128) can0 2A9#A923000000000000
(1700000002.293284) can0 0B0#B0E3000000000000
(1700000002.299173) can0 185#8559000000000000
(1700000002.301691) can0 110#1091000000000000
(1700000002.304162) can0 0B0#B0E4000000000000
(1700000002.305867) can0 224#2439000000000000
(1700000002.313899) can0 0B0#B0E5000000000000
(1700000002.316001) can0 110#1092000000000000
(1700000002.323169) can0 0B0#B0E6000000000000
(1700000002.325975) can0 185#855A000000000000
(1700000002.331728) can0 110#1093000000000000
(1700000002.333056) can0 0B0#B0E7000000000000
(1700000002.341708) can0 333#3316000000000000
(1700000002.343203) can0 0B0#B0E8000000000000
(1700000002.345837) can0 224#243A000000000000
(1700000002.346315) can0 110#1094000000000000
(1700000002.349929) can0 185#855B000000000000
(1700000002.352483) can0 2A9#A924000000000000
(1700000002.352541) can0 0B0#B0E9000000000000
(1700000002.362524) can0 0B0#B0EA000000000000
(1700000002.363608) can0 110#1095000000000000
(1700000002.373018) can0 0B0#B0EB000000000000
(1700000002.377239) can0 185#855C000000000000
(1700000002.378358) can0 110#1096000000000000
(1700000002.382970) can0 224#243B000000000000
(1700000002.383009) can0 0B0#B0EC000000000000
(1700000002.392869) can0 0B0#B0ED000000000000
(1700000002.392902) can0 110#1097000000000000
(1700000002.399883) can0 185#855D000000000000
(1700000002.403303) can0 0B0#B0EE000000000000
(1700000002.408536) can0 110#1098000000000000
(1700000002.409793) can0 2A9#A925000000000000
(1700000002.413384) can0 0B0#B0EF000000000000
(1700000002.422730) can0 0B0#B0F0000000000000
(1700000002.422971) can0 224#243C000000000000
(1700000002.424490) can0 110#1099000000000000
(1700000002.426591) can0 185#855E000000000000
(1700000002.432043) can0 0B0#B0F1000000000000
(1700000002.438957) can0 110#109A000000000000
(1700000002.441921) can0 0B0#B0F2000000000000
(1700000002.450168) can0 333#3317000000000000
(1700000002.451672) can0 0B0#B0F3000000000000
(1700000002.453498) can0 110#109B000000000000
(1700000002.453678) can0 185#855F000000000000
(1700000002.461064) can0 0B0#B0F4000000000000
(1700000002.464956) can0 224#243D000000000000
(1700000002.467072) can0 2A9#A926000000000000
(1700000002.468271) can0 110#109C000000000000
(1700000002.471847) can0 0B0#B0F5000000000000
(1700000002.477640) can0 185#8560000000000000
(1700000002.482145) can0 0B0#B0F6000000000000
(1700000002.485128) can0 110#109D000000000000
(1700000002.491149) can0 0B0#B0F7000000000000
(1700000002.500659) can0 185#8561000000000000
(1700000002.501136) can0 110#109E000000000000
(1700000002.501771) can0 0B0#B0F8000000000000
(1700000002.505044) can0 224#243E000000000000
(1700000002.511941) can0 0B0#B0F9000000000000
(1700000002.517366) can0 110#109F000000000000
(1700000002.521301) can0 0B0#B0FA000000000000
(1700000002.527537) can0 185#8562000000000000
(1700000002.530996) can0 0B0#B0FB000000000000
(1700000002.532530) can0 110#10A0000000000000
(1700000002.533572) can0 2A9#A927000000000000
(1700000002.541350) can0 0B0#B0FC000000000000
(1700000002.541540) can0 224#243F000000000000
(1700000002.548785) can0 110#10A1000000000000
(1700000002.550359) can0 0B0#B0FD000000000000
(1700000002.550449) can0 333#3318000000000000
(1700000002.554059) can0 185#8563000000000000
(1700000002.560619) can0 0B0#B0FE000000000000
(1700000002.564406) can0 110#10A2000000000000
(1700000002.571323) can0 0B0#B0FF000000000000
(1700000002.578457) can0 224#2440000000000000
(1700000002.579991) can0 185#8564000000000000
(1700000002.580264) can0 110#10A3000000000000
(1700000002.581661) can0 0B0#B000010000000000
(1700000002.591607) can0 0B0#B001010000000000
(1700000002.592045) can0 2A9#A928000000000000
(1700000002.595527) can0 110#10A4000000000000
(1700000002.601048) can0 0B0#B002010000000000
(1700000002.604877) can0 185#8565000000000000
(1700000002.610384) can0 0B0#B003010000000000
(1700000002.611210) can0 110#10A5000000000000
(1700000002.621044) can0 0B0#B004010000000000
(1700000002.621264) can0 224#2441000000000000
(1700000002.626725) can0 110#10A6000000000000
(1700000002.630495) can0 0B0#B005010000000000
(1700000002.630736) can0 185#8566000000000000
(1700000002.640501) can0 0B0#B006010000000000
(1700000002.644146) can0 110#10A7000000000000
(1700000002.650098) can0 0B0#B007010000000000
(1700000002.651482) can0 333#3319000000000000
(1700000002.655547) can0 2A9#A929000000000000
(1700000002.657680) can0 185#8567000000000000
(1700000002.659871) can0 110#10A8000000000000
(1700000002.659954) can0 0B0#B008010000000000
(1700000002.662167) can0 224#2442000000000000
(1700000002.670943) can0 0B0#B009010000000000
(1700000002.677271) can0 110#10A9000000000000
(1700000002.680053) can0 0B0#B00A010000000000
(1700000002.681857) can0 185#8568000000000000
(1700000002.689755) can0 0B0#B00B010000000000
(1700000002.692878) can0 110#10AA000000000000
(1700000002.698786) can0 0B0#B00C010000000000
(1700000002.703712) can0 224#2443000000000000
(1700000002.706450) can0 185#8569000000000000
(1700000002.707607) can0 110#10AB000000000000
(1700000002.707808) can0 0B0#B00D010000000000
(1700000002.716449) can0 2A9#A92A000000000000
(1700000002.717056) can0 0B0#B00E010000000000
(1700000002.723318) can0 110#10AC000000000000
(1700000002.727436) can0 0B0#B00F010000000000
(1700000002.733735) can0 185#856A000000000000
(1700000002.738109) can0 0B0#B010010000000000
(1700000002.738198) can0 110#10AD000000000000
(1700000002.745917) can0 224#2444000000000000
(1700000002.747219) can0 333#331A000000000000
(1700000002.748310) can0 0B0#B011010000000000
(1700000002.754184) can0 110#10AE000000000000
(1700000002.757283) can0 185#856B000000000000
(1700000002.757594) can0 0B0#B012010000000000
(1700000002.767994) can0 0B0#B013010000000000
(1700000002.771345) can0 110#10AF000000000000
(1700000002.778661) can0 0B0#B014010000000000
(1700000002.782459) can0 2A9#A92B000000000000
(1700000002.783202) can0 185#856C000000000000
(1700000002.786778) can0 224#2445000000000000
(1700000002.788565) can0 110#10B0000000000000
(1700000002.789340) can0 0B0#B015010000000000
(1700000002.800050) can0 0B0#B016010000000000
(1700000002.804288) can0 110#10B1000000000000
(1700000002.808731) can0 185#856D000000000000
(1700000002.809670) can0 0B0#B017010000000000
(1700000002.820565) can0 0B0#B018010000000000
(1700000002.821003) can0 110#10B2000000000000
(1700000002.827421) can0 224#2446000000000000
(1700000002.829991) can0 0B0#B019010000000000
(1700000002.833788) can0 185#856E000000000000
(1700000002.837848) can0 110#10B3000000000000
(1700000002.839370) can0 2A9#A92C000000000000
(1700000002.839860) can0 0B0#B01A010000000000
(1700000002.848878) can0 0B0#B01B010000000000
(1700000002.851674) can0 333#331B000000000000
(1700000002.854964) can0 110#10B4000000000000
(1700000002.859535) can0 0B0#B01C010000000000
(1700000002.861029) can0 185#856F000000000000
(1700000002.866126) can0 224#2447000000000000
(1700000002.868937) can0 0B0#B01D010000000000
(1700000002.871592) can0 110#10B5000000000000
(1700000002.879422) can0 0B0#B01E010000000000
(1700000002.884132) can0 185#8570000000000000
(1700000002.885862) can0 110#10B6000000000000
(1700000002.890173) can0 0B0#B01F010000000000
(1700000002.900879) can0 0B0#B020010000000000
(1700000002.902253) can0 110#10B7000000000000
(1700000002.902303) can0 224#2448000000000000
(1700000002.904521) can0 2A9#A92D000000000000
(1700000002.908773) can0 185#8571000000000000
(1700000002.910378) can0 0B0#B021010000000000
(1700000002.917748) can0 110#10B8000000000000
(1700000002.919530) can0 0B0#B022010000000000
(1700000002.930314) can0 0B0#B023010000000000
(1700000002.932908) can0 110#10B9000000000000
(1700000002.935547) can0 185#8572000000000000
(1700000002.940060) can0 0B0#B024010000000000
(1700000002.940252) can0 224#2449000000000000
(1700000002.942052) can0 333#331C000000000000
(1700000002.949282) can0 110#10BA000000000000
(1700000002.950765) can0 0B0#B025010000000000
(1700000002.958499) can0 185#8573000000000000
(1700000002.961587) can0 0B0#B026010000000000
(1700000002.965639) can0 2A9#A92E000000000000
(1700000002.965910) can0 110#10BB000000000000
(1700000002.971900) can0 0B0#B027010000000000
(1700000002.976948) can0 224#244A000000000000
(1700000002.981905) can0 0B0#B028010000000000
(1700000002.982716) can0 185#8574000000000000
(1700000002.982969) can0 110#10BC000000000000
(1700000002.991024) can0 0B0#B029010000000000
(1700000002.999713) can0 110#10BD000000000000
(1700000003.001690) can0 0B0#B02A010000000000
(1700000003.008938) can0 185#8575000000000000
(1700000003.011519) can0 0B0#B02B010000000000
(1700000003.014626) can0 110#10BE000000000000
(1700000003.016865) can0 224#244B000000000000
(1700000003.020951) can0 0B0#B02C010000000000
(1700000003.029142) can0 110#10BF000000000000
(1700000003.031474) can0 0B0#B02D010000000000
(1700000003.032620) can0 185#8576000000000000
(1700000003.034237) can0 2A9#A92F000000000000
(1700000003.038636) can0 333#331D000000000000
(1700000003.040627) can0 0B0#B02E010000000000
(1700000003.045218) can0 110#10C0000000000000
(1700000003.051003) can0 0B0#B02F010000000000
(1700000003.055216) can0 224#244C000000000000
(1700000003.055340) can0 185#8577000000000000
(1700000003.060296) can0 0B0#B030010000000000
(1700000003.061279) can0 110#10C1000000000000
(1700000003.070189) can0 0B0#B031010000000000
(1700000003.076541) can0 110#10C2000000000000
(1700000003.078707) can0 185#8578000000000000
(1700000003.080540) can0 0B0#B032010000000000
(1700000003.090982) can0 0B0#B033010000000000
(1700000003.093274) can0 110#10C3000000000000
(1700000003.093358) can0 224#244D000000000000
(1700000003.094864) can0 2A9#A930000000000000
(1700000003.101818) can0 0B0#B034010000000000
(1700000003.102540) can0 185#8579000000000000
(1700000003.109853) can0 110#10C4000000000000
(1700000003.111022) can0 0B0#B035010000000000
(1700000003.121296) can0 0B0#B036010000000000
(1700000003.124926) can0 110#10C5000000000000
(1700000003.128171) can0 185#857A000000000000
(1700000003.131026) can0 0B0#B037010000000000
(1700000003.131645) can0 224#244E000000000000
(1700000003.141006) can0 0B0#B038010000000000
(1700000003.141395) can0 110#10C6000000000000
(1700000003.142117) can0 333#331E000000000000
(1700000003.150435) can0 0B0#B039010000000000
(1700000003.154805) can0 185#857B000000000000
(1700000003.158597) can0 110#10C7000000000000
(1700000003.160973) can0 0B0#B03A010000000000
(1700000003.162852) can0 2A9#A931000000000000
(1700000003.170056) can0 0B0#B03B010000000000
(1700000003.172942) can0 110#10C8000000000000
(1700000003.174942) can0 224#244F000000000000
(1700000003.180998) can0 0B0#B03C010000000000
(1700000003.182012) can0 185#857C000000000000
(1700000003.188877) can0 110#10C9000000000000
(1700000003.190551) can0 0B0#B03D010000000000
(1700000003.200443) can0 0B0#B03E010000000000
(1700000003.203274) can0 110#10CA000000000000
(1700000003.205901) can0 185#857D000000000000
(1700000003.210301) can0 0B0#B03F010000000000
(1700000003.214153) can0 224#2450000000000000
(1700000003.218250) can0 110#10CB000000000000
(1700000003.219402) can0 0B0#B040010000000000
(1700000003.219923) can0 2A9#A932000000000000
(1700000003.221861) can0 185#857E000000000000
(1700000003.229030) can0 0B0#B041010000000000
(1700000003.232583) can0 110#10CC000000000000
(1700000003.234917) can0 185#857F000000000000
(1700000003.239246) can0 0B0#B042010000000000
(1700000003.242277) can0 333#331F000000000000
(1700000003.247789) can0 185#8580000000000000
(1700000003.249369) can0 0B0#B043010000000000
(1700000003.249402) can0 110#10CD000000000000
(1700000003.254383) can0 224#2451000000000000
(1700000003.260127) can0 0B0#B044010000000000
(1700000003.261344) can0 185#8581000000000000
(1700000003.265464) can0 110#10CE000000000000
(1700000003.270271) can0 0B0#B045010000000000
(1700000003.274671) can0 185#8582000000000000
(1700000003.279936) can0 0B0#B046010000000000
(1700000003.280111) can0 2A9#A933000000000000
(1700000003.282206) can0 110#10CF000000000000
(1700000003.286476) can0 185#8583000000000000
(1700000003.290582) can0 0B0#B047010000000000
(1700000003.292541) can0 224#2452000000000000
(1700000003.297238) can0 110#10D0000000000000
(1700000003.299612) can0 185#8584000000000000
(1700000003.300788) can0 0B0#B048010000000000
(1700000003.310929) can0 0B0#B049010000000000
(1700000003.311312) can0 185#8585000000000000
(1700000003.311845) can0 110#10D1000000000000
(1700000003.321429) can0 0B0#B04A010000000000
(1700000003.324033) can0 185#8586000000000000
(1700000003.326359) can0 110#10D2000000000000
(1700000003.329504) can0 224#2453000000000000
(1700000003.331878) can0 0B0#B04B010000000000
(1700000003.334808) can0 333#3320000000000000
(1700000003.337012) can0 185#8587000000000000
(1700000003.342388) can0 0B0#B04C010000000000
(1700000003.343760) can0 110#10D3000000000000
(1700000003.345189) can0 2A9#A934000000000000
(1700000003.348686) can0 185#8588000000000000
(1700000003.352974) can0 0B0#B04D010000000000
(1700000003.360000) can0 110#10D4000000000000
(1700000003.360740) can0 185#8589000000000000
(1700000003.362285) can0 0B0#B04E010000000000
(1700000003.365468) can0 224#2454000000000000
(1700000003.371950) can0 0B0#B04F010000000000
(1700000003.372058) can0 185#858A000000000000
(1700000003.374839) can0 110#10D5000000000000
(1700000003.381609) can0 0B0#B050010000000000
(1700000003.383773) can0 185#858B000000000000
(1700000003.390292) can0 110#10D6000000000000
(1700000003.392423) can0 0B0#B051010000000000
(1700000003.395907) can0 185#858C000000000000
(1700000003.401647) can0 0B0#B052010000000000
(1700000003.401647) can0 224#2455000000000000
(1700000003.406523) can0 110#10D7000000000000
(1700000003.409696) can0 185#858D000000000000
(1700000003.411842) can0 2A9#A935000000000000
(1700000003.411919) can0 0B0#B053010000000000
(1700000003.421077) can0 110#10D8000000000000
(1700000003.421350) can0 0B0#B054010000000000
(1700000003.422199) can0 185#858E000000000000
(1700000003.429451) can0 333#3321000000000000
(1700000003.430598) can0 0B0#B055010000000000
(1700000003.434317) can0 185#858F000000000000
(1700000003.436640) can0 110#10D9000000000000
(1700000003.441230) can0 0B0#B056010000000000
(1700000003.441907) can0 224#2456000000000000
(1700000003.447848) can0 185#8590000000000000
(1700000003.452016) can0 0B0#B057010000000000
(1700000003.452252) can0 110#10DA000000000000
(1700000003.460467) can0 185#8591000000000000
(1700000003.462054) can0 0B0#B058010000000000
(1700000003.467492) can0 110#10DB000000000000
(1700000003.469438) can0 2A9#A936000000000000
(1700000003.471429) can0 0B0#B059010000000000
(1700000003.471877) can0 185#8592000000000000
(1700000003.479957) can0 224#2457000000000000
(1700000003.480663) can0 0B0#B05A010000000000
(1700000003.483501) can0 185#8593000000000000
(1700000003.484768) can0 110#10DC000000000000
(1700000003.491270) can0 0B0#B05B010000000000
(1700000003.497094) can0 185#8594000000000000
(1700000003.499201) can0 110#10DD000000000000
(1700000003.502025) can0 0B0#B05C010000000000
(1700000003.510196) can0 185#8595000000000000
(1700000003.511790) can0 0B0#B05D010000000000
(1700000003.513861) can0 110#10DE000000000000
(1700000003.518129) can0 224#2458000000000000
(1700000003.521988) can0 0B0#B05E010000000000
(1700000003.522757) can0 185#8596000000000000
(1700000003.526517) can0 333#3322000000000000
(1700000003.530979) can0 110#10DF000000000000
(1700000003.531621) can0 0B0#B05F010000000000
(1700000003.535202) can0 185#8597000000000000
(1700000003.537551) can0 2A9#A937000000000000
(1700000003.542123) can0 0B0#B060010000000000
(1700000003.547133) can0 110#10E0000000000000
(1700000003.548160) can0 185#8598000000000000
(1700000003.551134) can0 0B0#B061010000000000
(1700000003.554781) can0 224#2459000000000000
(1700000003.560425) can0 185#8599000000000000
(1700000003.561755) can0 0B0#B062010000000000
(1700000003.562765) can0 110#10E1000000000000
(1700000003.570842) can0 0B0#B063010000000000
(1700000003.572560) can0 185#859A000000000000
(1700000003.577795) can0 110#10E2000000000000
(1700000003.580743) can0 0B0#B064010000000000
(1700000003.586254) can0 185#859B000000000000
(1700000003.590932) can0 0B0#B065010000000000
(1700000003.593751) can0 110#10E3000000000000
(1700000003.597141) can0 224#245A000000000000
(1700000003.599559) can0 185#859C000000000000
(1700000003.600383) can0 0B0#B066010000000000
(1700000003.604391) can0 2A9#A938000000000000
(1700000003.609193) can0 110#10E4000000000000
(1700000003.610720) can0 0B0#B067010000000000
(1700000003.611523) can0 185#859D000000000000
(1700000003.619838) can0 0B0#B068010000000000
(1700000003.624098) can0 185#859E000000000000
(1700000003.624806) can0 110#10E5000000000000
(1700000003.629101) can0 0B0#B069010000000000
(1700000003.633466) can0 333#3323000000000000
(1700000003.637505) can0 185#859F000000000000
(1700000003.638922) can0 0B0#B06A010000000000
(1700000003.639385) can0 110#10E6000000000000
(1700000003.640799) can0 224#245B000000000000
(1700000003.648263) can0 0B0#B06B010000000000
(1700000003.649094) can0 185#85A0000000000000
(1700000003.654991) can0 110#10E7000000000000
(1700000003.657279) can0 0B0#B06C010000000000
(1700000003.662112) can0 2A9#A939000000000000
(1700000003.662843) can0 185#85A1000000000000
(1700000003.667630) can0 0B0#B06D010000000000
(1700000003.670049) can0 110#10E8000000000000
(1700000003.676634) can0 185#85A2000000000000
(1700000003.677719) can0 0B0#B06E010000000000
(1700000003.679383) can0 224#245C000000000000
(1700000003.685979) can0 110#10E9000000000000
(1700000003.687021) can0 0B0#B06F010000000000
(1700000003.688729) can0 185#85A3000000000000
(1700000003.696375) can0 0B0#B070010000000000
(1700000003.700643) can0 110#10EA000000000000
(1700000003.701697) can0 185#85A4000000000000
(1700000003.706745) can0 0B0#B071010000000000
(1700000003.713566) can0 185#85A5000000000000
(1700000003.715459) can0 224#245D000000000000
(1700000003.716767) can0 0B0#B072010000000000
(1700000003.716839) can0 110#10EB000000000000
(1700000003.725887) can0 0B0#B073010000000000
(1700000003.726826) can0 185#85A6000000000000
(1700000003.727848) can0 2A9#A93A000000000000
(1700000003.732160) can0 333#3324000000000000
(1700000003.734030) can0 110#10EC000000000000
(1700000003.736219) can0 0B0#B074010000000000
(1700000003.740543) can0 185#85A7000000000000
(1700000003.745923) can0 0B0#B075010000000000
(1700000003.751373) can0 110#10ED000000000000
(1700000003.751561) can0 224#245E000000000000
(1700000003.753039) can0 185#85A8000000000000
(1700000003.756089) can0 0B0#B076010000000000
(1700000003.764527) can0 185#85A9000000000000
(1700000003.765373) can0 0B0#B077010000000000
(1700000003.766035) can0 110#10EE000000000000
(1700000003.774704) can0 0B0#B078010000000000
(1700000003.776221) can0 185#85AA000000000000
(1700000003.781237) can0 110#10EF000000000000
(1700000003.784353) can0 0B0#B079010000000000
(1700000003.789131) can0 185#85AB000000000000
(1700000003.791735) can0 224#245F000000000000
(1700000003.793207) can0 2A9#A93B000000000000
(1700000003.793859) can0 0B0#B07A010000000000
(1700000003.797223) can0 110#10F0000000000000
(1700000003.801588) can0 185#85AC000000000000
(1700000003.804651) can0 0B0#B07B010000000000
(1700000003.813680) can0 110#10F1000000000000
(1700000003.813964) can0 0B0#B07C010000000000
(1700000003.814332) can0 185#85AD000000000000
(1700000003.824923) can0 0B0#B07D010000000000
(1700000003.826827) can0 185#85AE000000000000
(1700000003.829782) can0 110#10F2000000000000
(1700000003.831073) can0 224#2460000000000000
(1700000003.834522) can0 0B0#B07E010000000000
(1700000003.839024) can0 185#85AF000000000000
(1700000003.840275) can0 333#3325000000000000
(1700000003.844105) can0 0B0#B07F010000000000
(1700000003.846483) can0 110#10F3000000000000
(1700000003.852469) can0 185#85B0000000000000
(1700000003.854728) can0 0B0#B080010000000000
(1700000003.858486) can0 2A9#A93C000000000000
(1700000003.862034) can0 110#10F4000000000000
(1700000003.864342) can0 185#85B1000000000000
(1700000003.865392) can0 0B0#B081010000000000
(1700000003.867764) can0 224#2461000000000000
(1700000003.876219) can0 0B0#B082010000000000
(1700000003.877591) can0 185#85B2000000000000
(1700000003.877596) can0 110#10F5000000000000
(1700000003.885993) can0 0B0#B083010000000000
(1700000003.889971) can0 185#85B3000000000000
(1700000003.894733) can0 110#10F6000000000000
(1700000003.896588) can0 0B0#B084010000000000
(1700000003.902450) can0 185#85B4000000000000
(1700000003.905503) can0 224#2462000000000000
(1700000003.906692) can0 0B0#B085010000000000
(1700000003.911557) can0 110#10F7000000000000
(1700000003.913962) can0 185#85B5000000000000
(1700000003.917147) can0 0B0#B086010000000000
(1700000003.917287) can0 2A9#A93D000000000000
(1700000003.925333) can0 185#85B6000000000000
(1700000003.926193) can0 110#10F8000000000000
(1700000003.926582) can0 0B0#B087010000000000
(1700000003.936617) can0 0B0#B088010000000000
(1700000003.938834) can0 185#85B7000000000000
(1700000003.940730) can0 333#3326000000000000
(1700000003.943615) can0 110#10F9000000000000
(1700000003.945232) can0 224#2463000000000000
(1700000003.947157) can0 0B0#B089010000000000
(1700000003.950521) can0 185#85B8000000000000
(1700000003.957525) can0 0B0#B08A010000000000
(1700000003.959167) can0 110#10FA000000000000
(1700000003.961962) can0 185#85B9000000000000
(1700000003.968460) can0 0B0#B08B010000000000
(1700000003.974122) can0 185#85BA000000000000
(1700000003.974242) can0 110#10FB000000000000
(1700000003.978354) can0 0B0#B08C010000000000
(1700000003.978788) can0 2A9#A93E000000000000
(1700000003.987066) can0 224#2464000000000000
(1700000003.987837) can0 185#85BB000000000000
(1700000003.988429) can0 0B0#B08D010000000000
(1700000003.990321) can0 110#10FC000000000000
(1700000003.998573) can0 0B0#B08E010000000000
(1700000004.001185) can0 185#85BC000000000000
(1700000004.006375) can0 110#10FD000000000000
(1700000004.007857) can0 0B0#B08F010000000000
(1700000004.014170) can0 185#85BD000000000000
(1700000004.017232) can0 0B0#B090010000000000
(1700000004.022514) can0 110#10FE000000000000
(1700000004.026242) can0 185#85BE000000000000
(1700000004.027799) can0 0B0#B091010000000000
(1700000004.030144) can0 224#2465000000000000
(1700000004.032492) can0 333#3327000000000000
(1700000004.038237) can0 0B0#B092010000000000
(1700000004.038344) can0 185#85BF000000000000
(1700000004.039493) can0 2A9#A93F000000000000
(1700000004.039587) can0 110#10FF000000000000
(1700000004.048982) can0 0B0#B093010000000000
(1700000004.050141) can0 185#85C0000000000000
(1700000004.055938) can0 110#1000010000000000
(1700000004.058519) can0 0B0#B094010000000000
(1700000004.062653) can0 185#85C1000000000000
(1700000004.068205) can0 0B0#B095010000000000
(1700000004.070426) can0 110#1001010000000000
(1700000004.073141) can0 224#2466000000000000
(1700000004.074505) can0 185#85C2000000000000
(1700000004.077785) can0 0B0#B096010000000000
(1700000004.086458) can0 185#85C3000000000000
(1700000004.086655) can0 110#1002010000000000
(1700000004.088318) can0 0B0#B097010000000000
(1700000004.097991) can0 185#85C4000000000000
(1700000004.099090) can0 0B0#B098010000000000
(1700000004.102280) can0 110#1003010000000000
(1700000004.108050) can0 2A9#A940000000000000
(1700000004.110052) can0 0B0#B099010000000000
(1700000004.111402) can0 185#85C5000000000000
(1700000004.113464) can0 224#2467000000000000
(1700000004.117882) can0 110#1004010000000000
(1700000004.119564) can0 0B0#B09A010000000000
(1700000004.122908) can0 185#85C6000000000000
(1700000004.129348) can0 0B0#B09B010000000000
(1700000004.134377) can0 110#1005010000000000
(1700000004.135628) can0 185#85C7000000000000
(1700000004.139982) can0 333#3328000000000000
(1700000004.140184) can0 0B0#B09C010000000000
(1700000004.148876) can0 185#85C8000000000000
(1700000004.150148) can0 0B0#B09D010000000000
(1700000004.150790) can0 224#2468000000000000
(1700000004.150862) can0 110#1006010000000000
(1700000004.159705) can0 0B0#B09E010000000000
(1700000004.161023) can0 185#85C9000000000000
(1700000004.165088) can0 2A9#A941000000000000
(1700000004.167374) can0 110#1007010000000000
(1700000004.170188) can0 0B0#B09F010000000000
(1700000004.174699) can0 185#85CA000000000000
(1700000004.179500) can0 0B0#B0A0010000000000
(1700000004.184746) can0 110#1008010000000000
(1700000004.188296) can0 185#85CB000000000000
(1700000004.189195) can0 224#2469000000000000
(1700000004.189244) can0 0B0#B0A1010000000000
(1700000004.198759) can0 0B0#B0A2010000000000
(1700000004.199054) can0 110#1009010000000000
(1700000004.201529) can0 185#85CC000000000000
(1700000004.209248) can0 0B0#B0A3010000000000
(1700000004.213511) can0 110#100A010000000000
(1700000004.214303) can0 185#85CD000000000000
(1700000004.218760) can0 0B0#B0A4010000000000
(1700000004.222481) can0 2A9#A942000000000000
(1700000004.226240) can0 185#85CE000000000000
(1700000004.228105) can0 110#100B010000000000
(1700000004.228219) can0 0B0#B0A5010000000000
(1700000004.229771) can0 224#246A000000000000
(1700000004.237718) can0 185#85CF000000000000
(1700000004.239103) can0 0B0#B0A6010000000000
(1700000004.243544) can0 110#100C010000000000
(1700000004.244520) can0 333#3329000000000000
(1700000004.248904) can0 0B0#B0A7010000000000
(1700000004.250681) can0 185#85D0000000000000
(1700000004.258496) can0 110#100D010000000000
(1700000004.259210) can0 0B0#B0A8010000000000
(1700000004.264276) can0 185#85D1000000000000
(1700000004.265621) can0 224#246B000000000000
(1700000004.269732) can0 0B0#B0A9010000000000
(1700000004.274976) can0 110#100E010000000000
(1700000004.277933) can0 185#85D2000000000000
(1700000004.279103) can0 0B0#B0AA010000000000
(1700000004.285346) can0 2A9#A943000000000000
(1700000004.288133) can0 0B0#B0AB010000000000
(1700000004.290126) can0 185#85D3000000000000
(1700000004.291546) can0 110#100F010000000000
(1700000004.297315) can0 0B0#B0AC010000000000
(1700000004.302038) can0 185#85D4000000000000
(1700000004.303091) can0 224#246C000000000000
(1700000004.306911) can0 0B0#B0AD010000000000
(1700000004.307031) can0 110#1010010000000000
(1700000004.313682) can0 185#85D5000000000000
(1700000004.317609) can0 0B0#B0AE010000000000
(1700000004.323065) can0 110#1011010000000000
(1700000004.327412) can0 185#85D6000000000000
(1700000004.327736) can0 0B0#B0AF010000000000
(1700000004.337168) can0 0B0#B0B0010000000000
(1700000004.337553) can0 110#1012010000000000
(1700000004.340851) can0 185#85D7000000000000
(1700000004.344573) can0 224#246D000000000000
(1700000004.347646) can0 0B0#B0B1010000000000
(1700000004.350323) can0 2A9#A944000000000000
(1700000004.352454) can0 185#85D8000000000000
(1700000004.352574) can0 110#1013010000000000
(1700000004.353474) can0 333#332A000000000000
(1700000004.357857) can0 0B0#B0B2010000000000
(1700000004.365449) can0 185#85D9000000000000
(1700000004.367120) can0 0B0#B0B3010000000000
(1700000004.368600) can0 110#1014010000000000
(1700000004.376266) can0 0B0#B0B4010000000000
(1700000004.377245) can0 185#85DA000000000000
(1700000004.382729) can0 224#246E000000000000
(1700000004.384694) can0 110#1015010000000000
(1700000004.386237) can0 0B0#B0B5010000000000
(1700000004.389999) can0 185#85DB000000000000
(1700000004.395351) can0 0B0#B0B6010000000000
(1700000004.401764) can0 110#1016010000000000
(1700000004.403067) can0 185#85DC000000000000
(1700000004.404808) can0 0B0#B0B7010000000000
(1700000004.409060) can0 2A9#A945000000000000
(1700000004.415582) can0 0B0#B0B8010000000000
(1700000004.415825) can0 185#85DD000000000000
(1700000004.417262) can0 110#1017010000000000
(1700000004.422538) can0 224#246F000000000000
(1700000004.426046) can0 0B0#B0B9010000000000
(1700000004.428554) can0 185#85DE000000000000
(1700000004.431837) can0 110#1018010000000000
(1700000004.435917) can0 0B0#B0BA010000000000
(1700000004.441485) can0 185#85DF000000000000
(1700000004.444783) can0 333#332B000000000000
(1700000004.445665) can0 0B0#B0BB010000000000
(1700000004.448179) can0 110#1019010000000000
(1700000004.454386) can0 185#85E0000000000000
(1700000004.455793) can0 0B0#B0BC010000000000
(1700000004.463323) can0 110#101A010000000000
(1700000004.464761) can0 224#2470000000000000
(1700000004.465885) can0 0B0#B0BD010000000000
(1700000004.467733) can0 2A9#A946000000000000
(1700000004.468063) can0 185#85E1000000000000
(1700000004.475881) can0 0B0#B0BE010000000000
(1700000004.478936) can0 110#101B010000000000
(1700000004.479583) can0 185#85E2000000000000
(1700000004.485224) can0 0B0#B0BF010000000000
(1700000004.493139) can0 185#85E3000000000000
(1700000004.495654) can0 0B0#B0C0010000000000
(1700000004.495945) can0 110#101C010000000000
(1700000004.505645) can0 0B0#B0C1010000000000
(1700000004.506877) can0 185#85E4000000000000
(1700000004.507696) can0 224#2471000000000000
(1700000004.511467) can0 110#101D010000000000
(1700000004.515849) can0 0B0#B0C2010000000000
(1700000004.519471) can0 185#85E5000000000000
(1700000004.525213) can0 0B0#B0C3010000000000
(1700000004.527795) can0 110#101E010000000000
(1700000004.532750) can0 185#85E6000000000000
(1700000004.534204) can0 2A9#A947000000000000
(1700000004.534222) can0 0B0#B0C4010000000000
(1700000004.541568) can0 333#332C000000000000
(1700000004.543345) can0 110#101F010000000000
(1700000004.544385) can0 0B0#B0C5010000000000
(1700000004.545066) can0 185#85E7000000000000
(1700000004.549018) can0 224#2472000000000000
(1700000004.553808) can0 0B0#B0C6010000000000
(1700000004.558325) can0 185#85E8000000000000
(1700000004.560012) can0 110#1020010000000000
(1700000004.563774) can0 0B0#B0C7010000000000
(1700000004.571637) can0 185#85E9000000000000
(1700000004.573942) can0 0B0#B0C8010000000000
(1700000004.576572) can0 110#1021010000000000
(1700000004.584266) can0 0B0#B0C9010000000000
(1700000004.584574) can0 185#85EA000000000000
(1700000004.587992) can0 224#2473000000000000
(1700000004.593988) can0 110#1022010000000000
(1700000004.595263) can0 0B0#B0CA010000000000
(1700000004.595566) can0 2A9#A948000000000000
(1700000004.596640) can0 185#85EB000000000000
(1700000004.604299) can0 0B0#B0CB010000000000
(1700000004.609306) can0 185#85EC000000000000
(1700000004.609378) can0 110#1023010000000000
(1700000004.614040) can0 0B0#B0CC010000000000
(1700000004.621364) can0 185#85ED000000000000
(1700000004.624576) can0 0B0#B0CD010000000000
(1700000004.625805) can0 110#1024010000000000
(1700000004.630195) can0 224#2474000000000000
(1700000004.633932) can0 185#85EE000000000000
(1700000004.634950) can0 0B0#B0CE010000000000
(1700000004.640114) can0 110#1025010000000000
(1700000004.644047) can0 0B0#B0CF010000000000
(1700000004.646375) can0 185#85EF000000000000
(1700000004.651405) can0 333#332D000000000000
(1700000004.653050) can0 0B0#B0D0010000000000
(1700000004.656573) can0 110#1026010000000000
(1700000004.659373) can0 185#85F0000000000000
(1700000004.662120) can0 0B0#B0D1010000000000
(1700000004.662627) can0 2A9#A949000000000000
(1700000004.671711) can0 185#85F1000000000000
(1700000004.671787) can0 110#1027010000000000
(1700000004.671925) can0 0B0#B0D2010000000000
(1700000004.672365) can0 224#2475000000000000
(1700000004.682141) can0 0B0#B0D3010000000000
(1700000004.684536) can0 185#85F2000000000000
(1700000004.686970) can0 110#1028010000000000
(1700000004.692053) can0 0B0#B0D4010000000000
(1700000004.696434) can0 185#85F3000000000000
(1700000004.701934) can0 0B0#B0D5010000000000
(1700000004.702250) can0 110#1029010000000000
(1700000004.709207) can0 185#85F4000000000000
(1700000004.712237) can0 0B0#B0D6010000000000
(1700000004.715601) can0 224#2476000000000000
(1700000004.718820) can0 110#102A010000000000
(1700000004.720576) can0 185#85F5000000000000
(1700000004.723014) can0 0B0#B0D7010000000000
(1700000004.726258) can0 2A9#A94A000000000000
(1700000004.732199) can0 0B0#B0D8010000000000
(1700000004.734152) can0 185#85F6000000000000
(1700000004.734993) can0 110#102B010000000000
(1700000004.742565) can0 0B0#B0D9010000000000
(1700000004.747957) can0 185#85F7000000000000
(1700000004.751649) can0 110#102C010000000000
(1700000004.752297) can0 0B0#B0DA010000000000
(1700000004.759157) can0 224#2477000000000000
(1700000004.759671) can0 333#332E000000000000
(1700000004.761505) can0 185#85F8000000000000
(1700000004.761506) can0 0B0#B0DB010000000000
(1700000004.767026) can0 110#102D010000000000
(1700000004.770846) can0 0B0#B0DC010000000000
(1700000004.773273) can0 185#85F9000000000000
(1700000004.780325) can0 0B0#B0DD010000000000
(1700000004.783574) can0 110#102E010000000000
(1700000004.785017) can0 185#85FA000000000000
(1700000004.788756) can0 2A9#A94B000000000000
(1700000004.790310) can0 0B0#B0DE010000000000
(1700000004.796768) can0 224#2478000000000000
(1700000004.797369) can0 185#85FB000000000000
(1700000004.800225) can0 110#102F010000000000
(1700000004.800561) can0 0B0#B0DF010000000000
(1700000004.810124) can0 185#85FC000000000000
(1700000004.810495) can0 0B0#B0E0010000000000
(1700000004.815297) can0 110#1030010000000000
(1700000004.820295) can0 0B0#B0E1010000000000
(1700000004.823783) can0 185#85FD000000000000
(1700000004.830477) can0 110#1031010000000000
(1700000004.831081) can0 0B0#B0E2010000000000
(1700000004.833995) can0 224#2479000000000000
(1700000004.836168) can0 185#85FE000000000000
(1700000004.841373) can0 0B0#B0E3010000000000
(1700000004.846744) can0 110#1032010000000000
(1700000004.847582) can0 185#85FF000000000000
(1700000004.851736) can0 0B0#B0E4010000000000
(1700000004.855137) can0 333#332F000000000000
(1700000004.857932) can0 2A9#A94C000000000000
(1700000004.860619) can0 185#8500010000000000
(1700000004.862135) can0 0B0#B0E5010000000000
(1700000004.862810) can0 110#1033010000000000
(1700000004.873047) can0 0B0#B0E6010000000000
(1700000004.873192) can0 185#8501010000000000
(1700000004.873802) can0 224#247A000000000000
(1700000004.878715) can0 110#1034010000000000
(1700000004.883279) can0 0B0#B0E7010000000000
(1700000004.886809) can0 185#8502010000000000
(1700000004.893948) can0 0B0#B0E8010000000000
(1700000004.894175) can0 110#1035010000000000
(1700000004.900497) can0 185#8503010000000000
(1700000004.903537) can0 0B0#B0E9010000000000
(1700000004.909882) can0 110#1036010000000000
(1700000004.913769) can0 0B0#B0EA010000000000
(1700000004.913947) can0 185#8504010000000000
(1700000004.915419) can0 224#247B000000000000
(1700000004.924158) can0 2A9#A94D000000000000
(1700000004.924613) can0 0B0#B0EB010000000000
(1700000004.925877) can0 110#1037010000000000
(1700000004.926120) can0 185#8505010000000000
(1700000004.934380) can0 0B0#B0EC010000000000
(1700000004.939213) can0 185#8506010000000000
(1700000004.942899) can0 110#1038010000000000
(1700000004.944997) can0 0B0#B0ED010000000000
(1700000004.951961) can0 185#8507010000000000
(1700000004.954766) can0 0B0#B0EE010000000000
(1700000004.957823) can0 224#247C000000000000
(1700000004.959873) can0 110#1039010000000000
(1700000004.962108) can0 333#3330000000000000
(1700000004.964742) can0 0B0#B0EF010000000000
(1700000004.965556) can0 185#8508010000000000
(1700000004.974438) can0 110#103A010000000000
(1700000004.974988) can0 0B0#B0F0010000000000
(1700000004.977503) can0 185#8509010000000000
(1700000004.985170) can0 0B0#B0F1010000000000
(1700000004.990208) can0 110#103B010000000000
(1700000004.991182) can0 185#850A010000000000
(1700000004.992126) can0 2A9#A94E000000000000
(1700000004.994507) can0 224#247D000000000000
(1700000004.995994) can0 0B0#B0F2010000000000
(1700000005.004618) can0 185#850B010000000000
(1700000005.006070) can0 110#103C010000000000
(1700000005.006480) can0 0B0#B0F3010000000000
(1700000005.016039) can0 185#850C010000000000
(1700000005.017314) can0 0B0#B0F4010000000000
(1700000005.021001) can0 110#103D010000000000
(1700000005.027811) can0 185#850D010000000000
(1700000005.028230) can0 0B0#B0F5010000000000
(1700000005.031247) can0 224#247E000000000000
(1700000005.038036) can0 110#103E010000000000
(1700000005.038914) can0 0B0#B0F6010000000000
(1700000005.040612) can0 185#850E010000000000
(1700000005.049640) can0 0B0#B0F7010000000000
(1700000005.052973) can0 185#850F010000000000
(1700000005.055254) can0 110#103F010000000000
(1700000005.055983) can0 2A9#A94F000000000000
(1700000005.060307) can0 0B0#B0F8010000000000
(1700000005.063612) can0 333#3331000000000000
(1700000005.065119) can0 185#8510010000000000
(1700000005.070890) can0 0B0#B0F9010000000000
(1700000005.072032) can0 110#1040010000000000
(1700000005.072841) can0 224#247F000000000000
(1700000005.076632) can0 185#8511010000000000
(1700000005.080214) can0 0B0#B0FA010000000000
(1700000005.089184) can0 110#1041010000000000
(1700000005.089828) can0 185#8512010000000000
(1700000005.090228) can0 0B0#B0FB010000000000
(1700000005.100958) can0 0B0#B0FC010000000000
(1700000005.102887) can0 185#8513010000000000
(1700000005.106100) can0 110#1042010000000000
(1700000005.111002) can0 224#2480000000000000
(1700000005.111158) can0 0B0#B0FD010000000000
(1700000005.115533) can0 185#8514010000000000
(1700000005.120087) can0 2A9#A950000000000000
(1700000005.120553) can0 0B0#B0FE010000000000
(1700000005.121412) can0 110#1043010000000000
(1700000005.127942) can0 185#8515010000000000
(1700000005.131255) can0 0B0#B0FF010000000000
(1700000005.137765) can0 110#1044010000000000
(1700000005.139695) can0 185#8516010000000000
(1700000005.141697) can0 0B0#B000020000000000
(1700000005.152614) can0 224#2481000000000000
(1700000005.152683) can0 0B0#B001020000000000
(1700000005.152767) can0 185#8517010000000000
(1700000005.153345) can0 110#1045010000000000
(1700000005.162135) can0 0B0#B002020000000000
(1700000005.164311) can0 333#3332000000000000
(1700000005.166334) can0 185#8518010000000000
(1700000005.169354) can0 110#1046010000000000
(1700000005.171632) can0 0B0#B003020000000000
(1700000005.178255) can0 185#8519010000000000
(1700000005.180833) can0 2A9#A951000000000000
(1700000005.182369) can0 0B0#B004020000000000
(1700000005.183789) can0 110#1047010000000000
(1700000005.190575) can0 224#2482000000000000
(1700000005.190598) can0 185#851A010000000000
(1700000005.191919) can0 0B0#B005020000000000
(1700000005.198751) can0 110#1048010000000000
(1700000005.201858) can0 0B0#B006020000000000
(1700000005.203289) can0 185#851B010000000000
(1700000005.212237) can0 0B0#B007020000000000
(1700000005.214678) can0 185#851C010000000000
(1700000005.214726) can0 110#1049010000000000
(1700000005.221758) can0 0B0#B008020000000000
(1700000005.227711) can0 185#851D010000000000
(1700000005.229491) can0 110#104A010000000000
(1700000005.231903) can0 0B0#B009020000000000
(1700000005.232683) can0 224#2483000000000000
(1700000005.241426) can0 185#851E010000000000
(1700000005.242158) can0 0B0#B00A020000000000
(1700000005.242743) can0 2A9#A952000000000000
(1700000005.246399) can0 110#104B010000000000
(1700000005.251332) can0 0B0#B00B020000000000
(1700000005.253099) can0 185#851F010000000000
(1700000005.257370) can0 333#3333000000000000
(1700000005.260849) can0 0B0#B00C020000000000
(1700000005.262296) can0 110#104C010000000000
(1700000005.266663) can0 185#8520010000000000
(1700000005.270307) can0 0B0#B00D020000000000
(1700000005.272688) can0 224#2484000000000000
(1700000005.278358) can0 185#8521010000000000
(1700000005.279337) can0 110#104D010000000000
(1700000005.280599) can0 0B0#B00E020000000000
(1700000005.289647) can0 0B0#B00F020000000000
(1700000005.290513) can0 185#8522010000000000
(1700000005.294414) can0 110#104E010000000000
(1700000005.299677) can0 0B0#B010020000000000
(1700000005.303473) can0 185#8523010000000000
(1700000005.305952) can0 2A9#A953000000000000
(1700000005.309741) can0 110#104F010000000000
(1700000005.310544) can0 0B0#B011020000000000
(1700000005.315570) can0 224#2485000000000000
(1700000005.315751) can0 185#8524010000000000
(1700000005.319882) can0 0B0#B012020000000000
(1700000005.324827) can0 110#1050010000000000
(1700000005.327795) can0 185#8525010000000000
(1700000005.329581) can0 0B0#B013020000000000
(1700000005.338974) can0 0B0#B014020000000000
(1700000005.339325) can0 185#8526010000000000
(1700000005.340154) can0 110#1051010000000000
(1700000005.348611) can0 0B0#B015020000000000
(1700000005.352483) can0 333#3334000000000000
(1700000005.353129) can0 224#2486000000000000
(1700000005.353131) can0 185#8527010000000000
(1700000005.354790) can0 110#1052010000000000
(1700000005.357997) can0 0B0#B016020000000000
(1700000005.364227) can0 2A9#A954000000000000
(1700000005.365640) can0 185#8528010000000000
(1700000005.367086) can0 0B0#B017020000000000
(1700000005.369568) can0 110#1053010000000000
(1700000005.377032) can0 0B0#B018020000000000
(1700000005.377288) can0 185#8529010000000000
(1700000005.384440) can0 110#1054010000000000
(1700000005.387116) can0 0B0#B019020000000000
(1700000005.388802) can0 185#852A010000000000
(1700000005.394168) can0 224#2487000000000000
(1700000005.396967) can0 0B0#B01A020000000000
(1700000005.401723) can0 110#1055010000000000
(1700000005.402174) can0 185#852B010000000000
(1700000005.407391) can0 0B0#B01B020000000000
(1700000005.413594) can0 185#852C010000000000
(1700000005.416843) can0 110#1056010000000000
(1700000005.417401) can0 0B0#B01C020000000000
(1700000005.426271) can0 185#852D010000000000
(1700000005.427513) can0 0B0#B01D020000000000
(1700000005.432498) can0 2A9#A955000000000000
(1700000005.434009) can0 110#1057010000000000
(1700000005.434810) can0 224#2488000000000000
(1700000005.436535) can0 0B0#B01E020000000000
(1700000005.439343) can0 185#852E010000000000
(1700000005.446884) can0 0B0#B01F020000000000
(1700000005.448790) can0 333#3335000000000000
(1700000005.449612) can0 110#1058010000000000
(1700000005.452824) can0 185#852F010000000000
(1700000005.456602) can0 0B0#B020020000000000
(1700000005.464357) can0 185#8530010000000000
(1700000005.464393) can0 110#1059010000000000
(1700000005.466941) can0 0B0#B021020000000000
(1700000005.476367) can0 0B0#B022020000000000
(1700000005.476895) can0 224#2489000000000000
(1700000005.476983) can0 185#8531010000000000
(1700000005.481465) can0 110#105A010000000000
(1700000005.485533) can0 0B0#B023020000000000
(1700000005.489392) can0 185#8532010000000000
(1700000005.491274) can0 2A9#A956000000000000
(1700000005.495618) can0 0B0#B024020000000000
(1700000005.498594) can0 110#105B010000000000
(1700000005.502938) can0 185#8533010000000000
(1700000005.505182) can0 0B0#B025020000000000
(1700000005.512933) can0 110#105C010000000000
(1700000005.514095) can0 224#248A000000000000
(1700000005.515560) can0 0B0#B026020000000000
(1700000005.516053) can0 185#8534010000000000
(1700000005.525820) can0 0B0#B027020000000000
(1700000005.527998) can0 185#8535010000000000
(1700000005.529338) can0 110#105D010000000000
(1700000005.536348) can0 0B0#B028020000000000
(1700000005.541206) can0 185#8536010000000000
(1700000005.544856) can0 110#105E010000000000
(1700000005.546627) can0 0B0#B029020000000000
(1700000005.547933) can0 333#3336000000000000
(1700000005.553609) can0 185#8537010000000000
(1700000005.553976) can0 2A9#A957000000000000
(1700000005.556469) can0 0B0#B02A020000000000
(1700000005.557136) can0 224#248B000000000000
(1700000005.562141) can0 110#105F010000000000
(1700000005.565334) can0 185#8538010000000000
(1700000005.567352) can0 0B0#B02B020000000000
(1700000005.577642) can0 0B0#B02C020000000000
(1700000005.578392) can0 110#1060010000000000
(1700000005.578965) can0 185#8539010000000000
(1700000005.587092) can0 0B0#B02D020000000000
(1700000005.590715) can0 185#853A010000000000
(1700000005.593841) can0 110#1061010000000000
(1700000005.597735) can0 224#248C000000000000
(1700000005.597938) can0 0B0#B02E020000000000
(1700000005.603709) can0 185#853B010000000000
(1700000005.607220) can0 0B0#B02F020000000000
(1700000005.610766) can0 110#1062010000000000
(1700000005.615855) can0 2A9#A958000000000000
(1700000005.616943) can0 185#853C010000000000
(1700000005.617707) can0 0B0#B030020000000000
(1700000005.626953) can0 110#1063010000000000
(1700000005.627616) can0 0B0#B031020000000000
(1700000005.630626) can0 185#853D010000000000
(1700000005.637391) can0 0B0#B032020000000000
(1700000005.640400) can0 224#248D000000000000
(1700000005.641388) can0 110#1064010000000000
(1700000005.644176) can0 185#853E010000000000
(1700000005.646461) can0 0B0#B033020000000000
(1700000005.646801) can0 333#3337000000000000
(1700000005.656052) can0 110#1065010000000000
(1700000005.656202) can0 185#853F010000000000
(1700000005.656918) can0 0B0#B034020000000000
(1700000005.667454) can0 0B0#B035020000000000
(1700000005.668598) can0 185#8540010000000000
(1700000005.670731) can0 110#1066010000000000
(1700000005.677464) can0 0B0#B036020000000000
(1700000005.681088) can0 185#8541010000000000
(1700000005.681802) can0 224#248E000000000000
(1700000005.684296) can0 2A9#A959000000000000
(1700000005.685506) can0 110#1067010000000000
(1700000005.686661) can0 0B0#B037020000000000
(1700000005.693974) can0 185#8542010000000000
(1700000005.697609) can0 0B0#B038020000000000
(1700000005.701818) can0 110#1068010000000000
(1700000005.706393) can0 185#8543010000000000
(1700000005.707064) can0 0B0#B039020000000000
(1700000005.716792) can0 0B0#B03A020000000000
(1700000005.716807) can0 110#1069010000000000
(1700000005.719131) can0 185#8544010000000000
(1700000005.721001) can0 224#248F000000000000
(1700000005.725894) can0 0B0#B03B020000000000
(1700000005.731160) can0 110#106A010000000000
(1700000005.731630) can0 185#8545010000000000
(1700000005.735379) can0 0B0#B03C020000000000
(1700000005.740041) can0 333#3338000000000000
(1700000005.744479) can0 185#8546010000000000
(1700000005.744884) can0 0B0#B03D020000000000
(1700000005.748243) can0 110#106B010000000000
(1700000005.748536) can0 2A9#A95A000000000000
(1700000005.755655) can0 0B0#B03E020000000000
(1700000005.755968) can0 185#8547010000000000
(1700000005.762991) can0 224#2490000000000000
(1700000005.765606) can0 110#106C010000000000
(1700000005.766277) can0 0B0#B03F020000000000
(1700000005.768851) can0 185#8548010000000000
(1700000005.775928) can0 0B0#B040020000000000
(1700000005.780564) can0 185#8549010000000000
(1700000005.782543) can0 110#106D010000000000
(1700000005.786161) can0 0B0#B041020000000000
(1700000005.792332) can0 185#854A010000000000
(1700000005.795825) can0 0B0#B042020000000000
(1700000005.799926) can0 110#106E010000000000
(1700000005.803099) can0 224#2491000000000000
(1700000005.804459) can0 185#854B010000000000
(1700000005.805480) can0 0B0#B043020000000000
(1700000005.809662) can0 2A9#A95B000000000000
(1700000005.814536) can0 0B0#B044020000000000
(1700000005.815387) can0 110#106F010000000000
(1700000005.815791) can0 185#854C010000000000
(1700000005.825081) can0 0B0#B045020000000000
(1700000005.827499) can0 185#854D010000000000
(1700000005.831420) can0 110#1070010000000000
(1700000005.835602) can0 0B0#B046020000000000
(1700000005.839763) can0 185#854E010000000000
(1700000005.841996) can0 333#3339000000000000
(1700000005.844977) can0 0B0#B047020000000000
(1700000005.845542) can0 224#2492000000000000
(1700000005.845789) can0 110#1071010000000000
(1700000005.852127) can0 185#854F010000000000
(1700000005.855090) can0 0B0#B048020000000000
(1700000005.861680) can0 110#1072010000000000
(1700000005.864714) can0 185#8550010000000000
(1700000005.865434) can0 0B0#B049020000000000
(1700000005.872786) can0 2A9#A95C000000000000
(1700000005.874803) can0 0B0#B04A020000000000
(1700000005.876633) can0 185#8551010000000000
(1700000005.878752) can0 110#1073010000000000
(1700000005.885412) can0 0B0#B04B020000000000
(1700000005.888258) can0 224#2493000000000000
(1700000005.888702) can0 185#8552010000000000
(1700000005.893558) can0 110#1074010000000000
(1700000005.894650) can0 0B0#B04C020000000000
(1700000005.901245) can0 185#8553010000000000
(1700000005.904574) can0 0B0#B04D020000000000
(1700000005.908953) can0 110#1075010000000000
(1700000005.913918) can0 185#8554010000000000
(1700000005.914078) can0 0B0#B04E020000000000
(1700000005.924238) can0 0B0#B04F020000000000
(1700000005.924770) can0 110#1076010000000000
(1700000005.925659) can0 185#8555010000000000
(1700000005.925842) can0 224#2494000000000000
(1700000005.933567) can0 333#333A000000000000
(1700000005.934826) can0 0B0#B050020000000000
(1700000005.935628) can0 2A9#A95D000000000000
(1700000005.937496) can0 185#8556010000000000
(1700000005.940535) can0 110#1077010000000000
(1700000005.944144) can0 0B0#B051020000000000
(1700000005.950436) can0 185#8557010000000000
(1700000005.955069) can0 0B0#B052020000000000
(1700000005.956920) can0 110#1078010000000000
(1700000005.963510) can0 185#8558010000000000
(1700000005.965359) can0 0B0#B053020000000000
(1700000005.969411) can0 224#2495000000000000
(1700000005.971392) can0 110#1079010000000000
(1700000005.975506) can0 185#8559010000000000
(1700000005.975762) can0 0B0#B054020000000000
(1700000005.985166) can0 0B0#B055020000000000
(1700000005.988576) can0 110#107A010000000000
(1700000005.988627) can0 185#855A010000000000
(1700000005.995082) can0 0B0#B056020000000000
(1700000006.001810) can0 185#855B010000000000
(1700000006.002469) can0 2A9#A95E000000000000
(1700000006.004394) can0 110#107B010000000000
(1700000006.005929) can0 0B0#B057020000000000
(1700000006.009247) can0 224#2496000000000000
(1700000006.014196) can0 185#855C010000000000
(1700000006.015682) can0 0B0#B058020000000000
(1700000006.019015) can0 110#107C010000000000
(1700000006.025338) can0 0B0#B059020000000000
(1700000006.027841) can0 185#855D010000000000
(1700000006.034372) can0 110#107D010000000000
(1700000006.035179) can0 333#333B000000000000
(1700000006.035651) can0 0B0#B05A020000000000
(1700000006.039498) can0 185#855E010000000000
(1700000006.045232) can0 0B0#B05B020000000000
(1700000006.049621) can0 224#2497000000000000
(1700000006.050176) can0 110#107E010000000000
(1700000006.053304) can0 185#855F010000000000
(1700000006.055572) can0 0B0#B05C020000000000
(1700000006.065679) can0 0B0#B05D020000000000
(1700000006.066894) can0 185#8560010000000000
(1700000006.067335) can0 110#107F010000000000
(1700000006.070559) can0 2A9#A95F000000000000
(1700000006.074693) can0 0B0#B05E020000000000
(1700000006.080667) can0 185#8561010000000000
(1700000006.082822) can0 110#1080010000000000
(1700000006.084828) can0 0B0#B05F020000000000
(1700000006.091939) can0 224#2498000000000000
(1700000006.092625) can0 185#8562010000000000
(1700000006.094486) can0 0B0#B060020000000000
(1700000006.097927) can0 110#1081010000000000
(1700000006.104732) can0 185#8563010000000000
(1700000006.105073) can0 0B0#B061020000000000
(1700000006.112996) can0 110#1082010000000000
(1700000006.115827) can0 0B0#B062020000000000
(1700000006.116908) can0 185#8564010000000000
(1700000006.126602) can0 0B0#B063020000000000
(1700000006.127918) can0 110#1083010000000000
(1700000006.129280) can0 185#8565010000000000
(1700000006.130916) can0 224#2499000000000000
(1700000006.132999) can0 2A9#A960000000000000
(1700000006.136201) can0 0B0#B064020000000000
(1700000006.138191) can0 333#333C000000000000
(1700000006.141986) can0 185#8566010000000000
(1700000006.143904) can0 110#1084010000000000
(1700000006.147167) can0 0B0#B065020000000000
(1700000006.154535) can0 185#8567010000000000
(1700000006.156364) can0 0B0#B066020000000000
(1700000006.160333) can0 110#1085010000000000
(1700000006.166369) can0 0B0#B067020000000000
(1700000006.166659) can0 185#8568010000000000
(1700000006.171325) can0 224#249A000000000000
(1700000006.175749) can0 110#1086010000000000
(1700000006.176235) can0 0B0#B068020000000000
(1700000006.178107) can0 185#8569010000000000
(1700000006.186070) can0 0B0#B069020000000000
(1700000006.190469) can0 110#1087010000000000
(1700000006.191183) can0 185#856A010000000000
(1700000006.196459) can0 0B0#B06A020000000000
(1700000006.199151) can0 2A9#A961000000000000
(1700000006.204419) can0 185#856B010000000000
(1700000006.204971) can0 110#1088010000000000
(1700000006.206831) can0 0B0#B06B020000000000
(1700000006.211334) can0 224#249B000000000000
(1700000006.216525) can0 0B0#B06C020000000000
(1700000006.218039) can0 185#856C010000000000
(1700000006.221535) can0 110#1089010000000000
(1700000006.226017) can0 0B0#B06D020000000000
(1700000006.231168) can0 185#856D010000000000
(1700000006.235121) can0 333#333D000000000000
(1700000006.236021) can0 110#108A010000000000
(1700000006.236477) can0 0B0#B06E020000000000
(1700000006.244602) can0 185#856E010000000000
(1700000006.246962) can0 0B0#B06F020000000000
(1700000006.249700) can0 224#249C000000000000
(1700000006.252178) can0 110#108B010000000000
(1700000006.257159) can0 0B0#B070020000000000
(1700000006.257268) can0 185#856F010000000000
(1700000006.265910) can0 2A9#A962000000000000
(1700000006.267906) can0 0B0#B071020000000000
(1700000006.268640) can0 110#108C010000000000
(1700000006.269522) can0 185#8570010000000000
(1700000006.276950) can0 0B0#B072020000000000
(1700000006.282774) can0 185#8571010000000000
(1700000006.284052) can0 110#108D010000000000
(1700000006.287258) can0 0B0#B073020000000000
(1700000006.288456) can0 224#249D000000000000
(1700000006.295680) can0 185#8572010000000000
(1700000006.296893) can0 0B0#B074020000000000
(1700000006.299421) can0 110#108E010000000000
(1700000006.306264) can0 0B0#B075020000000000
(1700000006.307857) can0 185#8573010000000000
(1700000006.315609) can0 0B0#B076020000000000
(1700000006.315830) can0 110#108F010000000000
(1700000006.320259) can0 185#8574010000000000
(1700000006.323756) can0 2A9#A963000000000000
(1700000006.324639) can0 0B0#B077020000000000
(1700000006.325720) can0 224#249E000000000000
(1700000006.331897) can0 110#1090010000000000
(1700000006.333088) can0 333#333E000000000000
(1700000006.333410) can0 185#8575010000000000
(1700000006.335322) can0 0B0#B078020000000000
(1700000006.344873) can0 0B0#B079020000000000
(1700000006.346417) can0 110#1091010000000000
(1700000006.347060) can0 185#8576010000000000
(1700000006.355785) can0 0B0#B07A020000000000
(1700000006.359035) can0 185#8577010000000000
(1700000006.360910) can0 110#1092010000000000
(1700000006.361939) can0 224#249F000000000000
(1700000006.364840) can0 0B0#B07B020000000000
(1700000006.372164) can0 185#8578010000000000
(1700000006.375755) can0 0B0#B07C020000000000
(1700000006.377360) can0 110#1093010000000000
(1700000006.384906) can0 0B0#B07D020000000000
(1700000006.385134) can0 185#8579010000000000
(1700000006.386876) can0 2A9#A964000000000000
(1700000006.392603) can0 110#1094010000000000
(1700000006.394972) can0 0B0#B07E020000000000
(1700000006.398198) can0 185#857A010000000000
(1700000006.403095) can0 224#24A0000000000000
(1700000006.405459) can0 0B0#B07F020000000000
(1700000006.407828) can0 110#1095010000000000
(1700000006.415044) can0 0B0#B080020000000000
(1700000006.419772) can0 185#857B010000000000
(1700000006.423109) can0 110#1096010000000000
(1700000006.424478) can0 333#333F000000000000
(1700000006.424504) can0 0B0#B081020000000000
(1700000006.433924) can0 0B0#B082020000000000
(1700000006.438966) can0 110#1097010000000000
(1700000006.443312) can0 0B0#B083020000000000
(1700000006.443539) can0 185#857C010000000000
(1700000006.444619) can0 224#24A1000000000000
(1700000006.450703) can0 2A9#A965000000000000
(1700000006.453011) can0 0B0#B084020000000000
(1700000006.454986) can0 110#1098010000000000
(1700000006.462025) can0 0B0#B085020000000000
(1700000006.468447) can0 185#857D010000000000
(1700000006.469947) can0 110#1099010000000000
(1700000006.471185) can0 0B0#B086020000000000
(1700000006.480392) can0 0B0#B087020000000000
(1700000006.480623) can0 224#24A2000000000000
(1700000006.487258) can0 110#109A010000000000
(1700000006.490465) can0 0B0#B088020000000000
(1700000006.495409) can0 185#857E010000000000
(1700000006.500625) can0 0B0#B089020000000000
(1700000006.502329) can0 110#109B010000000000
(1700000006.510792) can0 0B0#B08A020000000000
(1700000006.512542) can0 2A9#A966000000000000
(1700000006.517382) can0 224#24A3000000000000
(1700000006.518255) can0 110#109C010000000000
(1700000006.521108) can0 185#857F010000000000
(1700000006.521174) can0 0B0#B08B020000000000
(1700000006.530848) can0 333#3340000000000000
(1700000006.531283) can0 0B0#B08C020000000000
(1700000006.532957) can0 110#109D010000000000
(1700000006.541586) can0 0B0#B08D020000000000
(1700000006.547673) can0 185#8580010000000000
(1700000006.549577) can0 110#109E010000000000
(1700000006.552200) can0 0B0#B08E020000000000
(1700000006.555115) can0 224#24A4000000000000
(1700000006.561384) can0 0B0#B08F020000000000
(1700000006.565454) can0 110#109F010000000000
(1700000006.570543) can0 0B0#B090020000000000
(1700000006.571269) can0 2A9#A967000000000000
(1700000006.572691) can0 185#8581010000000000
(1700000006.580263) can0 0B0#B091020000000000
(1700000006.581478) can0 110#10A0010000000000
(1700000006.590976) can0 0B0#B092020000000000
(1700000006.597051) can0 224#24A5000000000000
(1700000006.597763) can0 110#10A1010000000000
(1700000006.599180) can0 185#8582010000000000
(1700000006.600985) can0 0B0#B093020000000000
(1700000006.610567) can0 0B0#B094020000000000
(1700000006.614493) can0 110#10A2010000000000
(1700000006.620360) can0 0B0#B095020000000000
(1700000006.623483) can0 185#8583010000000000
(1700000006.630068) can0 110#10A3010000000000
(1700000006.631014) can0 0B0#B096020000000000
(1700000006.631677) can0 333#3341000000000000
(1700000006.633425) can0 2A9#A968000000000000
(1700000006.633473) can0 224#24A6000000000000
(1700000006.641391) can0 0B0#B097020000000000
(1700000006.644729) can0 110#10A4010000000000
(1700000006.649624) can0 185#8584010000000000
(1700000006.651440) can0 0B0#B098020000000000
(1700000006.659772) can0 110#10A5010000000000
(1700000006.662091) can0 0B0#B099020000000000
(1700000006.671935) can0 0B0#B09A020000000000
(1700000006.674399) can0 110#10A6010000000000
(1700000006.676263) can0 224#24A7000000000000
(1700000006.676722) can0 185#8585010000000000
(1700000006.681579) can0 0B0#B09B020000000000
(1700000006.689459) can0 110#10A7010000000000
(1700000006.691350) can0 0B0#B09C020000000000
(1700000006.696870) can0 2A9#A969000000000000
(1700000006.700693) can0 0B0#B09D020000000000
(1700000006.702204) can0 185#8586010000000000
(1700000006.705901) can0 110#10A8010000000000
(1700000006.710913) can0 0B0#B09E020000000000
(1700000006.716441) can0 224#24A8000000000000
(1700000006.721763) can0 0B0#B09F020000000000
(1700000006.722588) can0 110#10A9010000000000
(1700000006.727125) can0 185#8587010000000000
(1700000006.730043) can0 333#3342000000000000
(1700000006.732444) can0 0B0#B0A0020000000000
(1700000006.738624) can0 110#10AA010000000000
(1700000006.743292) can0 0B0#B0A1020000000000
(1700000006.752907) can0 185#8588010000000000
(1700000006.753922) can0 0B0#B0A2020000000000
(1700000006.753927) can0 110#10AB010000000000
(1700000006.756800) can0 224#24A9000000000000
(1700000006.762948) can0 2A9#A96A000000000000
(1700000006.763549) can0 0B0#B0A3020000000000
(1700000006.768325) can0 110#10AC010000000000
(1700000006.773440) can0 0B0#B0A4020000000000
(1700000006.776826) can0 185#8589010000000000
(1700000006.784191) can0 0B0#B0A5020000000000
(1700000006.785053) can0 110#10AD010000000000
(1700000006.794873) can0 0B0#B0A6020000000000
(1700000006.799939) can0 224#24AA000000000000
(1700000006.800840) can0 110#10AE010000000000
(1700000006.803752) can0 185#858A010000000000
(1700000006.805817) can0 0B0#B0A7020000000000
(1700000006.815086) can0 0B0#B0A8020000000000
(1700000006.816681) can0 110#10AF010000000000
(1700000006.824615) can0 0B0#B0A9020000000000
(1700000006.828100) can0 2A9#A96B000000000000
(1700000006.828543) can0 333#3343000000000000
(1700000006.828613) can0 185#858B010000000000
(1700000006.833375) can0 110#10B0010000000000
(1700000006.834350) can0 0B0#B0AA020000000000
(1700000006.840560) can0 224#24AB000000000000
(1700000006.844357) can0 0B0#B0AB020000000000
(1700000006.850305) can0 110#10B1010000000000
(1700000006.853878) can0 0B0#B0AC020000000000
(1700000006.855304) can0 185#858C010000000000
(1700000006.863758) can0 0B0#B0AD020000000000
(1700000006.866996) can0 110#10B2010000000000
(1700000006.873622) can0 0B0#B0AE020000000000
(1700000006.881399) can0 224#24AC000000000000
(1700000006.881947) can0 110#10B3010000000000
(1700000006.882886) can0 185#858D010000000000
(1700000006.883055) can0 0B0#B0AF020000000000
(1700000006.892821) can0 0B0#B0B0020000000000
(1700000006.894041) can0 2A9#A96C000000000000
(1700000006.899291) can0 110#10B4010000000000
(1700000006.903005) can0 0B0#B0B1020000000000
(1700000006.907029) can0 185#858E010000000000
(1700000006.913681) can0 0B0#B0B2020000000000
(1700000006.915659) can0 110#10B5010000000000
(1700000006.923416) can0 224#24AD000000000000
(1700000006.924522) can0 0B0#B0B3020000000000
(1700000006.931233) can0 110#10B6010000000000
(1700000006.933607) can0 185#858F010000000000
(1700000006.933951) can0 0B0#B0B4020000000000
(1700000006.937118) can0 333#3344000000000000
(1700000006.943805) can0 0B0#B0B5020000000000
(1700000006.948395) can0 110#10B7010000000000
(1700000006.954320) can0 0B0#B0B6020000000000
(1700000006.954388) can0 2A9#A96D000000000000
(1700000006.956359) can0 185#8590010000000000
(1700000006.959578) can0 224#24AE000000000000
(1700000006.962826) can0 110#10B8010000000000
(1700000006.964966) can0 0B0#B0B7020000000000
(1700000006.974918) can0 0B0#B0B8020000000000
(1700000006.978908) can0 110#10B9010000000000
(1700000006.982740) can0 185#8591010000000000
(1700000006.984558) can0 0B0#B0B9020000000000
(1700000006.994036) can0 110#10BA010000000000
(1700000006.994071) can0 0B0#B0BA020000000000
(1700000007.000577) can0 224#24AF000000000000
(1700000007.004505) can0 0B0#B0BB020000000000
(1700000007.005614) can0 185#8592010000000000
(1700000007.009418) can0 110#10BB010000000000
(1700000007.012368) can0 2A9#A96E000000000000
(1700000007.015172) can0 0B0#B0BC020000000000
(1700000007.024807) can0 110#10BC010000000000
(1700000007.025986) can0 0B0#B0BD020000000000
(1700000007.030323) can0 185#8593010000000000
(1700000007.035472) can0 333#3345000000000000
(1700000007.036243) can0 0B0#B0BE020000000000
(1700000007.037618) can0 224#24B0000000000000
(1700000007.039597) can0 110#10BD010000000000
(1700000007.045482) can0 0B0#B0BF020000000000
(1700000007.053983) can0 185#8594010000000000
(1700000007.054754) can0 0B0#B0C0020000000000
(1700000007.055210) can0 110#10BE010000000000
(1700000007.063888) can0 0B0#B0C1020000000000
(1700000007.071640) can0 110#10BF010000000000
(1700000007.072632) can0 2A9#A96F000000000000
(1700000007.074734) can0 0B0#B0C2020000000000
(1700000007.075432) can0 224#24B1000000000000
(1700000007.081193) can0 185#8595010000000000
(1700000007.084074) can0 0B0#B0C3020000000000
(1700000007.086726) can0 110#10C0010000000000
(1700000007.094340) can0 0B0#B0C4020000000000
(1700000007.102496) can0 110#10C1010000000000
(1700000007.105263) can0 0B0#B0C5020000000000
(1700000007.107921) can0 185#8596010000000000
(1700000007.112862) can0 224#24B2000000000000
(1700000007.115423) can0 0B0#B0C6020000000000
(1700000007.119298) can0 110#10C2010000000000
(1700000007.125415) can0 0B0#B0C7020000000000
(1700000007.134317) can0 185#8597010000000000
(1700000007.134426) can0 110#10C3010000000000
(1700000007.135485) can0 0B0#B0C8020000000000
(1700000007.138733) can0 2A9#A970000000000000
(1700000007.142795) can0 333#3346000000000000
(1700000007.144870) can0 0B0#B0C9020000000000
(1700000007.149388) can0 110#10C4010000000000
(1700000007.152488) can0 224#24B3000000000000
(1700000007.154402) can0 0B0#B0CA020000000000
(1700000007.160447) can0 185#8598010000000000
(1700000007.163511) can0 0B0#B0CB020000000000
(1700000007.165295) can0 110#10C5010000000000
(1700000007.172627) can0 0B0#B0CC020000000000
(1700000007.181979) can0 110#10C6010000000000
(1700000007.182876) can0 0B0#B0CD020000000000
(1700000007.186412) can0 185#8599010000000000
(1700000007.191938) can0 224#24B4000000000000
(1700000007.192396) can0 0B0#B0CE020000000000
(1700000007.197806) can0 110#10C7010000000000
(1700000007.199477) can0 2A9#A971000000000000
(1700000007.203184) can0 0B0#B0CF020000000000
(1700000007.212128) can0 185#859A010000000000
(1700000007.213128) can0 0B0#B0D0020000000000
(1700000007.214443) can0 110#10C8010000000000
(1700000007.223112) can0 0B0#B0D1020000000000
(1700000007.228991) can0 110#10C9010000000000
(1700000007.233300) can0 0B0#B0D2020000000000
(1700000007.234492) can0 224#24B5000000000000
(1700000007.237939) can0 185#859B010000000000
(1700000007.243597) can0 0B0#B0D3020000000000
(1700000007.245726) can0 110#10CA010000000000
(1700000007.246546) can0 333#3347000000000000
(1700000007.254233) can0 0B0#B0D4020000000000
(1700000007.262071) can0 110#10CB010000000000
(1700000007.263549) can0 185#859C010000000000
(1700000007.263658) can0 0B0#B0D5020000000000
(1700000007.267230) can0 2A9#A972000000000000
(1700000007.270976) can0 224#24B6000000000000
(1700000007.273473) can0 0B0#B0D6020000000000
(1700000007.278045) can0 110#10CC010000000000
(1700000007.283773) can0 0B0#B0D7020000000000
(1700000007.288028) can0 185#859D010000000000
(1700000007.293049) can0 110#10CD010000000000
(1700000007.293611) can0 0B0#B0D8020000000000
(1700000007.304493) can0 0B0#B0D9020000000000
(1700000007.309327) can0 110#10CE010000000000
(1700000007.311823) can0 224#24B7000000000000
(1700000007.313193) can0 185#859E010000000000
(1700000007.313577) can0 0B0#B0DA020000000000
(1700000007.323550) can0 0B0#B0DB020000000000
(1700000007.325671) can0 110#10CF010000000000
(1700000007.330800) can0 2A9#A973000000000000
(1700000007.333732) can0 0B0#B0DC020000000000
(1700000007.340537) can0 185#859F010000000000
(1700000007.341440) can0 110#10D0010000000000
(1700000007.343637) can0 0B0#B0DD020000000000
(1700000007.349819) can0 224#24B8000000000000
(1700000007.350442) can0 333#3348000000000000
(1700000007.353187) can0 0B0#B0DE020000000000
(1700000007.356206) can0 110#10D1010000000000
(1700000007.362361) can0 0B0#B0DF020000000000
(1700000007.363543) can0 185#85A0010000000000
(1700000007.371652) can0 0B0#B0E0020000000000
(1700000007.372716) can0 110#10D2010000000000
(1700000007.381952) can0 0B0#B0E1020000000000
(1700000007.387106) can0 185#85A1010000000000
(1700000007.388475) can0 110#10D3010000000000
(1700000007.391486) can0 224#24B9000000000000
(1700000007.392254) can0 0B0#B0E2020000000000
(1700000007.393314) can0 2A9#A974000000000000
(1700000007.402142) can0 0B0#B0E3020000000000
(1700000007.404553) can0 110#10D4010000000000
(1700000007.411465) can0 0B0#B0E4020000000000
(1700000007.411746) can0 185#85A2010000000000
(1700000007.420526) can0 0B0#B0E5020000000000
(1700000007.421421) can0 110#10D5010000000000
(1700000007.427703) can0 224#24BA000000000000
(1700000007.430158) can0 0B0#B0E6020000000000
(1700000007.434419) can0 185#85A3010000000000
(1700000007.436192) can0 110#10D6010000000000
(1700000007.439613) can0 0B0#B0E7020000000000
(1700000007.446873) can0 333#3349000000000000
(1700000007.449415) can0 0B0#B0E8020000000000
(1700000007.450159) can0 2A9#A975000000000000
(1700000007.452072) can0 110#10D7010000000000
(1700000007.458674) can0 0B0#B0E9020000000000
(1700000007.459903) can0 185#85A4010000000000
(1700000007.468092) can0 0B0#B0EA020000000000
(1700000007.468903) can0 110#10D8010000000000
(1700000007.471065) can0 224#24BB000000000000
(1700000007.478394) can0 0B0#B0EB020000000000
(1700000007.485647) can0 110#10D9010000000000
(1700000007.485907) can0 185#85A5010000000000
(1700000007.489217) can0 0B0#B0EC020000000000
(1700000007.499672) can0 0B0#B0ED020000000000
(1700000007.501749) can0 110#10DA010000000000
(1700000007.507102) can0 2A9#A976000000000000
(1700000007.508674) can0 0B0#B0EE020000000000
(1700000007.509266) can0 185#85A6010000000000
(1700000007.509638) can0 224#24BC000000000000
(1700000007.516360) can0 110#10DB010000000000
(1700000007.519244) can0 0B0#B0EF020000000000
(1700000007.529010) can0 0B0#B0F0020000000000
(1700000007.532167) can0 110#10DC010000000000
(1700000007.534903) can0 185#85A7010000000000
(1700000007.539082) can0 0B0#B0F1020000000000
(1700000007.547574) can0 110#10DD010000000000
(1700000007.549380) can0 0B0#B0F2020000000000
(1700000007.549439) can0 224#24BD000000000000
(1700000007.554766) can0 333#334A000000000000
(1700000007.558908) can0 0B0#B0F3020000000000
(1700000007.560975) can0 185#85A8010000000000
(1700000007.564585) can0 110#10DE010000000000
(1700000007.569675) can0 0B0#B0F4020000000000
(1700000007.570149) can0 2A9#A977000000000000
(1700000007.580225) can0 0B0#B0F5020000000000
(1700000007.581306) can0 110#10DF010000000000
(1700000007.584931) can0 185#85A9010000000000
(1700000007.589892) can0 0B0#B0F6020000000000
(1700000007.591327) can0 224#24BE000000000000
(1700000007.596056) can0 110#10E0010000000000
(1700000007.599179) can0 0B0#B0F7020000000000
(1700000007.609397) can0 185#85AA010000000000
(1700000007.609701) can0 0B0#B0F8020000000000
(1700000007.611371) can0 110#10E1010000000000
(1700000007.619206) can0 0B0#B0F9020000000000
(1700000007.626265) can0 110#10E2010000000000
(1700000007.629013) can0 0B0#B0FA020000000000
(1700000007.634336) can0 224#24BF000000000000
(1700000007.636430) can0 185#85AB010000000000
(1700000007.638770) can0 2A9#A978000000000000
(1700000007.639442) can0 0B0#B0FB020000000000
(1700000007.641685) can0 110#10E3010000000000
(1700000007.649072) can0 0B0#B0FC020000000000
(1700000007.658316) can0 110#10E4010000000000
(1700000007.659464) can0 333#334B000000000000
(1700000007.659834) can0 185#85AC010000000000
(1700000007.660036) can0 0B0#B0FD020000000000
(1700000007.670524) can0 0B0#B0FE020000000000
(1700000007.672232) can0 224#24C0000000000000
(1700000007.672700) can0 110#10E5010000000000
(1700000007.680964) can0 0B0#B0FF020000000000
(1700000007.683567) can0 185#85AD010000000000
(1700000007.688099) can0 110#10E6010000000000
(1700000007.691800) can0 0B0#B000030000000000
(1700000007.702568) can0 110#10E7010000000000
(1700000007.702678) can0 0B0#B001030000000000
(1700000007.703292) can0 2A9#A979000000000000
(1700000007.706521) can0 185#85AE010000000000
(1700000007.709981) can0 224#24C1000000000000
(1700000007.712290) can0 0B0#B002030000000000
(1700000007.718881) can0 110#10E8010000000000
(1700000007.722118) can0 0B0#B003030000000000
(1700000007.729199) can0 185#85AF010000000000
(1700000007.733072) can0 0B0#B004030000000000
(1700000007.735882) can0 110#10E9010000000000
(1700000007.743023) can0 0B0#B005030000000000
(1700000007.748050) can0 224#24C2000000000000
(1700000007.751817) can0 333#334C000000000000
(1700000007.752249) can0 110#10EA010000000000
(1700000007.753189) can0 0B0#B006030000000000
(1700000007.754995) can0 185#85B0010000000000
(1700000007.761575) can0 2A9#A97A000000000000
(1700000007.762717) can0 0B0#B007030000000000
(1700000007.767170) can0 110#10EB010000000000
(1700000007.773346) can0 0B0#B008030000000000
(1700000007.781579) can0 185#85B1010000000000
(1700000007.782238) can0 110#10EC010000000000
(1700000007.782896) can0 0B0#B009030000000000
(1700000007.787361) can0 224#24C3000000000000
(1700000007.792749) can0 0B0#B00A030000000000
(1700000007.797846) can0 110#10ED010000000000
(1700000007.803405) can0 0B0#B00B030000000000
(1700000007.807114) can0 185#85B2010000000000
(1700000007.813089) can0 110#10EE010000000000
(1700000007.813117) can0 0B0#B00C030000000000
(1700000007.822568) can0 0B0#B00D030000000000
(1700000007.829068) can0 2A9#A97B000000000000
(1700000007.829402) can0 224#24C4000000000000
(1700000007.830065) can0 110#10EF010000000000
(1700000007.832661) can0 0B0#B00E030000000000
(1700000007.833809) can0 185#85B3010000000000
(1700000007.842796) can0 0B0#B00F030000000000
(1700000007.846033) can0 110#10F0010000000000
(1700000007.852697) can0 0B0#B010030000000000
(1700000007.854073) can0 333#334D000000000000
(1700000007.857075) can0 185#85B4010000000000
(1700000007.861725) can0 0B0#B011030000000000
(1700000007.862203) can0 110#10F1010000000000
(1700000007.870833) can0 224#24C5000000000000
(1700000007.871625) can0 0B0#B012030000000000
(1700000007.879214) can0 110#10F2010000000000
(1700000007.880830) can0 0B0#B013030000000000
(1700000007.884546) can0 185#85B5010000000000
(1700000007.891531) can0 0B0#B014030000000000
(1700000007.893934) can0 110#10F3010000000000
(1700000007.896500) can0 2A9#A97C000000000000
(1700000007.902514) can0 0B0#B015030000000000
(1700000007.908752) can0 110#10F4010000000000
(1700000007.909090) can0 185#85B6010000000000
(1700000007.909775) can0 224#24C6000000000000
(1700000007.912478) can0 0B0#B016030000000000
(1700000007.922587) can0 0B0#B017030000000000
(1700000007.924598) can0 110#10F5010000000000
(1700000007.932151) can0 0B0#B018030000000000
(1700000007.932275) can0 185#85B7010000000000
(1700000007.940760) can0 110#10F6010000000000
(1700000007.942742) can0 0B0#B019030000000000
(1700000007.945396) can0 333#334E000000000000
(1700000007.945662) can0 224#24C7000000000000
(1700000007.952683) can0 0B0#B01A030000000000
(1700000007.957327) can0 110#10F7010000000000
(1700000007.957839) can0 185#85B8010000000000
(1700000007.962012) can0 0B0#B01B030000000000
(1700000007.963917) can0 2A9#A97D000000000000
(1700000007.972262) can0 0B0#B01C030000000000
(1700000007.972984) can0 110#10F8010000000000
(1700000007.980953) can0 185#85B9010000000000
(1700000007.981988) can0 0B0#B01D030000000000
(1700000007.986673) can0 224#24C8000000000000
(1700000007.989635) can0 110#10F9010000000000
(1700000007.991614) can0 0B0#B01E030000000000
