(1700000000.009091) can0 0B0#B000000000000000
(1700000000.015884) can0 110#1000000000000000
(1700000000.019363) can0 0B0#B001000000000000
(1700000000.024214) can0 185#8500000000000000
(1700000000.028502) can0 0B0#B002000000000000
(1700000000.032360) can0 110#1001000000000000
(1700000000.038549) can0 0B0#B003000000000000
(1700000000.042300) can0 224#2400000000000000
(1700000000.047591) can0 0B0#B004000000000000
(1700000000.049332) can0 110#1002000000000000
(1700000000.049952) can0 185#8501000000000000
(1700000000.057470) can0 0B0#B005000000000000
(1700000000.061154) can0 2A9#A900000000000000
(1700000000.063798) can0 110#1003000000000000
(1700000000.067694) can0 0B0#B006000000000000
(1700000000.076005) can0 185#8502000000000000
(1700000000.077425) can0 0B0#B007000000000000
(1700000000.078360) can0 110#1004000000000000
(1700000000.081151) can0 224#2401000000000000
(1700000000.088422) can0 0B0#B008000000000000
(1700000000.095361) can0 110#1005000000000000
(1700000000.096406) can0 333#3300000000000000
(1700000000.097960) can0 0B0#B009000000000000
(1700000000.098869) can0 185#8503000000000000
(1700000000.108685) can0 0B0#B00A000000000000
(1700000000.109827) can0 110#1006000000000000
(1700000000.118203) can0 0B0#B00B000000000000
(1700000000.119441) can0 2A9#A901000000000000
(1700000000.121705) can0 224#2402000000000000
(1700000000.125610) can0 110#1007000000000000
(1700000000.125948) can0 185#8504000000000000
(1700000000.128285) can0 0B0#B00C000000000000
(1700000000.139073) can0 0B0#B00D000000000000
(1700000000.141213) can0 110#1008000000000000
(1700000000.148905) can0 0B0#B00E000000000000
(1700000000.149437) can0 185#8505000000000000
(1700000000.157043) can0 110#1009000000000000
(1700000000.158768) can0 224#2403000000000000
(1700000000.159220) can0 0B0#B00F000000000000
(1700000000.170053) can0 0B0#B010000000000000
(1700000000.172976) can0 110#100A000000000000
(1700000000.173334) can0 185#8506000000000000
(1700000000.180401) can0 0B0#B011000000000000
(1700000000.187949) can0 2A9#A902000000000000
(1700000000.189606) can0 110#100B000000000000
(1700000000.191149) can0 0B0#B012000000000000
(1700000000.199188) can0 185#8507000000000000
(1700000000.200476) can0 224#2404000000000000
(1700000000.200478) can0 0B0#B013000000000000
(1700000000.200503) can0 333#3301000000000000
(1700000000.204265) can0 110#100C000000000000
(1700000000.211310) can0 0B0#B014000000000000
(1700000000.220978) can0 110#100D000000000000
(1700000000.222115) can0 0B0#B015000000000000
(1700000000.225922) can0 185#8508000000000000
(1700000000.232478) can0 0B0#B016000000000000
(1700000000.237157) can0 110#100E000000000000
(1700000000.239122) can0 224#2405000000000000
(1700000000.243105) can0 0B0#B017000000000000
(1700000000.248821) can0 185#8509000000000000
(1700000000.252277) can0 2A9#A903000000000000
(1700000000.252472) can0 110#100F000000000000
(1700000000.253858) can0 0B0#B018000000000000
(1700000000.263112) can0 0B0#B019000000000000
(1700000000.267231) can0 110#1010000000000000
(1700000000.273457) can0 0B0#B01A000000000000
(1700000000.275147) can0 185#850A000000000000
(1700000000.278818) can0 224#2406000000000000
(1700000000.281573) can0 110#1011000000000000
(1700000000.283935) can0 0B0#B01B000000000000
(1700000000.293197) can0 0B0#B01C000000000000
(1700000000.297554) can0 110#1012000000000000
(1700000000.299820) can0 185#850B000000000000
(1700000000.303706) can0 0B0#B01D000000000000
(1700000000.306599) can0 333#3302000000000000
(1700000000.312748) can0 110#1013000000000000
(1700000000.313759) can0 0B0#B01E000000000000
(1700000000.319480) can0 224#2407000000000000
(1700000000.320713) can0 2A9#A904000000000000
(1700000000.324468) can0 0B0#B01F000000000000
(1700000000.325125) can0 185#850C000000000000
(1700000000.327367) can0 110#1014000000000000
(1700000000.333986) can0 0B0#B020000000000000
(1700000000.343320) can0 0B0#B021000000000000
(1700000000.344592) can0 110#1015000000000000
(1700000000.351466) can0 185#850D000000000000
(1700000000.353336) can0 0B0#B022000000000000
(1700000000.359530) can0 110#1016000000000000
(1700000000.361261) can0 224#2408000000000000
(1700000000.363137) can0 0B0#B023000000000000
(1700000000.372630) can0 0B0#B024000000000000
(1700000000.374632) can0 110#1017000000000000
(1700000000.377118) can0 185#850E000000000000
(1700000000.382763) can0 0B0#B025000000000000
(1700000000.388548) can0 2A9#A905000000000000
(1700000000.390757) can0 110#1018000000000000
(1700000000.392115) can0 0B0#B026000000000000
(1700000000.401718) can0 185#850F000000000000
(1700000000.402288) can0 0B0#B027000000000000
(1700000000.402773) can0 224#2409000000000000
(1700000000.404054) can0 333#3303000000000000
(1700000000.405862) can0 110#1019000000000000
(1700000000.413229) can0 0B0#B028000000000000
(1700000000.423113) can0 110#101A000000000000
(1700000000.424122) can0 0B0#B029000000000000
(1700000000.425431) can0 185#8510000000000000
(1700000000.433185) can0 0B0#B02A000000000000
(1700000000.439804) can0 224#240A000000000000
(1700000000.440146) can0 110#101B000000000000
(1700000000.443900) can0 0B0#B02B000000000000
(1700000000.450043) can0 185#8511000000000000
(1700000000.454344) can0 0B0#B02C000000000000
(1700000000.456320) can0 110#101C000000000000
(1700000000.457729) can0 2A9#A906000000000000
(1700000000.465111) can0 0B0#B02D000000000000
(1700000000.473171) can0 110#101D000000000000
(1700000000.474458) can0 0B0#B02E000000000000
(1700000000.476460) can0 185#8512000000000000
(1700000000.477497) can0 224#240B000000000000
(1700000000.485344) can0 0B0#B02F000000000000
(1700000000.488002) can0 110#101E000000000000
(1700000000.494974) can0 0B0#B030000000000000
(1700000000.496281) can0 333#3304000000000000
(1700000000.499333) can0 185#8513000000000000
(1700000000.505001) can0 110#101F000000000000
(1700000000.505557) can0 0B0#B031000000000000
(1700000000.515323) can0 0B0#B032000000000000
(1700000000.517885) can0 2A9#A907000000000000
(1700000000.519708) can0 110#1020000000000000
(1700000000.519952) can0 224#240C000000000000
(1700000000.524618) can0 185#8514000000000000
(1700000000.525074) can0 0B0#B033000000000000
(1700000000.534773) can0 0B0#B034000000000000
(1700000000.535676) can0 110#1021000000000000
(1700000000.544960) can0 0B0#B035000000000000
(1700000000.548350) can0 185#8515000000000000
(1700000000.552402) can0 110#1022000000000000
(1700000000.554389) can0 0B0#B036000000000000
(1700000000.559772) can0 224#240D000000000000
(1700000000.564080) can0 0B0#B037000000000000
(1700000000.569345) can0 110#1023000000000000
(1700000000.573271) can0 0B0#B038000000000000
(1700000000.573939) can0 185#8516000000000000
(1700000000.576954) can0 2A9#A908000000000000
(1700000000.584208) can0 0B0#B039000000000000
(1700000000.585939) can0 110#1024000000000000
(1700000000.593484) can0 0B0#B03A000000000000
(1700000000.596306) can0 224#240E000000000000
(1700000000.600225) can0 185#8517000000000000
(1700000000.602985) can0 110#1025000000000000
(1700000000.602985) can0 333#3305000000000000
(1700000000.604193) can0 0B0#B03B000000000000
(1700000000.613816) can0 0B0#B03C000000000000
(1700000000.618254) can0 110#1026000000000000
(1700000000.623196) can0 0B0#B03D000000000000
(1700000000.624419) can0 185#8518000000000000
(1700000000.633446) can0 0B0#B03E000000000000
(1700000000.635133) can0 224#240F000000000000
(1700000000.635568) can0 110#1027000000000000
(1700000000.637696) can0 2A9#A909000000000000
(1700000000.643237) can0 0B0#B03F000000000000
(1700000000.651309) can0 185#8519000000000000
(1700000000.652542) can0 0B0#B040000000000000
(1700000000.652726) can0 110#1028000000000000
(1700000000.662974) can0 0B0#B041000000000000
(1700000000.667001) can0 110#1029000000000000
(1700000000.673635) can0 0B0#B042000000000000
(1700000000.677168) can0 185#851A000000000000
(1700000000.678686) can0 224#2410000000000000
(1700000000.681534) can0 110#102A000000000000
(1700000000.682853) can0 0B0#B043000000000000
(1700000000.691966) can0 0B0#B044000000000000
(1700000000.696475) can0 110#102B000000000000
(1700000000.701077) can0 2A9#A90A000000000000
(1700000000.701939) can0 0B0#B045000000000000
(1700000000.702323) can0 185#851B000000000000
(1700000000.710617) can0 333#3306000000000000
(1700000000.710809) can0 110#102C000000000000
(1700000000.711105) can0 0B0#B046000000000000
(1700000000.714641) can0 224#2411000000000000
(1700000000.720175) can0 0B0#B047000000000000
(1700000000.725404) can0 110#102D000000000000
(1700000000.728503) can0 185#851C000000000000
(1700000000.730743) can0 0B0#B048000000000000
(1700000000.741133) can0 0B0#B049000000000000
(1700000000.742393) can0 110#102E000000000000
(1700000000.750524) can0 0B0#B04A000000000000
(1700000000.751544) can0 185#851D000000000000
(1700000000.753426) can0 224#2412000000000000
(1700000000.759531) can0 110#102F000000000000
(1700000000.761449) can0 0B0#B04B000000000000
(1700000000.765841) can0 2A9#A90B000000000000
(1700000000.771560) can0 0B0#B04C000000000000
(1700000000.774362) can0 110#1030000000000000
(1700000000.778462) can0 185#851E000000000000
(1700000000.781538) can0 0B0#B04D000000000000
(1700000000.790228) can0 110#1031000000000000
(1700000000.791340) can0 0B0#B04E000000000000
(1700000000.791920) can0 224#2413000000000000
(1700000000.801822) can0 0B0#B04F000000000000
(1700000000.803516) can0 185#851F000000000000
(1700000000.807429) can0 110#1032000000000000
(1700000000.811456) can0 0B0#B050000000000000
(1700000000.818530) can0 333#3307000000000000
(1700000000.820924) can0 0B0#B051000000000000
(1700000000.823299) can0 110#1033000000000000
(1700000000.830072) can0 185#8520000000000000
(1700000000.830407) can0 224#2414000000000000
(1700000000.831460) can0 0B0#B052000000000000
(1700000000.833831) can0 2A9#A90C000000000000
(1700000000.840334) can0 110#1034000000000000
(1700000000.841615) can0 0B0#B053000000000000
(1700000000.852305) can0 0B0#B054000000000000
(1700000000.855397) can0 110#1035000000000000
(1700000000.856196) can0 185#8521000000000000
(1700000000.861878) can0 0B0#B055000000000000
(1700000000.870015) can0 110#1036000000000000
(1700000000.870049) can0 224#2415000000000000
(1700000000.872356) can0 0B0#B056000000000000
(1700000000.882434) can0 0B0#B057000000000000
(1700000000.882909) can0 185#8522000000000000
(1700000000.885116) can0 110#1037000000000000
(1700000000.891636) can0 0B0#B058000000000000
(1700000000.893404) can0 2A9#A90D000000000000
(1700000000.901261) can0 110#1038000000000000
(1700000000.902263) can0 0B0#B059000000000000
(1700000000.905970) can0 185#8523000000000000
(1700000000.911674) can0 0B0#B05A000000000000
(1700000000.912205) can0 224#2416000000000000
(1700000000.915215) can0 333#3308000000000000
(1700000000.916835) can0 110#1039000000000000
(1700000000.922263) can0 0B0#B05B000000000000
(1700000000.932464) can0 0B0#B05C000000000000
(1700000000.932481) can0 185#8524000000000000
(1700000000.932576) can0 110#103A000000000000
(1700000000.942492) can0 0B0#B05D000000000000
(1700000000.948604) can0 110#103B000000000000
(1700000000.950746) can0 224#2417000000000000
(1700000000.952248) can0 0B0#B05E000000000000
(1700000000.955205) can0 185#8525000000000000
(1700000000.955436) can0 2A9#A90E000000000000
(1700000000.961897) can0 0B0#B05F000000000000
(1700000000.964006) can0 110#103C000000000000
(1700000000.971949) can0 0B0#B060000000000000
(1700000000.978210) can0 185#8526000000000000
(1700000000.978753) can0 110#103D000000000000
(1700000000.982834) can0 0B0#B061000000000000
(1700000000.992255) can0 0B0#B062000000000000
(1700000000.993211) can0 224#2418000000000000
(1700000000.995304) can0 110#103E000000000000
(1700000001.001423) can0 0B0#B063000000000000
(1700000001.005345) can0 185#8527000000000000
(1700000001.005512) can0 333#3309000000000000
(1700000001.011443) can0 110#103F000000000000
(1700000001.011834) can0 0B0#B064000000000000
(1700000001.013706) can0 2A9#A90F000000000000
(1700000001.020917) can0 0B0#B065000000000000
(1700000001.025912) can0 110#1040000000000000
(1700000001.030156) can0 0B0#B066000000000000
(1700000001.030806) can0 185#8528000000000000
(1700000001.033763) can0 224#2419000000000000
(1700000001.041071) can0 0B0#B067000000000000
(1700000001.043239) can0 110#1041000000000000
(1700000001.050348) can0 0B0#B068000000000000
(1700000001.054648) can0 185#8529000000000000
(1700000001.057629) can0 110#1042000000000000
(1700000001.060804) can0 0B0#B069000000000000
(1700000001.070071) can0 0B0#B06A000000000000
(1700000001.071828) can0 224#241A000000000000
(1700000001.073373) can0 110#1043000000000000
(1700000001.075578) can0 2A9#A910000000000000
(1700000001.079728) can0 0B0#B06B000000000000
(1700000001.080930) can0 185#852A000000000000
(1700000001.087851) can0 110#1044000000000000
(1700000001.090210) can0 0B0#B06C000000000000
(1700000001.099304) can0 0B0#B06D000000000000
(1700000001.104465) can0 110#1045000000000000
(1700000001.106496) can0 185#852B000000000000
(1700000001.107696) can0 224#241B000000000000
(1700000001.109719) can0 0B0#B06E000000000000
(1700000001.113056) can0 333#330A000000000000
(1700000001.119636) can0 0B0#B06F000000000000
(1700000001.121737) can0 110#1046000000000000
(1700000001.129260) can0 185#852C000000000000
(1700000001.130236) can0 0B0#B070000000000000
(1700000001.136955) can0 110#1047000000000000
(1700000001.139104) can0 2A9#A911000000000000
(1700000001.140854) can0 0B0#B071000000000000
(1700000001.148539) can0 224#241C000000000000
(1700000001.151707) can0 0B0#B072000000000000
(1700000001.153338) can0 185#852D000000000000
(1700000001.153598) can0 110#1048000000000000
(1700000001.162369) can0 0B0#B073000000000000
(1700000001.170587) can0 110#1049000000000000
(1700000001.172108) can0 0B0#B074000000000000
(1700000001.177873) can0 185#852E000000000000
(1700000001.181139) can0 0B0#B075000000000000
(1700000001.185530) can0 110#104A000000000000
(1700000001.190533) can0 224#241D000000000000
(1700000001.191660) can0 0B0#B076000000000000
(1700000001.199811) can0 110#104B000000000000
(1700000001.201345) can0 0B0#B077000000000000
(1700000001.202896) can0 185#852F000000000000
(1700000001.205256) can0 2A9#A912000000000000
(1700000001.210957) can0 0B0#B078000000000000
(1700000001.216614) can0 110#104C000000000000
(1700000001.217857) can0 333#330B000000000000
(1700000001.220859) can0 0B0#B079000000000000
(1700000001.226917) can0 185#8530000000000000
(1700000001.229022) can0 224#241E000000000000
(1700000001.231487) can0 0B0#B07A000000000000
(1700000001.233384) can0 110#104D000000000000
(1700000001.241977) can0 0B0#B07B000000000000
(1700000001.248172) can0 110#104E000000000000
(1700000001.252636) can0 0B0#B07C000000000000
(1700000001.253876) can0 185#8531000000000000
(1700000001.263514) can0 0B0#B07D000000000000
(1700000001.264832) can0 110#104F000000000000
(1700000001.268656) can0 2A9#A913000000000000
(1700000001.269474) can0 224#241F000000000000
(1700000001.274155) can0 0B0#B07E000000000000
(1700000001.276890) can0 185#8532000000000000
(1700000001.281612) can0 110#1050000000000000
(1700000001.284622) can0 0B0#B07F000000000000
(1700000001.294125) can0 0B0#B080000000000000
(1700000001.297226) can0 110#1051000000000000
(1700000001.302165) can0 185#8533000000000000
(1700000001.303476) can0 0B0#B081000000000000
(1700000001.311609) can0 224#2420000000000000
(1700000001.313018) can0 0B0#B082000000000000
(1700000001.314340) can0 110#1052000000000000
(1700000001.322989) can0 333#330C000000000000
(1700000001.323028) can0 0B0#B083000000000000
(1700000001.328794) can0 185#8534000000000000
(1700000001.329169) can0 110#1053000000000000
(1700000001.332808) can0 0B0#B084000000000000
(1700000001.333213) can0 2A9#A914000000000000
(1700000001.343695) can0 0B0#B085000000000000
(1700000001.345552) can0 110#1054000000000000
(1700000001.351521) can0 224#2421000000000000
(1700000001.353309) can0 0B0#B086000000000000
(1700000001.355885) can0 185#8535000000000000
(1700000001.361437) can0 110#1055000000000000
(1700000001.362913) can0 0B0#B087000000000000
(1700000001.373226) can0 0B0#B088000000000000
(1700000001.378224) can0 110#1056000000000000
(1700000001.382321) can0 185#8536000000000000
(1700000001.383202) can0 0B0#B089000000000000
(1700000001.388794) can0 224#2422000000000000
(1700000001.390694) can0 2A9#A915000000000000
(1700000001.393443) can0 0B0#B08A000000000000
(1700000001.394857) can0 110#1057000000000000
(1700000001.403651) can0 0B0#B08B000000000000
(1700000001.409723) can0 185#8537000000000000
(1700000001.410892) can0 110#1058000000000000
(1700000001.414329) can0 0B0#B08C000000000000
(1700000001.424022) can0 333#330D000000000000
(1700000001.424990) can0 0B0#B08D000000000000
(1700000001.427500) can0 110#1059000000000000
(1700000001.432071) can0 224#2423000000000000
(1700000001.435229) can0 0B0#B08E000000000000
(1700000001.436269) can0 185#8538000000000000
(1700000001.444886) can0 110#105A000000000000
(1700000001.445530) can0 0B0#B08F000000000000
(1700000001.455350) can0 0B0#B090000000000000
(1700000001.456174) can0 2A9#A916000000000000
(1700000001.460439) can0 110#105B000000000000
(1700000001.461695) can0 185#8539000000000000
(1700000001.464961) can0 0B0#B091000000000000
(1700000001.472422) can0 224#2424000000000000
(1700000001.475568) can0 0B0#B092000000000000
(1700000001.476443) can0 110#105C000000000000
(1700000001.485522) can0 0B0#B093000000000000
(1700000001.486120) can0 185#853A000000000000
(1700000001.490738) can0 110#105D000000000000
(1700000001.495698) can0 0B0#B094000000000000
(1700000001.505488) can0 0B0#B095000000000000
(1700000001.505790) can0 110#105E000000000000
(1700000001.508971) can0 185#853B000000000000
(1700000001.512717) can0 224#2425000000000000
(1700000001.515607) can0 0B0#B096000000000000
(1700000001.518301) can0 333#330E000000000000
(1700000001.521149) can0 110#105F000000000000
(1700000001.522219) can0 2A9#A917000000000000
(1700000001.524944) can0 0B0#B097000000000000
(1700000001.534023) can0 185#853C000000000000
(1700000001.535371) can0 0B0#B098000000000000
(1700000001.537521) can0 110#1060000000000000
(1700000001.545030) can0 0B0#B099000000000000
(1700000001.552540) can0 224#2426000000000000
(1700000001.554588) can0 110#1061000000000000
(1700000001.555615) can0 0B0#B09A000000000000
(1700000001.558039) can0 185#853D000000000000
(1700000001.565011) can0 0B0#B09B000000000000
(1700000001.571644) can0 110#1062000000000000
(1700000001.575368) can0 0B0#B09C000000000000
(1700000001.581579) can0 2A9#A918000000000000
(1700000001.582838) can0 185#853E000000000000
(1700000001.586170) can0 0B0#B09D000000000000
(1700000001.587626) can0 110#1063000000000000
(1700000001.594921) can0 224#2427000000000000
(1700000001.596023) can0 0B0#B09E000000000000
(1700000001.602127) can0 110#1064000000000000
(1700000001.605706) can0 0B0#B09F000000000000
(1700000001.608316) can0 185#853F000000000000
(1700000001.614360) can0 333#330F000000000000
(1700000001.615200) can0 0B0#B0A0000000000000
(1700000001.617252) can0 110#1065000000000000
(1700000001.625643) can0 0B0#B0A1000000000000
(1700000001.631803) can0 110#1066000000000000
(1700000001.634019) can0 224#2428000000000000
(1700000001.634224) can0 185#8540000000000000
(1700000001.635514) can0 0B0#B0A2000000000000
(1700000001.643167) can0 2A9#A919000000000000
(1700000001.645611) can0 0B0#B0A3000000000000
(1700000001.646934) can0 110#1067000000000000
(1700000001.655040) can0 0B0#B0A4000000000000
(1700000001.661041) can0 185#8541000000000000
(1700000001.663907) can0 110#1068000000000000
(1700000001.664855) can0 0B0#B0A5000000000000
(1700000001.672840) can0 224#2429000000000000
(1700000001.673899) can0 0B0#B0A6000000000000
(1700000001.680764) can0 110#1069000000000000
(1700000001.684728) can0 0B0#B0A7000000000000
(1700000001.687583) can0 185#8542000000000000
(1700000001.694835) can0 0B0#B0A8000000000000
(1700000001.695343) can0 110#106A000000000000
(1700000001.705548) can0 333#3310000000000000
(1700000001.705638) can0 0B0#B0A9000000000000
(1700000001.706590) can0 2A9#A91A000000000000
(1700000001.711543) can0 110#106B000000000000
(1700000001.712917) can0 224#242A000000000000
(1700000001.714700) can0 185#8543000000000000
(1700000001.715722) can0 0B0#B0AA000000000000
(1700000001.726531) can0 0B0#B0AB000000000000
(1700000001.728844) can0 110#106C000000000000
(1700000001.735892) can0 0B0#B0AC000000000000
(1700000001.740857) can0 185#8544000000000000
(1700000001.744063) can0 110#106D000000000000
(1700000001.745279) can0 0B0#B0AD000000000000
(1700000001.754665) can0 0B0#B0AE000000000000
(1700000001.755298) can0 224#242B000000000000
(1700000001.761462) can0 110#106E000000000000
(1700000001.764811) can0 0B0#B0AF000000000000
(1700000001.766195) can0 185#8545000000000000
(1700000001.773988) can0 2A9#A91B000000000000
(1700000001.775799) can0 0B0#B0B0000000000000
(1700000001.776827) can0 110#106F000000000000
(1700000001.785661) can0 0B0#B0B1000000000000
(1700000001.790793) can0 185#8546000000000000
(1700000001.792164) can0 110#1070000000000000
(1700000001.796622) can0 0B0#B0B2000000000000
(1700000001.798897) can0 224#242C000000000000
(1700000001.806869) can0 0B0#B0B3000000000000
(1700000001.807936) can0 110#1071000000000000
(1700000001.812705) can0 333#3311000000000000
(1700000001.815484) can0 185#8547000000000000
(1700000001.817260) can0 0B0#B0B4000000000000
(1700000001.822860) can0 110#1072000000000000
(1700000001.826668) can0 0B0#B0B5000000000000
(1700000001.831775) can0 2A9#A91C000000000000
(1700000001.837369) can0 0B0#B0B6000000000000
(1700000001.838906) can0 185#8548000000000000
(1700000001.839470) can0 110#1073000000000000
(1700000001.842062) can0 224#242D000000000000
(1700000001.847622) can0 0B0#B0B7000000000000
(1700000001.854259) can0 110#1074000000000000
(1700000001.858205) can0 0B0#B0B8000000000000
(1700000001.865933) can0 185#8549000000000000
(1700000001.868789) can0 0B0#B0B9000000000000
(1700000001.868931) can0 110#1075000000000000
(1700000001.878502) can0 0B0#B0BA000000000000
(1700000001.885278) can0 224#242E000000000000
(1700000001.885581) can0 110#1076000000000000
(1700000001.887826) can0 0B0#B0BB000000000000
(1700000001.890818) can0 185#854A000000000000
(1700000001.897054) can0 0B0#B0BC000000000000
(1700000001.898909) can0 2A9#A91D000000000000
(1700000001.901811) can0 110#1077000000000000
(1700000001.906999) can0 0B0#B0BD000000000000
(1700000001.915242) can0 185#854B000000000000
(1700000001.917628) can0 0B0#B0BE000000000000
(1700000001.918810) can0 110#1078000000000000
(1700000001.919487) can0 333#3312000000000000
(1700000001.925752) can0 224#242F000000000000
(1700000001.927677) can0 0B0#B0BF000000000000
(1700000001.935139) can0 110#1079000000000000
(1700000001.938116) can0 0B0#B0C0000000000000
(1700000001.941049) can0 185#854C000000000000
(1700000001.947669) can0 0B0#B0C1000000000000
(1700000001.949609) can0 110#107A000000000000
(1700000001.957532) can0 0B0#B0C2000000000000
(1700000001.958830) can0 2A9#A91E000000000000
(1700000001.964013) can0 185#854D000000000000
(1700000001.964688) can0 110#107B000000000000
(1700000001.966252) can0 224#2430000000000000
(1700000001.967580) can0 0B0#B0C3000000000000
(1700000001.977193) can0 0B0#B0C4000000000000
(1700000001.981546) can0 110#107C000000000000
(1700000001.987526) can0 0B0#B0C5000000000000
(1700000001.987608) can0 185#854E000000000000
(1700000001.996489) can0 110#107D000000000000
(1700000001.996858) can0 0B0#B0C6000000000000
(1700000002.002987) can0 224#2431000000000000
(1700000002.006493) can0 0B0#B0C7000000000000
(1700000002.010965) can0 110#107E000000000000
(1700000002.013382) can0 185#854F000000000000
(1700000002.017319) can0 0B0#B0C8000000000000
(1700000002.025633) can0 110#107F000000000000
(1700000002.027446) can0 0B0#B0C9000000000000
(1700000002.028070) can0 2A9#A91F000000000000
(1700000002.028893) can0 333#3313000000000000
(1700000002.037105) can0 0B0#B0CA000000000000
(1700000002.039096) can0 185#8550000000000000
(1700000002.039713) can0 224#2432000000000000
(1700000002.042241) can0 110#1080000000000000
(1700000002.047896) can0 0B0#B0CB000000000000
(1700000002.057231) can0 0B0#B0CC000000000000
(1700000002.058434) can0 110#1081000000000000
(1700000002.061720) can0 185#8551000000000000
(1700000002.066441) can0 0B0#B0CD000000000000
(1700000002.073397) can0 110#1082000000000000
(1700000002.076320) can0 0B0#B0CE000000000000
(1700000002.081565) can0 224#2433000000000000
(1700000002.085330) can0 0B0#B0CF000000000000
(1700000002.088204) can0 185#8552000000000000
(1700000002.088532) can0 110#1083000000000000
(1700000002.096258) can0 0B0#B0D0000000000000
(1700000002.097386) can0 2A9#A920000000000000
(1700000002.105441) can0 110#1084000000000000
(1700000002.105841) can0 0B0#B0D1000000000000
(1700000002.113676) can0 185#8553000000000000
(1700000002.116751) can0 0B0#B0D2000000000000
(1700000002.122662) can0 110#1085000000000000
(1700000002.124806) can0 224#2434000000000000
(1700000002.126041) can0 0B0#B0D3000000000000
(1700000002.127963) can0 333#3314000000000000
(1700000002.136348) can0 185#8554000000000000
(1700000002.136391) can0 0B0#B0D4000000000000
(1700000002.139527) can0 110#1086000000000000
(1700000002.145581) can0 0B0#B0D5000000000000
(1700000002.155461) can0 0B0#B0D6000000000000
(1700000002.155588) can0 110#1087000000000000
(1700000002.161383) can0 2A9#A921000000000000
(1700000002.161556) can0 185#8555000000000000
(1700000002.166402) can0 0B0#B0D7000000000000
(1700000002.168026) can0 224#2435000000000000
(1700000002.171421) can0 110#1088000000000000
(1700000002.175786) can0 0B0#B0D8000000000000
(1700000002.185632) can0 0B0#B0D9000000000000
(1700000002.187692) can0 110#1089000000000000
(1700000002.189024) can0 185#8556000000000000
(1700000002.194990) can0 0B0#B0DA000000000000
(1700000002.204308) can0 110#108A000000000000
(1700000002.205631) can0 0B0#B0DB000000000000
(1700000002.207952) can0 224#2436000000000000
(1700000002.213946) can0 185#8557000000000000
(1700000002.216132) can0 0B0#B0DC000000000000
(1700000002.218966) can0 110#108B000000000000
(1700000002.221420) can0 2A9#A922000000000000
(1700000002.226059) can0 0B0#B0DD000000000000
(1700000002.230813) can0 333#3315000000000000
(1700000002.234428) can0 110#108C000000000000
(1700000002.235320) can0 0B0#B0DE000000000000
(1700000002.239693) can0 185#8558000000000000
(1700000002.244419) can0 0B0#B0DF000000000000
(1700000002.244601) can0 224#2437000000000000
(1700000002.249872) can0 110#108D000000000000
(1700000002.254794) can0 0B0#B0E0000000000000
(1700000002.265280) can0 0B0#B0E1000000000000
(1700000002.265289) can0 185#8559000000000000
(1700000002.265679) can0 110#108E000000000000
(1700000002.276007) can0 0B0#B0E2000000000000
(1700000002.281085) can0 110#108F000000000000
(1700000002.281327) can0 2A9#A923000000000000
(1700000002.282241) can0 224#2438000000000000
(1700000002.285883) can0 0B0#B0E3000000000000
(1700000002.292275) can0 185#855A000000000000
(1700000002.295561) can0 0B0#B0E4000000000000
(1700000002.297460) can0 110#1090000000000000
(1700000002.305643) can0 0B0#B0E5000000000000
(1700000002.314811) can0 110#1091000000000000
(1700000002.315338) can0 0B0#B0E6000000000000
(1700000002.315739) can0 185#855B000000000000
(1700000002.321521) can0 224#2439000000000000
(1700000002.326105) can0 0B0#B0E7000000000000
(1700000002.329943) can0 110#1092000000000000
(1700000002.331657) can0 333#3316000000000000
(1700000002.336626) can0 0B0#B0E8000000000000
(1700000002.340238) can0 185#855C000000000000
(1700000002.345644) can0 110#1093000000000000
(1700000002.345880) can0 0B0#B0E9000000000000
(1700000002.346397) can0 2A9#A924000000000000
(1700000002.355060) can0 0B0#B0EA000000000000
(1700000002.361805) can0 110#1094000000000000
(1700000002.362811) can0 224#243A000000000000
(1700000002.365294) can0 0B0#B0EB000000000000
(1700000002.366316) can0 185#855D000000000000
(1700000002.375819) can0 0B0#B0EC000000000000
(1700000002.376080) can0 110#1095000000000000
(1700000002.385890) can0 0B0#B0ED000000000000
(1700000002.389249) can0 185#855E000000000000
(1700000002.392968) can0 110#1096000000000000
(1700000002.395094) can0 0B0#B0EE000000000000
(1700000002.400470) can0 224#243B000000000000
(1700000002.403258) can0 2A9#A925000000000000
(1700000002.404152) can0 0B0#B0EF000000000000
(1700000002.408466) can0 110#1097000000000000
(1700000002.414137) can0 0B0#B0F0000000000000
(1700000002.416309) can0 185#855F000000000000
(1700000002.423092) can0 333#3317000000000000
(1700000002.423910) can0 110#1098000000000000
(1700000002.424069) can0 0B0#B0F1000000000000
(1700000002.433187) can0 0B0#B0F2000000000000
(1700000002.438962) can0 224#243C000000000000
(1700000002.440588) can0 110#1099000000000000
(1700000002.440777) can0 185#8560000000000000
(1700000002.442763) can0 0B0#B0F3000000000000
(1700000002.452252) can0 0B0#B0F4000000000000
(1700000002.455172) can0 110#109A000000000000
(1700000002.462670) can0 0B0#B0F5000000000000
(1700000002.465306) can0 185#8561000000000000
(1700000002.468691) can0 2A9#A926000000000000
(1700000002.470441) can0 110#109B000000000000
(1700000002.472317) can0 0B0#B0F6000000000000
(1700000002.476753) can0 224#243D000000000000
(1700000002.483111) can0 0B0#B0F7000000000000
(1700000002.485914) can0 110#109C000000000000
(1700000002.490710) can0 185#8562000000000000
(1700000002.492594) can0 0B0#B0F8000000000000
(1700000002.500751) can0 110#109D000000000000
(1700000002.502109) can0 0B0#B0F9000000000000
(1700000002.511232) can0 0B0#B0FA000000000000
(1700000002.515323) can0 110#109E000000000000
(1700000002.518335) can0 185#8563000000000000
(1700000002.520250) can0 224#243E000000000000
(1700000002.520464) can0 0B0#B0FB000000000000
(1700000002.521475) can0 333#3318000000000000
(1700000002.529524) can0 0B0#B0FC000000000000
(1700000002.531774) can0 110#109F000000000000
(1700000002.535597) can0 2A9#A927000000000000
(1700000002.539062) can0 0B0#B0FD000000000000
(1700000002.541785) can0 185#8564000000000000
(1700000002.546368) can0 110#10A0000000000000
(1700000002.549895) can0 0B0#B0FE000000000000
(1700000002.558104) can0 224#243F000000000000
(1700000002.559793) can0 0B0#B0FF000000000000
(1700000002.562103) can0 110#10A1000000000000
(1700000002.567020) can0 185#8565000000000000
(1700000002.569294) can0 0B0#B000010000000000
(1700000002.576632) can0 110#10A2000000000000
(1700000002.578912) can0 0B0#B001010000000000
(1700000002.589314) can0 0B0#B002010000000000
(1700000002.592932) can0 110#10A3000000000000
(1700000002.593786) can0 185#8566000000000000
(1700000002.598405) can0 0B0#B003010000000000
(1700000002.598668) can0 2A9#A928000000000000
(1700000002.599178) can0 224#2440000000000000
(1700000002.608309) can0 110#10A4000000000000
(1700000002.608548) can0 0B0#B004010000000000
(1700000002.613439) can0 333#3319000000000000
(1700000002.616701) can0 185#8567000000000000
(1700000002.618237) can0 0B0#B005010000000000
(1700000002.624130) can0 110#10A5000000000000
(1700000002.628954) can0 0B0#B006010000000000
(1700000002.637937) can0 224#2441000000000000
(1700000002.639408) can0 0B0#B007010000000000
(1700000002.641226) can0 110#10A6000000000000
(1700000002.641977) can0 185#8568000000000000
(1700000002.649902) can0 0B0#B008010000000000
(1700000002.658261) can0 110#10A7000000000000
(1700000002.659861) can0 0B0#B009010000000000
(1700000002.662049) can0 2A9#A929000000000000
(1700000002.667279) can0 185#8569000000000000
(1700000002.669184) can0 0B0#B00A010000000000
(1700000002.674389) can0 110#10A8000000000000
(1700000002.677229) can0 224#2442000000000000
(1700000002.678719) can0 0B0#B00B010000000000
(1700000002.689263) can0 0B0#B00C010000000000
(1700000002.689515) can0 110#10A9000000000000
(1700000002.691262) can0 185#856A000000000000
(1700000002.699384) can0 0B0#B00D010000000000
(1700000002.705949) can0 110#10AA000000000000
(1700000002.707961) can0 333#331A000000000000
(1700000002.708981) can0 0B0#B00E010000000000
(1700000002.715572) can0 224#2443000000000000
(1700000002.716330) can0 185#856B000000000000
(1700000002.719780) can0 0B0#B00F010000000000
(1700000002.722253) can0 110#10AB000000000000
(1700000002.726251) can0 2A9#A92A000000000000
(1700000002.730548) can0 0B0#B010010000000000
(1700000002.738592) can0 110#10AC000000000000
(1700000002.740521) can0 0B0#B011010000000000
(1700000002.741883) can0 185#856C000000000000
(1700000002.751414) can0 0B0#B012010000000000
(1700000002.753145) can0 110#10AD000000000000
(1700000002.753414) can0 224#2444000000000000
(1700000002.760606) can0 0B0#B013010000000000
(1700000002.768631) can0 110#10AE000000000000
(1700000002.768996) can0 185#856D000000000000
(1700000002.769714) can0 0B0#B014010000000000
(1700000002.779315) can0 0B0#B015010000000000
(1700000002.783178) can0 110#10AF000000000000
(1700000002.785317) can0 2A9#A92B000000000000
(1700000002.789455) can0 0B0#B016010000000000
(1700000002.792936) can0 185#856E000000000000
(1700000002.796356) can0 224#2445000000000000
(1700000002.798735) can0 110#10B0000000000000
(1700000002.799479) can0 0B0#B017010000000000
(1700000002.809028) can0 0B0#B018010000000000
(1700000002.814673) can0 333#331B000000000000
(1700000002.815253) can0 110#10B1000000000000
(1700000002.816432) can0 185#856F000000000000
(1700000002.818141) can0 0B0#B019010000000000
(1700000002.828445) can0 0B0#B01A010000000000
(1700000002.832633) can0 110#10B2000000000000
(1700000002.836544) can0 224#2446000000000000
(1700000002.839056) can0 0B0#B01B010000000000
(1700000002.841869) can0 185#8570000000000000
(1700000002.847505) can0 2A9#A92C000000000000
(1700000002.849170) can0 0B0#B01C010000000000
(1700000002.849543) can0 110#10B3000000000000
(1700000002.859834) can0 0B0#B01D010000000000
(1700000002.865500) can0 110#10B4000000000000
(1700000002.867352) can0 185#8571000000000000
(1700000002.869708) can0 0B0#B01E010000000000
(1700000002.878299) can0 224#2447000000000000
(1700000002.880275) can0 110#10B5000000000000
(1700000002.880346) can0 0B0#B01F010000000000
(1700000002.889840) can0 0B0#B020010000000000
(1700000002.892185) can0 185#8572000000000000
(1700000002.896556) can0 110#10B6000000000000
(1700000002.899104) can0 0B0#B021010000000000
(1700000002.908106) can0 0B0#B022010000000000
(1700000002.911672) can0 110#10B7000000000000
(1700000002.915438) can0 185#8573000000000000
(1700000002.916061) can0 2A9#A92D000000000000
(1700000002.917747) can0 333#331C000000000000
(1700000002.918547) can0 0B0#B023010000000000
(1700000002.919522) can0 224#2448000000000000
(1700000002.927676) can0 110#10B8000000000000
(1700000002.928912) can0 0B0#B024010000000000
(1700000002.938464) can0 0B0#B025010000000000
(1700000002.942442) can0 185#8574000000000000
(1700000002.942969) can0 110#10B9000000000000
(1700000002.947863) can0 0B0#B026010000000000
(1700000002.957703) can0 110#10BA000000000000
(1700000002.957987) can0 0B0#B027010000000000
(1700000002.961067) can0 224#2449000000000000
(1700000002.966351) can0 185#8575000000000000
(1700000002.967977) can0 0B0#B028010000000000
(1700000002.974170) can0 110#10BB000000000000
(1700000002.977894) can0 0B0#B029010000000000
(1700000002.984466) can0 2A9#A92E000000000000
(1700000002.987280) can0 0B0#B02A010000000000
(1700000002.991044) can0 110#10BC000000000000
(1700000002.991807) can0 185#8576000000000000
(1700000002.997865) can0 224#244A000000000000
(1700000002.998021) can0 0B0#B02B010000000000
(1700000003.005776) can0 110#10BD000000000000
(1700000003.008532) can0 333#331D000000000000
(1700000003.008935) can0 0B0#B02C010000000000
(1700000003.018747) can0 185#8577000000000000
(1700000003.018796) can0 0B0#B02D010000000000
(1700000003.020599) can0 110#10BE000000000000
(1700000003.029649) can0 0B0#B02E010000000000
(1700000003.036310) can0 110#10BF000000000000
(1700000003.038723) can0 224#244B000000000000
(1700000003.038929) can0 0B0#B02F010000000000
(1700000003.042692) can0 2A9#A92F000000000000
(1700000003.043851) can0 185#8578000000000000
(1700000003.048498) can0 0B0#B030010000000000
(1700000003.050845) can0 110#10C0000000000000
(1700000003.059477) can0 0B0#B031010000000000
(1700000003.065436) can0 110#10C1000000000000
(1700000003.069070) can0 0B0#B032010000000000
(1700000003.070424) can0 185#8579000000000000
(1700000003.079946) can0 0B0#B033010000000000
(1700000003.080390) can0 224#244C000000000000
(1700000003.081691) can0 110#10C2000000000000
(1700000003.090065) can0 0B0#B034010000000000
(1700000003.096290) can0 110#10C3000000000000
(1700000003.097259) can0 185#857A000000000000
(1700000003.100024) can0 0B0#B035010000000000
(1700000003.109774) can0 2A9#A930000000000000
(1700000003.110301) can0 0B0#B036010000000000
(1700000003.111953) can0 110#10C4000000000000
(1700000003.116702) can0 333#331E000000000000
(1700000003.119912) can0 0B0#B037010000000000
(1700000003.121051) can0 224#244D000000000000
(1700000003.124484) can0 185#857B000000000000
(1700000003.128380) can0 110#10C5000000000000
(1700000003.129144) can0 0B0#B038010000000000
(1700000003.140127) can0 0B0#B039010000000000
(1700000003.144497) can0 110#10C6000000000000
(1700000003.149375) can0 0B0#B03A010000000000
(1700000003.151718) can0 185#857C000000000000
(1700000003.160262) can0 0B0#B03B010000000000
(1700000003.160307) can0 224#244E000000000000
(1700000003.161751) can0 110#10C7000000000000
(1700000003.170484) can0 0B0#B03C010000000000
(1700000003.177626) can0 110#10C8000000000000
(1700000003.178773) can0 2A9#A931000000000000
(1700000003.178860) can0 185#857D000000000000
(1700000003.180976) can0 0B0#B03D010000000000
(1700000003.190027) can0 0B0#B03E010000000000
(1700000003.192836) can0 110#10C9000000000000
(1700000003.196524) can0 224#244F000000000000
(1700000003.199744) can0 0B0#B03F010000000000
(1700000003.205731) can0 185#857E000000000000
(1700000003.208752) can0 0B0#B040010000000000
(1700000003.218687) can0 0B0#B041010000000000
(1700000003.224331) can0 333#331F000000000000
(1700000003.228809) can0 0B0#B042010000000000
(1700000003.230033) can0 185#857F000000000000
(1700000003.235162) can0 224#2450000000000000
(1700000003.238919) can0 0B0#B043010000000000
(1700000003.241415) can0 2A9#A932000000000000
(1700000003.248801) can0 0B0#B044010000000000
(1700000003.255656) can0 185#8580000000000000
(1700000003.259519) can0 0B0#B045010000000000
(1700000003.269211) can0 0B0#B046010000000000
(1700000003.273327) can0 224#2451000000000000
(1700000003.279105) can0 0B0#B047010000000000
(1700000003.279623) can0 185#8581000000000000
(1700000003.290102) can0 0B0#B048010000000000
(1700000003.299226) can0 0B0#B049010000000000
(1700000003.304723) can0 185#8582000000000000
(1700000003.308123) can0 2A9#A933000000000000
(1700000003.309538) can0 0B0#B04A010000000000
(1700000003.310493) can0 224#2452000000000000
(1700000003.320450) can0 0B0#B04B010000000000
(1700000003.326322) can0 333#3320000000000000
(1700000003.329400) can0 185#8583000000000000
(1700000003.329926) can0 0B0#B04C010000000000
(1700000003.339463) can0 0B0#B04D010000000000
(1700000003.350395) can0 0B0#B04E010000000000
(1700000003.352471) can0 224#2453000000000000
(1700000003.352728) can0 185#8584000000000000
(1700000003.360172) can0 0B0#B04F010000000000
(1700000003.367398) can0 2A9#A934000000000000
(1700000003.369196) can0 0B0#B050010000000000
(1700000003.377209) can0 185#8585000000000000
(1700000003.380111) can0 0B0#B051010000000000
(1700000003.390684) can0 224#2454000000000000
(1700000003.390980) can0 0B0#B052010000000000
(1700000003.400712) can0 0B0#B053010000000000
(1700000003.404487) can0 185#8586000000000000
(1700000003.410931) can0 0B0#B054010000000000
(1700000003.421315) can0 0B0#B055010000000000
(1700000003.421642) can0 333#3321000000000000
(1700000003.424384) can0 2A9#A935000000000000
(1700000003.429754) can0 185#8587000000000000
(1700000003.430640) can0 0B0#B056010000000000
(1700000003.433237) can0 224#2455000000000000
(1700000003.440206) can0 0B0#B057010000000000
(1700000003.451051) can0 0B0#B058010000000000
(1700000003.452550) can0 185#8588000000000000
(1700000003.460140) can0 0B0#B059010000000000
(1700000003.470034) can0 0B0#B05A010000000000
(1700000003.475773) can0 224#2456000000000000
(1700000003.478409) can0 185#8589000000000000
(1700000003.479779) can0 0B0#B05B010000000000
(1700000003.485702) can0 2A9#A936000000000000
(1700000003.490386) can0 0B0#B05C010000000000
(1700000003.500705) can0 0B0#B05D010000000000
(1700000003.501671) can0 185#858A000000000000
(1700000003.510963) can0 0B0#B05E010000000000
(1700000003.516720) can0 224#2457000000000000
(1700000003.517381) can0 333#3322000000000000
(1700000003.521806) can0 0B0#B05F010000000000
(1700000003.525307) can0 185#858B000000000000
(1700000003.532591) can0 0B0#B060010000000000
(1700000003.541833) can0 0B0#B061010000000000
(1700000003.545119) can0 2A9#A937000000000000
(1700000003.551342) can0 0B0#B062010000000000
(1700000003.551626) can0 185#858C000000000000
(1700000003.555769) can0 224#2458000000000000
(1700000003.561328) can0 0B0#B063010000000000
(1700000003.570850) can0 0B0#B064010000000000
(1700000003.574522) can0 185#858D000000000000
(1700000003.580278) can0 0B0#B065010000000000
(1700000003.590893) can0 0B0#B066010000000000
(1700000003.598203) can0 185#858E000000000000
(1700000003.598973) can0 224#2459000000000000
(1700000003.600124) can0 0B0#B067010000000000
(1700000003.606921) can0 2A9#A938000000000000
(1700000003.610836) can0 0B0#B068010000000000
(1700000003.618229) can0 333#3323000000000000
(1700000003.620947) can0 0B0#B069010000000000
(1700000003.621207) can0 185#858F000000000000
(1700000003.631032) can0 0B0#B06A010000000000
(1700000003.635758) can0 224#245A000000000000
(1700000003.641751) can0 0B0#B06B010000000000
(1700000003.646046) can0 185#8590000000000000
(1700000003.651683) can0 0B0#B06C010000000000
(1700000003.661288) can0 0B0#B06D010000000000
(1700000003.669305) can0 185#8591000000000000
(1700000003.670479) can0 2A9#A939000000000000
(1700000003.671614) can0 0B0#B06E010000000000
(1700000003.672618) can0 224#245B000000000000
(1700000003.680809) can0 0B0#B06F010000000000
(1700000003.690282) can0 0B0#B070010000000000
(1700000003.693039) can0 185#8592000000000000
(1700000003.700320) can0 0B0#B071010000000000
(1700000003.710269) can0 0B0#B072010000000000
(1700000003.715387) can0 333#3324000000000000
(1700000003.715912) can0 224#245C000000000000
(1700000003.717878) can0 185#8593000000000000
(1700000003.720418) can0 0B0#B073010000000000
(1700000003.728589) can0 2A9#A93A000000000000
(1700000003.730894) can0 0B0#B074010000000000
(1700000003.741298) can0 0B0#B075010000000000
(1700000003.745041) can0 185#8594000000000000
(1700000003.751113) can0 0B0#B076010000000000
(1700000003.753679) can0 224#245D000000000000
(1700000003.760281) can0 0B0#B077010000000000
(1700000003.769292) can0 185#8595000000000000
(1700000003.771224) can0 0B0#B078010000000000
(1700000003.780653) can0 0B0#B079010000000000
(1700000003.786681) can0 2A9#A93B000000000000
(1700000003.790067) can0 0B0#B07A010000000000
(1700000003.792490) can0 185#8596000000000000
(1700000003.795234) can0 224#245E000000000000
(1700000003.800946) can0 0B0#B07B010000000000
(1700000003.810442) can0 0B0#B07C010000000000
(1700000003.811883) can0 333#3325000000000000
(1700000003.816322) can0 185#8597000000000000
(1700000003.820843) can0 0B0#B07D010000000000
(1700000003.831833) can0 0B0#B07E010000000000
(1700000003.832596) can0 224#245F000000000000
(1700000003.839873) can0 185#8598000000000000
(1700000003.842300) can0 0B0#B07F010000000000
(1700000003.849406) can0 2A9#A93C000000000000
(1700000003.851345) can0 0B0#B080010000000000
(1700000003.861722) can0 0B0#B081010000000000
(1700000003.864937) can0 185#8599000000000000
(1700000003.871161) can0 0B0#B082010000000000
(1700000003.872361) can0 224#2460000000000000
(1700000003.880871) can0 0B0#B083010000000000
(1700000003.890191) can0 0B0#B084010000000000
(1700000003.891300) can0 185#859A000000000000
(1700000003.899636) can0 0B0#B085010000000000
(1700000003.908233) can0 224#2461000000000000
(1700000003.909085) can0 0B0#B086010000000000
(1700000003.910791) can0 333#3326000000000000
(1700000003.914231) can0 2A9#A93D000000000000
(1700000003.915177) can0 185#859B000000000000
(1700000003.918339) can0 0B0#B087010000000000
(1700000003.927921) can0 0B0#B088010000000000
(1700000003.938097) can0 0B0#B089010000000000
(1700000003.942653) can0 185#859C000000000000
(1700000003.947008) can0 224#2462000000000000
(1700000003.948827) can0 0B0#B08A010000000000
(1700000003.959210) can0 0B0#B08B010000000000
(1700000003.965937) can0 185#859D000000000000
(1700000003.968799) can0 0B0#B08C010000000000
(1700000003.974610) can0 2A9#A93E000000000000
(1700000003.978761) can0 0B0#B08D010000000000
(1700000003.987139) can0 224#2463000000000000
(1700000003.987844) can0 0B0#B08E010000000000
(1700000003.992689) can0 185#859E000000000000
(1700000003.998041) can0 0B0#B08F010000000000
(1700000004.008447) can0 0B0#B090010000000000
(1700000004.016136) can0 333#3327000000000000
(1700000004.017161) can0 185#859F000000000000
(1700000004.017958) can0 0B0#B091010000000000
(1700000004.028322) can0 0B0#B092010000000000
(1700000004.029239) can0 224#2464000000000000
(1700000004.037795) can0 2A9#A93F000000000000
(1700000004.037837) can0 0B0#B093010000000000
(1700000004.044658) can0 185#85A0000000000000
(1700000004.047703) can0 0B0#B094010000000000
(1700000004.058647) can0 0B0#B095010000000000
(1700000004.065876) can0 224#2465000000000000
(1700000004.068531) can0 185#85A1000000000000
(1700000004.068823) can0 0B0#B096010000000000
(1700000004.078619) can0 0B0#B097010000000000
(1700000004.088031) can0 0B0#B098010000000000
(1700000004.094850) can0 185#85A2000000000000
(1700000004.095259) can0 2A9#A940000000000000
(1700000004.097327) can0 0B0#B099010000000000
(1700000004.105948) can0 224#2466000000000000
(1700000004.106653) can0 0B0#B09A010000000000
(1700000004.117167) can0 0B0#B09B010000000000
(1700000004.121777) can0 185#85A3000000000000
(1700000004.123622) can0 333#3328000000000000
(1700000004.126826) can0 0B0#B09C010000000000
(1700000004.136731) can0 0B0#B09D010000000000
(1700000004.146909) can0 0B0#B09E010000000000
(1700000004.146969) can0 185#85A4000000000000
(1700000004.147554) can0 224#2467000000000000
(1700000004.157118) can0 0B0#B09F010000000000
(1700000004.163814) can0 2A9#A941000000000000
(1700000004.166739) can0 0B0#B0A0010000000000
(1700000004.172049) can0 185#85A5000000000000
(1700000004.177513) can0 0B0#B0A1010000000000
(1700000004.187491) can0 0B0#B0A2010000000000
(1700000004.191045) can0 224#2468000000000000
(1700000004.196008) can0 185#85A6000000000000
(1700000004.197214) can0 0B0#B0A3010000000000
(1700000004.207847) can0 0B0#B0A4010000000000
(1700000004.216186) can0 333#3329000000000000
(1700000004.217019) can0 0B0#B0A5010000000000
(1700000004.219072) can0 185#85A7000000000000
(1700000004.227167) can0 0B0#B0A6010000000000
(1700000004.227267) can0 2A9#A942000000000000
(1700000004.233593) can0 224#2469000000000000
(1700000004.236996) can0 0B0#B0A7010000000000
(1700000004.244442) can0 185#85A8000000000000
(1700000004.247005) can0 0B0#B0A8010000000000
(1700000004.257621) can0 0B0#B0A9010000000000
(1700000004.267049) can0 0B0#B0AA010000000000
(1700000004.270341) can0 224#246A000000000000
(1700000004.270636) can0 185#85A9000000000000
(1700000004.277162) can0 0B0#B0AB010000000000
(1700000004.285363) can0 2A9#A943000000000000
(1700000004.288010) can0 0B0#B0AC010000000000
(1700000004.295501) can0 185#85AA000000000000
(1700000004.297638) can0 0B0#B0AD010000000000
(1700000004.308159) can0 0B0#B0AE010000000000
(1700000004.308798) can0 224#246B000000000000
(1700000004.309892) can0 333#332A000000000000
(1700000004.318651) can0 0B0#B0AF010000000000
(1700000004.319229) can0 185#85AB000000000000
(1700000004.328616) can0 0B0#B0B0010000000000
(1700000004.338025) can0 0B0#B0B1010000000000
(1700000004.343430) can0 2A9#A944000000000000
(1700000004.345531) can0 185#85AC000000000000
(1700000004.348100) can0 0B0#B0B2010000000000
(1700000004.352575) can0 224#246C000000000000
(1700000004.358346) can0 0B0#B0B3010000000000
(1700000004.368433) can0 0B0#B0B4010000000000
(1700000004.371843) can0 185#85AD000000000000
(1700000004.377797) can0 0B0#B0B5010000000000
(1700000004.388120) can0 0B0#B0B6010000000000
(1700000004.395934) can0 224#246D000000000000
(1700000004.397488) can0 185#85AE000000000000
(1700000004.399088) can0 0B0#B0B7010000000000
(1700000004.402359) can0 333#332B000000000000
(1700000004.406894) can0 2A9#A945000000000000
(1700000004.408494) can0 0B0#B0B8010000000000
(1700000004.419258) can0 0B0#B0B9010000000000
(1700000004.421073) can0 185#85AF000000000000
(1700000004.429585) can0 0B0#B0BA010000000000
(1700000004.436278) can0 224#246E000000000000
(1700000004.439348) can0 0B0#B0BB010000000000
(1700000004.447983) can0 185#85B0000000000000
(1700000004.449527) can0 0B0#B0BC010000000000
(1700000004.459166) can0 0B0#B0BD010000000000
(1700000004.467436) can0 2A9#A946000000000000
(1700000004.468723) can0 0B0#B0BE010000000000
(1700000004.471161) can0 185#85B1000000000000
(1700000004.474655) can0 224#246F000000000000
(1700000004.478713) can0 0B0#B0BF010000000000
(1700000004.489056) can0 0B0#B0C0010000000000
(1700000004.495835) can0 185#85B2000000000000
(1700000004.496888) can0 333#332C000000000000
(1700000004.499210) can0 0B0#B0C1010000000000
(1700000004.509594) can0 0B0#B0C2010000000000
(1700000004.514201) can0 224#2470000000000000
(1700000004.518753) can0 185#85B3000000000000
(1700000004.519485) can0 0B0#B0C3010000000000
(1700000004.529015) can0 0B0#B0C4010000000000
(1700000004.529928) can0 2A9#A947000000000000
(1700000004.539047) can0 0B0#B0C5010000000000
(1700000004.545540) can0 185#85B4000000000000
(1700000004.548398) can0 0B0#B0C6010000000000
(1700000004.551658) can0 224#2471000000000000
(1700000004.558257) can0 0B0#B0C7010000000000
(1700000004.568023) can0 0B0#B0C8010000000000
(1700000004.570584) can0 185#85B5000000000000
(1700000004.577165) can0 0B0#B0C9010000000000
(1700000004.586593) can0 0B0#B0CA010000000000
(1700000004.589763) can0 2A9#A948000000000000
(1700000004.593048) can0 224#2472000000000000
(1700000004.593709) can0 185#85B6000000000000
(1700000004.596218) can0 0B0#B0CB010000000000
(1700000004.602227) can0 333#332D000000000000
(1700000004.605472) can0 0B0#B0CC010000000000
(1700000004.614517) can0 0B0#B0CD010000000000
(1700000004.617402) can0 185#85B7000000000000
(1700000004.625454) can0 0B0#B0CE010000000000
(1700000004.630493) can0 224#2473000000000000
(1700000004.635823) can0 0B0#B0CF010000000000
(1700000004.644316) can0 185#85B8000000000000
(1700000004.645680) can0 0B0#B0D0010000000000
(1700000004.652493) can0 2A9#A949000000000000
(1700000004.655106) can0 0B0#B0D1010000000000
(1700000004.664373) can0 0B0#B0D2010000000000
(1700000004.670543) can0 185#85B9000000000000
(1700000004.672099) can0 224#2474000000000000
(1700000004.673516) can0 0B0#B0D3010000000000
(1700000004.682636) can0 0B0#B0D4010000000000
(1700000004.693419) can0 0B0#B0D5010000000000
(1700000004.695503) can0 185#85BA000000000000
(1700000004.701162) can0 333#332E000000000000
(1700000004.704397) can0 0B0#B0D6010000000000
(1700000004.708580) can0 224#2475000000000000
(1700000004.713576) can0 2A9#A94A000000000000
(1700000004.714865) can0 0B0#B0D7010000000000
(1700000004.722238) can0 185#85BB000000000000
(1700000004.724644) can0 0B0#B0D8010000000000
(1700000004.734662) can0 0B0#B0D9010000000000
(1700000004.743719) can0 0B0#B0DA010000000000
(1700000004.746552) can0 224#2476000000000000
(1700000004.747743) can0 185#85BC000000000000
(1700000004.754403) can0 0B0#B0DB010000000000
(1700000004.764714) can0 0B0#B0DC010000000000
(1700000004.773760) can0 0B0#B0DD010000000000
(1700000004.774249) can0 185#85BD000000000000
(1700000004.778681) can0 2A9#A94B000000000000
(1700000004.783536) can0 224#2477000000000000
(1700000004.784178) can0 0B0#B0DE010000000000
(1700000004.792992) can0 333#332F000000000000
(1700000004.793713) can0 0B0#B0DF010000000000
(1700000004.801714) can0 185#85BE000000000000
(1700000004.803161) can0 0B0#B0E0010000000000
(1700000004.812975) can0 0B0#B0E1010000000000
(1700000004.821264) can0 224#2478000000000000
(1700000004.822550) can0 0B0#B0E2010000000000
(1700000004.825979) can0 185#85BF000000000000
(1700000004.832564) can0 0B0#B0E3010000000000
(1700000004.841999) can0 0B0#B0E4010000000000
(1700000004.845184) can0 2A9#A94C000000000000
(1700000004.848672) can0 185#85C0000000000000
(1700000004.852340) can0 0B0#B0E5010000000000
(1700000004.862924) can0 0B0#B0E6010000000000
(1700000004.864888) can0 224#2479000000000000
(1700000004.873906) can0 0B0#B0E7010000000000
(1700000004.874856) can0 185#85C1000000000000
(1700000004.884809) can0 0B0#B0E8010000000000
(1700000004.891053) can0 333#3330000000000000
(1700000004.894422) can0 0B0#B0E9010000000000
(1700000004.899322) can0 185#85C2000000000000
(1700000004.901273) can0 224#247A000000000000
(1700000004.905384) can0 0B0#B0EA010000000000
(1700000004.912924) can0 2A9#A94D000000000000
(1700000004.914662) can0 0B0#B0EB010000000000
(1700000004.923320) can0 185#85C3000000000000
(1700000004.924821) can0 0B0#B0EC010000000000
(1700000004.935477) can0 0B0#B0ED010000000000
(1700000004.944083) can0 224#247B000000000000
(1700000004.945295) can0 0B0#B0EE010000000000
(1700000004.949313) can0 185#85C4000000000000
(1700000004.954410) can0 0B0#B0EF010000000000
(1700000004.964864) can0 0B0#B0F0010000000000
(1700000004.974458) can0 0B0#B0F1010000000000
(1700000004.975010) can0 185#85C5000000000000
(1700000004.981455) can0 2A9#A94E000000000000
(1700000004.985093) can0 0B0#B0F2010000000000
(1700000004.985407) can0 224#247C000000000000
(1700000004.986793) can0 333#3331000000000000
(1700000004.995946) can0 0B0#B0F3010000000000
(1700000005.000278) can0 185#85C6000000000000
(1700000005.005165) can0 0B0#B0F4010000000000
(1700000005.014974) can0 0B0#B0F5010000000000
(1700000005.024873) can0 185#85C7000000000000
(1700000005.025085) can0 0B0#B0F6010000000000
(1700000005.026169) can0 224#247D000000000000
(1700000005.035085) can0 0B0#B0F7010000000000
(1700000005.044120) can0 0B0#B0F8010000000000
(1700000005.045903) can0 2A9#A94F000000000000
(1700000005.049471) can0 185#85C8000000000000
(1700000005.053414) can0 0B0#B0F9010000000000
(1700000005.062723) can0 0B0#B0FA010000000000
(1700000005.069296) can0 224#247E000000000000
(1700000005.073253) can0 0B0#B0FB010000000000
(1700000005.075575) can0 185#85C9000000000000
(1700000005.083964) can0 0B0#B0FC010000000000
(1700000005.084338) can0 333#3332000000000000
(1700000005.094099) can0 0B0#B0FD010000000000
(1700000005.101054) can0 185#85CA000000000000
(1700000005.103328) can0 0B0#B0FE010000000000
(1700000005.106936) can0 2A9#A950000000000000
(1700000005.112685) can0 224#247F000000000000
(1700000005.114117) can0 0B0#B0FF010000000000
(1700000005.123127) can0 0B0#B000020000000000
(1700000005.125089) can0 185#85CB000000000000
(1700000005.133025) can0 0B0#B001020000000000
(1700000005.142923) can0 0B0#B002020000000000
(1700000005.149932) can0 185#85CC000000000000
(1700000005.151892) can0 224#2480000000000000
(1700000005.152759) can0 0B0#B003020000000000
(1700000005.163660) can0 0B0#B004020000000000
(1700000005.173173) can0 0B0#B005020000000000
(1700000005.175136) can0 2A9#A951000000000000
(1700000005.177467) can0 185#85CD000000000000
(1700000005.182254) can0 333#3333000000000000
(1700000005.183175) can0 0B0#B006020000000000
(1700000005.191411) can0 224#2481000000000000
(1700000005.193714) can0 0B0#B007020000000000
(1700000005.201413) can0 185#85CE000000000000
(1700000005.203933) can0 0B0#B008020000000000
(1700000005.214679) can0 0B0#B009020000000000
(1700000005.224109) can0 0B0#B00A020000000000
(1700000005.226207) can0 185#85CF000000000000
(1700000005.232346) can0 224#2482000000000000
(1700000005.234098) can0 0B0#B00B020000000000
(1700000005.242893) can0 2A9#A952000000000000
(1700000005.243988) can0 0B0#B00C020000000000
(1700000005.249734) can0 185#85D0000000000000
(1700000005.254269) can0 0B0#B00D020000000000
(1700000005.263889) can0 0B0#B00E020000000000
(1700000005.268497) can0 224#2483000000000000
(1700000005.274194) can0 0B0#B00F020000000000
(1700000005.276050) can0 185#85D1000000000000
(1700000005.280766) can0 333#3334000000000000
(1700000005.284680) can0 0B0#B010020000000000
(1700000005.293825) can0 0B0#B011020000000000
(1700000005.300119) can0 2A9#A953000000000000
(1700000005.303533) can0 185#85D2000000000000
(1700000005.303757) can0 0B0#B012020000000000
(1700000005.311357) can0 224#2484000000000000
(1700000005.313173) can0 0B0#B013020000000000
(1700000005.323295) can0 0B0#B014020000000000
(1700000005.328509) can0 185#85D3000000000000
(1700000005.333348) can0 0B0#B015020000000000
(1700000005.343704) can0 0B0#B016020000000000
(1700000005.351101) can0 224#2485000000000000
(1700000005.353152) can0 185#85D4000000000000
(1700000005.354627) can0 0B0#B017020000000000
(1700000005.357722) can0 2A9#A954000000000000
(1700000005.364657) can0 0B0#B018020000000000
(1700000005.374673) can0 0B0#B019020000000000
(1700000005.377356) can0 185#85D5000000000000
(1700000005.384029) can0 0B0#B01A020000000000
(1700000005.385856) can0 333#3335000000000000
(1700000005.391174) can0 224#2486000000000000
(1700000005.394148) can0 0B0#B01B020000000000
(1700000005.399996) can0 185#85D6000000000000
(1700000005.403695) can0 0B0#B01C020000000000
(1700000005.413096) can0 0B0#B01D020000000000
(1700000005.422528) can0 2A9#A955000000000000
(1700000005.424042) can0 0B0#B01E020000000000
(1700000005.427202) can0 185#85D7000000000000
(1700000005.430840) can0 224#2487000000000000
(1700000005.434895) can0 0B0#B01F020000000000
(1700000005.444889) can0 0B0#B020020000000000
(1700000005.454570) can0 185#85D8000000000000
(1700000005.455058) can0 0B0#B021020000000000
(1700000005.464360) can0 0B0#B022020000000000
(1700000005.467046) can0 224#2488000000000000
(1700000005.474260) can0 0B0#B023020000000000
(1700000005.480626) can0 185#85D9000000000000
(1700000005.485194) can0 0B0#B024020000000000
(1700000005.487983) can0 333#3336000000000000
(1700000005.489706) can0 2A9#A956000000000000
(1700000005.495961) can0 0B0#B025020000000000
(1700000005.503397) can0 185#85DA000000000000
(1700000005.505896) can0 0B0#B026020000000000
(1700000005.508220) can0 224#2489000000000000
(1700000005.515833) can0 0B0#B027020000000000
(1700000005.525929) can0 0B0#B028020000000000
(1700000005.530887) can0 185#85DB000000000000
(1700000005.536678) can0 0B0#B029020000000000
(1700000005.545280) can0 224#248A000000000000
(1700000005.546729) can0 0B0#B02A020000000000
(1700000005.547846) can0 2A9#A957000000000000
(1700000005.556039) can0 0B0#B02B020000000000
(1700000005.556662) can0 185#85DC000000000000
(1700000005.565224) can0 0B0#B02C020000000000
(1700000005.575296) can0 0B0#B02D020000000000
(1700000005.582797) can0 185#85DD000000000000
(1700000005.584703) can0 333#3337000000000000
(1700000005.584841) can0 0B0#B02E020000000000
(1700000005.586605) can0 224#248B000000000000
(1700000005.594518) can0 0B0#B02F020000000000
(1700000005.603833) can0 0B0#B030020000000000
(1700000005.608693) can0 2A9#A958000000000000
(1700000005.609731) can0 185#85DE000000000000
(1700000005.613614) can0 0B0#B031020000000000
(1700000005.614290) can0 110#10CA000000000000
(1700000005.623548) can0 0B0#B032020000000000
(1700000005.629518) can0 110#10CB000000000000
(1700000005.629942) can0 224#248C000000000000
(1700000005.633312) can0 0B0#B033020000000000
(1700000005.637294) can0 185#85DF000000000000
(1700000005.643707) can0 0B0#B034020000000000
(1700000005.645467) can0 110#10CC000000000000
(1700000005.653755) can0 0B0#B035020000000000
(1700000005.662392) can0 185#85E0000000000000
(1700000005.662447) can0 110#10CD000000000000
(1700000005.663829) can0 0B0#B036020000000000
(1700000005.673346) can0 224#248D000000000000
(1700000005.674194) can0 0B0#B037020000000000
(1700000005.677982) can0 2A9#A959000000000000
(1700000005.678513) can0 110#10CE000000000000
(1700000005.679334) can0 333#3338000000000000
(1700000005.683219) can0 0B0#B038020000000000
(1700000005.689273) can0 185#85E1000000000000
(1700000005.693342) can0 0B0#B039020000000000
(1700000005.694528) can0 110#10CF000000000000
(1700000005.703570) can0 0B0#B03A020000000000
(1700000005.711790) can0 110#10D0000000000000
(1700000005.712579) can0 0B0#B03B020000000000
(1700000005.714319) can0 185#85E2000000000000
(1700000005.714451) can0 224#248E000000000000
(1700000005.722997) can0 0B0#B03C020000000000
(1700000005.728212) can0 110#10D1000000000000
(1700000005.733850) can0 0B0#B03D020000000000
(1700000005.736828) can0 2A9#A95A000000000000
(1700000005.741689) can0 185#85E3000000000000
(1700000005.743872) can0 110#10D2000000000000
(1700000005.744469) can0 0B0#B03E020000000000
(1700000005.753349) can0 224#248F000000000000
(1700000005.755047) can0 0B0#B03F020000000000
(1700000005.760537) can0 110#10D3000000000000
(1700000005.765647) can0 185#85E4000000000000
(1700000005.765712) can0 0B0#B040020000000000
(1700000005.776542) can0 0B0#B041020000000000
(1700000005.777570) can0 110#10D4000000000000
(1700000005.777922) can0 333#3339000000000000
(1700000005.786592) can0 0B0#B042020000000000
(1700000005.790712) can0 185#85E5000000000000
(1700000005.794178) can0 110#10D5000000000000
(1700000005.795640) can0 224#2490000000000000
(1700000005.795700) can0 0B0#B043020000000000
(1700000005.800838) can0 2A9#A95B000000000000
(1700000005.805153) can0 0B0#B044020000000000
(1700000005.809517) can0 110#10D6000000000000
(1700000005.815905) can0 0B0#B045020000000000
(1700000005.817885) can0 185#85E6000000000000
(1700000005.825191) can0 110#10D7000000000000
(1700000005.825620) can0 0B0#B046020000000000
(1700000005.835623) can0 0B0#B047020000000000
(1700000005.837354) can0 224#2491000000000000
(1700000005.840589) can0 110#10D8000000000000
(1700000005.845430) can0 185#85E7000000000000
(1700000005.846308) can0 0B0#B048020000000000
(1700000005.855466) can0 0B0#B049020000000000
(1700000005.857886) can0 110#10D9000000000000
(1700000005.863825) can0 2A9#A95C000000000000
(1700000005.865059) can0 0B0#B04A020000000000
(1700000005.871498) can0 185#85E8000000000000
(1700000005.872600) can0 110#10DA000000000000
(1700000005.874961) can0 0B0#B04B020000000000
(1700000005.878053) can0 224#2492000000000000
(1700000005.881325) can0 333#333A000000000000
(1700000005.884487) can0 0B0#B04C020000000000
(1700000005.888527) can0 110#10DB000000000000
(1700000005.894989) can0 0B0#B04D020000000000
(1700000005.897193) can0 185#85E9000000000000
(1700000005.904898) can0 110#10DC000000000000
(1700000005.905205) can0 0B0#B04E020000000000
(1700000005.915874) can0 0B0#B04F020000000000
(1700000005.916000) can0 224#2493000000000000
(1700000005.919897) can0 110#10DD000000000000
(1700000005.919984) can0 185#85EA000000000000
(1700000005.924200) can0 2A9#A95D000000000000
(1700000005.926508) can0 0B0#B050020000000000
(1700000005.936837) can0 110#10DE000000000000
(1700000005.937213) can0 0B0#B051020000000000
(1700000005.942704) can0 185#85EB000000000000
(1700000005.946562) can0 0B0#B052020000000000
(1700000005.953559) can0 110#10DF000000000000
(1700000005.956606) can0 224#2494000000000000
(1700000005.957468) can0 0B0#B053020000000000
(1700000005.966432) can0 185#85EC000000000000
(1700000005.967515) can0 0B0#B054020000000000
(1700000005.968438) can0 110#10E0000000000000
(1700000005.974066) can0 333#333B000000000000
(1700000005.976983) can0 0B0#B055020000000000
(1700000005.984172) can0 2A9#A95E000000000000
(1700000005.984248) can0 110#10E1000000000000
(1700000005.987042) can0 0B0#B056020000000000
(1700000005.989331) can0 185#85ED000000000000
(1700000005.995306) can0 224#2495000000000000
(1700000005.996256) can0 0B0#B057020000000000
(1700000005.999147) can0 110#10E2000000000000
(1700000006.005824) can0 0B0#B058020000000000
(1700000006.015180) can0 0B0#B059020000000000
(1700000006.016004) can0 110#10E3000000000000
(1700000006.016674) can0 185#85EE000000000000
(1700000006.024623) can0 0B0#B05A020000000000
(1700000006.030627) can0 110#10E4000000000000
(1700000006.035557) can0 0B0#B05B020000000000
(1700000006.037083) can0 224#2496000000000000
(1700000006.040425) can0 185#85EF000000000000
(1700000006.045795) can0 0B0#B05C020000000000
(1700000006.047825) can0 110#10E5000000000000
(1700000006.052591) can0 2A9#A95F000000000000
(1700000006.056574) can0 0B0#B05D020000000000
(1700000006.063337) can0 110#10E6000000000000
(1700000006.066674) can0 0B0#B05E020000000000
(1700000006.066946) can0 185#85F0000000000000
(1700000006.074887) can0 224#2497000000000000
(1700000006.075609) can0 333#333C000000000000
(1700000006.075811) can0 0B0#B05F020000000000
(1700000006.079008) can0 110#10E7000000000000
(1700000006.086421) can0 0B0#B060020000000000
(1700000006.092233) can0 185#85F1000000000000
(1700000006.093502) can0 110#10E8000000000000
(1700000006.096938) can0 0B0#B061020000000000
(1700000006.106353) can0 0B0#B062020000000000
(1700000006.110120) can0 110#10E9000000000000
(1700000006.112446) can0 224#2498000000000000
(1700000006.116079) can0 0B0#B063020000000000
(1700000006.117439) can0 2A9#A960000000000000
(1700000006.119208) can0 185#85F2000000000000
(1700000006.126982) can0 0B0#B064020000000000
(1700000006.127355) can0 110#10EA000000000000
(1700000006.136707) can0 0B0#B065020000000000
(1700000006.142640) can0 185#85F3000000000000
(1700000006.143324) can0 110#10EB000000000000
(1700000006.145726) can0 0B0#B066020000000000
(1700000006.155044) can0 0B0#B067020000000000
(1700000006.155539) can0 224#2499000000000000
(1700000006.158734) can0 110#10EC000000000000
(1700000006.165742) can0 0B0#B068020000000000
(1700000006.167493) can0 333#333D000000000000
(1700000006.169078) can0 185#85F4000000000000
(1700000006.175652) can0 0B0#B069020000000000
(1700000006.175852) can0 110#10ED000000000000
(1700000006.178483) can0 2A9#A961000000000000
(1700000006.185325) can0 0B0#B06A020000000000
(1700000006.191423) can0 110#10EE000000000000
(1700000006.195065) can0 185#85F5000000000000
(1700000006.196186) can0 0B0#B06B020000000000
(1700000006.199070) can0 224#249A000000000000
(1700000006.206136) can0 0B0#B06C020000000000
(1700000006.208151) can0 110#10EF000000000000
(1700000006.216052) can0 0B0#B06D020000000000
(1700000006.217723) can0 185#85F6000000000000
(1700000006.222433) can0 110#10F0000000000000
(1700000006.226565) can0 0B0#B06E020000000000
(1700000006.236416) can0 0B0#B06F020000000000
(1700000006.236625) can0 224#249B000000000000
(1700000006.236699) can0 110#10F1000000000000
(1700000006.237671) can0 2A9#A962000000000000
(1700000006.244038) can0 185#85F7000000000000
(1700000006.245737) can0 0B0#B070020000000000
(1700000006.253972) can0 110#10F2000000000000
(1700000006.255433) can0 0B0#B071020000000000
(1700000006.258701) can0 333#333E000000000000
(1700000006.265903) can0 0B0#B072020000000000
(1700000006.267142) can0 185#85F8000000000000
(1700000006.268948) can0 110#10F3000000000000
(1700000006.275026) can0 0B0#B073020000000000
(1700000006.277847) can0 224#249C000000000000
(1700000006.284028) can0 110#10F4000000000000
(1700000006.284250) can0 0B0#B074020000000000
(1700000006.293959) can0 185#85F9000000000000
(1700000006.295225) can0 0B0#B075020000000000
(1700000006.298697) can0 110#10F5000000000000
(1700000006.304351) can0 0B0#B076020000000000
(1700000006.305853) can0 2A9#A963000000000000
(1700000006.313013) can0 110#10F6000000000000
(1700000006.313459) can0 0B0#B077020000000000
(1700000006.316274) can0 224#249D000000000000
(1700000006.319017) can0 185#85FA000000000000
(1700000006.323662) can0 0B0#B078020000000000
(1700000006.327547) can0 110#10F7000000000000
(1700000006.333553) can0 0B0#B079020000000000
(1700000006.341666) can0 185#85FB000000000000
(1700000006.343059) can0 0B0#B07A020000000000
(1700000006.343956) can0 110#10F8000000000000
(1700000006.353236) can0 224#249E000000000000
(1700000006.353852) can0 0B0#B07B020000000000
(1700000006.358667) can0 110#10F9000000000000
(1700000006.364545) can0 0B0#B07C020000000000
(1700000006.364785) can0 333#333F000000000000
(1700000006.367121) can0 2A9#A964000000000000
(1700000006.367355) can0 185#85FC000000000000
(1700000006.373999) can0 0B0#B07D020000000000
(1700000006.375699) can0 110#10FA000000000000
(1700000006.383123) can0 0B0#B07E020000000000
(1700000006.390294) can0 185#85FD000000000000
(1700000006.392734) can0 110#10FB000000000000
(1700000006.393103) can0 0B0#B07F020000000000
(1700000006.395260) can0 224#249F000000000000
(1700000006.402304) can0 0B0#B080020000000000
(1700000006.408206) can0 110#10FC000000000000
(1700000006.412514) can0 0B0#B081020000000000
(1700000006.414153) can0 185#85FE000000000000
(1700000006.421589) can0 0B0#B082020000000000
(1700000006.422922) can0 110#10FD000000000000
(1700000006.431983) can0 0B0#B083020000000000
(1700000006.433731) can0 2A9#A965000000000000
(1700000006.434597) can0 224#24A0000000000000
(1700000006.439695) can0 110#10FE000000000000
(1700000006.441623) can0 185#85FF000000000000
(1700000006.442755) can0 0B0#B084020000000000
(1700000006.452942) can0 0B0#B085020000000000
(1700000006.454881) can0 110#10FF000000000000
(1700000006.457797) can0 333#3340000000000000
(1700000006.463538) can0 0B0#B086020000000000
(1700000006.467647) can0 185#8500010000000000
(1700000006.472016) can0 110#1000010000000000
(1700000006.473303) can0 0B0#B087020000000000
(1700000006.477709) can0 224#24A1000000000000
(1700000006.482894) can0 0B0#B088020000000000
(1700000006.488920) can0 110#1001010000000000
(1700000006.492623) can0 0B0#B089020000000000
(1700000006.495058) can0 185#8501010000000000
(1700000006.497483) can0 2A9#A966000000000000
(1700000006.502536) can0 0B0#B08A020000000000
(1700000006.504498) can0 110#1002010000000000
(1700000006.513020) can0 0B0#B08B020000000000
(1700000006.519619) can0 224#24A2000000000000
(1700000006.520871) can0 110#1003010000000000
(1700000006.520974) can0 185#8502010000000000
(1700000006.523623) can0 0B0#B08C020000000000
(1700000006.532998) can0 0B0#B08D020000000000
(1700000006.537988) can0 110#1004010000000000
(1700000006.542906) can0 0B0#B08E020000000000
(1700000006.547709) can0 185#8503010000000000
(1700000006.552750) can0 0B0#B08F020000000000
(1700000006.553127) can0 110#1005010000000000
(1700000006.560156) can0 2A9#A967000000000000
(1700000006.563280) can0 224#24A3000000000000
(1700000006.563332) can0 0B0#B090020000000000
(1700000006.566679) can0 333#3341000000000000
(1700000006.568100) can0 110#1006010000000000
(1700000006.572705) can0 185#8504010000000000
(1700000006.573382) can0 0B0#B091020000000000
(1700000006.582796) can0 0B0#B092020000000000
(1700000006.584432) can0 110#1007010000000000
(1700000006.593594) can0 0B0#B093020000000000
(1700000006.595525) can0 185#8505010000000000
(1700000006.600954) can0 110#1008010000000000
(1700000006.602830) can0 0B0#B094020000000000
(1700000006.603068) can0 224#24A4000000000000
(1700000006.612820) can0 0B0#B095020000000000
(1700000006.618211) can0 110#1009010000000000
(1700000006.618285) can0 2A9#A968000000000000
(1700000006.620185) can0 185#8506010000000000
(1700000006.622519) can0 0B0#B096020000000000
(1700000006.632712) can0 0B0#B097020000000000
(1700000006.635431) can0 110#100A010000000000
(1700000006.642298) can0 0B0#B098020000000000
(1700000006.645239) can0 224#24A5000000000000
(1700000006.647122) can0 185#8507010000000000
(1700000006.651890) can0 0B0#B099020000000000
(1700000006.652125) can0 110#100B010000000000
(1700000006.662331) can0 0B0#B09A020000000000
(1700000006.665489) can0 333#3342000000000000
(1700000006.667781) can0 110#100C010000000000
(1700000006.671934) can0 185#8508010000000000
(1700000006.672020) can0 0B0#B09B020000000000
(1700000006.680983) can0 2A9#A969000000000000
(1700000006.682343) can0 110#100D010000000000
(1700000006.682785) can0 0B0#B09C020000000000
(1700000006.683578) can0 224#24A6000000000000
(1700000006.693525) can0 0B0#B09D020000000000
(1700000006.695634) can0 185#8509010000000000
(1700000006.698692) can0 110#100E010000000000
(1700000006.703480) can0 0B0#B09E020000000000
(1700000006.714407) can0 110#100F010000000000
(1700000006.714425) can0 0B0#B09F020000000000
(1700000006.722050) can0 185#850A010000000000
(1700000006.724209) can0 0B0#B0A0020000000000
(1700000006.727235) can0 224#24A7000000000000
(1700000006.730284) can0 110#1010010000000000
(1700000006.733370) can0 0B0#B0A1020000000000
(1700000006.741378) can0 2A9#A96A000000000000
(1700000006.743932) can0 0B0#B0A2020000000000
(1700000006.745118) can0 110#1011010000000000
(1700000006.749625) can0 185#850B010000000000
(1700000006.753208) can0 0B0#B0A3020000000000
(1700000006.761068) can0 110#1012010000000000
(1700000006.763905) can0 0B0#B0A4020000000000
(1700000006.764880) can0 224#24A8000000000000
(1700000006.772361) can0 185#850C010000000000
(1700000006.774419) can0 0B0#B0A5020000000000
(1700000006.775163) can0 333#3343000000000000
(1700000006.776768) can0 110#1013010000000000
(1700000006.784385) can0 0B0#B0A6020000000000
(1700000006.791631) can0 110#1014010000000000
(1700000006.794249) can0 0B0#B0A7020000000000
(1700000006.798044) can0 185#850D010000000000
(1700000006.800840) can0 2A9#A96B000000000000
(1700000006.804108) can0 0B0#B0A8020000000000
(1700000006.806602) can0 110#1015010000000000
(1700000006.808041) can0 224#24A9000000000000
(1700000006.813897) can0 0B0#B0A9020000000000
(1700000006.820960) can0 185#850E010000000000
(1700000006.821355) can0 110#1016010000000000
(1700000006.824117) can0 0B0#B0AA020000000000
(1700000006.833866) can0 0B0#B0AB020000000000
(1700000006.836146) can0 110#1017010000000000
(1700000006.844424) can0 185#850F010000000000
(1700000006.844747) can0 0B0#B0AC020000000000
(1700000006.849871) can0 224#24AA000000000000
(1700000006.852559) can0 110#1018010000000000
(1700000006.854804) can0 0B0#B0AD020000000000
(1700000006.864274) can0 2A9#A96C000000000000
(1700000006.864586) can0 0B0#B0AE020000000000
(1700000006.867990) can0 185#8510010000000000
(1700000006.869774) can0 110#1019010000000000
(1700000006.875263) can0 0B0#B0AF020000000000
(1700000006.883804) can0 333#3344000000000000
(1700000006.884819) can0 0B0#B0B0020000000000
(1700000006.885612) can0 110#101A010000000000
(1700000006.891198) can0 224#24AB000000000000
(1700000006.893398) can0 185#8511010000000000
(1700000006.895808) can0 0B0#B0B1020000000000
(1700000006.902802) can0 110#101B010000000000
(1700000006.906165) can0 0B0#B0B2020000000000
(1700000006.916027) can0 0B0#B0B3020000000000
(1700000006.918824) can0 110#101C010000000000
(1700000006.919183) can0 185#8512010000000000
(1700000006.922505) can0 2A9#A96D000000000000
(1700000006.925042) can0 0B0#B0B4020000000000
(1700000006.929773) can0 224#24AC000000000000
(1700000006.933626) can0 110#101D010000000000
(1700000006.934663) can0 0B0#B0B5020000000000
(1700000006.945276) can0 0B0#B0B6020000000000
(1700000006.945959) can0 185#8513010000000000
(1700000006.950905) can0 110#101E010000000000
(1700000006.955957) can0 0B0#B0B7020000000000
(1700000006.965363) can0 0B0#B0B8020000000000
(1700000006.966210) can0 110#101F010000000000
(1700000006.969327) can0 224#24AD000000000000
(1700000006.972866) can0 185#8514010000000000
(1700000006.976016) can0 0B0#B0B9020000000000
(1700000006.979557) can0 333#3345000000000000
(1700000006.982514) can0 110#1020010000000000
(1700000006.985776) can0 2A9#A96E000000000000
(1700000006.985835) can0 0B0#B0BA020000000000
(1700000006.994931) can0 0B0#B0BB020000000000
(1700000006.996074) can0 185#8515010000000000
(1700000006.998365) can0 110#1021010000000000
(1700000007.005001) can0 0B0#B0BC020000000000
(1700000007.012156) can0 224#24AE000000000000
(1700000007.015654) can0 0B0#B0BD020000000000
(1700000007.015693) can0 110#1022010000000000
(1700000007.019951) can0 185#8516010000000000
(1700000007.024825) can0 0B0#B0BE020000000000
(1700000007.032241) can0 110#1023010000000000
(1700000007.035250) can0 0B0#B0BF020000000000
(1700000007.044857) can0 0B0#B0C0020000000000
(1700000007.046475) can0 185#8517010000000000
(1700000007.047021) can0 2A9#A96F000000000000
(1700000007.048183) can0 110#1024010000000000
(1700000007.053802) can0 224#24AF000000000000
(1700000007.055065) can0 0B0#B0C1020000000000
(1700000007.063516) can0 110#1025010000000000
(1700000007.064588) can0 0B0#B0C2020000000000
(1700000007.071294) can0 185#8518010000000000
(1700000007.075222) can0 0B0#B0C3020000000000
(1700000007.080105) can0 110#1026010000000000
(1700000007.084420) can0 0B0#B0C4020000000000
(1700000007.089022) can0 333#3346000000000000
(1700000007.090009) can0 224#24B0000000000000
(1700000007.094358) can0 0B0#B0C5020000000000
(1700000007.096700) can0 185#8519010000000000
(1700000007.097278) can0 110#1027010000000000
(1700000007.103438) can0 0B0#B0C6020000000000
(1700000007.104035) can0 2A9#A970000000000000
(1700000007.112686) can0 0B0#B0C7020000000000
(1700000007.113108) can0 110#1028010000000000
(1700000007.120115) can0 185#851A010000000000
(1700000007.123452) can0 0B0#B0C8020000000000
(1700000007.128744) can0 110#1029010000000000
(1700000007.131524) can0 224#24B1000000000000
(1700000007.132922) can0 0B0#B0C9020000000000
(1700000007.142624) can0 0B0#B0CA020000000000
(1700000007.145478) can0 110#102A010000000000
(1700000007.147015) can0 185#851B010000000000
(1700000007.152745) can0 0B0#B0CB020000000000
(1700000007.160176) can0 110#102B010000000000
(1700000007.163719) can0 0B0#B0CC020000000000
(1700000007.167884) can0 224#24B2000000000000
(1700000007.171428) can0 2A9#A971000000000000
(1700000007.172915) can0 0B0#B0CD020000000000
(1700000007.174457) can0 185#851C010000000000
(1700000007.176380) can0 110#102C010000000000
(1700000007.183397) can0 333#3347000000000000
(1700000007.183583) can0 0B0#B0CE020000000000
(1700000007.190747) can0 110#102D010000000000
(1700000007.193124) can0 0B0#B0CF020000000000
(1700000007.197135) can0 185#851D010000000000
(1700000007.203583) can0 0B0#B0D0020000000000
(1700000007.208012) can0 110#102E010000000000
(1700000007.210471) can0 224#24B3000000000000
(1700000007.214579) can0 0B0#B0D1020000000000
(1700000007.223515) can0 110#102F010000000000
(1700000007.224178) can0 185#851E010000000000
(1700000007.225094) can0 0B0#B0D2020000000000
(1700000007.231696) can0 2A9#A972000000000000
(1700000007.235965) can0 0B0#B0D3020000000000
(1700000007.238678) can0 110#1030010000000000
(1700000007.246200) can0 0B0#B0D4020000000000
(1700000007.250028) can0 185#851F010000000000
(1700000007.251313) can0 224#24B4000000000000
(1700000007.255581) can0 110#1031010000000000
(1700000007.255620) can0 0B0#B0D5020000000000
(1700000007.265593) can0 0B0#B0D6020000000000
(1700000007.272792) can0 110#1032010000000000
(1700000007.275303) can0 0B0#B0D7020000000000
(1700000007.276052) can0 185#8520010000000000
(1700000007.283388) can0 333#3348000000000000
(1700000007.285971) can0 0B0#B0D8020000000000
(1700000007.289377) can0 110#1033010000000000
(1700000007.294835) can0 224#24B5000000000000
(1700000007.295908) can0 0B0#B0D9020000000000
(1700000007.300441) can0 185#8521010000000000
(1700000007.300477) can0 2A9#A973000000000000
(1700000007.304856) can0 110#1034010000000000
(1700000007.306051) can0 0B0#B0DA020000000000
(1700000007.315228) can0 0B0#B0DB020000000000
(1700000007.321389) can0 110#1035010000000000
(1700000007.325143) can0 0B0#B0DC020000000000
(1700000007.327133) can0 185#8522010000000000
(1700000007.332879) can0 224#24B6000000000000
(1700000007.335867) can0 0B0#B0DD020000000000
(1700000007.335892) can0 110#1036010000000000
(1700000007.346421) can0 0B0#B0DE020000000000
(1700000007.351013) can0 185#8523010000000000
(1700000007.352505) can0 110#1037010000000000
(1700000007.355875) can0 0B0#B0DF020000000000
(1700000007.365809) can0 0B0#B0E0020000000000
(1700000007.366570) can0 2A9#A974000000000000
(1700000007.367576) can0 110#1038010000000000
(1700000007.374911) can0 0B0#B0E1020000000000
(1700000007.375331) can0 185#8524010000000000
(1700000007.376586) can0 224#24B7000000000000
(1700000007.380787) can0 333#3349000000000000
(1700000007.382430) can0 110#1039010000000000
(1700000007.385220) can0 0B0#B0E2020000000000
(1700000007.395634) can0 0B0#B0E3020000000000
(1700000007.398594) can0 110#103A010000000000
(1700000007.402316) can0 185#8525010000000000
(1700000007.404770) can0 0B0#B0E4020000000000
(1700000007.414783) can0 110#103B010000000000
(1700000007.415059) can0 224#24B8000000000000
(1700000007.415461) can0 0B0#B0E5020000000000
(1700000007.425567) can0 185#8526010000000000
(1700000007.426312) can0 0B0#B0E6020000000000
(1700000007.431754) can0 110#103C010000000000
(1700000007.435658) can0 0B0#B0E7020000000000
(1700000007.435870) can0 2A9#A975000000000000
(1700000007.446613) can0 0B0#B0E8020000000000
(1700000007.447074) can0 110#103D010000000000
(1700000007.449450) can0 185#8527010000000000
(1700000007.456475) can0 224#24B9000000000000
(1700000007.456482) can0 0B0#B0E9020000000000
(1700000007.463342) can0 110#103E010000000000
(1700000007.466873) can0 0B0#B0EA020000000000
(1700000007.475055) can0 185#8528010000000000
(1700000007.476580) can0 0B0#B0EB020000000000
(1700000007.480298) can0 110#103F010000000000
(1700000007.486114) can0 0B0#B0EC020000000000
(1700000007.489298) can0 333#334A000000000000
(1700000007.495908) can0 2A9#A976000000000000
(1700000007.496414) can0 0B0#B0ED020000000000
(1700000007.496556) can0 110#1040010000000000
(1700000007.499912) can0 224#24BA000000000000
(1700000007.501597) can0 185#8529010000000000
(1700000007.506051) can0 0B0#B0EE020000000000
(1700000007.513796) can0 110#1041010000000000
(1700000007.516536) can0 0B0#B0EF020000000000
(1700000007.526819) can0 185#852A010000000000
(1700000007.526905) can0 0B0#B0F0020000000000
(1700000007.530478) can0 110#1042010000000000
(1700000007.536858) can0 0B0#B0F1020000000000
(1700000007.537830) can0 224#24BB000000000000
(1700000007.546590) can0 110#1043010000000000
(1700000007.547825) can0 0B0#B0F2020000000000
(1700000007.552137) can0 185#852B010000000000
(1700000007.557641) can0 0B0#B0F3020000000000
(1700000007.558435) can0 2A9#A977000000000000
(1700000007.562229) can0 110#1044010000000000
(1700000007.567061) can0 0B0#B0F4020000000000
(1700000007.576507) can0 0B0#B0F5020000000000
(1700000007.577409) can0 110#1045010000000000
(1700000007.577941) can0 185#852C010000000000
(1700000007.581235) can0 224#24BC000000000000
(1700000007.587151) can0 0B0#B0F6020000000000
(1700000007.591302) can0 333#334B000000000000
(1700000007.594179) can0 110#1046010000000000
(1700000007.596454) can0 0B0#B0F7020000000000
(1700000007.604705) can0 185#852D010000000000
(1700000007.607073) can0 0B0#B0F8020000000000
(1700000007.610639) can0 110#1047010000000000
(1700000007.616171) can0 0B0#B0F9020000000000
(1700000007.619868) can0 224#24BD000000000000
(1700000007.625558) can0 2A9#A978000000000000
(1700000007.626489) can0 0B0#B0FA020000000000
(1700000007.627213) can0 110#1048010000000000
(1700000007.631650) can0 185#852E010000000000
(1700000007.636599) can0 0B0#B0FB020000000000
(1700000007.641539) can0 110#1049010000000000
(1700000007.646936) can0 0B0#B0FC020000000000
(1700000007.657095) can0 110#104A010000000000
(1700000007.657770) can0 0B0#B0FD020000000000
(1700000007.658334) can0 185#852F010000000000
(1700000007.661260) can0 224#24BE000000000000
(1700000007.668746) can0 0B0#B0FE020000000000
(1700000007.673900) can0 110#104B010000000000
(1700000007.679615) can0 0B0#B0FF020000000000
(1700000007.682849) can0 333#334C000000000000
(1700000007.684974) can0 185#8530010000000000
(1700000007.689881) can0 110#104C010000000000
(1700000007.690220) can0 0B0#B000030000000000
(1700000007.692526) can0 2A9#A979000000000000
(1700000007.699276) can0 0B0#B001030000000000
(1700000007.703385) can0 224#24BF000000000000
(1700000007.706906) can0 110#104D010000000000
(1700000007.708426) can0 0B0#B002030000000000
(1700000007.711220) can0 185#8531010000000000
(1700000007.717976) can0 0B0#B003030000000000
(1700000007.721973) can0 110#104E010000000000
(1700000007.728894) can0 0B0#B004030000000000
(1700000007.738129) can0 110#104F010000000000
(1700000007.738547) can0 0B0#B005030000000000
(1700000007.738588) can0 185#8532010000000000
(1700000007.744521) can0 224#24C0000000000000
(1700000007.747860) can0 0B0#B006030000000000
(1700000007.752593) can0 110#1050010000000000
(1700000007.754982) can0 2A9#A97A000000000000
(1700000007.757749) can0 0B0#B007030000000000
(1700000007.765506) can0 185#8533010000000000
(1700000007.767098) can0 110#1051010000000000
(1700000007.768018) can0 0B0#B008030000000000
(1700000007.778949) can0 0B0#B009030000000000
(1700000007.782142) can0 110#1052010000000000
(1700000007.784282) can0 224#24C1000000000000
(1700000007.788192) can0 0B0#B00A030000000000
(1700000007.788576) can0 333#334D000000000000
(1700000007.789067) can0 185#8534010000000000
(1700000007.797357) can0 0B0#B00B030000000000
(1700000007.798539) can0 110#1053010000000000
(1700000007.806393) can0 0B0#B00C030000000000
(1700000007.815040) can0 110#1054010000000000
(1700000007.815359) can0 185#8535010000000000
(1700000007.815842) can0 0B0#B00D030000000000
(1700000007.822064) can0 2A9#A97B000000000000
(1700000007.825984) can0 0B0#B00E030000000000
(1700000007.826799) can0 224#24C2000000000000
(1700000007.830937) can0 110#1055010000000000
(1700000007.835517) can0 0B0#B00F030000000000
(1700000007.838937) can0 185#8536010000000000
(1700000007.845818) can0 0B0#B010030000000000
(1700000007.848169) can0 110#1056010000000000
(1700000007.855033) can0 0B0#B011030000000000
(1700000007.863523) can0 110#1057010000000000
(1700000007.864359) can0 0B0#B012030000000000
(1700000007.864949) can0 185#8537010000000000
(1700000007.865842) can0 224#24C3000000000000
(1700000007.873379) can0 0B0#B013030000000000
(1700000007.878192) can0 110#1058010000000000
(1700000007.879826) can0 333#334E000000000000
(1700000007.882426) can0 2A9#A97C000000000000
(1700000007.882457) can0 0B0#B014030000000000
(1700000007.889946) can0 185#8538010000000000
(1700000007.892697) can0 0B0#B015030000000000
(1700000007.894690) can0 110#1059010000000000
(1700000007.902973) can0 224#24C4000000000000
(1700000007.903345) can0 0B0#B016030000000000
(1700000007.910249) can0 110#105A010000000000
(1700000007.912945) can0 0B0#B017030000000000
(1700000007.914948) can0 185#8539010000000000
(1700000007.922002) can0 0B0#B018030000000000
(1700000007.927665) can0 110#105B010000000000
(1700000007.932088) can0 0B0#B019030000000000
(1700000007.939353) can0 185#853A010000000000
(1700000007.942021) can0 110#105C010000000000
(1700000007.942764) can0 224#24C5000000000000
(1700000007.943041) can0 0B0#B01A030000000000
(1700000007.947579) can0 2A9#A97D000000000000
(1700000007.953090) can0 0B0#B01B030000000000
(1700000007.957688) can0 110#105D010000000000
(1700000007.963516) can0 0B0#B01C030000000000
(1700000007.965410) can0 185#853B010000000000
(1700000007.972976) can0 0B0#B01D030000000000
(1700000007.974716) can0 110#105E010000000000
(1700000007.977807) can0 333#334F000000000000
(1700000007.982213) can0 0B0#B01E030000000000
(1700000007.983745) can0 224#24C6000000000000
(1700000007.991624) can0 110#105F010000000000
(1700000007.992583) can0 185#853C010000000000
(1700000007.993092) can0 0B0#B01F030000000000
