(1700000000.009485) can0 0B0#B000000000000000
(1700000000.014550) can0 110#1000000000000000
(1700000000.018991) can0 0B0#B001000000000000
(1700000000.025805) can0 185#8500000000000000
(1700000000.029113) can0 110#1001000000000000
(1700000000.029810) can0 0B0#B002000000000000
(1700000000.039925) can0 0B0#B003000000000000
(1700000000.043782) can0 224#2400000000000000
(1700000000.044961) can0 110#1002000000000000
(1700000000.050102) can0 0B0#B004000000000000
(1700000000.051315) can0 185#8501000000000000
(1700000000.059587) can0 0B0#B005000000000000
(1700000000.061688) can0 110#1003000000000000
(1700000000.065128) can0 2A9#A900000000000000
(1700000000.070253) can0 0B0#B006000000000000
(1700000000.074259) can0 185#8502000000000000
(1700000000.078024) can0 110#1004000000000000
(1700000000.080726) can0 0B0#B007000000000000
(1700000000.086176) can0 224#2401000000000000
(1700000000.090756) can0 0B0#B008000000000000
(1700000000.094967) can0 110#1005000000000000
(1700000000.098807) can0 185#8503000000000000
(1700000000.100583) can0 0B0#B009000000000000
(1700000000.105572) can0 333#3300000000000000
(1700000000.109683) can0 0B0#B00A000000000000
(1700000000.109837) can0 110#1006000000000000
(1700000000.119855) can0 0B0#B00B000000000000
(1700000000.125469) can0 224#2402000000000000
(1700000000.125596) can0 185#8504000000000000
(1700000000.126596) can0 110#1007000000000000
(1700000000.129884) can0 0B0#B00C000000000000
(1700000000.134239) can0 2A9#A901000000000000
(1700000000.139202) can0 0B0#B00D000000000000
(1700000000.142359) can0 110#1008000000000000
(1700000000.148550) can0 185#8505000000000000
(1700000000.150023) can0 0B0#B00E000000000000
(1700000000.159280) can0 110#1009000000000000
(1700000000.159974) can0 0B0#B00F000000000000
(1700000000.168876) can0 224#2403000000000000
(1700000000.168986) can0 0B0#B010000000000000
(1700000000.174471) can0 110#100A000000000000
(1700000000.175203) can0 185#8506000000000000
(1700000000.178757) can0 0B0#B011000000000000
(1700000000.189063) can0 0B0#B012000000000000
(1700000000.189571) can0 110#100B000000000000
(1700000000.199161) can0 0B0#B013000000000000
(1700000000.200420) can0 2A9#A902000000000000
(1700000000.201485) can0 185#8507000000000000
(1700000000.204659) can0 110#100C000000000000
(1700000000.205740) can0 333#3301000000000000
(1700000000.209871) can0 0B0#B014000000000000
(1700000000.210186) can0 224#2404000000000000
(1700000000.219596) can0 0B0#B015000000000000
(1700000000.220008) can0 110#100D000000000000
(1700000000.224357) can0 185#8508000000000000
(1700000000.229642) can0 0B0#B016000000000000
(1700000000.236542) can0 110#100E000000000000
(1700000000.239692) can0 0B0#B017000000000000
(1700000000.248488) can0 224#2405000000000000
(1700000000.250564) can0 0B0#B018000000000000
(1700000000.251788) can0 110#100F000000000000
(1700000000.251860) can0 185#8509000000000000
(1700000000.261297) can0 0B0#B019000000000000
(1700000000.262327) can0 2A9#A903000000000000
(1700000000.269032) can0 110#1010000000000000
(1700000000.272248) can0 0B0#B01A000000000000
(1700000000.274731) can0 185#850A000000000000
(1700000000.282648) can0 0B0#B01B000000000000
(1700000000.283833) can0 110#1011000000000000
(1700000000.291703) can0 224#2406000000000000
(1700000000.293181) can0 0B0#B01C000000000000
(1700000000.297909) can0 185#850B000000000000
(1700000000.298516) can0 110#1012000000000000
(1700000000.302604) can0 0B0#B01D000000000000
(1700000000.311863) can0 0B0#B01E000000000000
(1700000000.312237) can0 333#3302000000000000
(1700000000.313531) can0 110#1013000000000000
(1700000000.319475) can0 2A9#A904000000000000
(1700000000.322094) can0 185#850C000000000000
(1700000000.322255) can0 0B0#B01F000000000000
(1700000000.329466) can0 224#2407000000000000
(1700000000.329705) can0 110#1014000000000000
(1700000000.331661) can0 0B0#B020000000000000
(1700000000.341192) can0 0B0#B021000000000000
(1700000000.344398) can0 110#1015000000000000
(1700000000.346763) can0 185#850D000000000000
(1700000000.350466) can0 0B0#B022000000000000
(1700000000.360719) can0 110#1016000000000000
(1700000000.360808) can0 0B0#B023000000000000
(1700000000.370674) can0 0B0#B024000000000000
(1700000000.371730) can0 224#2408000000000000
(1700000000.373306) can0 185#850E000000000000
(1700000000.375537) can0 110#1017000000000000
(1700000000.381256) can0 0B0#B025000000000000
(1700000000.383890) can0 2A9#A905000000000000
(1700000000.390837) can0 0B0#B026000000000000
(1700000000.391536) can0 110#1018000000000000
(1700000000.396923) can0 185#850F000000000000
(1700000000.401390) can0 0B0#B027000000000000
(1700000000.407224) can0 110#1019000000000000
(1700000000.409347) can0 224#2409000000000000
(1700000000.410854) can0 0B0#B028000000000000
(1700000000.421268) can0 185#8510000000000000
(1700000000.421740) can0 333#3303000000000000
(1700000000.421776) can0 0B0#B029000000000000
(1700000000.423361) can0 110#101A000000000000
(1700000000.431634) can0 0B0#B02A000000000000
(1700000000.438110) can0 110#101B000000000000
(1700000000.441284) can0 0B0#B02B000000000000
(1700000000.444644) can0 185#8511000000000000
(1700000000.447513) can0 2A9#A906000000000000
(1700000000.449672) can0 224#240A000000000000
(1700000000.451198) can0 0B0#B02C000000000000
(1700000000.455073) can0 110#101C000000000000
(1700000000.460885) can0 0B0#B02D000000000000
(1700000000.467282) can0 185#8512000000000000
(1700000000.471200) can0 0B0#B02E000000000000
(1700000000.471736) can0 110#101D000000000000
(1700000000.481965) can0 0B0#B02F000000000000
(1700000000.486972) can0 110#101E000000000000
(1700000000.491515) can0 0B0#B030000000000000
(1700000000.492933) can0 224#240B000000000000
(1700000000.493926) can0 185#8513000000000000
(1700000000.501672) can0 0B0#B031000000000000
(1700000000.503135) can0 110#101F000000000000
(1700000000.505896) can0 2A9#A907000000000000
(1700000000.512243) can0 0B0#B032000000000000
(1700000000.519784) can0 185#8514000000000000
(1700000000.519879) can0 110#1020000000000000
(1700000000.522654) can0 0B0#B033000000000000
(1700000000.526982) can0 333#3304000000000000
(1700000000.533275) can0 224#240C000000000000
(1700000000.533629) can0 0B0#B034000000000000
(1700000000.535940) can0 110#1021000000000000
(1700000000.544384) can0 0B0#B035000000000000
(1700000000.544695) can0 185#8515000000000000
(1700000000.551965) can0 110#1022000000000000
(1700000000.555251) can0 0B0#B036000000000000
(1700000000.565651) can0 0B0#B037000000000000
(1700000000.567552) can0 2A9#A908000000000000
(1700000000.568195) can0 110#1023000000000000
(1700000000.569501) can0 185#8516000000000000
(1700000000.574965) can0 224#240D000000000000
(1700000000.576023) can0 0B0#B038000000000000
(1700000000.583191) can0 110#1024000000000000
(1700000000.585559) can0 0B0#B039000000000000
(1700000000.595461) can0 0B0#B03A000000000000
(1700000000.596627) can0 185#8517000000000000
(1700000000.600083) can0 110#1025000000000000
(1700000000.605814) can0 0B0#B03B000000000000
(1700000000.612092) can0 224#240E000000000000
(1700000000.616062) can0 110#1026000000000000
(1700000000.616064) can0 0B0#B03C000000000000
(1700000000.619817) can0 185#8518000000000000
(1700000000.626890) can0 0B0#B03D000000000000
(1700000000.627855) can0 333#3305000000000000
(1700000000.631491) can0 110#1027000000000000
(1700000000.634507) can0 2A9#A909000000000000
(1700000000.635920) can0 0B0#B03E000000000000
(1700000000.642674) can0 185#8519000000000000
(1700000000.645768) can0 110#1028000000000000
(1700000000.646686) can0 0B0#B03F000000000000
(1700000000.651971) can0 224#240F000000000000
(1700000000.656960) can0 0B0#B040000000000000
(1700000000.660626) can0 110#1029000000000000
(1700000000.666971) can0 0B0#B041000000000000
(1700000000.670257) can0 185#851A000000000000
(1700000000.676420) can0 0B0#B042000000000000
(1700000000.676591) can0 110#102A000000000000
(1700000000.686161) can0 0B0#B043000000000000
(1700000000.693725) can0 110#102B000000000000
(1700000000.694892) can0 185#851B000000000000
(1700000000.694945) can0 224#2410000000000000
(1700000000.695526) can0 0B0#B044000000000000
(1700000000.695685) can0 2A9#A90A000000000000
(1700000000.704826) can0 0B0#B045000000000000
(1700000000.708519) can0 110#102C000000000000
(1700000000.714162) can0 0B0#B046000000000000
(1700000000.722298) can0 185#851C000000000000
(1700000000.723652) can0 110#102D000000000000
(1700000000.724615) can0 0B0#B047000000000000
(1700000000.733453) can0 224#2411000000000000
(1700000000.733648) can0 333#3306000000000000
(1700000000.734175) can0 0B0#B048000000000000
(1700000000.740525) can0 110#102E000000000000
(1700000000.743907) can0 0B0#B049000000000000
(1700000000.749154) can0 185#851D000000000000
(1700000000.753999) can0 0B0#B04A000000000000
(1700000000.754400) can0 2A9#A90B000000000000
(1700000000.756639) can0 110#102F000000000000
(1700000000.763073) can0 0B0#B04B000000000000
(1700000000.771091) can0 110#1030000000000000
(1700000000.772521) can0 185#851E000000000000
(1700000000.773488) can0 0B0#B04C000000000000
(1700000000.774032) can0 224#2412000000000000
(1700000000.782947) can0 0B0#B04D000000000000
(1700000000.785511) can0 110#1031000000000000
(1700000000.792897) can0 0B0#B04E000000000000
(1700000000.799912) can0 185#851F000000000000
(1700000000.800985) can0 110#1032000000000000
(1700000000.803115) can0 0B0#B04F000000000000
(1700000000.813911) can0 0B0#B050000000000000
(1700000000.815222) can0 224#2413000000000000
(1700000000.816607) can0 110#1033000000000000
(1700000000.823243) can0 185#8520000000000000
(1700000000.823711) can0 2A9#A90C000000000000
(1700000000.824548) can0 0B0#B051000000000000
(1700000000.833116) can0 110#1034000000000000
(1700000000.835144) can0 0B0#B052000000000000
(1700000000.843394) can0 333#3307000000000000
(1700000000.844828) can0 0B0#B053000000000000
(1700000000.847942) can0 185#8521000000000000
(1700000000.850339) can0 110#1035000000000000
(1700000000.854265) can0 0B0#B054000000000000
(1700000000.855531) can0 224#2414000000000000
(1700000000.864600) can0 0B0#B055000000000000
(1700000000.864961) can0 110#1036000000000000
(1700000000.870894) can0 185#8522000000000000
(1700000000.875550) can0 0B0#B056000000000000
(1700000000.879936) can0 110#1037000000000000
(1700000000.882262) can0 2A9#A90D000000000000
(1700000000.885163) can0 0B0#B057000000000000
(1700000000.895094) can0 0B0#B058000000000000
(1700000000.895713) can0 110#1038000000000000
(1700000000.897466) can0 185#8523000000000000
(1700000000.898544) can0 224#2415000000000000
(1700000000.905064) can0 0B0#B059000000000000
(1700000000.910799) can0 110#1039000000000000
(1700000000.915920) can0 0B0#B05A000000000000
(1700000000.920863) can0 185#8524000000000000
(1700000000.926845) can0 0B0#B05B000000000000
(1700000000.927391) can0 110#103A000000000000
(1700000000.935397) can0 333#3308000000000000
(1700000000.936153) can0 0B0#B05C000000000000
(1700000000.937826) can0 224#2416000000000000
(1700000000.943777) can0 185#8525000000000000
(1700000000.944450) can0 110#103B000000000000
(1700000000.944779) can0 2A9#A90E000000000000
(1700000000.946035) can0 0B0#B05D000000000000
(1700000000.957029) can0 0B0#B05E000000000000
(1700000000.959678) can0 110#103C000000000000
(1700000000.967916) can0 0B0#B05F000000000000
(1700000000.970978) can0 185#8526000000000000
(1700000000.976785) can0 110#103D000000000000
(1700000000.978199) can0 0B0#B060000000000000
(1700000000.978290) can0 224#2417000000000000
(1700000000.988744) can0 0B0#B061000000000000
(1700000000.993381) can0 110#103E000000000000
(1700000000.998047) can0 185#8527000000000000
(1700000000.999738) can0 0B0#B062000000000000
(1700000001.005303) can0 2A9#A90F000000000000
(1700000001.008855) can0 110#103F000000000000
(1700000001.010245) can0 0B0#B063000000000000
(1700000001.019304) can0 224#2418000000000000
(1700000001.019913) can0 0B0#B064000000000000
(1700000001.021715) can0 185#8528000000000000
(1700000001.023215) can0 110#1040000000000000
(1700000001.029835) can0 0B0#B065000000000000
(1700000001.030145) can0 333#3309000000000000
(1700000001.039491) can0 110#1041000000000000
(1700000001.039558) can0 0B0#B066000000000000
(1700000001.045960) can0 185#8529000000000000
(1700000001.048883) can0 0B0#B067000000000000
(1700000001.056817) can0 110#1042000000000000
(1700000001.058169) can0 0B0#B068000000000000
(1700000001.060786) can0 224#2419000000000000
(1700000001.062376) can0 2A9#A910000000000000
(1700000001.068499) can0 0B0#B069000000000000
(1700000001.071215) can0 185#852A000000000000
(1700000001.071783) can0 110#1043000000000000
(1700000001.078002) can0 0B0#B06A000000000000
(1700000001.087430) can0 0B0#B06B000000000000
(1700000001.088819) can0 110#1044000000000000
(1700000001.095116) can0 185#852B000000000000
(1700000001.096454) can0 0B0#B06C000000000000
(1700000001.100157) can0 224#241A000000000000
(1700000001.104791) can0 110#1045000000000000
(1700000001.106215) can0 0B0#B06D000000000000
(1700000001.116002) can0 0B0#B06E000000000000
(1700000001.120679) can0 110#1046000000000000
(1700000001.121184) can0 2A9#A911000000000000
(1700000001.121872) can0 185#852C000000000000
(1700000001.126073) can0 0B0#B06F000000000000
(1700000001.131111) can0 333#330A000000000000
(1700000001.135613) can0 0B0#B070000000000000
(1700000001.135720) can0 110#1047000000000000
(1700000001.142672) can0 224#241B000000000000
(1700000001.144788) can0 185#852D000000000000
(1700000001.146397) can0 0B0#B071000000000000
(1700000001.151347) can0 110#1048000000000000
(1700000001.156492) can0 0B0#B072000000000000
(1700000001.165815) can0 0B0#B073000000000000
(1700000001.167703) can0 110#1049000000000000
(1700000001.169629) can0 185#852E000000000000
(1700000001.174896) can0 0B0#B074000000000000
(1700000001.179563) can0 224#241C000000000000
(1700000001.182471) can0 2A9#A912000000000000
(1700000001.184223) can0 110#104A000000000000
(1700000001.185164) can0 0B0#B075000000000000
(1700000001.193922) can0 185#852F000000000000
(1700000001.194591) can0 0B0#B076000000000000
(1700000001.201323) can0 110#104B000000000000
(1700000001.204162) can0 0B0#B077000000000000
(1700000001.213961) can0 0B0#B078000000000000
(1700000001.216617) can0 110#104C000000000000
(1700000001.217924) can0 185#8530000000000000
(1700000001.219102) can0 224#241D000000000000
(1700000001.221245) can0 333#330B000000000000
(1700000001.223974) can0 0B0#B079000000000000
(1700000001.232840) can0 110#104D000000000000
(1700000001.234520) can0 0B0#B07A000000000000
(1700000001.240967) can0 2A9#A913000000000000
(1700000001.243949) can0 185#8531000000000000
(1700000001.244679) can0 0B0#B07B000000000000
(1700000001.247306) can0 110#104E000000000000
(1700000001.254704) can0 0B0#B07C000000000000
(1700000001.257047) can0 224#241E000000000000
(1700000001.262210) can0 110#104F000000000000
(1700000001.263742) can0 0B0#B07D000000000000
(1700000001.267515) can0 185#8532000000000000
(1700000001.274692) can0 0B0#B07E000000000000
(1700000001.278308) can0 110#1050000000000000
(1700000001.284185) can0 0B0#B07F000000000000
(1700000001.292663) can0 110#1051000000000000
(1700000001.292907) can0 185#8533000000000000
(1700000001.293231) can0 0B0#B080000000000000
(1700000001.299589) can0 224#241F000000000000
(1700000001.302450) can0 0B0#B081000000000000
(1700000001.308388) can0 110#1052000000000000
(1700000001.309086) can0 2A9#A914000000000000
(1700000001.313116) can0 0B0#B082000000000000
(1700000001.320234) can0 185#8534000000000000
(1700000001.322278) can0 0B0#B083000000000000
(1700000001.322864) can0 110#1053000000000000
(1700000001.329894) can0 333#330C000000000000
(1700000001.333204) can0 0B0#B084000000000000
(1700000001.339890) can0 110#1054000000000000
(1700000001.340700) can0 224#2420000000000000
(1700000001.343871) can0 0B0#B085000000000000
(1700000001.345908) can0 185#8535000000000000
(1700000001.353637) can0 0B0#B086000000000000
(1700000001.356182) can0 110#1055000000000000
(1700000001.363844) can0 0B0#B087000000000000
(1700000001.372193) can0 110#1056000000000000
(1700000001.373393) can0 185#8536000000000000
(1700000001.374039) can0 0B0#B088000000000000
(1700000001.376056) can0 2A9#A915000000000000
(1700000001.377687) can0 224#2421000000000000
(1700000001.383441) can0 0B0#B089000000000000
(1700000001.389554) can0 110#1057000000000000
(1700000001.394201) can0 0B0#B08A000000000000
(1700000001.399316) can0 185#8537000000000000
(1700000001.404381) can0 110#1058000000000000
(1700000001.405164) can0 0B0#B08B000000000000
(1700000001.414418) can0 224#2422000000000000
(1700000001.414441) can0 0B0#B08C000000000000
(1700000001.421720) can0 110#1059000000000000
(1700000001.422640) can0 185#8538000000000000
(1700000001.424870) can0 0B0#B08D000000000000
(1700000001.434231) can0 2A9#A916000000000000
(1700000001.434359) can0 333#330D000000000000
(1700000001.435487) can0 0B0#B08E000000000000
(1700000001.439135) can0 110#105A000000000000
(1700000001.445872) can0 0B0#B08F000000000000
(1700000001.448906) can0 185#8539000000000000
(1700000001.450740) can0 224#2423000000000000
(1700000001.455466) can0 110#105B000000000000
(1700000001.456583) can0 0B0#B090000000000000
(1700000001.466455) can0 0B0#B091000000000000
(1700000001.471573) can0 110#105C000000000000
(1700000001.472680) can0 185#853A000000000000
(1700000001.475841) can0 0B0#B092000000000000
(1700000001.486812) can0 0B0#B093000000000000
(1700000001.488300) can0 110#105D000000000000
(1700000001.489308) can0 224#2424000000000000
(1700000001.494132) can0 2A9#A917000000000000
(1700000001.497428) can0 0B0#B094000000000000
(1700000001.498593) can0 185#853B000000000000
(1700000001.504790) can0 110#105E000000000000
(1700000001.508161) can0 0B0#B095000000000000
(1700000001.518521) can0 0B0#B096000000000000
(1700000001.519407) can0 110#105F000000000000
(1700000001.523771) can0 185#853C000000000000
(1700000001.527583) can0 224#2425000000000000
(1700000001.528901) can0 0B0#B097000000000000
(1700000001.530391) can0 333#330E000000000000
(1700000001.535239) can0 110#1060000000000000
(1700000001.538313) can0 0B0#B098000000000000
(1700000001.546569) can0 185#853D000000000000
(1700000001.547674) can0 0B0#B099000000000000
(1700000001.549885) can0 110#1061000000000000
(1700000001.557925) can0 0B0#B09A000000000000
(1700000001.561882) can0 2A9#A918000000000000
(1700000001.565479) can0 224#2426000000000000
(1700000001.566629) can0 110#1062000000000000
(1700000001.567077) can0 0B0#B09B000000000000
(1700000001.569450) can0 185#853E000000000000
(1700000001.577774) can0 0B0#B09C000000000000
(1700000001.583712) can0 110#1063000000000000
(1700000001.588072) can0 0B0#B09D000000000000
(1700000001.592680) can0 185#853F000000000000
(1700000001.597348) can0 0B0#B09E000000000000
(1700000001.600306) can0 110#1064000000000000
(1700000001.606612) can0 224#2427000000000000
(1700000001.608009) can0 0B0#B09F000000000000
(1700000001.616107) can0 110#1065000000000000
(1700000001.618867) can0 185#8540000000000000
(1700000001.618943) can0 0B0#B0A0000000000000
(1700000001.623816) can0 333#330F000000000000
(1700000001.625337) can0 2A9#A919000000000000
(1700000001.628917) can0 0B0#B0A1000000000000
(1700000001.630440) can0 110#1066000000000000
(1700000001.639195) can0 0B0#B0A2000000000000
(1700000001.643028) can0 185#8541000000000000
(1700000001.646788) can0 110#1067000000000000
(1700000001.647124) can0 224#2428000000000000
(1700000001.649465) can0 0B0#B0A3000000000000
(1700000001.659535) can0 0B0#B0A4000000000000
(1700000001.663978) can0 110#1068000000000000
(1700000001.666811) can0 185#8542000000000000
(1700000001.670451) can0 0B0#B0A5000000000000
(1700000001.679885) can0 0B0#B0A6000000000000
(1700000001.680226) can0 110#1069000000000000
(1700000001.685331) can0 224#2429000000000000
(1700000001.688136) can0 2A9#A91A000000000000
(1700000001.690708) can0 0B0#B0A7000000000000
(1700000001.693238) can0 185#8543000000000000
(1700000001.695532) can0 110#106A000000000000
(1700000001.701540) can0 0B0#B0A8000000000000
(1700000001.710534) can0 110#106B000000000000
(1700000001.711679) can0 0B0#B0A9000000000000
(1700000001.719984) can0 185#8544000000000000
(1700000001.721438) can0 0B0#B0AA000000000000
(1700000001.725106) can0 333#3310000000000000
(1700000001.727232) can0 110#106C000000000000
(1700000001.728190) can0 224#242A000000000000
(1700000001.731794) can0 0B0#B0AB000000000000
(1700000001.741965) can0 110#106D000000000000
(1700000001.742455) can0 0B0#B0AC000000000000
(1700000001.744788) can0 185#8545000000000000
(1700000001.747438) can0 2A9#A91B000000000000
(1700000001.751524) can0 0B0#B0AD000000000000
(1700000001.758525) can0 110#106E000000000000
(1700000001.760822) can0 0B0#B0AE000000000000
(1700000001.765183) can0 224#242B000000000000
(1700000001.769019) can0 185#8546000000000000
(1700000001.770316) can0 0B0#B0AF000000000000
(1700000001.774177) can0 110#106F000000000000
(1700000001.780362) can0 0B0#B0B0000000000000
(1700000001.789103) can0 110#1070000000000000
(1700000001.789997) can0 0B0#B0B1000000000000
(1700000001.793602) can0 185#8547000000000000
(1700000001.799542) can0 0B0#B0B2000000000000
(1700000001.804589) can0 110#1071000000000000
(1700000001.804706) can0 2A9#A91C000000000000
(1700000001.806317) can0 224#242C000000000000
(1700000001.808548) can0 0B0#B0B3000000000000
(1700000001.818166) can0 0B0#B0B4000000000000
(1700000001.819189) can0 110#1072000000000000
(1700000001.819555) can0 185#8548000000000000
(1700000001.822305) can0 333#3311000000000000
(1700000001.828490) can0 0B0#B0B5000000000000
(1700000001.833892) can0 110#1073000000000000
(1700000001.837637) can0 0B0#B0B6000000000000
(1700000001.842804) can0 224#242D000000000000
(1700000001.843362) can0 185#8549000000000000
(1700000001.847040) can0 0B0#B0B7000000000000
(1700000001.850536) can0 110#1074000000000000
(1700000001.856154) can0 0B0#B0B8000000000000
(1700000001.863631) can0 2A9#A91D000000000000
(1700000001.866775) can0 0B0#B0B9000000000000
(1700000001.867049) can0 110#1075000000000000
(1700000001.870308) can0 185#854A000000000000
(1700000001.877319) can0 0B0#B0BA000000000000
(1700000001.880860) can0 224#242E000000000000
(1700000001.882555) can0 110#1076000000000000
(1700000001.887661) can0 0B0#B0BB000000000000
(1700000001.893770) can0 185#854B000000000000
(1700000001.897672) can0 0B0#B0BC000000000000
(1700000001.899475) can0 110#1077000000000000
(1700000001.907097) can0 0B0#B0BD000000000000
(1700000001.913880) can0 333#3312000000000000
(1700000001.916474) can0 110#1078000000000000
(1700000001.916758) can0 0B0#B0BE000000000000
(1700000001.917944) can0 185#854C000000000000
(1700000001.919195) can0 224#242F000000000000
(1700000001.927234) can0 2A9#A91E000000000000
(1700000001.927500) can0 0B0#B0BF000000000000
(1700000001.933741) can0 110#1079000000000000
(1700000001.936693) can0 0B0#B0C0000000000000
(1700000001.941783) can0 185#854D000000000000
(1700000001.945800) can0 0B0#B0C1000000000000
(1700000001.948579) can0 110#107A000000000000
(1700000001.955390) can0 0B0#B0C2000000000000
(1700000001.958380) can0 224#2430000000000000
(1700000001.963432) can0 110#107B000000000000
(1700000001.965761) can0 0B0#B0C3000000000000
(1700000001.968473) can0 185#854E000000000000
(1700000001.975181) can0 0B0#B0C4000000000000
(1700000001.979073) can0 110#107C000000000000
(1700000001.985645) can0 0B0#B0C5000000000000
(1700000001.988172) can0 2A9#A91F000000000000
(1700000001.993784) can0 110#107D000000000000
(1700000001.994202) can0 185#854F000000000000
(1700000001.995237) can0 0B0#B0C6000000000000
(1700000001.996913) can0 224#2431000000000000
(1700000002.005330) can0 0B0#B0C7000000000000
(1700000002.005404) can0 333#3313000000000000
(1700000002.009865) can0 110#107E000000000000
(1700000002.015835) can0 0B0#B0C8000000000000
(1700000002.016886) can0 185#8550000000000000
(1700000002.026145) can0 110#107F000000000000
(1700000002.026759) can0 0B0#B0C9000000000000
(1700000002.035834) can0 0B0#B0CA000000000000
(1700000002.040095) can0 224#2432000000000000
(1700000002.042200) can0 185#8551000000000000
(1700000002.043307) can0 110#1080000000000000
(1700000002.046037) can0 0B0#B0CB000000000000
(1700000002.053891) can0 2A9#A920000000000000
(1700000002.056439) can0 0B0#B0CC000000000000
(1700000002.059411) can0 110#1081000000000000
(1700000002.065673) can0 185#8552000000000000
(1700000002.067428) can0 0B0#B0CD000000000000
(1700000002.073783) can0 110#1082000000000000
(1700000002.077405) can0 0B0#B0CE000000000000
(1700000002.081973) can0 224#2433000000000000
(1700000002.086959) can0 0B0#B0CF000000000000
(1700000002.088155) can0 110#1083000000000000
(1700000002.089564) can0 185#8553000000000000
(1700000002.097113) can0 0B0#B0D0000000000000
(1700000002.104391) can0 110#1084000000000000
(1700000002.106539) can0 0B0#B0D1000000000000
(1700000002.107983) can0 333#3314000000000000
(1700000002.114037) can0 185#8554000000000000
(1700000002.115696) can0 0B0#B0D2000000000000
(1700000002.118413) can0 2A9#A921000000000000
(1700000002.120270) can0 110#1085000000000000
(1700000002.124857) can0 224#2434000000000000
(1700000002.125205) can0 0B0#B0D3000000000000
(1700000002.134738) can0 0B0#B0D4000000000000
(1700000002.136335) can0 110#1086000000000000
(1700000002.140416) can0 185#8555000000000000
(1700000002.145034) can0 0B0#B0D5000000000000
(1700000002.152091) can0 110#1087000000000000
(1700000002.154150) can0 0B0#B0D6000000000000
(1700000002.163570) can0 0B0#B0D7000000000000
(1700000002.164303) can0 224#2435000000000000
(1700000002.165158) can0 185#8556000000000000
(1700000002.166503) can0 110#1088000000000000
(1700000002.173850) can0 0B0#B0D8000000000000
(1700000002.179335) can0 2A9#A922000000000000
(1700000002.182561) can0 110#1089000000000000
(1700000002.183053) can0 0B0#B0D9000000000000
(1700000002.189414) can0 185#8557000000000000
(1700000002.193051) can0 0B0#B0DA000000000000
(1700000002.198286) can0 110#108A000000000000
(1700000002.203687) can0 0B0#B0DB000000000000
(1700000002.207094) can0 224#2436000000000000
(1700000002.208853) can0 333#3315000000000000
(1700000002.212629) can0 110#108B000000000000
(1700000002.213956) can0 0B0#B0DC000000000000
(1700000002.214214) can0 185#8558000000000000
(1700000002.224925) can0 0B0#B0DD000000000000
(1700000002.227368) can0 110#108C000000000000
(1700000002.234317) can0 0B0#B0DE000000000000
(1700000002.239631) can0 185#8559000000000000
(1700000002.241028) can0 2A9#A923000000000000
(1700000002.242442) can0 110#108D000000000000
(1700000002.245135) can0 0B0#B0DF000000000000
(1700000002.249037) can0 224#2437000000000000
(1700000002.255025) can0 0B0#B0E0000000000000
(1700000002.257918) can0 110#108E000000000000
(1700000002.264069) can0 0B0#B0E1000000000000
(1700000002.265247) can0 185#855A000000000000
(1700000002.272566) can0 110#108F000000000000
(1700000002.274720) can0 0B0#B0E2000000000000
(1700000002.284393) can0 0B0#B0E3000000000000
(1700000002.287123) can0 110#1090000000000000
(1700000002.287773) can0 224#2438000000000000
(1700000002.288915) can0 185#855B000000000000
(1700000002.293724) can0 0B0#B0E4000000000000
(1700000002.303847) can0 333#3316000000000000
(1700000002.304367) can0 110#1091000000000000
(1700000002.304702) can0 0B0#B0E5000000000000
(1700000002.305397) can0 2A9#A924000000000000
(1700000002.313443) can0 185#855C000000000000
(1700000002.315669) can0 0B0#B0E6000000000000
(1700000002.320806) can0 110#1092000000000000
(1700000002.325527) can0 224#2439000000000000
(1700000002.326230) can0 0B0#B0E7000000000000
(1700000002.336675) can0 0B0#B0E8000000000000
(1700000002.338220) can0 110#1093000000000000
(1700000002.339040) can0 185#855D000000000000
(1700000002.346854) can0 0B0#B0E9000000000000
(1700000002.352954) can0 110#1094000000000000
(1700000002.357773) can0 0B0#B0EA000000000000
(1700000002.361867) can0 185#855E000000000000
(1700000002.362470) can0 224#243A000000000000
(1700000002.363685) can0 2A9#A925000000000000
(1700000002.367962) can0 110#1095000000000000
(1700000002.368500) can0 0B0#B0EB000000000000
(1700000002.379152) can0 0B0#B0EC000000000000
(1700000002.382816) can0 110#1096000000000000
(1700000002.388459) can0 185#855F000000000000
(1700000002.389846) can0 0B0#B0ED000000000000
(1700000002.397680) can0 110#1097000000000000
(1700000002.398960) can0 0B0#B0EE000000000000
(1700000002.405517) can0 224#243B000000000000
(1700000002.407297) can0 333#3317000000000000
(1700000002.408873) can0 0B0#B0EF000000000000
(1700000002.411324) can0 185#8560000000000000
(1700000002.413858) can0 110#1098000000000000
(1700000002.418112) can0 0B0#B0F0000000000000
(1700000002.428308) can0 0B0#B0F1000000000000
(1700000002.430923) can0 110#1099000000000000
(1700000002.433018) can0 2A9#A926000000000000
(1700000002.437793) can0 0B0#B0F2000000000000
(1700000002.437860) can0 185#8561000000000000
(1700000002.441886) can0 224#243C000000000000
(1700000002.447458) can0 110#109A000000000000
(1700000002.447769) can0 0B0#B0F3000000000000
(1700000002.458760) can0 0B0#B0F4000000000000
(1700000002.463002) can0 110#109B000000000000
(1700000002.465211) can0 185#8562000000000000
(1700000002.468044) can0 0B0#B0F5000000000000
(1700000002.478209) can0 0B0#B0F6000000000000
(1700000002.478364) can0 110#109C000000000000
(1700000002.485609) can0 224#243D000000000000
(1700000002.488388) can0 0B0#B0F7000000000000
(1700000002.488913) can0 185#8563000000000000
(1700000002.495231) can0 110#109D000000000000
(1700000002.498545) can0 333#3318000000000000
(1700000002.498799) can0 0B0#B0F8000000000000
(1700000002.501181) can0 2A9#A927000000000000
(1700000002.508572) can0 0B0#B0F9000000000000
(1700000002.512501) can0 110#109E000000000000
(1700000002.515402) can0 185#8564000000000000
(1700000002.519349) can0 0B0#B0FA000000000000
(1700000002.526001) can0 224#243E000000000000
(1700000002.527527) can0 110#109F000000000000
(1700000002.530166) can0 0B0#B0FB000000000000
(1700000002.540797) can0 0B0#B0FC000000000000
(1700000002.542013) can0 185#8565000000000000
(1700000002.542078) can0 110#10A0000000000000
(1700000002.551117) can0 0B0#B0FD000000000000
(1700000002.557105) can0 110#10A1000000000000
(1700000002.561600) can0 2A9#A928000000000000
(1700000002.562095) can0 0B0#B0FE000000000000
(1700000002.562651) can0 224#243F000000000000
(1700000002.566186) can0 185#8566000000000000
(1700000002.571703) can0 0B0#B0FF000000000000
(1700000002.572532) can0 110#10A2000000000000
(1700000002.582576) can0 0B0#B000010000000000
(1700000002.586879) can0 110#10A3000000000000
(1700000002.590741) can0 185#8567000000000000
(1700000002.592919) can0 0B0#B001010000000000
(1700000002.602932) can0 110#10A4000000000000
(1700000002.603229) can0 0B0#B002010000000000
(1700000002.605641) can0 224#2440000000000000
(1700000002.605970) can0 333#3319000000000000
(1700000002.612950) can0 0B0#B003010000000000
(1700000002.614897) can0 185#8568000000000000
(1700000002.619722) can0 2A9#A929000000000000
(1700000002.620115) can0 110#10A5000000000000
(1700000002.622808) can0 0B0#B004010000000000
(1700000002.632085) can0 0B0#B005010000000000
(1700000002.634808) can0 110#10A6000000000000
(1700000002.641008) can0 185#8569000000000000
(1700000002.641677) can0 0B0#B006010000000000
(1700000002.644987) can0 224#2441000000000000
(1700000002.651491) can0 0B0#B007010000000000
(1700000002.652153) can0 110#10A7000000000000
(1700000002.662105) can0 0B0#B008010000000000
(1700000002.666826) can0 185#856A000000000000
(1700000002.667767) can0 110#10A8000000000000
(1700000002.672687) can0 0B0#B009010000000000
(1700000002.680939) can0 224#2442000000000000
(1700000002.681894) can0 0B0#B00A010000000000
(1700000002.683094) can0 2A9#A92A000000000000
(1700000002.683419) can0 110#10A9000000000000
(1700000002.689934) can0 185#856B000000000000
(1700000002.691621) can0 0B0#B00B010000000000
(1700000002.699161) can0 110#10AA000000000000
(1700000002.701244) can0 0B0#B00C010000000000
(1700000002.710419) can0 0B0#B00D010000000000
(1700000002.713006) can0 185#856C000000000000
(1700000002.714024) can0 333#331A000000000000
(1700000002.714167) can0 110#10AB000000000000
(1700000002.718549) can0 224#2443000000000000
(1700000002.721131) can0 0B0#B00E010000000000
(1700000002.730332) can0 110#10AC000000000000
(1700000002.731110) can0 0B0#B00F010000000000
(1700000002.738995) can0 185#856D000000000000
(1700000002.740343) can0 0B0#B010010000000000
(1700000002.746971) can0 110#10AD000000000000
(1700000002.749778) can0 0B0#B011010000000000
(1700000002.751893) can0 2A9#A92B000000000000
(1700000002.759016) can0 224#2444000000000000
(1700000002.759652) can0 0B0#B012010000000000
(1700000002.761752) can0 185#856E000000000000
(1700000002.763102) can0 110#10AE000000000000
(1700000002.768720) can0 0B0#B013010000000000
(1700000002.778489) can0 110#10AF000000000000
(1700000002.779164) can0 0B0#B014010000000000
(1700000002.784902) can0 185#856F000000000000
(1700000002.789730) can0 0B0#B015010000000000
(1700000002.793312) can0 110#10B0000000000000
(1700000002.797432) can0 224#2445000000000000
(1700000002.799855) can0 0B0#B016010000000000
(1700000002.809419) can0 110#10B1000000000000
(1700000002.809563) can0 0B0#B017010000000000
(1700000002.810829) can0 333#331B000000000000
(1700000002.811581) can0 185#8570000000000000
(1700000002.820107) can0 0B0#B018010000000000
(1700000002.820974) can0 2A9#A92C000000000000
(1700000002.824123) can0 110#10B2000000000000
(1700000002.829116) can0 0B0#B019010000000000
(1700000002.834797) can0 224#2446000000000000
(1700000002.835802) can0 185#8571000000000000
(1700000002.839593) can0 0B0#B01A010000000000
(1700000002.841416) can0 110#10B3000000000000
(1700000002.848715) can0 0B0#B01B010000000000
(1700000002.857453) can0 110#10B4000000000000
(1700000002.858143) can0 0B0#B01C010000000000
(1700000002.861641) can0 185#8572000000000000
(1700000002.868911) can0 0B0#B01D010000000000
(1700000002.874009) can0 110#10B5000000000000
(1700000002.876250) can0 224#2447000000000000
(1700000002.878269) can0 0B0#B01E010000000000
(1700000002.887335) can0 185#8573000000000000
(1700000002.887385) can0 2A9#A92D000000000000
(1700000002.888120) can0 0B0#B01F010000000000
(1700000002.890514) can0 110#10B6000000000000
(1700000002.897458) can0 0B0#B020010000000000
(1700000002.906816) can0 0B0#B021010000000000
(1700000002.907049) can0 110#10B7000000000000
(1700000002.914903) can0 185#8574000000000000
(1700000002.916869) can0 0B0#B022010000000000
(1700000002.917535) can0 333#331C000000000000
(1700000002.918165) can0 224#2448000000000000
(1700000002.922778) can0 110#10B8000000000000
(1700000002.927224) can0 0B0#B023010000000000
(1700000002.937484) can0 0B0#B024010000000000
(1700000002.938259) can0 185#8575000000000000
(1700000002.938553) can0 110#10B9000000000000
(1700000002.947728) can0 0B0#B025010000000000
(1700000002.951157) can0 2A9#A92E000000000000
(1700000002.955269) can0 110#10BA000000000000
(1700000002.956805) can0 0B0#B026010000000000
(1700000002.957788) can0 224#2449000000000000
(1700000002.963469) can0 185#8576000000000000
(1700000002.966958) can0 0B0#B027010000000000
(1700000002.970469) can0 110#10BB000000000000
(1700000002.976392) can0 0B0#B028010000000000
(1700000002.986878) can0 110#10BC000000000000
(1700000002.986965) can0 0B0#B029010000000000
(1700000002.987150) can0 185#8577000000000000
(1700000002.997342) can0 224#244A000000000000
(1700000002.997582) can0 0B0#B02A010000000000
(1700000003.002361) can0 110#10BD000000000000
(1700000003.007667) can0 0B0#B02B010000000000
(1700000003.010178) can0 333#331D000000000000
(1700000003.011601) can0 2A9#A92F000000000000
(1700000003.011877) can0 185#8578000000000000
(1700000003.017171) can0 0B0#B02C010000000000
(1700000003.019038) can0 110#10BE000000000000
(1700000003.027739) can0 0B0#B02D010000000000
(1700000003.036199) can0 110#10BF000000000000
(1700000003.037203) can0 224#244B000000000000
(1700000003.037705) can0 0B0#B02E010000000000
(1700000003.038504) can0 185#8579000000000000
(1700000003.048476) can0 0B0#B02F010000000000
(1700000003.053566) can0 110#10C0000000000000
(1700000003.058020) can0 0B0#B030010000000000
(1700000003.064472) can0 185#857A000000000000
(1700000003.067249) can0 0B0#B031010000000000
(1700000003.070037) can0 110#10C1000000000000
(1700000003.071640) can0 2A9#A930000000000000
(1700000003.077428) can0 0B0#B032010000000000
(1700000003.078176) can0 224#244C000000000000
(1700000003.086479) can0 110#10C2000000000000
(1700000003.087444) can0 0B0#B033010000000000
(1700000003.088795) can0 185#857B000000000000
(1700000003.097643) can0 0B0#B034010000000000
(1700000003.103156) can0 110#10C3000000000000
(1700000003.107141) can0 0B0#B035010000000000
(1700000003.113176) can0 185#857C000000000000
(1700000003.113362) can0 333#331E000000000000
(1700000003.114891) can0 224#244D000000000000
(1700000003.116586) can0 0B0#B036010000000000
(1700000003.117971) can0 110#10C4000000000000
(1700000003.126013) can0 0B0#B037010000000000
(1700000003.133018) can0 110#10C5000000000000
(1700000003.134542) can0 2A9#A931000000000000
(1700000003.136113) can0 0B0#B038010000000000
(1700000003.136223) can0 185#857D000000000000
(1700000003.146279) can0 0B0#B039010000000000
(1700000003.147450) can0 110#10C6000000000000
(1700000003.152730) can0 224#244E000000000000
(1700000003.155978) can0 0B0#B03A010000000000
(1700000003.163577) can0 185#857E000000000000
(1700000003.164739) can0 110#10C7000000000000
(1700000003.165106) can0 0B0#B03B010000000000
(1700000003.174369) can0 0B0#B03C010000000000
(1700000003.181504) can0 110#10C8000000000000
(1700000003.184510) can0 0B0#B03D010000000000
(1700000003.190773) can0 185#857F000000000000
(1700000003.193121) can0 224#244F000000000000
(1700000003.194295) can0 0B0#B03E010000000000
(1700000003.198585) can0 110#10C9000000000000
(1700000003.199728) can0 2A9#A932000000000000
(1700000003.204696) can0 0B0#B03F010000000000
(1700000003.214921) can0 0B0#B040010000000000
(1700000003.216710) can0 185#8580000000000000
(1700000003.217122) can0 333#331F000000000000
(1700000003.224941) can0 0B0#B041010000000000
(1700000003.233729) can0 224#2450000000000000
(1700000003.234997) can0 0B0#B042010000000000
(1700000003.239977) can0 185#8581000000000000
(1700000003.245446) can0 0B0#B043010000000000
(1700000003.255027) can0 0B0#B044010000000000
(1700000003.264410) can0 0B0#B045010000000000
(1700000003.265973) can0 185#8582000000000000
(1700000003.266902) can0 2A9#A933000000000000
(1700000003.270879) can0 224#2451000000000000
(1700000003.274773) can0 0B0#B046010000000000
(1700000003.283866) can0 0B0#B047010000000000
(1700000003.289920) can0 185#8583000000000000
(1700000003.293298) can0 0B0#B048010000000000
(1700000003.302686) can0 0B0#B049010000000000
(1700000003.311891) can0 333#3320000000000000
(1700000003.312243) can0 0B0#B04A010000000000
(1700000003.314014) can0 185#8584000000000000
(1700000003.314358) can0 224#2452000000000000
(1700000003.323066) can0 0B0#B04B010000000000
(1700000003.331300) can0 2A9#A934000000000000
(1700000003.332916) can0 0B0#B04C010000000000
(1700000003.338821) can0 185#8585000000000000
(1700000003.343633) can0 0B0#B04D010000000000
(1700000003.353267) can0 0B0#B04E010000000000
(1700000003.356344) can0 224#2453000000000000
(1700000003.362590) can0 0B0#B04F010000000000
(1700000003.364631) can0 185#8586000000000000
(1700000003.373173) can0 0B0#B050010000000000
(1700000003.383885) can0 0B0#B051010000000000
(1700000003.391974) can0 185#8587000000000000
(1700000003.392301) can0 2A9#A935000000000000
(1700000003.393102) can0 0B0#B052010000000000
(1700000003.397918) can0 224#2454000000000000
(1700000003.403676) can0 0B0#B053010000000000
(1700000003.409374) can0 333#3321000000000000
(1700000003.413882) can0 0B0#B054010000000000
(1700000003.414581) can0 185#8588000000000000
(1700000003.423103) can0 0B0#B055010000000000
(1700000003.433997) can0 0B0#B056010000000000
(1700000003.439654) can0 224#2455000000000000
(1700000003.440520) can0 185#8589000000000000
(1700000003.443705) can0 0B0#B057010000000000
(1700000003.453587) can0 0B0#B058010000000000
(1700000003.456089) can0 2A9#A936000000000000
(1700000003.462935) can0 0B0#B059010000000000
(1700000003.465636) can0 185#858A000000000000
(1700000003.472850) can0 0B0#B05A010000000000
(1700000003.480160) can0 224#2456000000000000
(1700000003.482716) can0 0B0#B05B010000000000
(1700000003.491900) can0 185#858B000000000000
(1700000003.493219) can0 0B0#B05C010000000000
(1700000003.503103) can0 0B0#B05D010000000000
(1700000003.508568) can0 333#3322000000000000
(1700000003.513123) can0 0B0#B05E010000000000
(1700000003.515131) can0 2A9#A937000000000000
(1700000003.516023) can0 185#858C000000000000
(1700000003.518117) can0 224#2457000000000000
(1700000003.522703) can0 0B0#B05F010000000000
(1700000003.531859) can0 0B0#B060010000000000
(1700000003.541754) can0 0B0#B061010000000000
(1700000003.542177) can0 185#858D000000000000
(1700000003.552178) can0 0B0#B062010000000000
(1700000003.554686) can0 224#2458000000000000
(1700000003.562845) can0 0B0#B063010000000000
(1700000003.569290) can0 185#858E000000000000
(1700000003.573559) can0 0B0#B064010000000000
(1700000003.577242) can0 2A9#A938000000000000
(1700000003.584075) can0 0B0#B065010000000000
(1700000003.594250) can0 0B0#B066010000000000
(1700000003.595390) can0 185#858F000000000000
(1700000003.596831) can0 224#2459000000000000
(1700000003.603874) can0 0B0#B067010000000000
(1700000003.609308) can0 333#3323000000000000
(1700000003.613685) can0 0B0#B068010000000000
(1700000003.621726) can0 185#8590000000000000
(1700000003.624068) can0 0B0#B069010000000000
(1700000003.633506) can0 0B0#B06A010000000000
(1700000003.635934) can0 224#245A000000000000
(1700000003.642798) can0 0B0#B06B010000000000
(1700000003.644254) can0 2A9#A939000000000000
(1700000003.648368) can0 185#8591000000000000
(1700000003.653262) can0 0B0#B06C010000000000
(1700000003.662580) can0 0B0#B06D010000000000
(1700000003.672499) can0 0B0#B06E010000000000
(1700000003.672778) can0 224#245B000000000000
(1700000003.674345) can0 185#8592000000000000
(1700000003.682848) can0 0B0#B06F010000000000
(1700000003.693293) can0 0B0#B070010000000000
(1700000003.701394) can0 185#8593000000000000
(1700000003.703000) can0 0B0#B071010000000000
(1700000003.704727) can0 2A9#A93A000000000000
(1700000003.712821) can0 224#245C000000000000
(1700000003.713844) can0 0B0#B072010000000000
(1700000003.718414) can0 333#3324000000000000
(1700000003.723581) can0 0B0#B073010000000000
(1700000003.726824) can0 185#8594000000000000
(1700000003.733329) can0 0B0#B074010000000000
(1700000003.743471) can0 0B0#B075010000000000
(1700000003.753026) can0 185#8595000000000000
(1700000003.753438) can0 0B0#B076010000000000
(1700000003.755894) can0 224#245D000000000000
(1700000003.763009) can0 0B0#B077010000000000
(1700000003.766240) can0 2A9#A93B000000000000
(1700000003.773492) can0 0B0#B078010000000000
(1700000003.776900) can0 185#8596000000000000
(1700000003.784076) can0 0B0#B079010000000000
(1700000003.794962) can0 0B0#B07A010000000000
(1700000003.797425) can0 224#245E000000000000
(1700000003.800505) can0 185#8597000000000000
(1700000003.805362) can0 0B0#B07B010000000000
(1700000003.815555) can0 0B0#B07C010000000000
(1700000003.819829) can0 333#3325000000000000
(1700000003.823252) can0 185#8598000000000000
(1700000003.826143) can0 0B0#B07D010000000000
(1700000003.831485) can0 2A9#A93C000000000000
(1700000003.836411) can0 0B0#B07E010000000000
(1700000003.841089) can0 224#245F000000000000
(1700000003.847045) can0 0B0#B07F010000000000
(1700000003.847054) can0 185#8599000000000000
(1700000003.856311) can0 0B0#B080010000000000
(1700000003.866307) can0 0B0#B081010000000000
(1700000003.872561) can0 185#859A000000000000
(1700000003.877298) can0 0B0#B082010000000000
(1700000003.883785) can0 224#2460000000000000
(1700000003.887178) can0 0B0#B083010000000000
(1700000003.891254) can0 2A9#A93D000000000000
(1700000003.897190) can0 185#859B000000000000
(1700000003.897990) can0 0B0#B084010000000000
(1700000003.907336) can0 0B0#B085010000000000
(1700000003.916651) can0 0B0#B086010000000000
(1700000003.919692) can0 333#3326000000000000
(1700000003.922404) can0 224#2461000000000000
(1700000003.922898) can0 185#859C000000000000
(1700000003.927019) can0 0B0#B087010000000000
(1700000003.937004) can0 0B0#B088010000000000
(1700000003.947638) can0 0B0#B089010000000000
(1700000003.948141) can0 185#859D000000000000
(1700000003.956752) can0 0B0#B08A010000000000
(1700000003.957157) can0 2A9#A93E000000000000
(1700000003.958877) can0 224#2462000000000000
(1700000003.966786) can0 0B0#B08B010000000000
(1700000003.972230) can0 185#859E000000000000
(1700000003.976478) can0 0B0#B08C010000000000
(1700000003.987250) can0 0B0#B08D010000000000
(1700000003.996466) can0 0B0#B08E010000000000
(1700000003.999003) can0 185#859F000000000000
(1700000003.999995) can0 224#2463000000000000
(1700000004.006029) can0 0B0#B08F010000000000
(1700000004.012140) can0 333#3327000000000000
(1700000004.015894) can0 0B0#B090010000000000
(1700000004.024562) can0 185#85A0000000000000
(1700000004.026400) can0 2A9#A93F000000000000
(1700000004.026603) can0 0B0#B091010000000000
(1700000004.036783) can0 0B0#B092010000000000
(1700000004.039901) can0 224#2464000000000000
(1700000004.046729) can0 0B0#B093010000000000
(1700000004.049241) can0 185#85A1000000000000
(1700000004.056171) can0 0B0#B094010000000000
(1700000004.066430) can0 0B0#B095010000000000
(1700000004.073959) can0 185#85A2000000000000
(1700000004.076979) can0 0B0#B096010000000000
(1700000004.077502) can0 224#2465000000000000
(1700000004.086297) can0 0B0#B097010000000000
(1700000004.092309) can0 2A9#A940000000000000
(1700000004.095635) can0 0B0#B098010000000000
(1700000004.099838) can0 185#85A3000000000000
(1700000004.106077) can0 0B0#B099010000000000
(1700000004.116399) can0 333#3328000000000000
(1700000004.116553) can0 0B0#B09A010000000000
(1700000004.120111) can0 224#2466000000000000
(1700000004.124673) can0 185#85A4000000000000
(1700000004.125612) can0 0B0#B09B010000000000
(1700000004.134693) can0 0B0#B09C010000000000
(1700000004.143752) can0 0B0#B09D010000000000
(1700000004.150348) can0 185#85A5000000000000
(1700000004.153228) can0 0B0#B09E010000000000
(1700000004.155079) can0 2A9#A941000000000000
(1700000004.163292) can0 224#2467000000000000
(1700000004.164080) can0 0B0#B09F010000000000
(1700000004.174227) can0 185#85A6000000000000
(1700000004.174790) can0 0B0#B0A0010000000000
(1700000004.185377) can0 0B0#B0A1010000000000
(1700000004.195008) can0 0B0#B0A2010000000000
(1700000004.201347) can0 185#85A7000000000000
(1700000004.203029) can0 224#2468000000000000
(1700000004.204009) can0 0B0#B0A3010000000000
(1700000004.213668) can0 0B0#B0A4010000000000
(1700000004.219633) can0 2A9#A942000000000000
(1700000004.224082) can0 0B0#B0A5010000000000
(1700000004.225843) can0 333#3329000000000000
(1700000004.226624) can0 185#85A8000000000000
(1700000004.234153) can0 0B0#B0A6010000000000
(1700000004.241460) can0 224#2469000000000000
(1700000004.244445) can0 0B0#B0A7010000000000
(1700000004.250978) can0 185#85A9000000000000
(1700000004.254759) can0 0B0#B0A8010000000000
(1700000004.264183) can0 0B0#B0A9010000000000
(1700000004.273472) can0 0B0#B0AA010000000000
(1700000004.275956) can0 185#85AA000000000000
(1700000004.281030) can0 2A9#A943000000000000
(1700000004.282921) can0 0B0#B0AB010000000000
(1700000004.284678) can0 224#246A000000000000
(1700000004.291958) can0 0B0#B0AC010000000000
(1700000004.302286) can0 0B0#B0AD010000000000
(1700000004.303408) can0 185#85AB000000000000
(1700000004.312848) can0 0B0#B0AE010000000000
(1700000004.316176) can0 333#332A000000000000
(1700000004.323762) can0 0B0#B0AF010000000000
(1700000004.326515) can0 224#246B000000000000
(1700000004.328183) can0 185#85AC000000000000
(1700000004.333834) can0 0B0#B0B0010000000000
(1700000004.344735) can0 0B0#B0B1010000000000
(1700000004.345697) can0 2A9#A944000000000000
(1700000004.353375) can0 185#85AD000000000000
(1700000004.354464) can0 0B0#B0B2010000000000
(1700000004.364775) can0 0B0#B0B3010000000000
(1700000004.369681) can0 224#246C000000000000
(1700000004.374833) can0 0B0#B0B4010000000000
(1700000004.379247) can0 185#85AE000000000000
(1700000004.384279) can0 0B0#B0B5010000000000
(1700000004.394251) can0 0B0#B0B6010000000000
(1700000004.404511) can0 185#85AF000000000000
(1700000004.404540) can0 0B0#B0B7010000000000
(1700000004.405557) can0 2A9#A945000000000000
(1700000004.411955) can0 224#246D000000000000
(1700000004.411994) can0 333#332B000000000000
(1700000004.413907) can0 0B0#B0B8010000000000
(1700000004.423987) can0 0B0#B0B9010000000000
(1700000004.432079) can0 185#85B0000000000000
(1700000004.433192) can0 0B0#B0BA010000000000
(1700000004.443686) can0 0B0#B0BB010000000000
(1700000004.448938) can0 224#246E000000000000
(1700000004.454240) can0 0B0#B0BC010000000000
(1700000004.455209) can0 185#85B1000000000000
(1700000004.464238) can0 0B0#B0BD010000000000
(1700000004.466133) can0 2A9#A946000000000000
(1700000004.475000) can0 0B0#B0BE010000000000
(1700000004.481478) can0 185#85B2000000000000
(1700000004.484013) can0 0B0#B0BF010000000000
(1700000004.488056) can0 224#246F000000000000
(1700000004.493376) can0 0B0#B0C0010000000000
(1700000004.504346) can0 0B0#B0C1010000000000
(1700000004.505345) can0 185#85B3000000000000
(1700000004.513191) can0 333#332C000000000000
(1700000004.513825) can0 0B0#B0C2010000000000
(1700000004.523765) can0 0B0#B0C3010000000000
(1700000004.527336) can0 2A9#A947000000000000
(1700000004.528627) can0 185#85B4000000000000
(1700000004.529771) can0 224#2470000000000000
(1700000004.533647) can0 0B0#B0C4010000000000
(1700000004.543633) can0 0B0#B0C5010000000000
(1700000004.553015) can0 185#85B5000000000000
(1700000004.554211) can0 0B0#B0C6010000000000
(1700000004.563970) can0 0B0#B0C7010000000000
(1700000004.567434) can0 224#2471000000000000
(1700000004.573605) can0 0B0#B0C8010000000000
(1700000004.578915) can0 185#85B6000000000000
(1700000004.584314) can0 0B0#B0C9010000000000
(1700000004.591530) can0 2A9#A948000000000000
(1700000004.594940) can0 0B0#B0CA010000000000
(1700000004.603440) can0 185#85B7000000000000
(1700000004.605143) can0 0B0#B0CB010000000000
(1700000004.608706) can0 224#2472000000000000
(1700000004.615568) can0 0B0#B0CC010000000000
(1700000004.618017) can0 333#332D000000000000
(1700000004.624622) can0 0B0#B0CD010000000000
(1700000004.628324) can0 185#85B8000000000000
(1700000004.634545) can0 0B0#B0CE010000000000
(1700000004.645340) can0 0B0#B0CF010000000000
(1700000004.651503) can0 224#2473000000000000
(1700000004.654590) can0 185#85B9000000000000
(1700000004.654867) can0 0B0#B0D0010000000000
(1700000004.659655) can0 2A9#A949000000000000
(1700000004.664055) can0 0B0#B0D1010000000000
(1700000004.674773) can0 0B0#B0D2010000000000
(1700000004.681558) can0 185#85BA000000000000
(1700000004.683816) can0 0B0#B0D3010000000000
(1700000004.688007) can0 224#2474000000000000
(1700000004.693302) can0 0B0#B0D4010000000000
(1700000004.703596) can0 0B0#B0D5010000000000
(1700000004.706085) can0 185#85BB000000000000
(1700000004.710449) can0 333#332E000000000000
(1700000004.713752) can0 0B0#B0D6010000000000
(1700000004.720627) can0 2A9#A94A000000000000
(1700000004.722954) can0 0B0#B0D7010000000000
(1700000004.729272) can0 224#2475000000000000
(1700000004.729551) can0 185#85BC000000000000
(1700000004.732485) can0 0B0#B0D8010000000000
(1700000004.743246) can0 0B0#B0D9010000000000
(1700000004.752640) can0 0B0#B0DA010000000000
(1700000004.754477) can0 185#85BD000000000000
(1700000004.763519) can0 0B0#B0DB010000000000
(1700000004.766865) can0 224#2476000000000000
(1700000004.773468) can0 0B0#B0DC010000000000
(1700000004.781007) can0 185#85BE000000000000
(1700000004.783817) can0 0B0#B0DD010000000000
(1700000004.785246) can0 2A9#A94B000000000000
(1700000004.793393) can0 0B0#B0DE010000000000
(1700000004.803664) can0 0B0#B0DF010000000000
(1700000004.807243) can0 185#85BF000000000000
(1700000004.808985) can0 224#2477000000000000
(1700000004.813715) can0 0B0#B0E0010000000000
(1700000004.817114) can0 333#332F000000000000
(1700000004.824003) can0 0B0#B0E1010000000000
(1700000004.834379) can0 0B0#B0E2010000000000
(1700000004.834535) can0 185#85C0000000000000
(1700000004.842130) can0 2A9#A94C000000000000
(1700000004.843852) can0 0B0#B0E3010000000000
(1700000004.848335) can0 224#2478000000000000
(1700000004.853810) can0 0B0#B0E4010000000000
(1700000004.857394) can0 185#85C1000000000000
(1700000004.864750) can0 0B0#B0E5010000000000
(1700000004.875432) can0 0B0#B0E6010000000000
(1700000004.883519) can0 185#85C2000000000000
(1700000004.884993) can0 0B0#B0E7010000000000
(1700000004.891475) can0 224#2479000000000000
(1700000004.894257) can0 0B0#B0E8010000000000
(1700000004.903428) can0 0B0#B0E9010000000000
(1700000004.904664) can0 2A9#A94D000000000000
(1700000004.906924) can0 185#85C3000000000000
(1700000004.914367) can0 0B0#B0EA010000000000
(1700000004.916969) can0 333#3330000000000000
(1700000004.924981) can0 0B0#B0EB010000000000
(1700000004.927981) can0 224#247A000000000000
(1700000004.929815) can0 185#85C4000000000000
(1700000004.934486) can0 0B0#B0EC010000000000
(1700000004.945320) can0 0B0#B0ED010000000000
(1700000004.953958) can0 185#85C5000000000000
(1700000004.954905) can0 0B0#B0EE010000000000
(1700000004.964354) can0 224#247B000000000000
(1700000004.965586) can0 0B0#B0EF010000000000
(1700000004.966644) can0 2A9#A94E000000000000
(1700000004.976363) can0 0B0#B0F0010000000000
(1700000004.977998) can0 185#85C6000000000000
(1700000004.985604) can0 0B0#B0F1010000000000
(1700000004.995453) can0 0B0#B0F2010000000000
(1700000005.003607) can0 185#85C7000000000000
(1700000005.004861) can0 0B0#B0F3010000000000
(1700000005.005083) can0 224#247C000000000000
(1700000005.015228) can0 0B0#B0F4010000000000
(1700000005.024410) can0 0B0#B0F5010000000000
(1700000005.026217) can0 185#85C8000000000000
(1700000005.026538) can0 333#3331000000000000
(1700000005.030823) can0 2A9#A94F000000000000
(1700000005.033450) can0 0B0#B0F6010000000000
(1700000005.043086) can0 0B0#B0F7010000000000
(1700000005.043345) can0 224#247D000000000000
(1700000005.050076) can0 185#85C9000000000000
(1700000005.053435) can0 0B0#B0F8010000000000
(1700000005.064172) can0 0B0#B0F9010000000000
(1700000005.074397) can0 0B0#B0FA010000000000
(1700000005.075955) can0 185#85CA000000000000
(1700000005.080514) can0 224#247E000000000000
(1700000005.085287) can0 0B0#B0FB010000000000
(1700000005.094634) can0 0B0#B0FC010000000000
(1700000005.096277) can0 2A9#A950000000000000
(1700000005.102874) can0 185#85CB000000000000
(1700000005.104358) can0 0B0#B0FD010000000000
(1700000005.115241) can0 0B0#B0FE010000000000
(1700000005.122136) can0 224#247F000000000000
(1700000005.125924) can0 0B0#B0FF010000000000
(1700000005.126444) can0 185#85CC000000000000
(1700000005.132099) can0 333#3332000000000000
(1700000005.135132) can0 0B0#B000020000000000
(1700000005.144948) can0 0B0#B001020000000000
(1700000005.153553) can0 185#85CD000000000000
(1700000005.155708) can0 0B0#B002020000000000
(1700000005.161035) can0 2A9#A951000000000000
(1700000005.164543) can0 224#2480000000000000
(1700000005.164926) can0 0B0#B003020000000000
(1700000005.173934) can0 0B0#B004020000000000
(1700000005.178551) can0 185#85CE000000000000
(1700000005.184446) can0 0B0#B005020000000000
(1700000005.194433) can0 0B0#B006020000000000
(1700000005.203486) can0 185#85CF000000000000
(1700000005.203939) can0 0B0#B007020000000000
(1700000005.204765) can0 224#2481000000000000
(1700000005.213108) can0 0B0#B008020000000000
(1700000005.223366) can0 0B0#B009020000000000
(1700000005.225433) can0 2A9#A952000000000000
(1700000005.228618) can0 185#85D0000000000000
(1700000005.232941) can0 0B0#B00A020000000000
(1700000005.240957) can0 333#3333000000000000
(1700000005.242455) can0 224#2482000000000000
(1700000005.242630) can0 0B0#B00B020000000000
(1700000005.252924) can0 185#85D1000000000000
(1700000005.253116) can0 0B0#B00C020000000000
(1700000005.263084) can0 0B0#B00D020000000000
(1700000005.272748) can0 0B0#B00E020000000000
(1700000005.280044) can0 185#85D2000000000000
(1700000005.280612) can0 224#2483000000000000
(1700000005.283262) can0 0B0#B00F020000000000
(1700000005.286306) can0 2A9#A953000000000000
(1700000005.293761) can0 0B0#B010020000000000
(1700000005.302734) can0 185#85D3000000000000
(1700000005.303223) can0 0B0#B011020000000000
(1700000005.312347) can0 0B0#B012020000000000
(1700000005.321478) can0 224#2484000000000000
(1700000005.323141) can0 0B0#B013020000000000
(1700000005.326633) can0 185#85D4000000000000
(1700000005.333767) can0 0B0#B014020000000000
(1700000005.338913) can0 333#3334000000000000
(1700000005.343142) can0 0B0#B015020000000000
(1700000005.347816) can0 2A9#A954000000000000
(1700000005.352708) can0 185#85D5000000000000
(1700000005.353311) can0 0B0#B016020000000000
(1700000005.362330) can0 0B0#B017020000000000
(1700000005.362331) can0 224#2485000000000000
(1700000005.371941) can0 0B0#B018020000000000
(1700000005.379911) can0 185#85D6000000000000
(1700000005.381921) can0 0B0#B019020000000000
(1700000005.391662) can0 0B0#B01A020000000000
(1700000005.398184) can0 224#2486000000000000
(1700000005.401085) can0 0B0#B01B020000000000
(1700000005.404678) can0 185#85D7000000000000
(1700000005.410101) can0 2A9#A955000000000000
(1700000005.410529) can0 0B0#B01C020000000000
(1700000005.421469) can0 0B0#B01D020000000000
(1700000005.431570) can0 0B0#B01E020000000000
(1700000005.432270) can0 185#85D8000000000000
(1700000005.432360) can0 333#3335000000000000
(1700000005.441194) can0 224#2487000000000000
(1700000005.442099) can0 0B0#B01F020000000000
(1700000005.451976) can0 0B0#B020020000000000
(1700000005.458429) can0 185#85D9000000000000
(1700000005.462050) can0 0B0#B021020000000000
(1700000005.472660) can0 0B0#B022020000000000
(1700000005.475171) can0 2A9#A956000000000000
(1700000005.480346) can0 224#2488000000000000
(1700000005.481212) can0 185#85DA000000000000
(1700000005.482130) can0 0B0#B023020000000000
(1700000005.491556) can0 0B0#B024020000000000
(1700000005.501984) can0 0B0#B025020000000000
(1700000005.505875) can0 185#85DB000000000000
(1700000005.511708) can0 0B0#B026020000000000
(1700000005.520583) can0 224#2489000000000000
(1700000005.520876) can0 0B0#B027020000000000
(1700000005.528561) can0 185#85DC000000000000
(1700000005.530714) can0 0B0#B028020000000000
(1700000005.538144) can0 333#3336000000000000
(1700000005.539438) can0 2A9#A957000000000000
(1700000005.540790) can0 0B0#B029020000000000
(1700000005.549808) can0 0B0#B02A020000000000
(1700000005.555672) can0 185#85DD000000000000
(1700000005.559144) can0 0B0#B02B020000000000
(1700000005.559614) can0 224#248A000000000000
(1700000005.569834) can0 0B0#B02C020000000000
(1700000005.578861) can0 0B0#B02D020000000000
(1700000005.582039) can0 185#85DE000000000000
(1700000005.588075) can0 0B0#B02E020000000000
(1700000005.597553) can0 0B0#B02F020000000000
(1700000005.600801) can0 224#248B000000000000
(1700000005.604471) can0 2A9#A958000000000000
(1700000005.607338) can0 0B0#B030020000000000
(1700000005.607604) can0 185#85DF000000000000
(1700000005.615335) can0 110#10CA000000000000
(1700000005.618182) can0 0B0#B031020000000000
(1700000005.627629) can0 0B0#B032020000000000
(1700000005.631465) can0 110#10CB000000000000
(1700000005.631683) can0 185#85E0000000000000
(1700000005.638003) can0 0B0#B033020000000000
(1700000005.640055) can0 224#248C000000000000
(1700000005.645118) can0 333#3337000000000000
(1700000005.647026) can0 110#10CC000000000000
(1700000005.647880) can0 0B0#B034020000000000
(1700000005.656794) can0 185#85E1000000000000
(1700000005.658128) can0 0B0#B035020000000000
(1700000005.663476) can0 110#10CD000000000000
(1700000005.664160) can0 2A9#A959000000000000
(1700000005.668332) can0 0B0#B036020000000000
(1700000005.677457) can0 0B0#B037020000000000
(1700000005.677594) can0 224#248D000000000000
(1700000005.678105) can0 110#10CE000000000000
(1700000005.682312) can0 185#85E2000000000000
(1700000005.687544) can0 0B0#B038020000000000
(1700000005.695366) can0 110#10CF000000000000
(1700000005.698413) can0 0B0#B039020000000000
(1700000005.707350) can0 185#85E3000000000000
(1700000005.707519) can0 0B0#B03A020000000000
(1700000005.712143) can0 110#10D0000000000000
(1700000005.717223) can0 224#248E000000000000
(1700000005.717590) can0 0B0#B03B020000000000
(1700000005.726930) can0 110#10D1000000000000
(1700000005.727351) can0 2A9#A95A000000000000
(1700000005.727993) can0 0B0#B03C020000000000
(1700000005.730192) can0 185#85E4000000000000
(1700000005.738908) can0 0B0#B03D020000000000
(1700000005.743213) can0 110#10D2000000000000
(1700000005.748168) can0 333#3338000000000000
(1700000005.749548) can0 0B0#B03E020000000000
(1700000005.755104) can0 185#85E5000000000000
(1700000005.755668) can0 224#248F000000000000
(1700000005.758261) can0 110#10D3000000000000
(1700000005.759192) can0 0B0#B03F020000000000
(1700000005.768865) can0 0B0#B040020000000000
(1700000005.775132) can0 110#10D4000000000000
(1700000005.778623) can0 0B0#B041020000000000
(1700000005.779012) can0 185#85E6000000000000
(1700000005.788417) can0 0B0#B042020000000000
(1700000005.789470) can0 110#10D5000000000000
(1700000005.791747) can0 224#2490000000000000
(1700000005.792074) can0 2A9#A95B000000000000
(1700000005.797753) can0 0B0#B043020000000000
(1700000005.803545) can0 185#85E7000000000000
(1700000005.804460) can0 110#10D6000000000000
(1700000005.808575) can0 0B0#B044020000000000
(1700000005.817964) can0 0B0#B045020000000000
(1700000005.819576) can0 110#10D7000000000000
(1700000005.828797) can0 0B0#B046020000000000
(1700000005.830697) can0 185#85E8000000000000
(1700000005.835525) can0 224#2491000000000000
(1700000005.836543) can0 110#10D8000000000000
(1700000005.839629) can0 0B0#B047020000000000
(1700000005.845294) can0 333#3339000000000000
(1700000005.849062) can0 0B0#B048020000000000
(1700000005.851480) can0 110#10D9000000000000
(1700000005.854758) can0 185#85E9000000000000
(1700000005.859229) can0 0B0#B049020000000000
(1700000005.860945) can0 2A9#A95C000000000000
(1700000005.866470) can0 110#10DA000000000000
(1700000005.868353) can0 0B0#B04A020000000000
(1700000005.877796) can0 224#2492000000000000
(1700000005.877939) can0 0B0#B04B020000000000
(1700000005.877950) can0 185#85EA000000000000
(1700000005.880871) can0 110#10DB000000000000
(1700000005.887728) can0 0B0#B04C020000000000
(1700000005.895822) can0 110#10DC000000000000
(1700000005.897321) can0 0B0#B04D020000000000
(1700000005.902230) can0 185#85EB000000000000
(1700000005.906635) can0 0B0#B04E020000000000
(1700000005.912026) can0 110#10DD000000000000
(1700000005.917630) can0 0B0#B04F020000000000
(1700000005.920614) can0 224#2493000000000000
(1700000005.926260) can0 185#85EC000000000000
(1700000005.927045) can0 2A9#A95D000000000000
(1700000005.927150) can0 110#10DE000000000000
(1700000005.928419) can0 0B0#B050020000000000
(1700000005.938078) can0 0B0#B051020000000000
(1700000005.943850) can0 110#10DF000000000000
(1700000005.948202) can0 0B0#B052020000000000
(1700000005.952061) can0 333#333A000000000000
(1700000005.952202) can0 185#85ED000000000000
(1700000005.957843) can0 0B0#B053020000000000
(1700000005.958960) can0 110#10E0000000000000
(1700000005.963768) can0 224#2494000000000000
(1700000005.967020) can0 0B0#B054020000000000
(1700000005.974072) can0 110#10E1000000000000
(1700000005.977241) can0 0B0#B055020000000000
(1700000005.978608) can0 185#85EE000000000000
(1700000005.985226) can0 2A9#A95E000000000000
(1700000005.987468) can0 0B0#B056020000000000
(1700000005.989783) can0 110#10E2000000000000
(1700000005.998365) can0 0B0#B057020000000000
(1700000005.999984) can0 224#2495000000000000
(1700000006.002980) can0 185#85EF000000000000
(1700000006.004763) can0 110#10E3000000000000
(1700000006.009241) can0 0B0#B058020000000000
(1700000006.019782) can0 0B0#B059020000000000
(1700000006.020768) can0 110#10E4000000000000
(1700000006.026668) can0 185#85F0000000000000
(1700000006.030713) can0 0B0#B05A020000000000
(1700000006.035483) can0 110#10E5000000000000
(1700000006.040196) can0 0B0#B05B020000000000
(1700000006.042630) can0 224#2496000000000000
(1700000006.050500) can0 2A9#A95F000000000000
(1700000006.050646) can0 333#333B000000000000
(1700000006.051135) can0 0B0#B05C020000000000
(1700000006.051446) can0 110#10E6000000000000
(1700000006.054020) can0 185#85F1000000000000
(1700000006.060772) can0 0B0#B05D020000000000
(1700000006.068702) can0 110#10E7000000000000
(1700000006.070981) can0 0B0#B05E020000000000
(1700000006.077915) can0 185#85F2000000000000
(1700000006.081081) can0 224#2497000000000000
(1700000006.081143) can0 0B0#B05F020000000000
(1700000006.084204) can0 110#10E8000000000000
(1700000006.090272) can0 0B0#B060020000000000
(1700000006.100593) can0 185#85F3000000000000
(1700000006.100806) can0 110#10E9000000000000
(1700000006.100922) can0 0B0#B061020000000000
(1700000006.110987) can0 0B0#B062020000000000
(1700000006.111419) can0 2A9#A960000000000000
(1700000006.115250) can0 110#10EA000000000000
(1700000006.120579) can0 224#2498000000000000
(1700000006.120631) can0 0B0#B063020000000000
(1700000006.127238) can0 185#85F4000000000000
(1700000006.130570) can0 0B0#B064020000000000
(1700000006.131513) can0 110#10EB000000000000
(1700000006.140051) can0 0B0#B065020000000000
(1700000006.145943) can0 110#10EC000000000000
(1700000006.150097) can0 0B0#B066020000000000
(1700000006.151696) can0 185#85F5000000000000
(1700000006.155378) can0 333#333C000000000000
(1700000006.160066) can0 0B0#B067020000000000
(1700000006.162756) can0 110#10ED000000000000
(1700000006.162901) can0 224#2499000000000000
(1700000006.171012) can0 0B0#B068020000000000
(1700000006.174539) can0 185#85F6000000000000
(1700000006.174872) can0 2A9#A961000000000000
(1700000006.178213) can0 110#10EE000000000000
(1700000006.180112) can0 0B0#B069020000000000
(1700000006.189369) can0 0B0#B06A020000000000
(1700000006.193620) can0 110#10EF000000000000
(1700000006.199226) can0 185#85F7000000000000
(1700000006.199551) can0 0B0#B06B020000000000
(1700000006.205939) can0 224#249A000000000000
(1700000006.208660) can0 0B0#B06C020000000000
(1700000006.209872) can0 110#10F0000000000000
(1700000006.218880) can0 0B0#B06D020000000000
(1700000006.225656) can0 185#85F8000000000000
(1700000006.225727) can0 110#10F1000000000000
(1700000006.228057) can0 0B0#B06E020000000000
(1700000006.233927) can0 2A9#A962000000000000
(1700000006.237908) can0 0B0#B06F020000000000
(1700000006.241316) can0 110#10F2000000000000
(1700000006.245307) can0 224#249B000000000000
(1700000006.245893) can0 333#333D000000000000
(1700000006.248217) can0 0B0#B070020000000000
(1700000006.249032) can0 185#85F9000000000000
(1700000006.257708) can0 0B0#B071020000000000
(1700000006.257983) can0 110#10F3000000000000
(1700000006.268079) can0 0B0#B072020000000000
(1700000006.272127) can0 185#85FA000000000000
(1700000006.272326) can0 110#10F4000000000000
(1700000006.277380) can0 0B0#B073020000000000
(1700000006.287507) can0 224#249C000000000000
(1700000006.287918) can0 0B0#B074020000000000
(1700000006.289208) can0 110#10F5000000000000
(1700000006.297169) can0 185#85FB000000000000
(1700000006.298141) can0 0B0#B075020000000000
(1700000006.300175) can0 2A9#A963000000000000
(1700000006.303985) can0 110#10F6000000000000
(1700000006.309097) can0 0B0#B076020000000000
(1700000006.319488) can0 0B0#B077020000000000
(1700000006.319700) can0 110#10F7000000000000
(1700000006.324180) can0 185#85FC000000000000
(1700000006.329637) can0 224#249D000000000000
(1700000006.330424) can0 0B0#B078020000000000
(1700000006.334500) can0 110#10F8000000000000
(1700000006.339834) can0 0B0#B079020000000000
(1700000006.349111) can0 110#10F9000000000000
(1700000006.350100) can0 0B0#B07A020000000000
(1700000006.351107) can0 333#333E000000000000
(1700000006.351287) can0 185#85FD000000000000
(1700000006.359356) can0 0B0#B07B020000000000
(1700000006.361613) can0 2A9#A964000000000000
(1700000006.366148) can0 224#249E000000000000
(1700000006.366325) can0 110#10FA000000000000
(1700000006.370122) can0 0B0#B07C020000000000
(1700000006.374698) can0 185#85FE000000000000
(1700000006.380037) can0 0B0#B07D020000000000
(1700000006.382459) can0 110#10FB000000000000
(1700000006.389882) can0 0B0#B07E020000000000
(1700000006.398026) can0 110#10FC000000000000
(1700000006.398905) can0 0B0#B07F020000000000
(1700000006.400443) can0 185#85FF000000000000
(1700000006.409744) can0 0B0#B080020000000000
(1700000006.409794) can0 224#249F000000000000
(1700000006.414004) can0 110#10FD000000000000
(1700000006.419744) can0 0B0#B081020000000000
(1700000006.423313) can0 185#8500010000000000
(1700000006.426057) can0 2A9#A965000000000000
(1700000006.429160) can0 0B0#B082020000000000
(1700000006.430328) can0 110#10FE000000000000
(1700000006.439598) can0 0B0#B083020000000000
(1700000006.445811) can0 110#10FF000000000000
(1700000006.448196) can0 224#24A0000000000000
(1700000006.448845) can0 0B0#B084020000000000
(1700000006.450857) can0 185#8501010000000000
(1700000006.459222) can0 0B0#B085020000000000
(1700000006.459931) can0 333#333F000000000000
(1700000006.461568) can0 110#1000010000000000
(1700000006.470091) can0 0B0#B086020000000000
(1700000006.474937) can0 185#8502010000000000
(1700000006.477838) can0 110#1001010000000000
(1700000006.481055) can0 0B0#B087020000000000
(1700000006.485153) can0 2A9#A966000000000000
(1700000006.488419) can0 224#24A1000000000000
(1700000006.490567) can0 0B0#B088020000000000
(1700000006.492949) can0 110#1002010000000000
(1700000006.500500) can0 0B0#B089020000000000
(1700000006.501322) can0 185#8503010000000000
(1700000006.509165) can0 110#1003010000000000
(1700000006.509816) can0 0B0#B08A020000000000
(1700000006.519770) can0 0B0#B08B020000000000
(1700000006.526076) can0 185#8504010000000000
(1700000006.526494) can0 110#1004010000000000
(1700000006.529130) can0 224#24A2000000000000
(1700000006.530426) can0 0B0#B08C020000000000
(1700000006.540510) can0 0B0#B08D020000000000
(1700000006.542200) can0 110#1005010000000000
(1700000006.542215) can0 2A9#A967000000000000
(1700000006.550321) can0 0B0#B08E020000000000
(1700000006.553192) can0 185#8505010000000000
(1700000006.558396) can0 110#1006010000000000
(1700000006.560737) can0 0B0#B08F020000000000
(1700000006.561974) can0 333#3340000000000000
(1700000006.570051) can0 0B0#B090020000000000
(1700000006.570068) can0 224#24A3000000000000
(1700000006.574974) can0 110#1007010000000000
(1700000006.577862) can0 185#8506010000000000
(1700000006.580919) can0 0B0#B091020000000000
(1700000006.590191) can0 0B0#B092020000000000
(1700000006.591236) can0 110#1008010000000000
(1700000006.599471) can0 0B0#B093020000000000
(1700000006.602433) can0 185#8507010000000000
(1700000006.605014) can0 2A9#A968000000000000
(1700000006.607412) can0 110#1009010000000000
(1700000006.608969) can0 0B0#B094020000000000
(1700000006.613728) can0 224#24A4000000000000
(1700000006.619323) can0 0B0#B095020000000000
(1700000006.622220) can0 110#100A010000000000
(1700000006.626876) can0 185#8508010000000000
(1700000006.629907) can0 0B0#B096020000000000
(1700000006.637206) can0 110#100B010000000000
(1700000006.640598) can0 0B0#B097020000000000
(1700000006.651091) can0 0B0#B098020000000000
(1700000006.652292) can0 185#8509010000000000
(1700000006.652466) can0 110#100C010000000000
(1700000006.653931) can0 224#24A5000000000000
(1700000006.657653) can0 333#3341000000000000
(1700000006.661275) can0 0B0#B099020000000000
(1700000006.668580) can0 2A9#A969000000000000
(1700000006.669280) can0 110#100D010000000000
(1700000006.672087) can0 0B0#B09A020000000000
(1700000006.676394) can0 185#850A010000000000
(1700000006.681748) can0 0B0#B09B020000000000
(1700000006.686274) can0 110#100E010000000000
(1700000006.691697) can0 0B0#B09C020000000000
(1700000006.693682) can0 224#24A6000000000000
(1700000006.700829) can0 0B0#B09D020000000000
(1700000006.702687) can0 185#850B010000000000
(1700000006.703011) can0 110#100F010000000000
(1700000006.710331) can0 0B0#B09E020000000000
(1700000006.717517) can0 110#1010010000000000
(1700000006.719671) can0 0B0#B09F020000000000
(1700000006.725427) can0 185#850C010000000000
(1700000006.727239) can0 2A9#A96A000000000000
(1700000006.729151) can0 0B0#B0A0020000000000
(1700000006.732716) can0 110#1011010000000000
(1700000006.735616) can0 224#24A7000000000000
(1700000006.738644) can0 0B0#B0A1020000000000
(1700000006.748165) can0 110#1012010000000000
(1700000006.749062) can0 185#850D010000000000
(1700000006.749310) can0 0B0#B0A2020000000000
(1700000006.759803) can0 0B0#B0A3020000000000
(1700000006.762576) can0 333#3342000000000000
(1700000006.764593) can0 110#1013010000000000
(1700000006.770216) can0 0B0#B0A4020000000000
(1700000006.776219) can0 185#850E010000000000
(1700000006.777029) can0 224#24A8000000000000
(1700000006.778873) can0 110#1014010000000000
(1700000006.779859) can0 0B0#B0A5020000000000
(1700000006.785788) can0 2A9#A96B000000000000
(1700000006.789249) can0 0B0#B0A6020000000000
(1700000006.795136) can0 110#1015010000000000
(1700000006.798659) can0 0B0#B0A7020000000000
(1700000006.801897) can0 185#850F010000000000
(1700000006.808269) can0 0B0#B0A8020000000000
(1700000006.809535) can0 110#1016010000000000
(1700000006.815038) can0 224#24A9000000000000
(1700000006.817984) can0 0B0#B0A9020000000000
(1700000006.823896) can0 110#1017010000000000
(1700000006.828460) can0 0B0#B0AA020000000000
(1700000006.828624) can0 185#8510010000000000
(1700000006.837872) can0 0B0#B0AB020000000000
(1700000006.838543) can0 110#1018010000000000
(1700000006.848694) can0 0B0#B0AC020000000000
(1700000006.849312) can0 2A9#A96C000000000000
(1700000006.852379) can0 185#8511010000000000
(1700000006.853345) can0 224#24AA000000000000
(1700000006.853685) can0 110#1019010000000000
(1700000006.859058) can0 0B0#B0AD020000000000
(1700000006.863577) can0 333#3343000000000000
(1700000006.868765) can0 110#101A010000000000
(1700000006.869584) can0 0B0#B0AE020000000000
(1700000006.878798) can0 185#8512010000000000
(1700000006.879691) can0 0B0#B0AF020000000000
(1700000006.883478) can0 110#101B010000000000
(1700000006.890515) can0 0B0#B0B0020000000000
(1700000006.890558) can0 224#24AB000000000000
(1700000006.899457) can0 110#101C010000000000
(1700000006.899699) can0 0B0#B0B1020000000000
(1700000006.903544) can0 185#8513010000000000
(1700000006.906887) can0 2A9#A96D000000000000
(1700000006.908755) can0 0B0#B0B2020000000000
(1700000006.915739) can0 110#101D010000000000
(1700000006.919168) can0 0B0#B0B3020000000000
(1700000006.927330) can0 185#8514010000000000
(1700000006.929175) can0 0B0#B0B4020000000000
(1700000006.931191) can0 224#24AC000000000000
(1700000006.932723) can0 110#101E010000000000
(1700000006.940159) can0 0B0#B0B5020000000000
(1700000006.948917) can0 110#101F010000000000
(1700000006.949348) can0 0B0#B0B6020000000000
(1700000006.953756) can0 185#8515010000000000
(1700000006.959192) can0 0B0#B0B7020000000000
(1700000006.963326) can0 110#1020010000000000
(1700000006.964726) can0 333#3344000000000000
(1700000006.965325) can0 2A9#A96E000000000000
(1700000006.970176) can0 0B0#B0B8020000000000
(1700000006.974493) can0 224#24AD000000000000
(1700000006.980195) can0 185#8516010000000000
(1700000006.980517) can0 0B0#B0B9020000000000
(1700000006.980633) can0 110#1021010000000000
(1700000006.991516) can0 0B0#B0BA020000000000
(1700000006.997469) can0 110#1022010000000000
(1700000007.002159) can0 0B0#B0BB020000000000
(1700000007.005038) can0 185#8517010000000000
(1700000007.012523) can0 110#1023010000000000
(1700000007.012577) can0 0B0#B0BC020000000000
(1700000007.015167) can0 224#24AE000000000000
(1700000007.023545) can0 0B0#B0BD020000000000
(1700000007.028200) can0 110#1024010000000000
(1700000007.029222) can0 2A9#A96F000000000000
(1700000007.031454) can0 185#8518010000000000
(1700000007.034403) can0 0B0#B0BE020000000000
(1700000007.042685) can0 110#1025010000000000
(1700000007.043946) can0 0B0#B0BF020000000000
(1700000007.052694) can0 224#24AF000000000000
(1700000007.054194) can0 0B0#B0C0020000000000
(1700000007.055334) can0 185#8519010000000000
(1700000007.058917) can0 110#1026010000000000
(1700000007.062304) can0 333#3345000000000000
(1700000007.064683) can0 0B0#B0C1020000000000
(1700000007.075322) can0 0B0#B0C2020000000000
(1700000007.076090) can0 110#1027010000000000
(1700000007.080676) can0 185#851A010000000000
(1700000007.085742) can0 0B0#B0C3020000000000
(1700000007.092450) can0 110#1028010000000000
(1700000007.094885) can0 224#24B0000000000000
(1700000007.095345) can0 0B0#B0C4020000000000
(1700000007.097510) can0 2A9#A970000000000000
(1700000007.104578) can0 0B0#B0C5020000000000
(1700000007.107137) can0 185#851B010000000000
(1700000007.108030) can0 110#1029010000000000
(1700000007.113753) can0 0B0#B0C6020000000000
(1700000007.122394) can0 110#102A010000000000
(1700000007.123389) can0 0B0#B0C7020000000000
(1700000007.131412) can0 185#851C010000000000
(1700000007.132598) can0 0B0#B0C8020000000000
(1700000007.133500) can0 224#24B1000000000000
(1700000007.139274) can0 110#102B010000000000
(1700000007.142513) can0 0B0#B0C9020000000000
(1700000007.151857) can0 0B0#B0CA020000000000
(1700000007.154191) can0 110#102C010000000000
(1700000007.156672) can0 185#851D010000000000
(1700000007.162814) can0 0B0#B0CB020000000000
(1700000007.162936) can0 2A9#A971000000000000
(1700000007.167750) can0 333#3346000000000000
(1700000007.170362) can0 110#102D010000000000
(1700000007.172391) can0 0B0#B0CC020000000000
(1700000007.176324) can0 224#24B2000000000000
(1700000007.182166) can0 0B0#B0CD020000000000
(1700000007.183848) can0 185#851E010000000000
(1700000007.184863) can0 110#102E010000000000
(1700000007.191540) can0 0B0#B0CE020000000000
(1700000007.201233) can0 110#102F010000000000
(1700000007.201797) can0 0B0#B0CF020000000000
(1700000007.207205) can0 185#851F010000000000
(1700000007.212149) can0 0B0#B0D0020000000000
(1700000007.216346) can0 224#24B3000000000000
(1700000007.217759) can0 110#1030010000000000
(1700000007.221480) can0 0B0#B0D1020000000000
(1700000007.229814) can0 2A9#A972000000000000
(1700000007.231008) can0 0B0#B0D2020000000000
(1700000007.233764) can0 185#8520010000000000
(1700000007.235121) can0 110#1031010000000000
(1700000007.240373) can0 0B0#B0D3020000000000
(1700000007.250678) can0 0B0#B0D4020000000000
(1700000007.251851) can0 110#1032010000000000
(1700000007.253526) can0 224#24B4000000000000
(1700000007.258232) can0 185#8521010000000000
(1700000007.260062) can0 0B0#B0D5020000000000
(1700000007.266172) can0 110#1033010000000000
(1700000007.266659) can0 333#3347000000000000
(1700000007.269784) can0 0B0#B0D6020000000000
(1700000007.279206) can0 0B0#B0D7020000000000
(1700000007.281193) can0 110#1034010000000000
(1700000007.284330) can0 185#8522010000000000
(1700000007.287345) can0 2A9#A973000000000000
(1700000007.288529) can0 0B0#B0D8020000000000
(1700000007.292633) can0 224#24B5000000000000
(1700000007.297365) can0 110#1035010000000000
(1700000007.298571) can0 0B0#B0D9020000000000
(1700000007.308777) can0 0B0#B0DA020000000000
(1700000007.311829) can0 185#8523010000000000
(1700000007.312862) can0 110#1036010000000000
(1700000007.318621) can0 0B0#B0DB020000000000
(1700000007.328726) can0 110#1037010000000000
(1700000007.329607) can0 0B0#B0DC020000000000
(1700000007.330474) can0 224#24B6000000000000
(1700000007.334645) can0 185#8524010000000000
(1700000007.340426) can0 0B0#B0DD020000000000
(1700000007.343656) can0 110#1038010000000000
(1700000007.346691) can0 2A9#A974000000000000
(1700000007.350231) can0 0B0#B0DE020000000000
(1700000007.358020) can0 110#1039010000000000
(1700000007.360091) can0 0B0#B0DF020000000000
(1700000007.362070) can0 185#8525010000000000
(1700000007.369833) can0 0B0#B0E0020000000000
(1700000007.373633) can0 224#24B7000000000000
(1700000007.374334) can0 110#103A010000000000
(1700000007.374479) can0 333#3348000000000000
(1700000007.380400) can0 0B0#B0E1020000000000
(1700000007.384718) can0 185#8526010000000000
(1700000007.390335) can0 0B0#B0E2020000000000
(1700000007.391610) can0 110#103B010000000000
(1700000007.399419) can0 0B0#B0E3020000000000
(1700000007.406810) can0 2A9#A975000000000000
(1700000007.406986) can0 110#103C010000000000
(1700000007.408125) can0 185#8527010000000000
(1700000007.410221) can0 0B0#B0E4020000000000
(1700000007.412432) can0 224#24B8000000000000
(1700000007.420268) can0 0B0#B0E5020000000000
(1700000007.422913) can0 110#103D010000000000
(1700000007.430806) can0 0B0#B0E6020000000000
(1700000007.432468) can0 185#8528010000000000
(1700000007.439507) can0 110#103E010000000000
(1700000007.440039) can0 0B0#B0E7020000000000
(1700000007.449821) can0 0B0#B0E8020000000000
(1700000007.451082) can0 224#24B9000000000000
(1700000007.455747) can0 110#103F010000000000
(1700000007.457117) can0 185#8529010000000000
(1700000007.459295) can0 0B0#B0E9020000000000
(1700000007.470127) can0 0B0#B0EA020000000000
(1700000007.471839) can0 2A9#A976000000000000
(1700000007.472756) can0 110#1040010000000000
(1700000007.474040) can0 333#3349000000000000
(1700000007.479225) can0 0B0#B0EB020000000000
(1700000007.481876) can0 185#852A010000000000
(1700000007.488051) can0 110#1041010000000000
(1700000007.489724) can0 0B0#B0EC020000000000
(1700000007.492341) can0 224#24BA000000000000
(1700000007.500486) can0 0B0#B0ED020000000000
(1700000007.503292) can0 110#1042010000000000
(1700000007.505106) can0 185#852B010000000000
(1700000007.510722) can0 0B0#B0EE020000000000
(1700000007.520409) can0 110#1043010000000000
(1700000007.521605) can0 0B0#B0EF020000000000
(1700000007.530126) can0 185#852C010000000000
(1700000007.532558) can0 0B0#B0F0020000000000
(1700000007.535638) can0 110#1044010000000000
(1700000007.535723) can0 224#24BB000000000000
(1700000007.537081) can0 2A9#A977000000000000
(1700000007.542970) can0 0B0#B0F1020000000000
(1700000007.552911) can0 110#1045010000000000
(1700000007.552913) can0 0B0#B0F2020000000000
(1700000007.555995) can0 185#852D010000000000
(1700000007.563542) can0 0B0#B0F3020000000000
(1700000007.567301) can0 333#334A000000000000
(1700000007.568120) can0 110#1046010000000000
(1700000007.572573) can0 0B0#B0F4020000000000
(1700000007.575367) can0 224#24BC000000000000
(1700000007.582060) can0 0B0#B0F5020000000000
(1700000007.583377) can0 185#852E010000000000
(1700000007.585215) can0 110#1047010000000000
(1700000007.592936) can0 0B0#B0F6020000000000
(1700000007.595326) can0 2A9#A978000000000000
(1700000007.602248) can0 110#1048010000000000
(1700000007.603329) can0 0B0#B0F7020000000000
(1700000007.607181) can0 185#852F010000000000
(1700000007.612499) can0 0B0#B0F8020000000000
(1700000007.614168) can0 224#24BD000000000000
(1700000007.618089) can0 110#1049010000000000
(1700000007.622547) can0 0B0#B0F9020000000000
(1700000007.632238) can0 0B0#B0FA020000000000
(1700000007.633603) can0 110#104A010000000000
(1700000007.634461) can0 185#8530010000000000
(1700000007.643059) can0 0B0#B0FB020000000000
(1700000007.648686) can0 110#104B010000000000
(1700000007.653225) can0 0B0#B0FC020000000000
(1700000007.656063) can0 224#24BE000000000000
(1700000007.659900) can0 185#8531010000000000
(1700000007.662300) can0 2A9#A979000000000000
(1700000007.662714) can0 0B0#B0FD020000000000
(1700000007.663457) can0 110#104C010000000000
(1700000007.673347) can0 0B0#B0FE020000000000
(1700000007.676723) can0 333#334B000000000000
(1700000007.680536) can0 110#104D010000000000
(1700000007.682565) can0 0B0#B0FF020000000000
(1700000007.686224) can0 185#8532010000000000
(1700000007.692993) can0 0B0#B000030000000000
(1700000007.695797) can0 110#104E010000000000
(1700000007.698163) can0 224#24BF000000000000
(1700000007.702485) can0 0B0#B001030000000000
(1700000007.710559) can0 110#104F010000000000
(1700000007.711297) can0 185#8533010000000000
(1700000007.713321) can0 0B0#B002030000000000
(1700000007.720874) can0 2A9#A97A000000000000
(1700000007.723682) can0 0B0#B003030000000000
(1700000007.725068) can0 110#1050010000000000
(1700000007.733781) can0 0B0#B004030000000000
(1700000007.736783) can0 185#8534010000000000
(1700000007.740096) can0 224#24C0000000000000
(1700000007.742209) can0 110#1051010000000000
(1700000007.743813) can0 0B0#B005030000000000
(1700000007.754125) can0 0B0#B006030000000000
(1700000007.759256) can0 110#1052010000000000
(1700000007.761530) can0 185#8535010000000000
(1700000007.764062) can0 0B0#B007030000000000
(1700000007.771504) can0 333#334C000000000000
(1700000007.774723) can0 110#1053010000000000
(1700000007.774733) can0 0B0#B008030000000000
(1700000007.780496) can0 2A9#A97B000000000000
(1700000007.782832) can0 224#24C1000000000000
(1700000007.784302) can0 0B0#B009030000000000
(1700000007.787568) can0 185#8536010000000000
(1700000007.790527) can0 110#1054010000000000
(1700000007.794266) can0 0B0#B00A030000000000
(1700000007.805008) can0 0B0#B00B030000000000
(1700000007.805655) can0 110#1055010000000000
(1700000007.814008) can0 0B0#B00C030000000000
(1700000007.814647) can0 185#8537010000000000
(1700000007.818790) can0 224#24C2000000000000
(1700000007.822156) can0 110#1056010000000000
(1700000007.824017) can0 0B0#B00D030000000000
(1700000007.835005) can0 0B0#B00E030000000000
(1700000007.837744) can0 110#1057010000000000
(1700000007.841731) can0 185#8538010000000000
(1700000007.844572) can0 0B0#B00F030000000000
(1700000007.846299) can0 2A9#A97C000000000000
(1700000007.854720) can0 110#1058010000000000
(1700000007.855433) can0 0B0#B010030000000000
(1700000007.862103) can0 224#24C3000000000000
(1700000007.865987) can0 0B0#B011030000000000
(1700000007.866990) can0 185#8539010000000000
(1700000007.869050) can0 110#1059010000000000
(1700000007.870478) can0 333#334D000000000000
(1700000007.875215) can0 0B0#B012030000000000
(1700000007.885576) can0 110#105A010000000000
(1700000007.885967) can0 0B0#B013030000000000
(1700000007.891641) can0 185#853A010000000000
(1700000007.896519) can0 0B0#B014030000000000
(1700000007.901124) can0 110#105B010000000000
(1700000007.905561) can0 224#24C4000000000000
(1700000007.906016) can0 0B0#B015030000000000
(1700000007.911820) can0 2A9#A97D000000000000
(1700000007.915660) can0 0B0#B016030000000000
(1700000007.916242) can0 185#853B010000000000
(1700000007.917040) can0 110#105C010000000000
(1700000007.924785) can0 0B0#B017030000000000
(1700000007.932934) can0 110#105D010000000000
(1700000007.935580) can0 0B0#B018030000000000
(1700000007.942219) can0 224#24C5000000000000
(1700000007.943421) can0 185#853C010000000000
(1700000007.945637) can0 0B0#B019030000000000
(1700000007.947341) can0 110#105E010000000000
(1700000007.956415) can0 0B0#B01A030000000000
(1700000007.963949) can0 110#105F010000000000
(1700000007.967171) can0 333#334E000000000000
(1700000007.967317) can0 0B0#B01B030000000000
(1700000007.967914) can0 185#853D010000000000
(1700000007.975010) can0 2A9#A97E000000000000
(1700000007.977994) can0 0B0#B01C030000000000
(1700000007.979056) can0 110#1060010000000000
(1700000007.979286) can0 224#24C6000000000000
(1700000007.988585) can0 0B0#B01D030000000000
(1700000007.995359) can0 185#853E010000000000
(1700000007.996029) can0 110#1061010000000000
(1700000007.997737) can0 0B0#B01E030000000000
