(1700000000.009587) can0 0B0#B000000000000000
(1700000000.016776) can0 110#1000000000000000
(1700000000.020287) can0 0B0#B001000000000000
(1700000000.026934) can0 185#8500000000000000
(1700000000.030465) can0 0B0#B002000000000000
(1700000000.032174) can0 110#1001000000000000
(1700000000.040979) can0 0B0#B003000000000000
(1700000000.042434) can0 224#2400000000000000
(1700000000.049299) can0 110#1002000000000000
(1700000000.050200) can0 0B0#B004000000000000
(1700000000.052645) can0 185#8501000000000000
(1700000000.060928) can0 0B0#B005000000000000
(1700000000.065737) can0 110#1003000000000000
(1700000000.066586) can0 2A9#A900000000000000
(1700000000.070690) can0 0B0#B006000000000000
(1700000000.079597) can0 185#8502000000000000
(1700000000.081388) can0 0B0#B007000000000000
(1700000000.083152) can0 110#1004000000000000
(1700000000.084189) can0 224#2401000000000000
(1700000000.090634) can0 0B0#B008000000000000
(1700000000.091489) can0 333#3300000000000000
(1700000000.099683) can0 110#1005000000000000
(1700000000.101433) can0 0B0#B009000000000000
(1700000000.106645) can0 185#8503000000000000
(1700000000.112029) can0 0B0#B00A000000000000
(1700000000.114436) can0 110#1006000000000000
(1700000000.122137) can0 224#2402000000000000
(1700000000.122780) can0 0B0#B00B000000000000
(1700000000.129075) can0 110#1007000000000000
(1700000000.132498) can0 0B0#B00C000000000000
(1700000000.132947) can0 185#8504000000000000
(1700000000.133719) can0 2A9#A901000000000000
(1700000000.142237) can0 0B0#B00D000000000000
(1700000000.144144) can0 110#1008000000000000
(1700000000.153020) can0 0B0#B00E000000000000
(1700000000.159814) can0 185#8505000000000000
(1700000000.160841) can0 110#1009000000000000
(1700000000.162334) can0 224#2403000000000000
(1700000000.162745) can0 0B0#B00F000000000000
(1700000000.172829) can0 0B0#B010000000000000
(1700000000.175534) can0 110#100A000000000000
(1700000000.183292) can0 0B0#B011000000000000
(1700000000.183351) can0 185#8506000000000000
(1700000000.184282) can0 333#3301000000000000
(1700000000.191684) can0 110#100B000000000000
(1700000000.193626) can0 0B0#B012000000000000
(1700000000.199890) can0 224#2404000000000000
(1700000000.200434) can0 2A9#A902000000000000
(1700000000.204031) can0 0B0#B013000000000000
(1700000000.207866) can0 110#100C000000000000
(1700000000.209372) can0 185#8507000000000000
(1700000000.214854) can0 0B0#B014000000000000
(1700000000.222848) can0 110#100D000000000000
(1700000000.223980) can0 0B0#B015000000000000
(1700000000.233661) can0 0B0#B016000000000000
(1700000000.236569) can0 185#8508000000000000
(1700000000.237481) can0 110#100E000000000000
(1700000000.238796) can0 224#2405000000000000
(1700000000.243202) can0 0B0#B017000000000000
(1700000000.253399) can0 0B0#B018000000000000
(1700000000.254110) can0 110#100F000000000000
(1700000000.257773) can0 2A9#A903000000000000
(1700000000.260954) can0 185#8509000000000000
(1700000000.264218) can0 0B0#B019000000000000
(1700000000.270133) can0 110#1010000000000000
(1700000000.274040) can0 0B0#B01A000000000000
(1700000000.281497) can0 224#2406000000000000
(1700000000.284429) can0 110#1011000000000000
(1700000000.284509) can0 0B0#B01B000000000000
(1700000000.287954) can0 185#850A000000000000
(1700000000.289844) can0 333#3302000000000000
(1700000000.294914) can0 0B0#B01C000000000000
(1700000000.300253) can0 110#1012000000000000
(1700000000.305869) can0 0B0#B01D000000000000
(1700000000.313760) can0 185#850B000000000000
(1700000000.315672) can0 110#1013000000000000
(1700000000.316419) can0 0B0#B01E000000000000
(1700000000.321827) can0 224#2407000000000000
(1700000000.327060) can0 2A9#A904000000000000
(1700000000.327207) can0 0B0#B01F000000000000
(1700000000.330098) can0 110#1014000000000000
(1700000000.336337) can0 0B0#B020000000000000
(1700000000.341161) can0 185#850C000000000000
(1700000000.347056) can0 0B0#B021000000000000
(1700000000.347343) can0 110#1015000000000000
(1700000000.357436) can0 0B0#B022000000000000
(1700000000.362565) can0 110#1016000000000000
(1700000000.362982) can0 224#2408000000000000
(1700000000.363989) can0 185#850D000000000000
(1700000000.366652) can0 0B0#B023000000000000
(1700000000.377166) can0 0B0#B024000000000000
(1700000000.378992) can0 110#1017000000000000
(1700000000.386369) can0 0B0#B025000000000000
(1700000000.387656) can0 185#850E000000000000
(1700000000.388295) can0 2A9#A905000000000000
(1700000000.394888) can0 110#1018000000000000
(1700000000.395748) can0 0B0#B026000000000000
(1700000000.398075) can0 333#3303000000000000
(1700000000.403981) can0 224#2409000000000000
(1700000000.406681) can0 0B0#B027000000000000
(1700000000.410642) can0 185#850F000000000000
(1700000000.411817) can0 110#1019000000000000
(1700000000.416556) can0 0B0#B028000000000000
(1700000000.426611) can0 0B0#B029000000000000
(1700000000.427884) can0 110#101A000000000000
(1700000000.435584) can0 185#8510000000000000
(1700000000.436741) can0 0B0#B02A000000000000
(1700000000.443357) can0 224#240A000000000000
(1700000000.444803) can0 110#101B000000000000
(1700000000.446260) can0 0B0#B02B000000000000
(1700000000.449935) can0 2A9#A906000000000000
(1700000000.455535) can0 0B0#B02C000000000000
(1700000000.460795) can0 185#8511000000000000
(1700000000.461516) can0 110#101C000000000000
(1700000000.466199) can0 0B0#B02D000000000000
(1700000000.476060) can0 0B0#B02E000000000000
(1700000000.478086) can0 110#101D000000000000
(1700000000.480993) can0 224#240B000000000000
(1700000000.485957) can0 185#8512000000000000
(1700000000.486815) can0 0B0#B02F000000000000
(1700000000.493777) can0 110#101E000000000000
(1700000000.496143) can0 0B0#B030000000000000
(1700000000.503480) can0 333#3304000000000000
(1700000000.506191) can0 0B0#B031000000000000
(1700000000.509000) can0 185#8513000000000000
(1700000000.510338) can0 110#101F000000000000
(1700000000.516541) can0 0B0#B032000000000000
(1700000000.517378) can0 2A9#A907000000000000
(1700000000.518637) can0 224#240C000000000000
(1700000000.525436) can0 110#1020000000000000
(1700000000.526734) can0 0B0#B033000000000000
(1700000000.534877) can0 185#8514000000000000
(1700000000.537636) can0 0B0#B034000000000000
(1700000000.541646) can0 110#1021000000000000
(1700000000.548456) can0 0B0#B035000000000000
(1700000000.556234) can0 110#1022000000000000
(1700000000.559425) can0 0B0#B036000000000000
(1700000000.559501) can0 224#240D000000000000
(1700000000.561105) can0 185#8515000000000000
(1700000000.570009) can0 0B0#B037000000000000
(1700000000.572057) can0 110#1023000000000000
(1700000000.578288) can0 2A9#A908000000000000
(1700000000.579693) can0 0B0#B038000000000000
(1700000000.588284) can0 185#8516000000000000
(1700000000.588507) can0 110#1024000000000000
(1700000000.590016) can0 0B0#B039000000000000
(1700000000.598105) can0 333#3305000000000000
(1700000000.599441) can0 224#240E000000000000
(1700000000.599679) can0 0B0#B03A000000000000
(1700000000.602958) can0 110#1025000000000000
(1700000000.610047) can0 0B0#B03B000000000000
(1700000000.613066) can0 185#8517000000000000
(1700000000.617782) can0 110#1026000000000000
(1700000000.619773) can0 0B0#B03C000000000000
(1700000000.629688) can0 0B0#B03D000000000000
(1700000000.632346) can0 110#1027000000000000
(1700000000.635778) can0 185#8518000000000000
(1700000000.637592) can0 2A9#A909000000000000
(1700000000.639991) can0 0B0#B03E000000000000
(1700000000.640017) can0 224#240F000000000000
(1700000000.649454) can0 110#1028000000000000
(1700000000.649573) can0 0B0#B03F000000000000
(1700000000.658617) can0 0B0#B040000000000000
(1700000000.659329) can0 185#8519000000000000
(1700000000.666861) can0 110#1029000000000000
(1700000000.667635) can0 0B0#B041000000000000
(1700000000.677144) can0 0B0#B042000000000000
(1700000000.681125) can0 224#2410000000000000
(1700000000.681459) can0 110#102A000000000000
(1700000000.682285) can0 185#851A000000000000
(1700000000.687340) can0 0B0#B043000000000000
(1700000000.689924) can0 333#3306000000000000
(1700000000.697257) can0 110#102B000000000000
(1700000000.697300) can0 0B0#B044000000000000
(1700000000.704433) can0 2A9#A90A000000000000
(1700000000.706549) can0 0B0#B045000000000000
(1700000000.707094) can0 185#851B000000000000
(1700000000.712691) can0 110#102C000000000000
(1700000000.716531) can0 0B0#B046000000000000
(1700000000.723991) can0 224#2411000000000000
(1700000000.725882) can0 0B0#B047000000000000
(1700000000.729479) can0 110#102D000000000000
(1700000000.730763) can0 185#851C000000000000
(1700000000.735401) can0 0B0#B048000000000000
(1700000000.745218) can0 0B0#B049000000000000
(1700000000.745359) can0 110#102E000000000000
(1700000000.753559) can0 185#851D000000000000
(1700000000.755251) can0 0B0#B04A000000000000
(1700000000.761729) can0 110#102F000000000000
(1700000000.764374) can0 224#2412000000000000
(1700000000.764947) can0 0B0#B04B000000000000
(1700000000.771641) can0 2A9#A90B000000000000
(1700000000.774086) can0 0B0#B04C000000000000
(1700000000.777551) can0 110#1030000000000000
(1700000000.778496) can0 185#851E000000000000
(1700000000.784609) can0 0B0#B04D000000000000
(1700000000.792686) can0 333#3307000000000000
(1700000000.793116) can0 110#1031000000000000
(1700000000.795281) can0 0B0#B04E000000000000
(1700000000.801422) can0 224#2413000000000000
(1700000000.803563) can0 185#851F000000000000
(1700000000.804362) can0 0B0#B04F000000000000
(1700000000.808505) can0 110#1032000000000000
(1700000000.814407) can0 0B0#B050000000000000
(1700000000.824857) can0 0B0#B051000000000000
(1700000000.825002) can0 110#1033000000000000
(1700000000.829579) can0 185#8520000000000000
(1700000000.834646) can0 0B0#B052000000000000
(1700000000.837422) can0 2A9#A90C000000000000
(1700000000.840766) can0 110#1034000000000000
(1700000000.843746) can0 0B0#B053000000000000
(1700000000.844995) can0 224#2414000000000000
(1700000000.854525) can0 0B0#B054000000000000
(1700000000.855545) can0 185#8521000000000000
(1700000000.856508) can0 110#1035000000000000
(1700000000.865141) can0 0B0#B055000000000000
(1700000000.871144) can0 110#1036000000000000
(1700000000.874362) can0 0B0#B056000000000000
(1700000000.880276) can0 185#8522000000000000
(1700000000.882517) can0 224#2415000000000000
(1700000000.885179) can0 0B0#B057000000000000
(1700000000.886862) can0 110#1037000000000000
(1700000000.892567) can0 333#3308000000000000
(1700000000.895891) can0 0B0#B058000000000000
(1700000000.901578) can0 110#1038000000000000
(1700000000.901594) can0 2A9#A90D000000000000
(1700000000.906456) can0 0B0#B059000000000000
(1700000000.907212) can0 185#8523000000000000
(1700000000.916396) can0 0B0#B05A000000000000
(1700000000.916928) can0 110#1039000000000000
(1700000000.920929) can0 224#2416000000000000
(1700000000.926000) can0 0B0#B05B000000000000
(1700000000.931136) can0 185#8524000000000000
(1700000000.934035) can0 110#103A000000000000
(1700000000.935641) can0 0B0#B05C000000000000
(1700000000.945394) can0 0B0#B05D000000000000
(1700000000.950555) can0 110#103B000000000000
(1700000000.954557) can0 0B0#B05E000000000000
(1700000000.954765) can0 185#8525000000000000
(1700000000.960242) can0 2A9#A90E000000000000
(1700000000.962885) can0 224#2417000000000000
(1700000000.964201) can0 0B0#B05F000000000000
(1700000000.966986) can0 110#103C000000000000
(1700000000.975184) can0 0B0#B060000000000000
(1700000000.978674) can0 185#8526000000000000
(1700000000.982988) can0 333#3309000000000000
(1700000000.984050) can0 110#103D000000000000
(1700000000.984862) can0 0B0#B061000000000000
(1700000000.994417) can0 0B0#B062000000000000
(1700000000.999480) can0 110#103E000000000000
(1700000000.999948) can0 224#2418000000000000
(1700000001.002857) can0 185#8527000000000000
(1700000001.004227) can0 0B0#B063000000000000
(1700000001.013231) can0 0B0#B064000000000000
(1700000001.013774) can0 110#103F000000000000
(1700000001.022904) can0 0B0#B065000000000000
(1700000001.026351) can0 2A9#A90F000000000000
(1700000001.026837) can0 185#8528000000000000
(1700000001.030345) can0 110#1040000000000000
(1700000001.032243) can0 0B0#B066000000000000
(1700000001.041493) can0 0B0#B067000000000000
(1700000001.041500) can0 224#2419000000000000
(1700000001.046254) can0 110#1041000000000000
(1700000001.050715) can0 0B0#B068000000000000
(1700000001.052317) can0 185#8529000000000000
(1700000001.060170) can0 0B0#B069000000000000
(1700000001.062262) can0 110#1042000000000000
(1700000001.070759) can0 0B0#B06A000000000000
(1700000001.077473) can0 185#852A000000000000
(1700000001.077836) can0 110#1043000000000000
(1700000001.080530) can0 0B0#B06B000000000000
(1700000001.082237) can0 333#330A000000000000
(1700000001.082485) can0 224#241A000000000000
(1700000001.088090) can0 2A9#A910000000000000
(1700000001.090731) can0 0B0#B06C000000000000
(1700000001.092163) can0 110#1044000000000000
(1700000001.099943) can0 0B0#B06D000000000000
(1700000001.103303) can0 185#852B000000000000
(1700000001.108378) can0 110#1045000000000000
(1700000001.109861) can0 0B0#B06E000000000000
(1700000001.120333) can0 224#241B000000000000
(1700000001.120492) can0 0B0#B06F000000000000
(1700000001.123229) can0 110#1046000000000000
(1700000001.128073) can0 185#852C000000000000
(1700000001.131387) can0 0B0#B070000000000000
(1700000001.139010) can0 110#1047000000000000
(1700000001.140552) can0 0B0#B071000000000000
(1700000001.147680) can0 2A9#A911000000000000
(1700000001.149764) can0 0B0#B072000000000000
(1700000001.152809) can0 185#852D000000000000
(1700000001.155950) can0 110#1048000000000000
(1700000001.158852) can0 0B0#B073000000000000
(1700000001.162902) can0 224#241C000000000000
(1700000001.169351) can0 0B0#B074000000000000
(1700000001.172750) can0 110#1049000000000000
(1700000001.178107) can0 185#852E000000000000
(1700000001.179799) can0 0B0#B075000000000000
(1700000001.180262) can0 333#330B000000000000
(1700000001.189578) can0 0B0#B076000000000000
(1700000001.189602) can0 110#104A000000000000
(1700000001.198965) can0 0B0#B077000000000000
(1700000001.200304) can0 224#241D000000000000
(1700000001.200975) can0 185#852F000000000000
(1700000001.206862) can0 110#104B000000000000
(1700000001.209053) can0 0B0#B078000000000000
(1700000001.211024) can0 2A9#A912000000000000
(1700000001.219376) can0 0B0#B079000000000000
(1700000001.221501) can0 110#104C000000000000
(1700000001.227698) can0 185#8530000000000000
(1700000001.229380) can0 0B0#B07A000000000000
(1700000001.237877) can0 110#104D000000000000
(1700000001.240260) can0 0B0#B07B000000000000
(1700000001.242881) can0 224#241E000000000000
(1700000001.251036) can0 0B0#B07C000000000000
(1700000001.253639) can0 185#8531000000000000
(1700000001.253672) can0 110#104E000000000000
(1700000001.261166) can0 0B0#B07D000000000000
(1700000001.269593) can0 110#104F000000000000
(1700000001.270790) can0 2A9#A913000000000000
(1700000001.272055) can0 0B0#B07E000000000000
(1700000001.277762) can0 185#8532000000000000
(1700000001.279370) can0 224#241F000000000000
(1700000001.283027) can0 0B0#B07F000000000000
(1700000001.283843) can0 333#330C000000000000
(1700000001.285959) can0 110#1050000000000000
(1700000001.292034) can0 0B0#B080000000000000
(1700000001.301127) can0 185#8533000000000000
(1700000001.302197) can0 0B0#B081000000000000
(1700000001.302370) can0 110#1051000000000000
(1700000001.312345) can0 0B0#B082000000000000
(1700000001.317222) can0 110#1052000000000000
(1700000001.318037) can0 224#2420000000000000
(1700000001.322393) can0 0B0#B083000000000000
(1700000001.324950) can0 185#8534000000000000
(1700000001.331444) can0 0B0#B084000000000000
(1700000001.333027) can0 110#1053000000000000
(1700000001.336041) can0 2A9#A914000000000000
(1700000001.341262) can0 0B0#B085000000000000
(1700000001.348887) can0 185#8535000000000000
(1700000001.349466) can0 110#1054000000000000
(1700000001.350838) can0 0B0#B086000000000000
(1700000001.354209) can0 224#2421000000000000
(1700000001.361481) can0 0B0#B087000000000000
(1700000001.365172) can0 110#1055000000000000
(1700000001.371281) can0 0B0#B088000000000000
(1700000001.374989) can0 185#8536000000000000
(1700000001.378693) can0 333#330D000000000000
(1700000001.381703) can0 110#1056000000000000
(1700000001.382140) can0 0B0#B089000000000000
(1700000001.391428) can0 224#2422000000000000
(1700000001.392939) can0 0B0#B08A000000000000
(1700000001.394503) can0 2A9#A915000000000000
(1700000001.398593) can0 110#1057000000000000
(1700000001.399639) can0 185#8537000000000000
(1700000001.403741) can0 0B0#B08B000000000000
(1700000001.413037) can0 110#1058000000000000
(1700000001.414086) can0 0B0#B08C000000000000
(1700000001.423179) can0 0B0#B08D000000000000
(1700000001.425893) can0 185#8538000000000000
(1700000001.430234) can0 110#1059000000000000
(1700000001.433121) can0 0B0#B08E000000000000
(1700000001.435191) can0 224#2423000000000000
(1700000001.443030) can0 0B0#B08F000000000000
(1700000001.447646) can0 110#105A000000000000
(1700000001.451043) can0 185#8539000000000000
(1700000001.453632) can0 0B0#B090000000000000
(1700000001.453680) can0 2A9#A916000000000000
(1700000001.463133) can0 0B0#B091000000000000
(1700000001.464138) can0 110#105B000000000000
(1700000001.472429) can0 0B0#B092000000000000
(1700000001.475099) can0 224#2424000000000000
(1700000001.475275) can0 185#853A000000000000
(1700000001.479339) can0 333#330E000000000000
(1700000001.481003) can0 110#105C000000000000
(1700000001.482806) can0 0B0#B093000000000000
(1700000001.492524) can0 0B0#B094000000000000
(1700000001.496919) can0 110#105D000000000000
(1700000001.500551) can0 185#853B000000000000
(1700000001.502982) can0 0B0#B095000000000000
(1700000001.511959) can0 2A9#A917000000000000
(1700000001.512093) can0 0B0#B096000000000000
(1700000001.514234) can0 110#105E000000000000
(1700000001.515635) can0 224#2425000000000000
(1700000001.522880) can0 0B0#B097000000000000
(1700000001.525359) can0 185#853C000000000000
(1700000001.531216) can0 110#105F000000000000
(1700000001.532749) can0 0B0#B098000000000000
(1700000001.543346) can0 0B0#B099000000000000
(1700000001.547659) can0 110#1060000000000000
(1700000001.550558) can0 185#853D000000000000
(1700000001.554300) can0 0B0#B09A000000000000
(1700000001.558550) can0 224#2426000000000000
(1700000001.562135) can0 110#1061000000000000
(1700000001.564042) can0 0B0#B09B000000000000
(1700000001.574990) can0 0B0#B09C000000000000
(1700000001.576892) can0 2A9#A918000000000000
(1700000001.577147) can0 185#853E000000000000
(1700000001.578346) can0 110#1062000000000000
(1700000001.583991) can0 333#330F000000000000
(1700000001.584260) can0 0B0#B09D000000000000
(1700000001.592664) can0 110#1063000000000000
(1700000001.594440) can0 0B0#B09E000000000000
(1700000001.597166) can0 224#2427000000000000
(1700000001.601138) can0 185#853F000000000000
(1700000001.603849) can0 0B0#B09F000000000000
(1700000001.609747) can0 110#1064000000000000
(1700000001.614636) can0 0B0#B0A0000000000000
(1700000001.624150) can0 0B0#B0A1000000000000
(1700000001.625804) can0 185#8540000000000000
(1700000001.627001) can0 110#1065000000000000
(1700000001.633555) can0 0B0#B0A2000000000000
(1700000001.635023) can0 224#2428000000000000
(1700000001.638747) can0 2A9#A919000000000000
(1700000001.643745) can0 0B0#B0A3000000000000
(1700000001.644020) can0 110#1066000000000000
(1700000001.648530) can0 185#8541000000000000
(1700000001.652907) can0 0B0#B0A4000000000000
(1700000001.658582) can0 110#1067000000000000
(1700000001.663738) can0 0B0#B0A5000000000000
(1700000001.671910) can0 185#8542000000000000
(1700000001.673596) can0 0B0#B0A6000000000000
(1700000001.675591) can0 110#1068000000000000
(1700000001.675829) can0 224#2429000000000000
(1700000001.679160) can0 333#3310000000000000
(1700000001.682690) can0 0B0#B0A7000000000000
(1700000001.691914) can0 0B0#B0A8000000000000
(1700000001.691948) can0 110#1069000000000000
(1700000001.695585) can0 185#8543000000000000
(1700000001.702369) can0 0B0#B0A9000000000000
(1700000001.702913) can0 2A9#A91A000000000000
(1700000001.708984) can0 110#106A000000000000
(1700000001.711748) can0 0B0#B0AA000000000000
(1700000001.715468) can0 224#242A000000000000
(1700000001.721776) can0 185#8544000000000000
(1700000001.722564) can0 0B0#B0AB000000000000
(1700000001.723362) can0 110#106B000000000000
(1700000001.732782) can0 0B0#B0AC000000000000
(1700000001.739462) can0 110#106C000000000000
(1700000001.742470) can0 0B0#B0AD000000000000
(1700000001.744910) can0 185#8545000000000000
(1700000001.752830) can0 0B0#B0AE000000000000
(1700000001.755906) can0 110#106D000000000000
(1700000001.758076) can0 224#242B000000000000
(1700000001.762452) can0 2A9#A91B000000000000
(1700000001.763707) can0 0B0#B0AF000000000000
(1700000001.768076) can0 185#8546000000000000
(1700000001.771577) can0 110#106E000000000000
(1700000001.773359) can0 0B0#B0B0000000000000
(1700000001.776544) can0 333#3311000000000000
(1700000001.782910) can0 0B0#B0B1000000000000
(1700000001.788165) can0 110#106F000000000000
(1700000001.790813) can0 185#8547000000000000
(1700000001.793778) can0 0B0#B0B2000000000000
(1700000001.796813) can0 224#242C000000000000
(1700000001.803416) can0 0B0#B0B3000000000000
(1700000001.804925) can0 110#1070000000000000
(1700000001.813688) can0 0B0#B0B4000000000000
(1700000001.813724) can0 185#8548000000000000
(1700000001.821427) can0 110#1071000000000000
(1700000001.824366) can0 0B0#B0B5000000000000
(1700000001.824566) can0 2A9#A91C000000000000
(1700000001.834973) can0 224#242D000000000000
(1700000001.835050) can0 0B0#B0B6000000000000
(1700000001.838440) can0 110#1072000000000000
(1700000001.840740) can0 185#8549000000000000
(1700000001.845692) can0 0B0#B0B7000000000000
(1700000001.853845) can0 110#1073000000000000
(1700000001.856146) can0 0B0#B0B8000000000000
(1700000001.864529) can0 185#854A000000000000
(1700000001.865846) can0 0B0#B0B9000000000000
(1700000001.868842) can0 110#1074000000000000
(1700000001.870691) can0 333#3312000000000000
(1700000001.871776) can0 224#242E000000000000
(1700000001.875132) can0 0B0#B0BA000000000000
(1700000001.884769) can0 0B0#B0BB000000000000
(1700000001.885589) can0 110#1075000000000000
(1700000001.888847) can0 185#854B000000000000
(1700000001.890187) can0 2A9#A91D000000000000
(1700000001.894769) can0 0B0#B0BC000000000000
(1700000001.900855) can0 110#1076000000000000
(1700000001.904467) can0 0B0#B0BD000000000000
(1700000001.912919) can0 224#242F000000000000
(1700000001.913744) can0 0B0#B0BE000000000000
(1700000001.914927) can0 185#854C000000000000
(1700000001.915264) can0 110#1077000000000000
(1700000001.924666) can0 0B0#B0BF000000000000
(1700000001.930923) can0 110#1078000000000000
(1700000001.934471) can0 0B0#B0C0000000000000
(1700000001.937824) can0 185#854D000000000000
(1700000001.945203) can0 0B0#B0C1000000000000
(1700000001.945488) can0 110#1079000000000000
(1700000001.952334) can0 224#2430000000000000
(1700000001.954323) can0 0B0#B0C2000000000000
(1700000001.955177) can0 2A9#A91E000000000000
(1700000001.961008) can0 185#854E000000000000
(1700000001.961937) can0 110#107A000000000000
(1700000001.963756) can0 0B0#B0C3000000000000
(1700000001.972193) can0 333#3313000000000000
(1700000001.974128) can0 0B0#B0C4000000000000
(1700000001.979242) can0 110#107B000000000000
(1700000001.984099) can0 0B0#B0C5000000000000
(1700000001.988044) can0 185#854F000000000000
(1700000001.991183) can0 224#2431000000000000
(1700000001.993902) can0 110#107C000000000000
(1700000001.994864) can0 0B0#B0C6000000000000
(1700000002.004576) can0 0B0#B0C7000000000000
(1700000002.008456) can0 110#107D000000000000
(1700000002.014633) can0 0B0#B0C8000000000000
(1700000002.015561) can0 185#8550000000000000
(1700000002.023710) can0 2A9#A91F000000000000
(1700000002.024959) can0 0B0#B0C9000000000000
(1700000002.025639) can0 110#107E000000000000
(1700000002.028482) can0 224#2432000000000000
(1700000002.034697) can0 0B0#B0CA000000000000
(1700000002.038993) can0 185#8551000000000000
(1700000002.040736) can0 110#107F000000000000
(1700000002.044254) can0 0B0#B0CB000000000000
(1700000002.054245) can0 0B0#B0CC000000000000
(1700000002.057509) can0 110#1080000000000000
(1700000002.065083) can0 0B0#B0CD000000000000
(1700000002.065405) can0 185#8552000000000000
(1700000002.071103) can0 224#2433000000000000
(1700000002.071849) can0 110#1081000000000000
(1700000002.075179) can0 0B0#B0CE000000000000
(1700000002.080598) can0 333#3314000000000000
(1700000002.083345) can0 2A9#A920000000000000
(1700000002.085905) can0 0B0#B0CF000000000000
(1700000002.086953) can0 110#1082000000000000
(1700000002.088857) can0 185#8553000000000000
(1700000002.095033) can0 0B0#B0D0000000000000
(1700000002.103917) can0 110#1083000000000000
(1700000002.104392) can0 0B0#B0D1000000000000
(1700000002.109751) can0 224#2434000000000000
(1700000002.114227) can0 185#8554000000000000
(1700000002.114509) can0 0B0#B0D2000000000000
(1700000002.120931) can0 110#1084000000000000
(1700000002.124452) can0 0B0#B0D3000000000000
(1700000002.133922) can0 0B0#B0D4000000000000
(1700000002.136035) can0 110#1085000000000000
(1700000002.139034) can0 185#8555000000000000
(1700000002.144216) can0 0B0#B0D5000000000000
(1700000002.150808) can0 224#2435000000000000
(1700000002.152652) can0 2A9#A921000000000000
(1700000002.153438) can0 110#1086000000000000
(1700000002.153463) can0 0B0#B0D6000000000000
(1700000002.163799) can0 0B0#B0D7000000000000
(1700000002.165845) can0 185#8556000000000000
(1700000002.170496) can0 110#1087000000000000
(1700000002.174544) can0 0B0#B0D8000000000000
(1700000002.184129) can0 0B0#B0D9000000000000
(1700000002.185461) can0 110#1088000000000000
(1700000002.186685) can0 333#3315000000000000
(1700000002.189587) can0 185#8557000000000000
(1700000002.193596) can0 0B0#B0DA000000000000
(1700000002.193627) can0 224#2436000000000000
(1700000002.200040) can0 110#1089000000000000
(1700000002.203198) can0 0B0#B0DB000000000000
(1700000002.212420) can0 0B0#B0DC000000000000
(1700000002.215451) can0 110#108A000000000000
(1700000002.216369) can0 185#8558000000000000
(1700000002.218476) can0 2A9#A922000000000000
(1700000002.222278) can0 0B0#B0DD000000000000
(1700000002.231686) can0 110#108B000000000000
(1700000002.232190) can0 0B0#B0DE000000000000
(1700000002.233226) can0 224#2437000000000000
(1700000002.243073) can0 0B0#B0DF000000000000
(1700000002.243610) can0 185#8559000000000000
(1700000002.247472) can0 110#108C000000000000
(1700000002.252732) can0 0B0#B0E0000000000000
(1700000002.262172) can0 0B0#B0E1000000000000
(1700000002.264593) can0 110#108D000000000000
(1700000002.267678) can0 185#855A000000000000
(1700000002.272087) can0 0B0#B0E2000000000000
(1700000002.273742) can0 224#2438000000000000
(1700000002.278936) can0 333#3316000000000000
(1700000002.280580) can0 110#108E000000000000
(1700000002.281475) can0 0B0#B0E3000000000000
(1700000002.281862) can0 2A9#A923000000000000
(1700000002.290848) can0 0B0#B0E4000000000000
(1700000002.291570) can0 185#855B000000000000
(1700000002.296622) can0 110#108F000000000000
(1700000002.300542) can0 0B0#B0E5000000000000
(1700000002.310199) can0 0B0#B0E6000000000000
(1700000002.312265) can0 110#1090000000000000
(1700000002.313708) can0 224#2439000000000000
(1700000002.314252) can0 185#855C000000000000
(1700000002.319855) can0 0B0#B0E7000000000000
(1700000002.328241) can0 110#1091000000000000
(1700000002.330672) can0 0B0#B0E8000000000000
(1700000002.338832) can0 185#855D000000000000
(1700000002.339686) can0 0B0#B0E9000000000000
(1700000002.343217) can0 110#1092000000000000
(1700000002.349199) can0 0B0#B0EA000000000000
(1700000002.350778) can0 2A9#A924000000000000
(1700000002.354908) can0 224#243A000000000000
(1700000002.358410) can0 0B0#B0EB000000000000
(1700000002.360124) can0 110#1093000000000000
(1700000002.364736) can0 185#855E000000000000
(1700000002.368497) can0 0B0#B0EC000000000000
(1700000002.375646) can0 110#1094000000000000
(1700000002.378173) can0 0B0#B0ED000000000000
(1700000002.384071) can0 333#3317000000000000
(1700000002.388094) can0 0B0#B0EE000000000000
(1700000002.389409) can0 185#855F000000000000
(1700000002.390048) can0 110#1095000000000000
(1700000002.394512) can0 224#243B000000000000
(1700000002.399085) can0 0B0#B0EF000000000000
(1700000002.406647) can0 110#1096000000000000
(1700000002.408978) can0 0B0#B0F0000000000000
(1700000002.415550) can0 185#8560000000000000
(1700000002.418975) can0 0B0#B0F1000000000000
(1700000002.419123) can0 2A9#A925000000000000
(1700000002.423383) can0 110#1097000000000000
(1700000002.429141) can0 0B0#B0F2000000000000
(1700000002.433802) can0 224#243C000000000000
(1700000002.438796) can0 110#1098000000000000
(1700000002.439537) can0 0B0#B0F3000000000000
(1700000002.440176) can0 185#8561000000000000
(1700000002.450534) can0 0B0#B0F4000000000000
(1700000002.454990) can0 110#1099000000000000
(1700000002.461261) can0 0B0#B0F5000000000000
(1700000002.467394) can0 185#8562000000000000
(1700000002.470480) can0 0B0#B0F6000000000000
(1700000002.470671) can0 224#243D000000000000
(1700000002.472009) can0 110#109A000000000000
(1700000002.481271) can0 0B0#B0F7000000000000
(1700000002.482825) can0 2A9#A926000000000000
(1700000002.489365) can0 110#109B000000000000
(1700000002.490072) can0 185#8563000000000000
(1700000002.490492) can0 0B0#B0F8000000000000
(1700000002.491615) can0 333#3318000000000000
(1700000002.500525) can0 0B0#B0F9000000000000
(1700000002.504457) can0 110#109C000000000000
(1700000002.510378) can0 0B0#B0FA000000000000
(1700000002.510476) can0 224#243E000000000000
(1700000002.515953) can0 185#8564000000000000
(1700000002.520178) can0 0B0#B0FB000000000000
(1700000002.521040) can0 110#109D000000000000
(1700000002.530153) can0 0B0#B0FC000000000000
(1700000002.535311) can0 110#109E000000000000
(1700000002.539833) can0 0B0#B0FD000000000000
(1700000002.540286) can0 185#8565000000000000
(1700000002.550037) can0 110#109F000000000000
(1700000002.550443) can0 0B0#B0FE000000000000
(1700000002.550601) can0 224#243F000000000000
(1700000002.550921) can0 2A9#A927000000000000
(1700000002.560553) can0 0B0#B0FF000000000000
(1700000002.564257) can0 185#8566000000000000
(1700000002.564915) can0 110#10A0000000000000
(1700000002.570395) can0 0B0#B000010000000000
(1700000002.579552) can0 0B0#B001010000000000
(1700000002.581507) can0 110#10A1000000000000
(1700000002.588996) can0 185#8567000000000000
(1700000002.590072) can0 0B0#B002010000000000
(1700000002.592055) can0 333#3319000000000000
(1700000002.594228) can0 224#2440000000000000
(1700000002.597115) can0 110#10A2000000000000
(1700000002.600013) can0 0B0#B003010000000000
(1700000002.609275) can0 2A9#A928000000000000
(1700000002.609415) can0 0B0#B004010000000000
(1700000002.613135) can0 185#8568000000000000
(1700000002.613194) can0 110#10A3000000000000
(1700000002.620383) can0 0B0#B005010000000000
(1700000002.629647) can0 0B0#B006010000000000
(1700000002.629974) can0 110#10A4000000000000
(1700000002.634986) can0 224#2441000000000000
(1700000002.638803) can0 0B0#B007010000000000
(1700000002.640071) can0 185#8569000000000000
(1700000002.647393) can0 110#10A5000000000000
(1700000002.647915) can0 0B0#B008010000000000
(1700000002.657009) can0 0B0#B009010000000000
(1700000002.664679) can0 110#10A6000000000000
(1700000002.664725) can0 185#856A000000000000
(1700000002.666394) can0 0B0#B00A010000000000
(1700000002.671658) can0 224#2442000000000000
(1700000002.677085) can0 0B0#B00B010000000000
(1700000002.677416) can0 2A9#A929000000000000
(1700000002.679902) can0 110#10A7000000000000
(1700000002.686403) can0 0B0#B00C010000000000
(1700000002.688046) can0 185#856B000000000000
(1700000002.690109) can0 333#331A000000000000
(1700000002.695967) can0 0B0#B00D010000000000
(1700000002.697252) can0 110#10A8000000000000
(1700000002.705558) can0 0B0#B00E010000000000
(1700000002.711102) can0 224#2443000000000000
(1700000002.711288) can0 185#856C000000000000
(1700000002.714539) can0 110#10A9000000000000
(1700000002.715075) can0 0B0#B00F010000000000
(1700000002.725503) can0 0B0#B010010000000000
(1700000002.729545) can0 110#10AA000000000000
(1700000002.734477) can0 185#856D000000000000
(1700000002.735353) can0 0B0#B011010000000000
(1700000002.744674) can0 110#10AB000000000000
(1700000002.745687) can0 0B0#B012010000000000
(1700000002.746560) can0 2A9#A92A000000000000
(1700000002.751737) can0 224#2444000000000000
(1700000002.754699) can0 0B0#B013010000000000
(1700000002.761088) can0 185#856E000000000000
(1700000002.761536) can0 110#10AC000000000000
(1700000002.764706) can0 0B0#B014010000000000
(1700000002.773956) can0 0B0#B015010000000000
(1700000002.778585) can0 110#10AD000000000000
(1700000002.783953) can0 0B0#B016010000000000
(1700000002.787703) can0 185#856F000000000000
(1700000002.789714) can0 333#331B000000000000
(1700000002.791249) can0 224#2445000000000000
(1700000002.793223) can0 0B0#B017010000000000
(1700000002.793461) can0 110#10AE000000000000
(1700000002.802882) can0 0B0#B018010000000000
(1700000002.806814) can0 2A9#A92B000000000000
(1700000002.808292) can0 110#10AF000000000000
(1700000002.811927) can0 0B0#B019010000000000
(1700000002.813906) can0 185#8570000000000000
(1700000002.821791) can0 0B0#B01A010000000000
(1700000002.824306) can0 110#10B0000000000000
(1700000002.831021) can0 224#2446000000000000
(1700000002.831418) can0 0B0#B01B010000000000
(1700000002.836544) can0 185#8571000000000000
(1700000002.840538) can0 110#10B1000000000000
(1700000002.841005) can0 0B0#B01C010000000000
(1700000002.851143) can0 0B0#B01D010000000000
(1700000002.856647) can0 110#10B2000000000000
(1700000002.861006) can0 185#8572000000000000
(1700000002.862091) can0 0B0#B01E010000000000
(1700000002.866955) can0 224#2447000000000000
(1700000002.870831) can0 2A9#A92C000000000000
(1700000002.871725) can0 110#10B3000000000000
(1700000002.872129) can0 0B0#B01F010000000000
(1700000002.881140) can0 0B0#B020010000000000
(1700000002.884780) can0 185#8573000000000000
(1700000002.886525) can0 110#10B4000000000000
(1700000002.887624) can0 333#331C000000000000
(1700000002.890484) can0 0B0#B021010000000000
(1700000002.901174) can0 0B0#B022010000000000
(1700000002.901590) can0 110#10B5000000000000
(1700000002.903535) can0 224#2448000000000000
(1700000002.910452) can0 185#8574000000000000
(1700000002.911779) can0 0B0#B023010000000000
(1700000002.917881) can0 110#10B6000000000000
(1700000002.920829) can0 0B0#B024010000000000
(1700000002.927926) can0 2A9#A92D000000000000
(1700000002.930935) can0 0B0#B025010000000000
(1700000002.934894) can0 110#10B7000000000000
(1700000002.935773) can0 185#8575000000000000
(1700000002.940250) can0 224#2449000000000000
(1700000002.940788) can0 0B0#B026010000000000
(1700000002.949955) can0 0B0#B027010000000000
(1700000002.951271) can0 110#10B8000000000000
(1700000002.959086) can0 0B0#B028010000000000
(1700000002.963183) can0 185#8576000000000000
(1700000002.968251) can0 110#10B9000000000000
(1700000002.969960) can0 0B0#B029010000000000
(1700000002.979815) can0 0B0#B02A010000000000
(1700000002.983058) can0 224#244A000000000000
(1700000002.985460) can0 110#10BA000000000000
(1700000002.987138) can0 185#8577000000000000
(1700000002.990376) can0 2A9#A92E000000000000
(1700000002.990607) can0 0B0#B02B010000000000
(1700000002.991649) can0 333#331D000000000000
(1700000003.000142) can0 110#10BB000000000000
(1700000003.001393) can0 0B0#B02C010000000000
(1700000003.012353) can0 0B0#B02D010000000000
(1700000003.013433) can0 185#8578000000000000
(1700000003.017064) can0 110#10BC000000000000
(1700000003.021480) can0 0B0#B02E010000000000
(1700000003.021735) can0 224#244B000000000000
(1700000003.030846) can0 0B0#B02F010000000000
(1700000003.032839) can0 110#10BD000000000000
(1700000003.040049) can0 0B0#B030010000000000
(1700000003.040972) can0 185#8579000000000000
(1700000003.047840) can0 110#10BE000000000000
(1700000003.049490) can0 0B0#B031010000000000
(1700000003.056275) can0 2A9#A92F000000000000
(1700000003.058440) can0 224#244C000000000000
(1700000003.058502) can0 0B0#B032010000000000
(1700000003.063374) can0 110#10BF000000000000
(1700000003.065757) can0 185#857A000000000000
(1700000003.069140) can0 0B0#B033010000000000
(1700000003.078147) can0 110#10C0000000000000
(1700000003.078362) can0 0B0#B034010000000000
(1700000003.089128) can0 0B0#B035010000000000
(1700000003.089806) can0 185#857B000000000000
(1700000003.093973) can0 110#10C1000000000000
(1700000003.094898) can0 224#244D000000000000
(1700000003.095642) can0 333#331E000000000000
(1700000003.099247) can0 0B0#B036010000000000
(1700000003.108429) can0 110#10C2000000000000
(1700000003.108525) can0 0B0#B037010000000000
(1700000003.116733) can0 185#857C000000000000
(1700000003.117747) can0 2A9#A930000000000000
(1700000003.118625) can0 0B0#B038010000000000
(1700000003.124342) can0 110#10C3000000000000
(1700000003.128129) can0 0B0#B039010000000000
(1700000003.135359) can0 224#244E000000000000
(1700000003.138781) can0 0B0#B03A010000000000
(1700000003.141373) can0 110#10C4000000000000
(1700000003.143911) can0 185#857D000000000000
(1700000003.148866) can0 0B0#B03B010000000000
(1700000003.156979) can0 110#10C5000000000000
(1700000003.157879) can0 0B0#B03C010000000000
(1700000003.167428) can0 185#857E000000000000
(1700000003.167603) can0 0B0#B03D010000000000
(1700000003.173783) can0 110#10C6000000000000
(1700000003.174239) can0 224#244F000000000000
(1700000003.178542) can0 0B0#B03E010000000000
(1700000003.179084) can0 2A9#A931000000000000
(1700000003.188748) can0 110#10C7000000000000
(1700000003.189450) can0 0B0#B03F010000000000
(1700000003.190892) can0 185#857F000000000000
(1700000003.191468) can0 333#331F000000000000
(1700000003.198969) can0 0B0#B040010000000000
(1700000003.203066) can0 110#10C8000000000000
(1700000003.208560) can0 0B0#B041010000000000
(1700000003.211423) can0 224#2450000000000000
(1700000003.218474) can0 110#10C9000000000000
(1700000003.218532) can0 0B0#B042010000000000
(1700000003.223125) can0 185#8580000000000000
(1700000003.228771) can0 0B0#B043010000000000
(1700000003.233405) can0 110#10CA000000000000
(1700000003.235046) can0 185#8581000000000000
(1700000003.239767) can0 0B0#B044010000000000
(1700000003.247370) can0 185#8582000000000000
(1700000003.247958) can0 2A9#A932000000000000
(1700000003.248614) can0 110#10CB000000000000
(1700000003.249172) can0 0B0#B045010000000000
(1700000003.250369) can0 224#2451000000000000
(1700000003.259049) can0 185#8583000000000000
(1700000003.260073) can0 0B0#B046010000000000
(1700000003.264448) can0 110#10CC000000000000
(1700000003.269127) can0 0B0#B047010000000000
(1700000003.270853) can0 185#8584000000000000
(1700000003.279091) can0 0B0#B048010000000000
(1700000003.280797) can0 110#10CD000000000000
(1700000003.282121) can0 333#3320000000000000
(1700000003.284225) can0 185#8585000000000000
(1700000003.288574) can0 224#2452000000000000
(1700000003.289025) can0 0B0#B049010000000000
(1700000003.297381) can0 185#8586000000000000
(1700000003.297691) can0 110#10CE000000000000
(1700000003.299068) can0 0B0#B04A010000000000
(1700000003.309332) can0 0B0#B04B010000000000
(1700000003.310741) can0 2A9#A933000000000000
(1700000003.310776) can0 185#8587000000000000
(1700000003.314637) can0 110#10CF000000000000
(1700000003.318976) can0 0B0#B04C010000000000
(1700000003.322245) can0 185#8588000000000000
(1700000003.327631) can0 224#2453000000000000
(1700000003.328139) can0 0B0#B04D010000000000
(1700000003.329444) can0 110#10D0000000000000
(1700000003.335117) can0 185#8589000000000000
(1700000003.338702) can0 0B0#B04E010000000000
(1700000003.344130) can0 110#10D1000000000000
(1700000003.346963) can0 185#858A000000000000
(1700000003.349415) can0 0B0#B04F010000000000
(1700000003.358287) can0 185#858B000000000000
(1700000003.358854) can0 110#10D2000000000000
(1700000003.359668) can0 0B0#B050010000000000
(1700000003.366384) can0 224#2454000000000000
(1700000003.370009) can0 0B0#B051010000000000
(1700000003.371381) can0 185#858C000000000000
(1700000003.374553) can0 110#10D3000000000000
(1700000003.378424) can0 2A9#A934000000000000
(1700000003.380220) can0 0B0#B052010000000000
(1700000003.383555) can0 185#858D000000000000
(1700000003.383609) can0 333#3321000000000000
(1700000003.389797) can0 0B0#B053010000000000
(1700000003.391897) can0 110#10D4000000000000
(1700000003.395682) can0 185#858E000000000000
(1700000003.399230) can0 0B0#B054010000000000
(1700000003.404322) can0 224#2455000000000000
(1700000003.408033) can0 185#858F000000000000
(1700000003.408321) can0 110#10D5000000000000
(1700000003.409002) can0 0B0#B055010000000000
(1700000003.418086) can0 0B0#B056010000000000
(1700000003.421597) can0 185#8590000000000000
(1700000003.423638) can0 110#10D6000000000000
(1700000003.427821) can0 0B0#B057010000000000
(1700000003.433496) can0 185#8591000000000000
(1700000003.438310) can0 110#10D7000000000000
(1700000003.438533) can0 0B0#B058010000000000
(1700000003.441057) can0 224#2456000000000000
(1700000003.443336) can0 2A9#A935000000000000
(1700000003.446501) can0 185#8592000000000000
(1700000003.447927) can0 0B0#B059010000000000
(1700000003.452597) can0 110#10D8000000000000
(1700000003.458407) can0 0B0#B05A010000000000
(1700000003.458925) can0 185#8593000000000000
(1700000003.467723) can0 0B0#B05B010000000000
(1700000003.469575) can0 110#10D9000000000000
(1700000003.470894) can0 185#8594000000000000
(1700000003.476997) can0 0B0#B05C010000000000
(1700000003.477383) can0 224#2457000000000000
(1700000003.479843) can0 333#3322000000000000
(1700000003.482446) can0 185#8595000000000000
(1700000003.485642) can0 110#10DA000000000000
(1700000003.487893) can0 0B0#B05D010000000000
(1700000003.493936) can0 185#8596000000000000
(1700000003.498313) can0 0B0#B05E010000000000
(1700000003.500746) can0 110#10DB000000000000
(1700000003.504070) can0 2A9#A936000000000000
(1700000003.506952) can0 185#8597000000000000
(1700000003.508731) can0 0B0#B05F010000000000
(1700000003.516106) can0 224#2458000000000000
(1700000003.516401) can0 110#10DC000000000000
(1700000003.517887) can0 0B0#B060010000000000
(1700000003.520274) can0 185#8598000000000000
(1700000003.527415) can0 0B0#B061010000000000
(1700000003.533151) can0 110#10DD000000000000
(1700000003.533986) can0 185#8599000000000000
(1700000003.537269) can0 0B0#B062010000000000
(1700000003.545466) can0 185#859A000000000000
(1700000003.547519) can0 0B0#B063010000000000
(1700000003.549551) can0 110#10DE000000000000
(1700000003.552666) can0 224#2459000000000000
(1700000003.557375) can0 0B0#B064010000000000
(1700000003.557857) can0 185#859B000000000000
(1700000003.563973) can0 2A9#A937000000000000
(1700000003.566570) can0 110#10DF000000000000
(1700000003.566974) can0 0B0#B065010000000000
(1700000003.570247) can0 185#859C000000000000
(1700000003.575917) can0 333#3323000000000000
(1700000003.577928) can0 0B0#B066010000000000
(1700000003.581728) can0 110#10E0000000000000
(1700000003.582575) can0 185#859D000000000000
(1700000003.588383) can0 0B0#B067010000000000
(1700000003.589807) can0 224#245A000000000000
(1700000003.593966) can0 185#859E000000000000
(1700000003.596482) can0 110#10E1000000000000
(1700000003.599074) can0 0B0#B068010000000000
(1700000003.607081) can0 185#859F000000000000
(1700000003.609426) can0 0B0#B069010000000000
(1700000003.612423) can0 110#10E2000000000000
(1700000003.619118) can0 185#85A0000000000000
(1700000003.619575) can0 0B0#B06A010000000000
(1700000003.623602) can0 2A9#A938000000000000
(1700000003.628456) can0 224#245B000000000000
(1700000003.628834) can0 0B0#B06B010000000000
(1700000003.629234) can0 110#10E3000000000000
(1700000003.630966) can0 185#85A1000000000000
(1700000003.638072) can0 0B0#B06C010000000000
(1700000003.644238) can0 110#10E4000000000000
(1700000003.644587) can0 185#85A2000000000000
(1700000003.647302) can0 0B0#B06D010000000000
(1700000003.656214) can0 185#85A3000000000000
(1700000003.658002) can0 0B0#B06E010000000000
(1700000003.658919) can0 110#10E5000000000000
(1700000003.667630) can0 224#245C000000000000
(1700000003.668633) can0 0B0#B06F010000000000
(1700000003.668823) can0 185#85A4000000000000
(1700000003.675353) can0 110#10E6000000000000
(1700000003.677732) can0 0B0#B070010000000000
(1700000003.680747) can0 185#85A5000000000000
(1700000003.684442) can0 333#3324000000000000
(1700000003.687526) can0 0B0#B071010000000000
(1700000003.692585) can0 2A9#A939000000000000
(1700000003.692733) can0 110#10E7000000000000
(1700000003.693282) can0 185#85A6000000000000
(1700000003.696631) can0 0B0#B072010000000000
(1700000003.705914) can0 185#85A7000000000000
(1700000003.707012) can0 224#245D000000000000
(1700000003.707319) can0 0B0#B073010000000000
(1700000003.708587) can0 110#10E8000000000000
(1700000003.717220) can0 0B0#B074010000000000
(1700000003.717679) can0 185#85A8000000000000
(1700000003.724140) can0 110#10E9000000000000
(1700000003.726545) can0 0B0#B075010000000000
(1700000003.729484) can0 185#85A9000000000000
(1700000003.736240) can0 0B0#B076010000000000
(1700000003.738734) can0 110#10EA000000000000
(1700000003.741064) can0 185#85AA000000000000
(1700000003.745702) can0 0B0#B077010000000000
(1700000003.748614) can0 224#245E000000000000
(1700000003.753073) can0 185#85AB000000000000
(1700000003.753943) can0 2A9#A93A000000000000
(1700000003.753951) can0 110#10EB000000000000
(1700000003.755520) can0 0B0#B078010000000000
(1700000003.765635) can0 185#85AC000000000000
(1700000003.765652) can0 0B0#B079010000000000
(1700000003.769687) can0 110#10EC000000000000
(1700000003.775475) can0 0B0#B07A010000000000
(1700000003.778600) can0 185#85AD000000000000
(1700000003.785160) can0 110#10ED000000000000
(1700000003.785494) can0 0B0#B07B010000000000
(1700000003.790520) can0 185#85AE000000000000
(1700000003.790940) can0 224#245F000000000000
(1700000003.792838) can0 333#3325000000000000
(1700000003.795575) can0 0B0#B07C010000000000
(1700000003.800301) can0 110#10EE000000000000
(1700000003.801917) can0 185#85AF000000000000
(1700000003.804788) can0 0B0#B07D010000000000
(1700000003.814827) can0 0B0#B07E010000000000
(1700000003.814840) can0 185#85B0000000000000
(1700000003.815069) can0 110#10EF000000000000
(1700000003.815528) can0 2A9#A93B000000000000
(1700000003.824307) can0 0B0#B07F010000000000
(1700000003.828096) can0 185#85B1000000000000
(1700000003.830691) can0 110#10F0000000000000
(1700000003.832203) can0 224#2460000000000000
(1700000003.834495) can0 0B0#B080010000000000
(1700000003.840416) can0 185#85B2000000000000
(1700000003.843697) can0 0B0#B081010000000000
(1700000003.846803) can0 110#10F1000000000000
(1700000003.853127) can0 185#85B3000000000000
(1700000003.853344) can0 0B0#B082010000000000
(1700000003.862844) can0 110#10F2000000000000
(1700000003.863583) can0 0B0#B083010000000000
(1700000003.866771) can0 185#85B4000000000000
(1700000003.871999) can0 224#2461000000000000
(1700000003.873651) can0 0B0#B084010000000000
(1700000003.878306) can0 110#10F3000000000000
(1700000003.879816) can0 185#85B5000000000000
(1700000003.882869) can0 0B0#B085010000000000
(1700000003.884309) can0 2A9#A93C000000000000
(1700000003.885446) can0 333#3326000000000000
(1700000003.893030) can0 185#85B6000000000000
(1700000003.893336) can0 0B0#B086010000000000
(1700000003.893953) can0 110#10F4000000000000
(1700000003.903517) can0 0B0#B087010000000000
(1700000003.906706) can0 185#85B7000000000000
(1700000003.908287) can0 224#2462000000000000
(1700000003.910964) can0 110#10F5000000000000
(1700000003.913785) can0 0B0#B088010000000000
(1700000003.920345) can0 185#85B8000000000000
(1700000003.923639) can0 0B0#B089010000000000
(1700000003.927334) can0 110#10F6000000000000
(1700000003.931770) can0 185#85B9000000000000
(1700000003.934505) can0 0B0#B08A010000000000
(1700000003.942514) can0 110#10F7000000000000
(1700000003.943562) can0 0B0#B08B010000000000
(1700000003.944605) can0 185#85BA000000000000
(1700000003.947266) can0 224#2463000000000000
(1700000003.951595) can0 2A9#A93D000000000000
(1700000003.953102) can0 0B0#B08C010000000000
(1700000003.958333) can0 185#85BB000000000000
(1700000003.958937) can0 110#10F8000000000000
(1700000003.963363) can0 0B0#B08D010000000000
(1700000003.970690) can0 185#85BC000000000000
(1700000003.972659) can0 0B0#B08E010000000000
(1700000003.973519) can0 110#10F9000000000000
(1700000003.981797) can0 0B0#B08F010000000000
(1700000003.984029) can0 333#3327000000000000
(1700000003.984331) can0 185#85BD000000000000
(1700000003.988917) can0 110#10FA000000000000
(1700000003.989196) can0 224#2464000000000000
(1700000003.992019) can0 0B0#B090010000000000
(1700000003.997858) can0 185#85BE000000000000
(1700000004.001798) can0 0B0#B091010000000000
(1700000004.005777) can0 110#10FB000000000000
(1700000004.011198) can0 0B0#B092010000000000
(1700000004.011510) can0 185#85BF000000000000
(1700000004.012304) can0 2A9#A93E000000000000
(1700000004.020602) can0 110#10FC000000000000
(1700000004.020971) can0 0B0#B093010000000000
(1700000004.024121) can0 185#85C0000000000000
(1700000004.026109) can0 224#2465000000000000
(1700000004.031025) can0 0B0#B094010000000000
(1700000004.036265) can0 110#10FD000000000000
(1700000004.037867) can0 185#85C1000000000000
(1700000004.040224) can0 0B0#B095010000000000
(1700000004.050373) can0 0B0#B096010000000000
(1700000004.050585) can0 110#10FE000000000000
(1700000004.050652) can0 185#85C2000000000000
(1700000004.060386) can0 0B0#B097010000000000
(1700000004.062255) can0 185#85C3000000000000
(1700000004.064196) can0 224#2466000000000000
(1700000004.067518) can0 110#10FF000000000000
(1700000004.069540) can0 0B0#B098010000000000
(1700000004.072369) can0 2A9#A93F000000000000
(1700000004.073783) can0 185#85C4000000000000
(1700000004.078930) can0 0B0#B099010000000000
(1700000004.082168) can0 110#1000010000000000
(1700000004.085890) can0 185#85C5000000000000
(1700000004.088670) can0 0B0#B09A010000000000
(1700000004.088987) can0 333#3328000000000000
(1700000004.096755) can0 110#1001010000000000
(1700000004.098784) can0 185#85C6000000000000
(1700000004.099580) can0 0B0#B09B010000000000
(1700000004.106201) can0 224#2467000000000000
(1700000004.110159) can0 185#85C7000000000000
(1700000004.110193) can0 0B0#B09C010000000000
(1700000004.112373) can0 110#1002010000000000
(1700000004.120150) can0 0B0#B09D010000000000
(1700000004.122412) can0 185#85C8000000000000
(1700000004.129351) can0 0B0#B09E010000000000
(1700000004.129738) can0 110#1003010000000000
(1700000004.133717) can0 185#85C9000000000000
(1700000004.140289) can0 0B0#B09F010000000000
(1700000004.141390) can0 2A9#A940000000000000
(1700000004.144220) can0 110#1004010000000000
(1700000004.147106) can0 185#85CA000000000000
(1700000004.149076) can0 224#2468000000000000
(1700000004.150705) can0 0B0#B0A0010000000000
(1700000004.158988) can0 185#85CB000000000000
(1700000004.160905) can0 110#1005010000000000
(1700000004.161443) can0 0B0#B0A1010000000000
(1700000004.170684) can0 0B0#B0A2010000000000
(1700000004.171017) can0 185#85CC000000000000
(1700000004.178114) can0 110#1006010000000000
(1700000004.179872) can0 0B0#B0A3010000000000
(1700000004.183375) can0 185#85CD000000000000
(1700000004.184664) can0 333#3329000000000000
(1700000004.189944) can0 0B0#B0A4010000000000
(1700000004.191017) can0 224#2469000000000000
(1700000004.195192) can0 110#1007010000000000
(1700000004.196161) can0 185#85CE000000000000
(1700000004.200867) can0 0B0#B0A5010000000000
(1700000004.207474) can0 185#85CF000000000000
(1700000004.207681) can0 2A9#A941000000000000
(1700000004.210897) can0 0B0#B0A6010000000000
(1700000004.212482) can0 110#1008010000000000
(1700000004.219506) can0 185#85D0000000000000
(1700000004.220396) can0 0B0#B0A7010000000000
(1700000004.227901) can0 110#1009010000000000
(1700000004.230591) can0 224#246A000000000000
(1700000004.231100) can0 0B0#B0A8010000000000
(1700000004.232785) can0 185#85D1000000000000
(1700000004.241809) can0 0B0#B0A9010000000000
(1700000004.242672) can0 110#100A010000000000
(1700000004.244386) can0 185#85D2000000000000
(1700000004.251729) can0 0B0#B0AA010000000000
(1700000004.257213) can0 185#85D3000000000000
(1700000004.260054) can0 110#100B010000000000
(1700000004.260921) can0 0B0#B0AB010000000000
(1700000004.268597) can0 224#246B000000000000
(1700000004.269949) can0 0B0#B0AC010000000000
(1700000004.270369) can0 185#85D4000000000000
(1700000004.272582) can0 2A9#A942000000000000
(1700000004.275980) can0 110#100C010000000000
(1700000004.279813) can0 0B0#B0AD010000000000
(1700000004.283324) can0 185#85D5000000000000
(1700000004.287322) can0 333#332A000000000000
(1700000004.289249) can0 0B0#B0AE010000000000
(1700000004.290500) can0 110#100D010000000000
(1700000004.295278) can0 185#85D6000000000000
(1700000004.298633) can0 0B0#B0AF010000000000
(1700000004.304768) can0 110#100E010000000000
(1700000004.308565) can0 185#85D7000000000000
(1700000004.309486) can0 0B0#B0B0010000000000
(1700000004.310441) can0 224#246C000000000000
(1700000004.319595) can0 110#100F010000000000
(1700000004.320263) can0 0B0#B0B1010000000000
(1700000004.322332) can0 185#85D8000000000000
(1700000004.330072) can0 0B0#B0B2010000000000
(1700000004.335546) can0 185#85D9000000000000
(1700000004.336187) can0 110#1010010000000000
(1700000004.338012) can0 2A9#A943000000000000
(1700000004.339755) can0 0B0#B0B3010000000000
(1700000004.348941) can0 0B0#B0B4010000000000
(1700000004.349229) can0 185#85DA000000000000
(1700000004.351259) can0 224#246D000000000000
(1700000004.353335) can0 110#1011010000000000
(1700000004.357978) can0 0B0#B0B5010000000000
(1700000004.362716) can0 185#85DB000000000000
(1700000004.368015) can0 0B0#B0B6010000000000
(1700000004.368746) can0 110#1012010000000000
(1700000004.376224) can0 185#85DC000000000000
(1700000004.378298) can0 0B0#B0B7010000000000
(1700000004.384562) can0 110#1013010000000000
(1700000004.388238) can0 185#85DD000000000000
(1700000004.388996) can0 0B0#B0B8010000000000
(1700000004.391874) can0 224#246E000000000000
(1700000004.391901) can0 333#332B000000000000
(1700000004.399811) can0 0B0#B0B9010000000000
(1700000004.399857) can0 110#1014010000000000
(1700000004.400593) can0 185#85DE000000000000
(1700000004.406466) can0 2A9#A944000000000000
(1700000004.410732) can0 0B0#B0BA010000000000
(1700000004.412185) can0 185#85DF000000000000
(1700000004.414480) can0 110#1015010000000000
(1700000004.419742) can0 0B0#B0BB010000000000
(1700000004.425122) can0 185#85E0000000000000
(1700000004.428858) can0 0B0#B0BC010000000000
(1700000004.430079) can0 110#1016010000000000
(1700000004.434160) can0 224#246F000000000000
(1700000004.437657) can0 185#85E1000000000000
(1700000004.439734) can0 0B0#B0BD010000000000
(1700000004.444499) can0 110#1017010000000000
(1700000004.449574) can0 185#85E2000000000000
(1700000004.450094) can0 0B0#B0BE010000000000
(1700000004.459159) can0 0B0#B0BF010000000000
(1700000004.461359) can0 110#1018010000000000
(1700000004.461960) can0 185#85E3000000000000
(1700000004.469279) can0 0B0#B0C0010000000000
(1700000004.473784) can0 185#85E4000000000000
(1700000004.473853) can0 2A9#A945000000000000
(1700000004.475123) can0 224#2470000000000000
(1700000004.478130) can0 110#1019010000000000
(1700000004.479901) can0 0B0#B0C1010000000000
(1700000004.486459) can0 185#85E5000000000000
(1700000004.488909) can0 0B0#B0C2010000000000
(1700000004.494451) can0 110#101A010000000000
(1700000004.495615) can0 333#332C000000000000
(1700000004.498399) can0 185#85E6000000000000
(1700000004.498481) can0 0B0#B0C3010000000000
(1700000004.507986) can0 0B0#B0C4010000000000
(1700000004.509717) can0 110#101B010000000000
(1700000004.511796) can0 185#85E7000000000000
(1700000004.514694) can0 224#2471000000000000
(1700000004.517288) can0 0B0#B0C5010000000000
(1700000004.525594) can0 185#85E8000000000000
(1700000004.525938) can0 110#101C010000000000
(1700000004.527020) can0 0B0#B0C6010000000000
(1700000004.534978) can0 2A9#A946000000000000
(1700000004.537023) can0 185#85E9000000000000
(1700000004.537323) can0 0B0#B0C7010000000000
(1700000004.542221) can0 110#101D010000000000
(1700000004.547401) can0 0B0#B0C8010000000000
(1700000004.548933) can0 185#85EA000000000000
(1700000004.557031) can0 0B0#B0C9010000000000
(1700000004.557525) can0 224#2472000000000000
(1700000004.559012) can0 110#101E010000000000
(1700000004.561373) can0 185#85EB000000000000
(1700000004.566088) can0 0B0#B0CA010000000000
(1700000004.574460) can0 185#85EC000000000000
(1700000004.574791) can0 110#101F010000000000
(1700000004.576432) can0 0B0#B0CB010000000000
(1700000004.585616) can0 0B0#B0CC010000000000
(1700000004.588050) can0 185#85ED000000000000
(1700000004.589914) can0 110#1020010000000000
(1700000004.595807) can0 0B0#B0CD010000000000
(1700000004.596948) can0 333#332D000000000000
(1700000004.597221) can0 224#2473000000000000
(1700000004.598718) can0 2A9#A947000000000000
(1700000004.599555) can0 185#85EE000000000000
(1700000004.604566) can0 110#1021010000000000
(1700000004.604940) can0 0B0#B0CE010000000000
(1700000004.612431) can0 185#85EF000000000000
(1700000004.614055) can0 0B0#B0CF010000000000
(1700000004.619474) can0 110#1022010000000000
(1700000004.623451) can0 0B0#B0D0010000000000
(1700000004.625255) can0 185#85F0000000000000
(1700000004.632609) can0 0B0#B0D1010000000000
(1700000004.633833) can0 110#1023010000000000
(1700000004.637446) can0 185#85F1000000000000
(1700000004.640840) can0 224#2474000000000000
(1700000004.642310) can0 0B0#B0D2010000000000
(1700000004.649561) can0 185#85F2000000000000
(1700000004.651120) can0 110#1024010000000000
(1700000004.652787) can0 0B0#B0D3010000000000
(1700000004.656385) can0 2A9#A948000000000000
(1700000004.662269) can0 0B0#B0D4010000000000
(1700000004.663339) can0 185#85F3000000000000
(1700000004.667689) can0 110#1025010000000000
(1700000004.671332) can0 0B0#B0D5010000000000
(1700000004.676127) can0 185#85F4000000000000
(1700000004.681354) can0 0B0#B0D6010000000000
(1700000004.682124) can0 224#2475000000000000
(1700000004.683776) can0 110#1026010000000000
(1700000004.688258) can0 185#85F5000000000000
(1700000004.690969) can0 333#332E000000000000
(1700000004.690991) can0 0B0#B0D7010000000000
(1700000004.700740) can0 185#85F6000000000000
(1700000004.700998) can0 110#1027010000000000
(1700000004.701524) can0 0B0#B0D8010000000000
(1700000004.711497) can0 0B0#B0D9010000000000
(1700000004.714520) can0 185#85F7000000000000
(1700000004.717632) can0 110#1028010000000000
(1700000004.719835) can0 224#2476000000000000
(1700000004.720734) can0 0B0#B0DA010000000000
(1700000004.724806) can0 2A9#A949000000000000
(1700000004.727962) can0 185#85F8000000000000
(1700000004.731248) can0 0B0#B0DB010000000000
(1700000004.732260) can0 110#1029010000000000
(1700000004.739295) can0 185#85F9000000000000
(1700000004.740311) can0 0B0#B0DC010000000000
(1700000004.747083) can0 110#102A010000000000
(1700000004.751123) can0 0B0#B0DD010000000000
(1700000004.751594) can0 185#85FA000000000000
(1700000004.756381) can0 224#2477000000000000
(1700000004.760455) can0 0B0#B0DE010000000000
(1700000004.761858) can0 110#102B010000000000
(1700000004.763140) can0 185#85FB000000000000
(1700000004.770781) can0 0B0#B0DF010000000000
(1700000004.774965) can0 185#85FC000000000000
(1700000004.778596) can0 110#102C010000000000
(1700000004.780243) can0 0B0#B0E0010000000000
(1700000004.782149) can0 2A9#A94A000000000000
(1700000004.788590) can0 185#85FD000000000000
(1700000004.790257) can0 0B0#B0E1010000000000
(1700000004.793034) can0 224#2478000000000000
(1700000004.793730) can0 110#102D010000000000
(1700000004.797028) can0 333#332F000000000000
(1700000004.800675) can0 0B0#B0E2010000000000
(1700000004.801086) can0 185#85FE000000000000
(1700000004.809127) can0 110#102E010000000000
(1700000004.810545) can0 0B0#B0E3010000000000
(1700000004.812689) can0 185#85FF000000000000
(1700000004.819903) can0 0B0#B0E4010000000000
(1700000004.824031) can0 185#8500010000000000
(1700000004.824252) can0 110#102F010000000000
(1700000004.829907) can0 0B0#B0E5010000000000
(1700000004.836099) can0 224#2479000000000000
(1700000004.836795) can0 185#8501010000000000
(1700000004.838942) can0 0B0#B0E6010000000000
(1700000004.839640) can0 110#1030010000000000
(1700000004.845266) can0 2A9#A94B000000000000
(1700000004.848475) can0 185#8502010000000000
(1700000004.849728) can0 0B0#B0E7010000000000
(1700000004.855162) can0 110#1031010000000000
(1700000004.860586) can0 0B0#B0E8010000000000
(1700000004.862227) can0 185#8503010000000000
(1700000004.869661) can0 0B0#B0E9010000000000
(1700000004.869815) can0 110#1032010000000000
(1700000004.874291) can0 185#8504010000000000
(1700000004.877658) can0 224#247A000000000000
(1700000004.878785) can0 0B0#B0EA010000000000
(1700000004.885944) can0 185#8505010000000000
(1700000004.886034) can0 110#1033010000000000
(1700000004.889378) can0 0B0#B0EB010000000000
(1700000004.899420) can0 0B0#B0EC010000000000
(1700000004.899442) can0 185#8506010000000000
(1700000004.900984) can0 110#1034010000000000
(1700000004.905482) can0 333#3330000000000000
(1700000004.908157) can0 2A9#A94C000000000000
(1700000004.909820) can0 0B0#B0ED010000000000
(1700000004.912219) can0 185#8507010000000000
(1700000004.915541) can0 110#1035010000000000
(1700000004.919160) can0 0B0#B0EE010000000000
(1700000004.919486) can0 224#247B000000000000
(1700000004.923944) can0 185#8508010000000000
(1700000004.928914) can0 0B0#B0EF010000000000
(1700000004.932097) can0 110#1036010000000000
(1700000004.936325) can0 185#8509010000000000
(1700000004.938330) can0 0B0#B0F0010000000000
(1700000004.948267) can0 110#1037010000000000
(1700000004.948918) can0 185#850A010000000000
(1700000004.949040) can0 0B0#B0F1010000000000
(1700000004.958750) can0 0B0#B0F2010000000000
(1700000004.960998) can0 224#247C000000000000
(1700000004.961701) can0 185#850B010000000000
(1700000004.962965) can0 110#1038010000000000
(1700000004.969467) can0 0B0#B0F3010000000000
(1700000004.971576) can0 2A9#A94D000000000000
(1700000004.973012) can0 185#850C010000000000
(1700000004.978012) can0 110#1039010000000000
(1700000004.979905) can0 0B0#B0F4010000000000
(1700000004.984484) can0 185#850D010000000000
(1700000004.989602) can0 0B0#B0F5010000000000
(1700000004.994480) can0 110#103A010000000000
(1700000004.995913) can0 185#850E010000000000
(1700000004.999072) can0 0B0#B0F6010000000000
(1700000004.999148) can0 224#247D000000000000
(1700000005.007317) can0 185#850F010000000000
(1700000005.009790) can0 110#103B010000000000
(1700000005.009943) can0 0B0#B0F7010000000000
(1700000005.014228) can0 333#3331000000000000
(1700000005.019750) can0 0B0#B0F8010000000000
(1700000005.020170) can0 185#8510010000000000
(1700000005.024672) can0 110#103C010000000000
(1700000005.028798) can0 0B0#B0F9010000000000
(1700000005.032278) can0 185#8511010000000000
(1700000005.037953) can0 0B0#B0FA010000000000
(1700000005.039450) can0 2A9#A94E000000000000
(1700000005.039543) can0 224#247E000000000000
(1700000005.041459) can0 110#103D010000000000
(1700000005.044972) can0 185#8512010000000000
(1700000005.048177) can0 0B0#B0FB010000000000
(1700000005.056270) can0 110#103E010000000000
(1700000005.057337) can0 185#8513010000000000
(1700000005.057921) can0 0B0#B0FC010000000000
(1700000005.068747) can0 0B0#B0FD010000000000
(1700000005.069242) can0 185#8514010000000000
(1700000005.072775) can0 110#103F010000000000
(1700000005.078504) can0 224#247F000000000000
(1700000005.079278) can0 0B0#B0FE010000000000
(1700000005.080660) can0 185#8515010000000000
(1700000005.088222) can0 110#1040010000000000
(1700000005.090036) can0 0B0#B0FF010000000000
(1700000005.094435) can0 185#8516010000000000
(1700000005.097490) can0 2A9#A94F000000000000
(1700000005.099470) can0 0B0#B000020000000000
(1700000005.102785) can0 110#1041010000000000
(1700000005.107922) can0 185#8517010000000000
(1700000005.108501) can0 0B0#B001020000000000
(1700000005.116644) can0 333#3332000000000000
(1700000005.117372) can0 110#1042010000000000
(1700000005.118406) can0 224#2480000000000000
(1700000005.118651) can0 0B0#B002020000000000
(1700000005.121654) can0 185#8518010000000000
(1700000005.129369) can0 0B0#B003020000000000
(1700000005.134067) can0 185#8519010000000000
(1700000005.134200) can0 110#1043010000000000
(1700000005.138636) can0 0B0#B004020000000000
(1700000005.146204) can0 185#851A010000000000
(1700000005.148605) can0 0B0#B005020000000000
(1700000005.149135) can0 110#1044010000000000
(1700000005.155777) can0 2A9#A950000000000000
(1700000005.156529) can0 224#2481000000000000
(1700000005.159149) can0 0B0#B006020000000000
(1700000005.159510) can0 185#851B010000000000
(1700000005.163613) can0 110#1045010000000000
(1700000005.168969) can0 0B0#B007020000000000
(1700000005.172286) can0 185#851C010000000000
(1700000005.179021) can0 0B0#B008020000000000
(1700000005.180228) can0 110#1046010000000000
(1700000005.184014) can0 185#851D010000000000
(1700000005.189860) can0 0B0#B009020000000000
(1700000005.194838) can0 110#1047010000000000
(1700000005.195786) can0 224#2482000000000000
(1700000005.197725) can0 185#851E010000000000
(1700000005.199597) can0 0B0#B00A020000000000
(1700000005.209926) can0 0B0#B00B020000000000
(1700000005.210695) can0 185#851F010000000000
(1700000005.211401) can0 110#1048010000000000
(1700000005.219701) can0 2A9#A951000000000000
(1700000005.220850) can0 0B0#B00C020000000000
(1700000005.222732) can0 185#8520010000000000
(1700000005.226065) can0 333#3333000000000000
(1700000005.228196) can0 110#1049010000000000
(1700000005.230884) can0 0B0#B00D020000000000
(1700000005.234074) can0 185#8521010000000000
(1700000005.238805) can0 224#2483000000000000
(1700000005.241331) can0 0B0#B00E020000000000
(1700000005.244865) can0 110#104A010000000000
(1700000005.247766) can0 185#8522010000000000
(1700000005.252075) can0 0B0#B00F020000000000
(1700000005.259129) can0 185#8523010000000000
(1700000005.260041) can0 110#104B010000000000
(1700000005.263004) can0 0B0#B010020000000000
(1700000005.272589) can0 185#8524010000000000
(1700000005.273921) can0 0B0#B011020000000000
(1700000005.274670) can0 110#104C010000000000
(1700000005.281060) can0 224#2484000000000000
(1700000005.282015) can0 2A9#A952000000000000
(1700000005.284542) can0 0B0#B012020000000000
(1700000005.286092) can0 185#8525010000000000
(1700000005.292051) can0 110#104D010000000000
(1700000005.294733) can0 0B0#B013020000000000
(1700000005.298983) can0 185#8526010000000000
(1700000005.304815) can0 0B0#B014020000000000
(1700000005.308998) can0 110#104E010000000000
(1700000005.311936) can0 185#8527010000000000
(1700000005.313970) can0 0B0#B015020000000000
(1700000005.319075) can0 224#2485000000000000
(1700000005.322970) can0 333#3334000000000000
(1700000005.324034) can0 185#8528010000000000
(1700000005.324529) can0 110#104F010000000000
(1700000005.324707) can0 0B0#B016020000000000
(1700000005.335306) can0 0B0#B017020000000000
(1700000005.335942) can0 185#8529010000000000
(1700000005.341516) can0 2A9#A953000000000000
(1700000005.341635) can0 110#1050010000000000
(1700000005.345723) can0 0B0#B018020000000000
(1700000005.348558) can0 185#852A010000000000
(1700000005.355595) can0 0B0#B019020000000000
(1700000005.358716) can0 110#1051010000000000
(1700000005.360140) can0 224#2486000000000000
(1700000005.362010) can0 185#852B010000000000
(1700000005.364745) can0 0B0#B01A020000000000
(1700000005.373321) can0 185#852C010000000000
(1700000005.373895) can0 0B0#B01B020000000000
(1700000005.374372) can0 110#1052010000000000
(1700000005.383042) can0 0B0#B01C020000000000
(1700000005.386224) can0 185#852D010000000000
(1700000005.389801) can0 110#1053010000000000
(1700000005.392474) can0 0B0#B01D020000000000
(1700000005.398745) can0 185#852E010000000000
(1700000005.403301) can0 0B0#B01E020000000000
(1700000005.403327) can0 224#2487000000000000
(1700000005.405115) can0 2A9#A954000000000000
(1700000005.406241) can0 110#1054010000000000
(1700000005.410223) can0 185#852F010000000000
(1700000005.412580) can0 0B0#B01F020000000000
(1700000005.422208) can0 185#8530010000000000
(1700000005.422300) can0 0B0#B020020000000000
(1700000005.423277) can0 110#1055010000000000
(1700000005.427311) can0 333#3335000000000000
(1700000005.431458) can0 0B0#B021020000000000
(1700000005.434343) can0 185#8531010000000000
(1700000005.440682) can0 110#1056010000000000
(1700000005.441258) can0 0B0#B022020000000000
(1700000005.445162) can0 224#2488000000000000
(1700000005.446685) can0 185#8532010000000000
(1700000005.452211) can0 0B0#B023020000000000
(1700000005.457559) can0 110#1057010000000000
(1700000005.458373) can0 185#8533010000000000
(1700000005.462817) can0 0B0#B024020000000000
(1700000005.470604) can0 185#8534010000000000
(1700000005.471252) can0 2A9#A955000000000000
(1700000005.472434) can0 0B0#B025020000000000
(1700000005.474061) can0 110#1058010000000000
(1700000005.481527) can0 0B0#B026020000000000
(1700000005.484055) can0 185#8535010000000000
(1700000005.488691) can0 224#2489000000000000
(1700000005.490753) can0 110#1059010000000000
(1700000005.491397) can0 0B0#B027020000000000
(1700000005.497205) can0 185#8536010000000000
(1700000005.500818) can0 0B0#B028020000000000
(1700000005.506417) can0 110#105A010000000000
(1700000005.508956) can0 185#8537010000000000
(1700000005.511425) can0 0B0#B029020000000000
(1700000005.520483) can0 0B0#B02A020000000000
(1700000005.522761) can0 185#8538010000000000
(1700000005.523710) can0 110#105B010000000000
(1700000005.529700) can0 224#248A000000000000
(1700000005.531046) can0 0B0#B02B020000000000
(1700000005.531179) can0 333#3336000000000000
(1700000005.532116) can0 2A9#A956000000000000
(1700000005.536464) can0 185#8539010000000000
(1700000005.540798) can0 110#105C010000000000
(1700000005.541437) can0 0B0#B02C020000000000
(1700000005.549705) can0 185#853A010000000000
(1700000005.550642) can0 0B0#B02D020000000000
(1700000005.555531) can0 110#105D010000000000
(1700000005.561061) can0 0B0#B02E020000000000
(1700000005.563204) can0 185#853B010000000000
(1700000005.567960) can0 224#248B000000000000
(1700000005.569831) can0 110#105E010000000000
(1700000005.571396) can0 0B0#B02F020000000000
(1700000005.575090) can0 185#853C010000000000
(1700000005.581602) can0 0B0#B030020000000000
(1700000005.585361) can0 110#105F010000000000
(1700000005.587977) can0 185#853D010000000000
(1700000005.591706) can0 0B0#B031020000000000
(1700000005.597061) can0 2A9#A957000000000000
(1700000005.600932) can0 185#853E010000000000
(1700000005.601311) can0 110#1060010000000000
(1700000005.602648) can0 0B0#B032020000000000
(1700000005.604102) can0 224#248C000000000000
(1700000005.612623) can0 185#853F010000000000
(1700000005.613309) can0 0B0#B033020000000000
(1700000005.616774) can0 110#1061010000000000
(1700000005.624092) can0 185#8540010000000000
(1700000005.624219) can0 0B0#B034020000000000
(1700000005.633674) can0 110#1062010000000000
(1700000005.634219) can0 0B0#B035020000000000
(1700000005.635597) can0 185#8541010000000000
(1700000005.640390) can0 333#3337000000000000
(1700000005.642613) can0 224#248D000000000000
(1700000005.643590) can0 0B0#B036020000000000
(1700000005.648883) can0 185#8542010000000000
(1700000005.650594) can0 110#1063010000000000
(1700000005.654444) can0 0B0#B037020000000000
(1700000005.662016) can0 185#8543010000000000
(1700000005.664330) can0 0B0#B038020000000000
(1700000005.666004) can0 2A9#A958000000000000
(1700000005.666599) can0 110#1064010000000000
(1700000005.673440) can0 0B0#B039020000000000
(1700000005.674371) can0 185#8544010000000000
(1700000005.682442) can0 110#1065010000000000
(1700000005.683776) can0 224#248E000000000000
(1700000005.683985) can0 0B0#B03A020000000000
(1700000005.687523) can0 185#8545010000000000
(1700000005.693970) can0 0B0#B03B020000000000
(1700000005.699014) can0 110#1066010000000000
(1700000005.699117) can0 185#8546010000000000
(1700000005.703461) can0 0B0#B03C020000000000
(1700000005.711708) can0 185#8547010000000000
(1700000005.713960) can0 0B0#B03D020000000000
(1700000005.716257) can0 110#1067010000000000
(1700000005.720862) can0 224#248F000000000000
(1700000005.724106) can0 2A9#A959000000000000
(1700000005.724426) can0 0B0#B03E020000000000
(1700000005.725244) can0 185#8548010000000000
(1700000005.733477) can0 110#1068010000000000
(1700000005.735089) can0 0B0#B03F020000000000
(1700000005.738953) can0 185#8549010000000000
(1700000005.743656) can0 333#3338000000000000
(1700000005.744532) can0 0B0#B040020000000000
(1700000005.747935) can0 110#1069010000000000
(1700000005.751051) can0 185#854A010000000000
(1700000005.754309) can0 0B0#B041020000000000
(1700000005.762371) can0 224#2490000000000000
(1700000005.763363) can0 110#106A010000000000
(1700000005.763526) can0 185#854B010000000000
(1700000005.764452) can0 0B0#B042020000000000
(1700000005.773866) can0 0B0#B043020000000000
(1700000005.776515) can0 185#854C010000000000
(1700000005.780056) can0 110#106B010000000000
(1700000005.783258) can0 0B0#B044020000000000
(1700000005.788093) can0 2A9#A95A000000000000
(1700000005.788639) can0 185#854D010000000000
(1700000005.792586) can0 0B0#B045020000000000
(1700000005.795694) can0 110#106C010000000000
(1700000005.800399) can0 224#2491000000000000
(1700000005.802183) can0 185#854E010000000000
(1700000005.802244) can0 0B0#B046020000000000
(1700000005.810001) can0 110#106D010000000000
(1700000005.811945) can0 0B0#B047020000000000
(1700000005.813919) can0 185#854F010000000000
(1700000005.822769) can0 0B0#B048020000000000
(1700000005.824949) can0 110#106E010000000000
(1700000005.827195) can0 185#8550010000000000
(1700000005.832436) can0 0B0#B049020000000000
(1700000005.836901) can0 224#2492000000000000
(1700000005.840177) can0 110#106F010000000000
(1700000005.840293) can0 185#8551010000000000
(1700000005.841820) can0 0B0#B04A020000000000
(1700000005.851436) can0 333#3339000000000000
(1700000005.851869) can0 0B0#B04B020000000000
(1700000005.852957) can0 185#8552010000000000
(1700000005.854364) can0 2A9#A95B000000000000
(1700000005.856891) can0 110#1070010000000000
(1700000005.861435) can0 0B0#B04C020000000000
(1700000005.866606) can0 185#8553010000000000
(1700000005.872252) can0 0B0#B04D020000000000
(1700000005.872890) can0 110#1071010000000000
(1700000005.875522) can0 224#2493000000000000
(1700000005.879824) can0 185#8554010000000000
(1700000005.882004) can0 0B0#B04E020000000000
(1700000005.887964) can0 110#1072010000000000
(1700000005.891776) can0 0B0#B04F020000000000
(1700000005.892725) can0 185#8555010000000000
(1700000005.902432) can0 0B0#B050020000000000
(1700000005.904490) can0 110#1073010000000000
(1700000005.906490) can0 185#8556010000000000
(1700000005.911946) can0 0B0#B051020000000000
(1700000005.912250) can0 224#2494000000000000
(1700000005.914668) can0 2A9#A95C000000000000
(1700000005.918863) can0 185#8557010000000000
(1700000005.921550) can0 110#1074010000000000
(1700000005.922771) can0 0B0#B052020000000000
(1700000005.931983) can0 0B0#B053020000000000
(1700000005.932348) can0 185#8558010000000000
(1700000005.935824) can0 110#1075010000000000
(1700000005.941910) can0 333#333A000000000000
(1700000005.942860) can0 0B0#B054020000000000
(1700000005.946163) can0 185#8559010000000000
(1700000005.951510) can0 110#1076010000000000
(1700000005.953794) can0 0B0#B055020000000000
(1700000005.955457) can0 224#2495000000000000
(1700000005.958547) can0 185#855A010000000000
(1700000005.964664) can0 0B0#B056020000000000
(1700000005.966172) can0 110#1077010000000000
(1700000005.972340) can0 185#855B010000000000
(1700000005.974440) can0 0B0#B057020000000000
(1700000005.981767) can0 110#1078010000000000
(1700000005.983162) can0 2A9#A95D000000000000
(1700000005.984482) can0 185#855C010000000000
(1700000005.984631) can0 0B0#B058020000000000
(1700000005.995628) can0 0B0#B059020000000000
(1700000005.996220) can0 224#2496000000000000
(1700000005.997294) can0 185#855D010000000000
(1700000005.999169) can0 110#1079010000000000
(1700000006.005134) can0 0B0#B05A020000000000
(1700000006.009988) can0 185#855E010000000000
(1700000006.016063) can0 0B0#B05B020000000000
(1700000006.016301) can0 110#107A010000000000
(1700000006.021827) can0 185#855F010000000000
(1700000006.026798) can0 0B0#B05C020000000000
(1700000006.031587) can0 110#107B010000000000
(1700000006.035275) can0 185#8560010000000000
(1700000006.036928) can0 224#2497000000000000
(1700000006.037527) can0 0B0#B05D020000000000
(1700000006.044854) can0 333#333B000000000000
(1700000006.046496) can0 110#107C010000000000
(1700000006.047088) can0 0B0#B05E020000000000
(1700000006.048242) can0 185#8561010000000000
(1700000006.049836) can0 2A9#A95E000000000000
(1700000006.056624) can0 0B0#B05F020000000000
(1700000006.060347) can0 185#8562010000000000
(1700000006.063102) can0 110#107D010000000000
(1700000006.066781) can0 0B0#B060020000000000
(1700000006.074151) can0 185#8563010000000000
(1700000006.075883) can0 0B0#B061020000000000
(1700000006.078889) can0 110#107E010000000000
(1700000006.080471) can0 224#2498000000000000
(1700000006.085654) can0 185#8564010000000000
(1700000006.086429) can0 0B0#B062020000000000
(1700000006.094796) can0 110#107F010000000000
(1700000006.097127) can0 185#8565010000000000
(1700000006.097373) can0 0B0#B063020000000000
(1700000006.107432) can0 0B0#B064020000000000
(1700000006.109873) can0 185#8566010000000000
(1700000006.111683) can0 110#1080010000000000
(1700000006.116363) can0 2A9#A95F000000000000
(1700000006.116571) can0 0B0#B065020000000000
(1700000006.120235) can0 224#2499000000000000
(1700000006.121404) can0 185#8567010000000000
(1700000006.126313) can0 0B0#B066020000000000
(1700000006.126741) can0 110#1081010000000000
(1700000006.134911) can0 185#8568010000000000
(1700000006.137235) can0 0B0#B067020000000000
(1700000006.140271) can0 333#333C000000000000
(1700000006.143657) can0 110#1082010000000000
(1700000006.147388) can0 0B0#B068020000000000
(1700000006.147836) can0 185#8569010000000000
(1700000006.156999) can0 0B0#B069020000000000
(1700000006.158084) can0 110#1083010000000000
(1700000006.161072) can0 185#856A010000000000
(1700000006.163196) can0 224#249A000000000000
(1700000006.166968) can0 0B0#B06A020000000000
(1700000006.173105) can0 110#1084010000000000
(1700000006.173912) can0 185#856B010000000000
(1700000006.176133) can0 2A9#A960000000000000
(1700000006.177818) can0 0B0#B06B020000000000
(1700000006.185513) can0 185#856C010000000000
(1700000006.187049) can0 0B0#B06C020000000000
(1700000006.187414) can0 110#1085010000000000
(1700000006.196923) can0 0B0#B06D020000000000
(1700000006.197186) can0 185#856D010000000000
(1700000006.203702) can0 110#1086010000000000
(1700000006.206623) can0 0B0#B06E020000000000
(1700000006.206670) can0 224#249B000000000000
(1700000006.209347) can0 185#856E010000000000
(1700000006.217434) can0 0B0#B06F020000000000
(1700000006.219757) can0 110#1087010000000000
(1700000006.222531) can0 185#856F010000000000
(1700000006.226958) can0 0B0#B070020000000000
(1700000006.234960) can0 110#1088010000000000
(1700000006.235682) can0 185#8570010000000000
(1700000006.236592) can0 0B0#B071020000000000
(1700000006.237911) can0 2A9#A961000000000000
(1700000006.239321) can0 333#333D000000000000
(1700000006.244383) can0 224#249C000000000000
(1700000006.246692) can0 0B0#B072020000000000
(1700000006.249329) can0 185#8571010000000000
(1700000006.251616) can0 110#1089010000000000
(1700000006.256191) can0 0B0#B073020000000000
(1700000006.262272) can0 185#8572010000000000
(1700000006.266159) can0 0B0#B074020000000000
(1700000006.269000) can0 110#108A010000000000
(1700000006.275496) can0 0B0#B075020000000000
(1700000006.275717) can0 185#8573010000000000
(1700000006.283308) can0 110#108B010000000000
(1700000006.285055) can0 0B0#B076020000000000
(1700000006.287257) can0 185#8574010000000000
(1700000006.287665) can0 224#249D000000000000
(1700000006.294120) can0 0B0#B077020000000000
(1700000006.298931) can0 110#108C010000000000
(1700000006.299536) can0 2A9#A962000000000000
(1700000006.300903) can0 185#8575010000000000
(1700000006.303380) can0 0B0#B078020000000000
(1700000006.312706) can0 185#8576010000000000
(1700000006.313323) can0 0B0#B079020000000000
(1700000006.314460) can0 110#108D010000000000
(1700000006.323166) can0 0B0#B07A020000000000
(1700000006.324439) can0 185#8577010000000000
(1700000006.326123) can0 224#249E000000000000
(1700000006.331215) can0 110#108E010000000000
(1700000006.332756) can0 333#333E000000000000
(1700000006.332834) can0 0B0#B07B020000000000
(1700000006.337334) can0 185#8578010000000000
(1700000006.343276) can0 0B0#B07C020000000000
(1700000006.348614) can0 110#108F010000000000
(1700000006.351144) can0 185#8579010000000000
(1700000006.354188) can0 0B0#B07D020000000000
(1700000006.361932) can0 2A9#A963000000000000
(1700000006.362777) can0 224#249F000000000000
(1700000006.363817) can0 0B0#B07E020000000000
(1700000006.363859) can0 185#857A010000000000
(1700000006.364595) can0 110#1090010000000000
(1700000006.374090) can0 0B0#B07F020000000000
(1700000006.375170) can0 185#857B010000000000
(1700000006.380060) can0 110#1091010000000000
(1700000006.384532) can0 0B0#B080020000000000
(1700000006.388742) can0 185#857C010000000000
(1700000006.394776) can0 0B0#B081020000000000
(1700000006.394950) can0 110#1092010000000000
(1700000006.398780) can0 224#24A0000000000000
(1700000006.401386) can0 185#857D010000000000
(1700000006.403948) can0 0B0#B082020000000000
(1700000006.412346) can0 110#1093010000000000
(1700000006.414077) can0 0B0#B083020000000000
(1700000006.419401) can0 185#857E010000000000
(1700000006.424964) can0 0B0#B084020000000000
(1700000006.426196) can0 2A9#A964000000000000
(1700000006.426826) can0 333#333F000000000000
(1700000006.429333) can0 110#1094010000000000
(1700000006.433983) can0 0B0#B085020000000000
(1700000006.439429) can0 224#24A1000000000000
(1700000006.443216) can0 185#857F010000000000
(1700000006.444131) can0 0B0#B086020000000000
(1700000006.445423) can0 110#1095010000000000
(1700000006.454449) can0 0B0#B087020000000000
(1700000006.461962) can0 110#1096010000000000
(1700000006.465262) can0 0B0#B088020000000000
(1700000006.469789) can0 185#8580010000000000
(1700000006.475395) can0 0B0#B089020000000000
(1700000006.477963) can0 224#24A2000000000000
(1700000006.478846) can0 110#1097010000000000
(1700000006.485197) can0 0B0#B08A020000000000
(1700000006.490645) can0 2A9#A965000000000000
(1700000006.493714) can0 185#8581010000000000
(1700000006.495362) can0 0B0#B08B020000000000
(1700000006.496185) can0 110#1098010000000000
(1700000006.504991) can0 0B0#B08C020000000000
(1700000006.512649) can0 110#1099010000000000
(1700000006.514540) can0 0B0#B08D020000000000
(1700000006.519155) can0 224#24A3000000000000
(1700000006.520651) can0 185#8582010000000000
(1700000006.525401) can0 0B0#B08E020000000000
(1700000006.526080) can0 333#3340000000000000
(1700000006.528409) can0 110#109A010000000000
(1700000006.536209) can0 0B0#B08F020000000000
(1700000006.545400) can0 110#109B010000000000
(1700000006.546630) can0 0B0#B090020000000000
(1700000006.548260) can0 185#8583010000000000
(1700000006.555947) can0 2A9#A966000000000000
(1700000006.556590) can0 0B0#B091020000000000
(1700000006.558685) can0 224#24A4000000000000
(1700000006.561186) can0 110#109C010000000000
(1700000006.566476) can0 0B0#B092020000000000
(1700000006.572236) can0 185#8584010000000000
(1700000006.577060) can0 0B0#B093020000000000
(1700000006.577350) can0 110#109D010000000000
(1700000006.587334) can0 0B0#B094020000000000
(1700000006.593866) can0 110#109E010000000000
(1700000006.596710) can0 0B0#B095020000000000
(1700000006.597822) can0 185#8585010000000000
(1700000006.598330) can0 224#24A5000000000000
(1700000006.607156) can0 0B0#B096020000000000
(1700000006.609616) can0 110#109F010000000000
(1700000006.617888) can0 0B0#B097020000000000
(1700000006.619726) can0 2A9#A967000000000000
(1700000006.623560) can0 185#8586010000000000
(1700000006.625999) can0 110#10A0010000000000
(1700000006.627856) can0 0B0#B098020000000000
(1700000006.630835) can0 333#3341000000000000
(1700000006.635442) can0 224#24A6000000000000
(1700000006.638170) can0 0B0#B099020000000000
(1700000006.642218) can0 110#10A1010000000000
(1700000006.648136) can0 185#8587010000000000
(1700000006.649083) can0 0B0#B09A020000000000
(1700000006.658366) can0 110#10A2010000000000
(1700000006.658452) can0 0B0#B09B020000000000
(1700000006.668216) can0 0B0#B09C020000000000
(1700000006.671392) can0 185#8588010000000000
(1700000006.674155) can0 110#10A3010000000000
(1700000006.676675) can0 224#24A7000000000000
(1700000006.676695) can0 2A9#A968000000000000
(1700000006.677861) can0 0B0#B09D020000000000
(1700000006.687214) can0 0B0#B09E020000000000
(1700000006.690074) can0 110#10A4010000000000
(1700000006.694555) can0 185#8589010000000000
(1700000006.696970) can0 0B0#B09F020000000000
(1700000006.705545) can0 110#10A5010000000000
(1700000006.707869) can0 0B0#B0A0020000000000
(1700000006.715641) can0 224#24A8000000000000
(1700000006.717645) can0 0B0#B0A1020000000000
(1700000006.719021) can0 185#858A010000000000
(1700000006.722922) can0 110#10A6010000000000
(1700000006.726762) can0 0B0#B0A2020000000000
(1700000006.734190) can0 2A9#A969000000000000
(1700000006.736140) can0 0B0#B0A3020000000000
(1700000006.736570) can0 333#3342000000000000
(1700000006.739770) can0 110#10A7010000000000
(1700000006.746080) can0 0B0#B0A4020000000000
(1700000006.746305) can0 185#858B010000000000
(1700000006.755259) can0 0B0#B0A5020000000000
(1700000006.756009) can0 110#10A8010000000000
(1700000006.758598) can0 224#24A9000000000000
(1700000006.765834) can0 0B0#B0A6020000000000
(1700000006.769107) can0 185#858C010000000000
(1700000006.771621) can0 110#10A9010000000000
(1700000006.775721) can0 0B0#B0A7020000000000
(1700000006.785413) can0 0B0#B0A8020000000000
(1700000006.787016) can0 110#10AA010000000000
(1700000006.794676) can0 185#858D010000000000
(1700000006.795390) can0 0B0#B0A9020000000000
(1700000006.796051) can0 224#24AA000000000000
(1700000006.801749) can0 110#10AB010000000000
(1700000006.802997) can0 2A9#A96A000000000000
(1700000006.806027) can0 0B0#B0AA020000000000
(1700000006.815592) can0 0B0#B0AB020000000000
(1700000006.816508) can0 110#10AC010000000000
(1700000006.820540) can0 185#858E010000000000
(1700000006.826162) can0 0B0#B0AC020000000000
(1700000006.832233) can0 110#10AD010000000000
(1700000006.833505) can0 224#24AB000000000000
(1700000006.835715) can0 0B0#B0AD020000000000
(1700000006.845155) can0 333#3343000000000000
(1700000006.845409) can0 0B0#B0AE020000000000
(1700000006.846368) can0 185#858F010000000000
(1700000006.849388) can0 110#10AE010000000000
(1700000006.855131) can0 0B0#B0AF020000000000
(1700000006.864975) can0 110#10AF010000000000
(1700000006.865360) can0 0B0#B0B0020000000000
(1700000006.865863) can0 2A9#A96B000000000000
(1700000006.871525) can0 185#8590010000000000
(1700000006.874018) can0 224#24AC000000000000
(1700000006.874886) can0 0B0#B0B1020000000000
(1700000006.882002) can0 110#10B0010000000000
(1700000006.885232) can0 0B0#B0B2020000000000
(1700000006.894984) can0 0B0#B0B3020000000000
(1700000006.896675) can0 185#8591010000000000
(1700000006.898805) can0 110#10B1010000000000
(1700000006.904810) can0 0B0#B0B4020000000000
(1700000006.911491) can0 224#24AD000000000000
(1700000006.914543) can0 0B0#B0B5020000000000
(1700000006.914669) can0 110#10B2010000000000
(1700000006.919714) can0 185#8592010000000000
(1700000006.924067) can0 0B0#B0B6020000000000
(1700000006.929453) can0 110#10B3010000000000
(1700000006.930381) can0 2A9#A96C000000000000
(1700000006.934399) can0 0B0#B0B7020000000000
(1700000006.944030) can0 0B0#B0B8020000000000
(1700000006.945490) can0 185#8593010000000000
(1700000006.946438) can0 333#3344000000000000
(1700000006.946512) can0 110#10B4010000000000
(1700000006.949997) can0 224#24AE000000000000
(1700000006.954062) can0 0B0#B0B9020000000000
(1700000006.961278) can0 110#10B5010000000000
(1700000006.963558) can0 0B0#B0BA020000000000
(1700000006.970757) can0 185#8594010000000000
(1700000006.974452) can0 0B0#B0BB020000000000
(1700000006.975952) can0 110#10B6010000000000
(1700000006.985072) can0 0B0#B0BC020000000000
(1700000006.991041) can0 110#10B7010000000000
(1700000006.992676) can0 224#24AF000000000000
(1700000006.994717) can0 2A9#A96D000000000000
(1700000006.994778) can0 185#8595010000000000
(1700000006.995447) can0 0B0#B0BD020000000000
(1700000007.004767) can0 0B0#B0BE020000000000
(1700000007.007098) can0 110#10B8010000000000
(1700000007.014297) can0 0B0#B0BF020000000000
(1700000007.021260) can0 185#8596010000000000
(1700000007.022908) can0 110#10B9010000000000
(1700000007.025222) can0 0B0#B0C0020000000000
(1700000007.031348) can0 224#24B0000000000000
(1700000007.035815) can0 0B0#B0C1020000000000
(1700000007.037271) can0 333#3345000000000000
(1700000007.039246) can0 110#10BA010000000000
(1700000007.044363) can0 185#8597010000000000
(1700000007.045163) can0 0B0#B0C2020000000000
(1700000007.053892) can0 110#10BB010000000000
(1700000007.055106) can0 0B0#B0C3020000000000
(1700000007.063303) can0 2A9#A96E000000000000
(1700000007.064832) can0 0B0#B0C4020000000000
(1700000007.070306) can0 224#24B1000000000000
(1700000007.070395) can0 110#10BC010000000000
(1700000007.071262) can0 185#8598010000000000
(1700000007.074003) can0 0B0#B0C5020000000000
(1700000007.083365) can0 0B0#B0C6020000000000
(1700000007.086618) can0 110#10BD010000000000
(1700000007.094073) can0 0B0#B0C7020000000000
(1700000007.095307) can0 185#8599010000000000
(1700000007.103732) can0 110#10BE010000000000
(1700000007.104574) can0 0B0#B0C8020000000000
(1700000007.110133) can0 224#24B2000000000000
(1700000007.115249) can0 0B0#B0C9020000000000
(1700000007.118584) can0 110#10BF010000000000
(1700000007.119362) can0 185#859A010000000000
(1700000007.121313) can0 2A9#A96F000000000000
(1700000007.124258) can0 0B0#B0CA020000000000
(1700000007.133475) can0 110#10C0010000000000
(1700000007.133666) can0 0B0#B0CB020000000000
(1700000007.135537) can0 333#3346000000000000
(1700000007.143292) can0 185#859B010000000000
(1700000007.144451) can0 0B0#B0CC020000000000
(1700000007.149732) can0 110#10C1010000000000
(1700000007.151132) can0 224#24B3000000000000
(1700000007.153763) can0 0B0#B0CD020000000000
(1700000007.164675) can0 0B0#B0CE020000000000
(1700000007.166806) can0 110#10C2010000000000
(1700000007.170385) can0 185#859C010000000000
(1700000007.175098) can0 0B0#B0CF020000000000
(1700000007.178800) can0 2A9#A970000000000000
(1700000007.183786) can0 110#10C3010000000000
(1700000007.185231) can0 0B0#B0D0020000000000
(1700000007.192499) can0 224#24B4000000000000
(1700000007.194300) can0 185#859D010000000000
(1700000007.194423) can0 0B0#B0D1020000000000
(1700000007.200709) can0 110#10C4010000000000
(1700000007.205375) can0 0B0#B0D2020000000000
(1700000007.215431) can0 0B0#B0D3020000000000
(1700000007.216621) can0 110#10C5010000000000
(1700000007.221192) can0 185#859E010000000000
(1700000007.224979) can0 0B0#B0D4020000000000
(1700000007.232917) can0 224#24B5000000000000
(1700000007.233211) can0 110#10C6010000000000
(1700000007.234358) can0 0B0#B0D5020000000000
(1700000007.239185) can0 333#3347000000000000
(1700000007.244310) can0 0B0#B0D6020000000000
(1700000007.246272) can0 185#859F010000000000
(1700000007.247368) can0 2A9#A971000000000000
(1700000007.250182) can0 110#10C7010000000000
(1700000007.254610) can0 0B0#B0D7020000000000
(1700000007.264498) can0 0B0#B0D8020000000000
(1700000007.264507) can0 110#10C8010000000000
(1700000007.272226) can0 185#85A0010000000000
(1700000007.272482) can0 224#24B6000000000000
(1700000007.275445) can0 0B0#B0D9020000000000
(1700000007.278811) can0 110#10C9010000000000
(1700000007.285956) can0 0B0#B0DA020000000000
(1700000007.293492) can0 110#10CA010000000000
(1700000007.296168) can0 0B0#B0DB020000000000
(1700000007.296512) can0 185#85A1010000000000
(1700000007.306155) can0 0B0#B0DC020000000000
(1700000007.310375) can0 110#10CB010000000000
(1700000007.314971) can0 224#24B7000000000000
(1700000007.315948) can0 2A9#A972000000000000
(1700000007.316302) can0 0B0#B0DD020000000000
(1700000007.322770) can0 185#85A2010000000000
(1700000007.324807) can0 110#10CC010000000000
(1700000007.326904) can0 0B0#B0DE020000000000
(1700000007.337026) can0 0B0#B0DF020000000000
(1700000007.337812) can0 333#3348000000000000
(1700000007.339289) can0 110#10CD010000000000
(1700000007.347920) can0 0B0#B0E0020000000000
(1700000007.348433) can0 185#85A3010000000000
(1700000007.353064) can0 224#24B8000000000000
(1700000007.354177) can0 110#10CE010000000000
(1700000007.357258) can0 0B0#B0E1020000000000
(1700000007.366298) can0 0B0#B0E2020000000000
(1700000007.370760) can0 110#10CF010000000000
(1700000007.375980) can0 185#85A4010000000000
(1700000007.376554) can0 0B0#B0E3020000000000
(1700000007.381528) can0 2A9#A973000000000000
(1700000007.385554) can0 110#10D0010000000000
(1700000007.386190) can0 0B0#B0E4020000000000
(1700000007.392046) can0 224#24B9000000000000
(1700000007.396663) can0 0B0#B0E5020000000000
(1700000007.402257) can0 110#10D1010000000000
(1700000007.403493) can0 185#85A5010000000000
(1700000007.405841) can0 0B0#B0E6020000000000
(1700000007.415963) can0 0B0#B0E7020000000000
(1700000007.419264) can0 110#10D2010000000000
(1700000007.426548) can0 0B0#B0E8020000000000
(1700000007.427242) can0 185#85A6010000000000
(1700000007.429374) can0 224#24BA000000000000
(1700000007.431960) can0 333#3349000000000000
(1700000007.433828) can0 110#10D3010000000000
(1700000007.436958) can0 0B0#B0E9020000000000
(1700000007.445773) can0 2A9#A974000000000000
(1700000007.447862) can0 0B0#B0EA020000000000
(1700000007.449507) can0 110#10D4010000000000
(1700000007.453306) can0 185#85A7010000000000
(1700000007.457869) can0 0B0#B0EB020000000000
(1700000007.466312) can0 110#10D5010000000000
(1700000007.468519) can0 0B0#B0EC020000000000
(1700000007.470992) can0 224#24BB000000000000
(1700000007.477535) can0 0B0#B0ED020000000000
(1700000007.480126) can0 185#85A8010000000000
(1700000007.482838) can0 110#10D6010000000000
(1700000007.487822) can0 0B0#B0EE020000000000
(1700000007.498711) can0 0B0#B0EF020000000000
(1700000007.500198) can0 110#10D7010000000000
(1700000007.507577) can0 185#85A9010000000000
(1700000007.507604) can0 224#24BC000000000000
(1700000007.508836) can0 0B0#B0F0020000000000
(1700000007.512257) can0 2A9#A975000000000000
(1700000007.517240) can0 110#10D8010000000000
(1700000007.518086) can0 0B0#B0F1020000000000
(1700000007.528974) can0 0B0#B0F2020000000000
(1700000007.530745) can0 185#85AA010000000000
(1700000007.532577) can0 110#10D9010000000000
(1700000007.532644) can0 333#334A000000000000
(1700000007.539717) can0 0B0#B0F3020000000000
(1700000007.548869) can0 0B0#B0F4020000000000
(1700000007.549611) can0 110#10DA010000000000
(1700000007.549949) can0 224#24BD000000000000
(1700000007.554497) can0 185#85AB010000000000
(1700000007.558333) can0 0B0#B0F5020000000000
(1700000007.564209) can0 110#10DB010000000000
(1700000007.569053) can0 0B0#B0F6020000000000
(1700000007.574959) can0 2A9#A976000000000000
(1700000007.579258) can0 0B0#B0F7020000000000
(1700000007.580475) can0 185#85AC010000000000
(1700000007.581295) can0 110#10DC010000000000
(1700000007.589173) can0 0B0#B0F8020000000000
(1700000007.590237) can0 224#24BE000000000000
(1700000007.597337) can0 110#10DD010000000000
(1700000007.599118) can0 0B0#B0F9020000000000
(1700000007.607424) can0 185#85AD010000000000
(1700000007.610116) can0 0B0#B0FA020000000000
(1700000007.613595) can0 110#10DE010000000000
(1700000007.620663) can0 0B0#B0FB020000000000
(1700000007.628251) can0 110#10DF010000000000
(1700000007.629924) can0 224#24BF000000000000
(1700000007.630231) can0 0B0#B0FC020000000000
(1700000007.633109) can0 333#334B000000000000
(1700000007.634916) can0 185#85AE010000000000
(1700000007.636780) can0 2A9#A977000000000000
(1700000007.640072) can0 0B0#B0FD020000000000
(1700000007.644947) can0 110#10E0010000000000
(1700000007.649266) can0 0B0#B0FE020000000000
(1700000007.658548) can0 0B0#B0FF020000000000
(1700000007.660535) can0 110#10E1010000000000
(1700000007.661037) can0 185#85AF010000000000
(1700000007.668544) can0 0B0#B000030000000000
(1700000007.668943) can0 224#24C0000000000000
(1700000007.675793) can0 110#10E2010000000000
(1700000007.679272) can0 0B0#B001030000000000
(1700000007.687849) can0 185#85B0010000000000
(1700000007.688660) can0 0B0#B002030000000000
(1700000007.690821) can0 110#10E3010000000000
(1700000007.694614) can0 2A9#A978000000000000
(1700000007.699024) can0 0B0#B003030000000000
(1700000007.706699) can0 110#10E4010000000000
(1700000007.707888) can0 224#24C1000000000000
(1700000007.709532) can0 0B0#B004030000000000
(1700000007.712836) can0 185#85B1010000000000
(1700000007.719838) can0 0B0#B005030000000000
(1700000007.723175) can0 110#10E5010000000000
(1700000007.730049) can0 0B0#B006030000000000
(1700000007.737669) can0 110#10E6010000000000
(1700000007.738417) can0 185#85B2010000000000
(1700000007.740021) can0 0B0#B007030000000000
(1700000007.741561) can0 333#334C000000000000
(1700000007.749919) can0 224#24C2000000000000
(1700000007.750017) can0 0B0#B008030000000000
(1700000007.753576) can0 110#10E7010000000000
(1700000007.759585) can0 0B0#B009030000000000
(1700000007.762502) can0 185#85B3010000000000
(1700000007.763028) can0 2A9#A979000000000000
(1700000007.767874) can0 110#10E8010000000000
(1700000007.769892) can0 0B0#B00A030000000000
(1700000007.779306) can0 0B0#B00B030000000000
(1700000007.783178) can0 110#10E9010000000000
(1700000007.787078) can0 185#85B4010000000000
(1700000007.788755) can0 0B0#B00C030000000000
(1700000007.792071) can0 224#24C3000000000000
(1700000007.799430) can0 0B0#B00D030000000000
(1700000007.799452) can0 110#10EA010000000000
(1700000007.809204) can0 0B0#B00E030000000000
(1700000007.812051) can0 185#85B5010000000000
(1700000007.815522) can0 110#10EB010000000000
(1700000007.819618) can0 0B0#B00F030000000000
(1700000007.828948) can0 0B0#B010030000000000
(1700000007.830618) can0 2A9#A97A000000000000
(1700000007.830923) can0 224#24C4000000000000
(1700000007.831750) can0 333#334D000000000000
(1700000007.832194) can0 110#10EC010000000000
(1700000007.837191) can0 185#85B6010000000000
(1700000007.839842) can0 0B0#B011030000000000
(1700000007.847680) can0 110#10ED010000000000
(1700000007.848954) can0 0B0#B012030000000000
(1700000007.858944) can0 0B0#B013030000000000
(1700000007.862736) can0 110#10EE010000000000
(1700000007.864446) can0 185#85B7010000000000
(1700000007.868084) can0 0B0#B014030000000000
(1700000007.874285) can0 224#24C5000000000000
(1700000007.878553) can0 0B0#B015030000000000
(1700000007.878660) can0 110#10EF010000000000
(1700000007.887964) can0 0B0#B016030000000000
(1700000007.889012) can0 185#85B8010000000000
(1700000007.894371) can0 2A9#A97B000000000000
(1700000007.896068) can0 110#10F0010000000000
(1700000007.898255) can0 0B0#B017030000000000
(1700000007.907555) can0 0B0#B018030000000000
(1700000007.911424) can0 110#10F1010000000000
(1700000007.913389) can0 224#24C6000000000000
(1700000007.916255) can0 185#85B9010000000000
(1700000007.917200) can0 0B0#B019030000000000
(1700000007.927364) can0 0B0#B01A030000000000
(1700000007.928434) can0 110#10F2010000000000
(1700000007.930389) can0 333#334E000000000000
(1700000007.937186) can0 0B0#B01B030000000000
(1700000007.942814) can0 185#85BA010000000000
(1700000007.945498) can0 110#10F3010000000000
(1700000007.948102) can0 0B0#B01C030000000000
(1700000007.953814) can0 224#24C7000000000000
(1700000007.957963) can0 0B0#B01D030000000000
(1700000007.958073) can0 2A9#A97C000000000000
(1700000007.961756) can0 110#10F4010000000000
(1700000007.967506) can0 0B0#B01E030000000000
(1700000007.968375) can0 185#85BB010000000000
(1700000007.976789) can0 0B0#B01F030000000000
(1700000007.978926) can0 110#10F5010000000000
(1700000007.985942) can0 0B0#B020030000000000
(1700000007.992477) can0 185#85BC010000000000
(1700000007.993915) can0 224#24C8000000000000
(1700000007.996018) can0 0B0#B021030000000000
(1700000007.996061) can0 110#10F6010000000000
