(1700000000.009384) can0 0B0#B000000000000000
(1700000000.015500) can0 110#1000000000000000
(1700000000.020077) can0 0B0#B001000000000000
(1700000000.025624) can0 185#8500000000000000
(1700000000.030741) can0 0B0#B002000000000000
(1700000000.032082) can0 110#1001000000000000
(1700000000.041091) can0 0B0#B003000000000000
(1700000000.042457) can0 224#2400000000000000
(1700000000.048087) can0 110#1002000000000000
(1700000000.048293) can0 185#8501000000000000
(1700000000.051146) can0 0B0#B004000000000000
(1700000000.060587) can0 0B0#B005000000000000
(1700000000.062483) can0 110#1003000000000000
(1700000000.064285) can0 2A9#A900000000000000
(1700000000.070940) can0 0B0#B006000000000000
(1700000000.072355) can0 185#8502000000000000
(1700000000.076888) can0 110#1004000000000000
(1700000000.080211) can0 224#2401000000000000
(1700000000.080910) can0 0B0#B007000000000000
(1700000000.090199) can0 0B0#B008000000000000
(1700000000.090990) can0 333#3300000000000000
(1700000000.093435) can0 110#1005000000000000
(1700000000.097871) can0 185#8503000000000000
(1700000000.100886) can0 0B0#B009000000000000
(1700000000.109733) can0 110#1006000000000000
(1700000000.111847) can0 0B0#B00A000000000000
(1700000000.121193) can0 2A9#A901000000000000
(1700000000.121503) can0 185#8504000000000000
(1700000000.121896) can0 0B0#B00B000000000000
(1700000000.122376) can0 224#2402000000000000
(1700000000.126935) can0 110#1007000000000000
(1700000000.131404) can0 0B0#B00C000000000000
(1700000000.141109) can0 0B0#B00D000000000000
(1700000000.141964) can0 110#1008000000000000
(1700000000.146968) can0 185#8505000000000000
(1700000000.150926) can0 0B0#B00E000000000000
(1700000000.156358) can0 110#1009000000000000
(1700000000.160834) can0 0B0#B00F000000000000
(1700000000.162524) can0 224#2403000000000000
(1700000000.169895) can0 0B0#B010000000000000
(1700000000.171449) can0 110#100A000000000000
(1700000000.172865) can0 185#8506000000000000
(1700000000.180574) can0 0B0#B011000000000000
(1700000000.181125) can0 2A9#A902000000000000
(1700000000.186559) can0 110#100B000000000000
(1700000000.190584) can0 333#3301000000000000
(1700000000.191133) can0 0B0#B012000000000000
(1700000000.196632) can0 185#8507000000000000
(1700000000.202074) can0 0B0#B013000000000000
(1700000000.203113) can0 110#100C000000000000
(1700000000.204828) can0 224#2404000000000000
(1700000000.212504) can0 0B0#B014000000000000
(1700000000.218641) can0 110#100D000000000000
(1700000000.220740) can0 185#8508000000000000
(1700000000.223031) can0 0B0#B015000000000000
(1700000000.233491) can0 0B0#B016000000000000
(1700000000.235589) can0 110#100E000000000000
(1700000000.240086) can0 2A9#A903000000000000
(1700000000.242768) can0 0B0#B017000000000000
(1700000000.244179) can0 185#8509000000000000
(1700000000.244250) can0 224#2405000000000000
(1700000000.251981) can0 0B0#B018000000000000
(1700000000.252139) can0 110#100F000000000000
(1700000000.261159) can0 0B0#B019000000000000
(1700000000.267148) can0 110#1010000000000000
(1700000000.267632) can0 185#850A000000000000
(1700000000.271548) can0 0B0#B01A000000000000
(1700000000.281854) can0 0B0#B01B000000000000
(1700000000.284445) can0 110#1011000000000000
(1700000000.284530) can0 224#2406000000000000
(1700000000.287340) can0 333#3302000000000000
(1700000000.290948) can0 0B0#B01C000000000000
(1700000000.293506) can0 185#850B000000000000
(1700000000.300448) can0 0B0#B01D000000000000
(1700000000.300904) can0 110#1012000000000000
(1700000000.303616) can0 2A9#A904000000000000
(1700000000.309812) can0 0B0#B01E000000000000
(1700000000.318142) can0 110#1013000000000000
(1700000000.318983) can0 0B0#B01F000000000000
(1700000000.320823) can0 185#850C000000000000
(1700000000.326108) can0 224#2407000000000000
(1700000000.329689) can0 0B0#B020000000000000
(1700000000.335039) can0 110#1014000000000000
(1700000000.339615) can0 0B0#B021000000000000
(1700000000.347298) can0 185#850D000000000000
(1700000000.348746) can0 0B0#B022000000000000
(1700000000.351984) can0 110#1015000000000000
(1700000000.359320) can0 0B0#B023000000000000
(1700000000.363868) can0 224#2408000000000000
(1700000000.367644) can0 110#1016000000000000
(1700000000.369300) can0 0B0#B024000000000000
(1700000000.369860) can0 2A9#A905000000000000
(1700000000.370931) can0 185#850E000000000000
(1700000000.380212) can0 0B0#B025000000000000
(1700000000.382324) can0 110#1017000000000000
(1700000000.386070) can0 333#3303000000000000
(1700000000.389925) can0 0B0#B026000000000000
(1700000000.395965) can0 185#850F000000000000
(1700000000.396621) can0 110#1018000000000000
(1700000000.399787) can0 0B0#B027000000000000
(1700000000.402242) can0 224#2409000000000000
(1700000000.410062) can0 0B0#B028000000000000
(1700000000.411832) can0 110#1019000000000000
(1700000000.419576) can0 0B0#B029000000000000
(1700000000.420157) can0 185#8510000000000000
(1700000000.427710) can0 110#101A000000000000
(1700000000.429391) can0 0B0#B02A000000000000
(1700000000.433649) can0 2A9#A906000000000000
(1700000000.438457) can0 0B0#B02B000000000000
(1700000000.443145) can0 185#8511000000000000
(1700000000.443590) can0 110#101B000000000000
(1700000000.445881) can0 224#240A000000000000
(1700000000.448793) can0 0B0#B02C000000000000
(1700000000.458535) can0 0B0#B02D000000000000
(1700000000.460766) can0 110#101C000000000000
(1700000000.466231) can0 185#8512000000000000
(1700000000.469272) can0 0B0#B02E000000000000
(1700000000.475313) can0 110#101D000000000000
(1700000000.478721) can0 0B0#B02F000000000000
(1700000000.486794) can0 224#240B000000000000
(1700000000.489347) can0 0B0#B030000000000000
(1700000000.489661) can0 333#3304000000000000
(1700000000.490397) can0 110#101E000000000000
(1700000000.491407) can0 185#8513000000000000
(1700000000.499328) can0 0B0#B031000000000000
(1700000000.502816) can0 2A9#A907000000000000
(1700000000.504867) can0 110#101F000000000000
(1700000000.508778) can0 0B0#B032000000000000
(1700000000.518000) can0 185#8514000000000000
(1700000000.519014) can0 0B0#B033000000000000
(1700000000.521998) can0 110#1020000000000000
(1700000000.524521) can0 224#240C000000000000
(1700000000.528023) can0 0B0#B034000000000000
(1700000000.537867) can0 0B0#B035000000000000
(1700000000.538928) can0 110#1021000000000000
(1700000000.542780) can0 185#8515000000000000
(1700000000.548262) can0 0B0#B036000000000000
(1700000000.553482) can0 110#1022000000000000
(1700000000.559164) can0 0B0#B037000000000000
(1700000000.563791) can0 2A9#A908000000000000
(1700000000.565700) can0 224#240D000000000000
(1700000000.568645) can0 0B0#B038000000000000
(1700000000.569212) can0 185#8516000000000000
(1700000000.569571) can0 110#1023000000000000
(1700000000.578049) can0 0B0#B039000000000000
(1700000000.584540) can0 110#1024000000000000
(1700000000.587454) can0 0B0#B03A000000000000
(1700000000.592886) can0 185#8517000000000000
(1700000000.596801) can0 333#3305000000000000
(1700000000.597739) can0 0B0#B03B000000000000
(1700000000.601929) can0 110#1025000000000000
(1700000000.605450) can0 224#240E000000000000
(1700000000.606997) can0 0B0#B03C000000000000
(1700000000.616774) can0 0B0#B03D000000000000
(1700000000.616945) can0 185#8518000000000000
(1700000000.618157) can0 110#1026000000000000
(1700000000.626526) can0 0B0#B03E000000000000
(1700000000.631232) can0 2A9#A909000000000000
(1700000000.633356) can0 110#1027000000000000
(1700000000.636325) can0 0B0#B03F000000000000
(1700000000.642694) can0 185#8519000000000000
(1700000000.647094) can0 0B0#B040000000000000
(1700000000.648868) can0 110#1028000000000000
(1700000000.649219) can0 224#240F000000000000
(1700000000.656136) can0 0B0#B041000000000000
(1700000000.664948) can0 110#1029000000000000
(1700000000.666241) can0 0B0#B042000000000000
(1700000000.669170) can0 185#851A000000000000
(1700000000.675637) can0 0B0#B043000000000000
(1700000000.679697) can0 110#102A000000000000
(1700000000.684942) can0 0B0#B044000000000000
(1700000000.690129) can0 333#3306000000000000
(1700000000.691907) can0 224#2410000000000000
(1700000000.694987) can0 185#851B000000000000
(1700000000.695117) can0 0B0#B045000000000000
(1700000000.696078) can0 110#102B000000000000
(1700000000.696589) can0 2A9#A90A000000000000
(1700000000.705131) can0 0B0#B046000000000000
(1700000000.713509) can0 110#102C000000000000
(1700000000.715882) can0 0B0#B047000000000000
(1700000000.721519) can0 185#851C000000000000
(1700000000.726125) can0 0B0#B048000000000000
(1700000000.727881) can0 110#102D000000000000
(1700000000.732405) can0 224#2411000000000000
(1700000000.736880) can0 0B0#B049000000000000
(1700000000.745241) can0 110#102E000000000000
(1700000000.745296) can0 185#851D000000000000
(1700000000.746428) can0 0B0#B04A000000000000
(1700000000.756347) can0 0B0#B04B000000000000
(1700000000.756806) can0 2A9#A90B000000000000
(1700000000.760691) can0 110#102F000000000000
(1700000000.767123) can0 0B0#B04C000000000000
(1700000000.768402) can0 185#851E000000000000
(1700000000.769141) can0 224#2412000000000000
(1700000000.777900) can0 0B0#B04D000000000000
(1700000000.778076) can0 110#1030000000000000
(1700000000.782985) can0 333#3307000000000000
(1700000000.788478) can0 0B0#B04E000000000000
(1700000000.793880) can0 110#1031000000000000
(1700000000.794095) can0 185#851F000000000000
(1700000000.799447) can0 0B0#B04F000000000000
(1700000000.806093) can0 224#2413000000000000
(1700000000.808788) can0 110#1032000000000000
(1700000000.808964) can0 0B0#B050000000000000
(1700000000.817854) can0 2A9#A90C000000000000
(1700000000.818638) can0 185#8520000000000000
(1700000000.819207) can0 0B0#B051000000000000
(1700000000.825541) can0 110#1033000000000000
(1700000000.828259) can0 0B0#B052000000000000
(1700000000.838005) can0 0B0#B053000000000000
(1700000000.842661) can0 110#1034000000000000
(1700000000.843321) can0 185#8521000000000000
(1700000000.848106) can0 0B0#B054000000000000
(1700000000.849453) can0 224#2414000000000000
(1700000000.857164) can0 0B0#B055000000000000
(1700000000.859358) can0 110#1035000000000000
(1700000000.866817) can0 0B0#B056000000000000
(1700000000.868630) can0 185#8522000000000000
(1700000000.873766) can0 110#1036000000000000
(1700000000.875902) can0 0B0#B057000000000000
(1700000000.877051) can0 333#3308000000000000
(1700000000.879776) can0 2A9#A90D000000000000
(1700000000.886654) can0 0B0#B058000000000000
(1700000000.889192) can0 224#2415000000000000
(1700000000.889950) can0 110#1037000000000000
(1700000000.894585) can0 185#8523000000000000
(1700000000.896287) can0 0B0#B059000000000000
(1700000000.904366) can0 110#1038000000000000
(1700000000.905584) can0 0B0#B05A000000000000
(1700000000.916576) can0 0B0#B05B000000000000
(1700000000.919540) can0 185#8524000000000000
(1700000000.920567) can0 110#1039000000000000
(1700000000.926652) can0 0B0#B05C000000000000
(1700000000.931082) can0 224#2416000000000000
(1700000000.935821) can0 0B0#B05D000000000000
(1700000000.937299) can0 110#103A000000000000
(1700000000.943614) can0 185#8525000000000000
(1700000000.945047) can0 2A9#A90E000000000000
(1700000000.946718) can0 0B0#B05E000000000000
(1700000000.951793) can0 110#103B000000000000
(1700000000.956167) can0 0B0#B05F000000000000
(1700000000.966412) can0 0B0#B060000000000000
(1700000000.966630) can0 110#103C000000000000
(1700000000.966724) can0 185#8526000000000000
(1700000000.974031) can0 224#2417000000000000
(1700000000.977382) can0 0B0#B061000000000000
(1700000000.979670) can0 333#3309000000000000
(1700000000.981746) can0 110#103D000000000000
(1700000000.987948) can0 0B0#B062000000000000
(1700000000.990359) can0 185#8527000000000000
(1700000000.998132) can0 110#103E000000000000
(1700000000.998201) can0 0B0#B063000000000000
(1700000001.007651) can0 0B0#B064000000000000
(1700000001.011720) can0 2A9#A90F000000000000
(1700000001.013608) can0 110#103F000000000000
(1700000001.016233) can0 185#8528000000000000
(1700000001.017112) can0 224#2418000000000000
(1700000001.017579) can0 0B0#B065000000000000
(1700000001.026820) can0 0B0#B066000000000000
(1700000001.028640) can0 110#1040000000000000
(1700000001.035871) can0 0B0#B067000000000000
(1700000001.039831) can0 185#8529000000000000
(1700000001.044664) can0 110#1041000000000000
(1700000001.045258) can0 0B0#B068000000000000
(1700000001.055936) can0 0B0#B069000000000000
(1700000001.056722) can0 224#2419000000000000
(1700000001.059665) can0 110#1042000000000000
(1700000001.064965) can0 0B0#B06A000000000000
(1700000001.065535) can0 185#852A000000000000
(1700000001.073225) can0 333#330A000000000000
(1700000001.074066) can0 0B0#B06B000000000000
(1700000001.074969) can0 110#1043000000000000
(1700000001.079418) can0 2A9#A910000000000000
(1700000001.085037) can0 0B0#B06C000000000000
(1700000001.090411) can0 110#1044000000000000
(1700000001.090958) can0 185#852B000000000000
(1700000001.095786) can0 0B0#B06D000000000000
(1700000001.100455) can0 224#241A000000000000
(1700000001.105626) can0 110#1045000000000000
(1700000001.106371) can0 0B0#B06E000000000000
(1700000001.114957) can0 185#852C000000000000
(1700000001.116556) can0 0B0#B06F000000000000
(1700000001.121521) can0 110#1046000000000000
(1700000001.126670) can0 0B0#B070000000000000
(1700000001.136544) can0 0B0#B071000000000000
(1700000001.136782) can0 110#1047000000000000
(1700000001.141087) can0 224#241B000000000000
(1700000001.141659) can0 185#852D000000000000
(1700000001.146942) can0 2A9#A911000000000000
(1700000001.147471) can0 0B0#B072000000000000
(1700000001.151807) can0 110#1048000000000000
(1700000001.158210) can0 0B0#B073000000000000
(1700000001.165098) can0 185#852E000000000000
(1700000001.167296) can0 110#1049000000000000
(1700000001.167871) can0 0B0#B074000000000000
(1700000001.178526) can0 0B0#B075000000000000
(1700000001.182357) can0 224#241C000000000000
(1700000001.183071) can0 333#330B000000000000
(1700000001.184194) can0 110#104A000000000000
(1700000001.189303) can0 0B0#B076000000000000
(1700000001.190559) can0 185#852F000000000000
(1700000001.199565) can0 110#104B000000000000
(1700000001.200217) can0 0B0#B077000000000000
(1700000001.204967) can0 2A9#A912000000000000
(1700000001.210869) can0 0B0#B078000000000000
(1700000001.215343) can0 185#8530000000000000
(1700000001.216981) can0 110#104C000000000000
(1700000001.221499) can0 0B0#B079000000000000
(1700000001.226114) can0 224#241D000000000000
(1700000001.231508) can0 0B0#B07A000000000000
(1700000001.233024) can0 110#104D000000000000
(1700000001.241077) can0 0B0#B07B000000000000
(1700000001.241968) can0 185#8531000000000000
(1700000001.247604) can0 110#104E000000000000
(1700000001.250640) can0 0B0#B07C000000000000
(1700000001.261312) can0 0B0#B07D000000000000
(1700000001.261807) can0 2A9#A913000000000000
(1700000001.262186) can0 110#104F000000000000
(1700000001.265608) can0 224#241E000000000000
(1700000001.268913) can0 185#8532000000000000
(1700000001.271577) can0 0B0#B07E000000000000
(1700000001.279568) can0 110#1050000000000000
(1700000001.282135) can0 0B0#B07F000000000000
(1700000001.290341) can0 333#330C000000000000
(1700000001.291374) can0 0B0#B080000000000000
(1700000001.294974) can0 110#1051000000000000
(1700000001.295588) can0 185#8533000000000000
(1700000001.300837) can0 0B0#B081000000000000
(1700000001.303060) can0 224#241F000000000000
(1700000001.310447) can0 0B0#B082000000000000
(1700000001.311805) can0 110#1052000000000000
(1700000001.320055) can0 2A9#A914000000000000
(1700000001.321150) can0 0B0#B083000000000000
(1700000001.323052) can0 185#8534000000000000
(1700000001.326079) can0 110#1053000000000000
(1700000001.330891) can0 0B0#B084000000000000
(1700000001.339975) can0 0B0#B085000000000000
(1700000001.342140) can0 110#1054000000000000
(1700000001.344574) can0 224#2420000000000000
(1700000001.350007) can0 0B0#B086000000000000
(1700000001.350556) can0 185#8535000000000000
(1700000001.358032) can0 110#1055000000000000
(1700000001.359799) can0 0B0#B087000000000000
(1700000001.370146) can0 0B0#B088000000000000
(1700000001.372345) can0 110#1056000000000000
(1700000001.377707) can0 185#8536000000000000
(1700000001.379686) can0 0B0#B089000000000000
(1700000001.380405) can0 2A9#A915000000000000
(1700000001.381857) can0 224#2421000000000000
(1700000001.388543) can0 110#1057000000000000
(1700000001.390591) can0 0B0#B08A000000000000
(1700000001.399182) can0 333#330D000000000000
(1700000001.401525) can0 0B0#B08B000000000000
(1700000001.404257) can0 110#1058000000000000
(1700000001.404894) can0 185#8537000000000000
(1700000001.410688) can0 0B0#B08C000000000000
(1700000001.419869) can0 110#1059000000000000
(1700000001.420442) can0 0B0#B08D000000000000
(1700000001.423987) can0 224#2422000000000000
(1700000001.429612) can0 185#8538000000000000
(1700000001.429842) can0 0B0#B08E000000000000
(1700000001.434928) can0 110#105A000000000000
(1700000001.439342) can0 0B0#B08F000000000000
(1700000001.446945) can0 2A9#A916000000000000
(1700000001.448589) can0 0B0#B090000000000000
(1700000001.449867) can0 110#105B000000000000
(1700000001.453250) can0 185#8539000000000000
(1700000001.459234) can0 0B0#B091000000000000
(1700000001.462115) can0 224#2423000000000000
(1700000001.465216) can0 110#105C000000000000
(1700000001.469567) can0 0B0#B092000000000000
(1700000001.478950) can0 185#853A000000000000
(1700000001.480303) can0 0B0#B093000000000000
(1700000001.481993) can0 110#105D000000000000
(1700000001.489943) can0 0B0#B094000000000000
(1700000001.499234) can0 333#330E000000000000
(1700000001.499289) can0 110#105E000000000000
(1700000001.499937) can0 0B0#B095000000000000
(1700000001.500695) can0 224#2424000000000000
(1700000001.505075) can0 2A9#A917000000000000
(1700000001.506560) can0 185#853B000000000000
(1700000001.510100) can0 0B0#B096000000000000
(1700000001.515731) can0 110#105F000000000000
(1700000001.519342) can0 0B0#B097000000000000
(1700000001.528546) can0 0B0#B098000000000000
(1700000001.531251) can0 185#853C000000000000
(1700000001.532098) can0 110#1060000000000000
(1700000001.538085) can0 0B0#B099000000000000
(1700000001.538299) can0 224#2425000000000000
(1700000001.546734) can0 110#1061000000000000
(1700000001.549045) can0 0B0#B09A000000000000
(1700000001.557601) can0 185#853D000000000000
(1700000001.559605) can0 0B0#B09B000000000000
(1700000001.561154) can0 110#1062000000000000
(1700000001.568674) can0 0B0#B09C000000000000
(1700000001.571399) can0 2A9#A918000000000000
(1700000001.574657) can0 224#2426000000000000
(1700000001.576360) can0 110#1063000000000000
(1700000001.577924) can0 0B0#B09D000000000000
(1700000001.582877) can0 185#853E000000000000
(1700000001.587331) can0 0B0#B09E000000000000
(1700000001.592326) can0 110#1064000000000000
(1700000001.597012) can0 0B0#B09F000000000000
(1700000001.599781) can0 333#330F000000000000
(1700000001.607121) can0 0B0#B0A0000000000000
(1700000001.609020) can0 110#1065000000000000
(1700000001.610126) can0 185#853F000000000000
(1700000001.610724) can0 224#2427000000000000
(1700000001.616973) can0 0B0#B0A1000000000000
(1700000001.625981) can0 0B0#B0A2000000000000
(1700000001.626058) can0 110#1066000000000000
(1700000001.631744) can0 2A9#A919000000000000
(1700000001.634552) can0 185#8540000000000000
(1700000001.636413) can0 0B0#B0A3000000000000
(1700000001.642137) can0 110#1067000000000000
(1700000001.645874) can0 0B0#B0A4000000000000
(1700000001.652262) can0 224#2428000000000000
(1700000001.656428) can0 0B0#B0A5000000000000
(1700000001.658727) can0 110#1068000000000000
(1700000001.660471) can0 185#8541000000000000
(1700000001.666637) can0 0B0#B0A6000000000000
(1700000001.673697) can0 110#1069000000000000
(1700000001.676947) can0 0B0#B0A7000000000000
(1700000001.686656) can0 0B0#B0A8000000000000
(1700000001.687213) can0 185#8542000000000000
(1700000001.688404) can0 110#106A000000000000
(1700000001.694655) can0 224#2429000000000000
(1700000001.696875) can0 0B0#B0A9000000000000
(1700000001.697161) can0 2A9#A91A000000000000
(1700000001.699533) can0 333#3310000000000000
(1700000001.704315) can0 110#106B000000000000
(1700000001.706510) can0 0B0#B0AA000000000000
(1700000001.710131) can0 185#8543000000000000
(1700000001.715758) can0 0B0#B0AB000000000000
(1700000001.719960) can0 110#106C000000000000
(1700000001.725539) can0 0B0#B0AC000000000000
(1700000001.734770) can0 0B0#B0AD000000000000
(1700000001.736236) can0 110#106D000000000000
(1700000001.736645) can0 224#242A000000000000
(1700000001.737038) can0 185#8544000000000000
(1700000001.744464) can0 0B0#B0AE000000000000
(1700000001.751580) can0 110#106E000000000000
(1700000001.754632) can0 2A9#A91B000000000000
(1700000001.755264) can0 0B0#B0AF000000000000
(1700000001.760705) can0 185#8545000000000000
(1700000001.766259) can0 0B0#B0B0000000000000
(1700000001.766776) can0 110#106F000000000000
(1700000001.776112) can0 0B0#B0B1000000000000
(1700000001.778110) can0 224#242B000000000000
(1700000001.782338) can0 110#1070000000000000
(1700000001.786374) can0 185#8546000000000000
(1700000001.786420) can0 0B0#B0B2000000000000
(1700000001.797294) can0 0B0#B0B3000000000000
(1700000001.799487) can0 110#1071000000000000
(1700000001.805446) can0 333#3311000000000000
(1700000001.807931) can0 0B0#B0B4000000000000
(1700000001.809829) can0 185#8547000000000000
(1700000001.815687) can0 224#242C000000000000
(1700000001.815974) can0 110#1072000000000000
(1700000001.817235) can0 0B0#B0B5000000000000
(1700000001.819386) can0 2A9#A91C000000000000
(1700000001.826871) can0 0B0#B0B6000000000000
(1700000001.831394) can0 110#1073000000000000
(1700000001.835043) can0 185#8548000000000000
(1700000001.836273) can0 0B0#B0B7000000000000
(1700000001.845335) can0 0B0#B0B8000000000000
(1700000001.846958) can0 110#1074000000000000
(1700000001.855533) can0 0B0#B0B9000000000000
(1700000001.856572) can0 224#242D000000000000
(1700000001.859233) can0 185#8549000000000000
(1700000001.864364) can0 110#1075000000000000
(1700000001.864713) can0 0B0#B0BA000000000000
(1700000001.875147) can0 0B0#B0BB000000000000
(1700000001.878595) can0 2A9#A91D000000000000
(1700000001.878688) can0 110#1076000000000000
(1700000001.882939) can0 185#854A000000000000
(1700000001.884836) can0 0B0#B0BC000000000000
(1700000001.894109) can0 224#242E000000000000
(1700000001.894706) can0 0B0#B0BD000000000000
(1700000001.895138) can0 110#1077000000000000
(1700000001.902806) can0 333#3312000000000000
(1700000001.904401) can0 0B0#B0BE000000000000
(1700000001.909954) can0 185#854B000000000000
(1700000001.910555) can0 110#1078000000000000
(1700000001.914318) can0 0B0#B0BF000000000000
(1700000001.923672) can0 0B0#B0C0000000000000
(1700000001.925782) can0 110#1079000000000000
(1700000001.932752) can0 0B0#B0C1000000000000
(1700000001.933924) can0 185#854C000000000000
(1700000001.936024) can0 224#242F000000000000
(1700000001.938813) can0 2A9#A91E000000000000
(1700000001.942833) can0 110#107A000000000000
(1700000001.943040) can0 0B0#B0C2000000000000
(1700000001.953735) can0 0B0#B0C3000000000000
(1700000001.959612) can0 185#854D000000000000
(1700000001.959787) can0 110#107B000000000000
(1700000001.963506) can0 0B0#B0C4000000000000
(1700000001.972389) can0 224#2430000000000000
(1700000001.974361) can0 0B0#B0C5000000000000
(1700000001.974918) can0 110#107C000000000000
(1700000001.983424) can0 0B0#B0C6000000000000
(1700000001.984319) can0 185#854E000000000000
(1700000001.990753) can0 110#107D000000000000
(1700000001.994307) can0 0B0#B0C7000000000000
(1700000001.997212) can0 2A9#A91F000000000000
(1700000002.003777) can0 0B0#B0C8000000000000
(1700000002.004679) can0 333#3313000000000000
(1700000002.007368) can0 110#107E000000000000
(1700000002.008374) can0 224#2431000000000000
(1700000002.009930) can0 185#854F000000000000
(1700000002.014117) can0 0B0#B0C9000000000000
(1700000002.024299) can0 0B0#B0CA000000000000
(1700000002.024715) can0 110#107F000000000000
(1700000002.033858) can0 185#8550000000000000
(1700000002.034403) can0 0B0#B0CB000000000000
(1700000002.041220) can0 110#1080000000000000
(1700000002.045336) can0 0B0#B0CC000000000000
(1700000002.046038) can0 224#2432000000000000
(1700000002.054435) can0 2A9#A920000000000000
(1700000002.056034) can0 0B0#B0CD000000000000
(1700000002.056484) can0 185#8551000000000000
(1700000002.056544) can0 110#1081000000000000
(1700000002.065406) can0 0B0#B0CE000000000000
(1700000002.072166) can0 110#1082000000000000
(1700000002.075262) can0 0B0#B0CF000000000000
(1700000002.081566) can0 185#8552000000000000
(1700000002.082955) can0 224#2433000000000000
(1700000002.084314) can0 0B0#B0D0000000000000
(1700000002.088889) can0 110#1083000000000000
(1700000002.094065) can0 0B0#B0D1000000000000
(1700000002.103499) can0 0B0#B0D2000000000000
(1700000002.103557) can0 333#3314000000000000
(1700000002.104964) can0 185#8553000000000000
(1700000002.106320) can0 110#1084000000000000
(1700000002.113081) can0 0B0#B0D3000000000000
(1700000002.120837) can0 2A9#A921000000000000
(1700000002.121842) can0 110#1085000000000000
(1700000002.122346) can0 0B0#B0D4000000000000
(1700000002.125992) can0 224#2434000000000000
(1700000002.129686) can0 185#8554000000000000
(1700000002.132516) can0 0B0#B0D5000000000000
(1700000002.136351) can0 110#1086000000000000
(1700000002.142510) can0 0B0#B0D6000000000000
(1700000002.152563) can0 110#1087000000000000
(1700000002.153019) can0 0B0#B0D7000000000000
(1700000002.154122) can0 185#8555000000000000
(1700000002.163370) can0 0B0#B0D8000000000000
(1700000002.165590) can0 224#2435000000000000
(1700000002.167265) can0 110#1088000000000000
(1700000002.172893) can0 0B0#B0D9000000000000
(1700000002.179912) can0 185#8556000000000000
(1700000002.183723) can0 110#1089000000000000
(1700000002.183854) can0 0B0#B0DA000000000000
(1700000002.186993) can0 2A9#A922000000000000
(1700000002.193192) can0 0B0#B0DB000000000000
(1700000002.198355) can0 110#108A000000000000
(1700000002.202938) can0 224#2436000000000000
(1700000002.203073) can0 0B0#B0DC000000000000
(1700000002.203801) can0 185#8557000000000000
(1700000002.212738) can0 333#3315000000000000
(1700000002.213242) can0 0B0#B0DD000000000000
(1700000002.214767) can0 110#108B000000000000
(1700000002.223509) can0 0B0#B0DE000000000000
(1700000002.228597) can0 185#8558000000000000
(1700000002.229841) can0 110#108C000000000000
(1700000002.233544) can0 0B0#B0DF000000000000
(1700000002.241590) can0 224#2437000000000000
(1700000002.243405) can0 0B0#B0E0000000000000
(1700000002.245243) can0 110#108D000000000000
(1700000002.252819) can0 185#8559000000000000
(1700000002.253150) can0 2A9#A923000000000000
(1700000002.253808) can0 0B0#B0E1000000000000
(1700000002.261415) can0 110#108E000000000000
(1700000002.263976) can0 0B0#B0E2000000000000
(1700000002.273507) can0 0B0#B0E3000000000000
(1700000002.275870) can0 110#108F000000000000
(1700000002.278909) can0 185#855A000000000000
(1700000002.282701) can0 0B0#B0E4000000000000
(1700000002.283758) can0 224#2438000000000000
(1700000002.292187) can0 110#1090000000000000
(1700000002.293038) can0 0B0#B0E5000000000000
(1700000002.303137) can0 0B0#B0E6000000000000
(1700000002.306509) can0 185#855B000000000000
(1700000002.308439) can0 110#1091000000000000
(1700000002.311232) can0 2A9#A924000000000000
(1700000002.312559) can0 0B0#B0E7000000000000
(1700000002.314416) can0 333#3316000000000000
(1700000002.320622) can0 224#2439000000000000
(1700000002.323058) can0 0B0#B0E8000000000000
(1700000002.325652) can0 110#1092000000000000
(1700000002.331703) can0 185#855C000000000000
(1700000002.333501) can0 0B0#B0E9000000000000
(1700000002.340474) can0 110#1093000000000000
(1700000002.343666) can0 0B0#B0EA000000000000
(1700000002.352696) can0 0B0#B0EB000000000000
(1700000002.356459) can0 185#855D000000000000
(1700000002.357360) can0 224#243A000000000000
(1700000002.357844) can0 110#1094000000000000
(1700000002.362764) can0 0B0#B0EC000000000000
(1700000002.372369) can0 110#1095000000000000
(1700000002.373379) can0 0B0#B0ED000000000000
(1700000002.373926) can0 2A9#A925000000000000
(1700000002.382523) can0 185#855E000000000000
(1700000002.384057) can0 0B0#B0EE000000000000
(1700000002.388988) can0 110#1096000000000000
(1700000002.394794) can0 0B0#B0EF000000000000
(1700000002.395781) can0 224#243B000000000000
(1700000002.404142) can0 110#1097000000000000
(1700000002.404979) can0 0B0#B0F0000000000000
(1700000002.410110) can0 185#855F000000000000
(1700000002.414297) can0 0B0#B0F1000000000000
(1700000002.417034) can0 333#3317000000000000
(1700000002.421390) can0 110#1098000000000000
(1700000002.424998) can0 0B0#B0F2000000000000
(1700000002.431125) can0 2A9#A926000000000000
(1700000002.432867) can0 185#8560000000000000
(1700000002.434414) can0 0B0#B0F3000000000000
(1700000002.435891) can0 224#243C000000000000
(1700000002.436079) can0 110#1099000000000000
(1700000002.445146) can0 0B0#B0F4000000000000
(1700000002.453428) can0 110#109A000000000000
(1700000002.454725) can0 0B0#B0F5000000000000
(1700000002.459111) can0 185#8561000000000000
(1700000002.463866) can0 0B0#B0F6000000000000
(1700000002.468513) can0 110#109B000000000000
(1700000002.473017) can0 0B0#B0F7000000000000
(1700000002.474902) can0 224#243D000000000000
(1700000002.483021) can0 0B0#B0F8000000000000
(1700000002.483211) can0 185#8562000000000000
(1700000002.484718) can0 110#109C000000000000
(1700000002.492178) can0 0B0#B0F9000000000000
(1700000002.495072) can0 2A9#A927000000000000
(1700000002.501246) can0 110#109D000000000000
(1700000002.503081) can0 0B0#B0FA000000000000
(1700000002.506749) can0 185#8563000000000000
(1700000002.512473) can0 0B0#B0FB000000000000
(1700000002.514914) can0 333#3318000000000000
(1700000002.516456) can0 110#109E000000000000
(1700000002.516764) can0 224#243E000000000000
(1700000002.522365) can0 0B0#B0FC000000000000
(1700000002.531687) can0 110#109F000000000000
(1700000002.531868) can0 185#8564000000000000
(1700000002.532382) can0 0B0#B0FD000000000000
(1700000002.541546) can0 0B0#B0FE000000000000
(1700000002.546911) can0 110#10A0000000000000
(1700000002.550553) can0 0B0#B0FF000000000000
(1700000002.554231) can0 224#243F000000000000
(1700000002.555992) can0 185#8565000000000000
(1700000002.558925) can0 2A9#A928000000000000
(1700000002.559720) can0 0B0#B000010000000000
(1700000002.563090) can0 110#10A1000000000000
(1700000002.570354) can0 0B0#B001010000000000
(1700000002.578851) can0 110#10A2000000000000
(1700000002.580599) can0 0B0#B002010000000000
(1700000002.582766) can0 185#8566000000000000
(1700000002.591257) can0 0B0#B003010000000000
(1700000002.595296) can0 110#10A3000000000000
(1700000002.596606) can0 224#2440000000000000
(1700000002.601911) can0 0B0#B004010000000000
(1700000002.608815) can0 185#8567000000000000
(1700000002.610120) can0 110#10A4000000000000
(1700000002.611171) can0 0B0#B005010000000000
(1700000002.614764) can0 333#3319000000000000
(1700000002.622011) can0 0B0#B006010000000000
(1700000002.625009) can0 110#10A5000000000000
(1700000002.626108) can0 2A9#A929000000000000
(1700000002.631501) can0 0B0#B007010000000000
(1700000002.634539) can0 224#2441000000000000
(1700000002.635609) can0 185#8568000000000000
(1700000002.640442) can0 110#10A6000000000000
(1700000002.641077) can0 0B0#B008010000000000
(1700000002.651926) can0 0B0#B009010000000000
(1700000002.654844) can0 110#10A7000000000000
(1700000002.662619) can0 0B0#B00A010000000000
(1700000002.663103) can0 185#8569000000000000
(1700000002.671695) can0 110#10A8000000000000
(1700000002.671975) can0 0B0#B00B010000000000
(1700000002.675206) can0 224#2442000000000000
(1700000002.681515) can0 0B0#B00C010000000000
(1700000002.686667) can0 110#10A9000000000000
(1700000002.690224) can0 185#856A000000000000
(1700000002.690894) can0 0B0#B00D010000000000
(1700000002.691605) can0 2A9#A92A000000000000
(1700000002.701755) can0 0B0#B00E010000000000
(1700000002.703108) can0 110#10AA000000000000
(1700000002.711894) can0 0B0#B00F010000000000
(1700000002.717352) can0 185#856B000000000000
(1700000002.717779) can0 224#2443000000000000
(1700000002.718965) can0 110#10AB000000000000
(1700000002.722274) can0 0B0#B010010000000000
(1700000002.722388) can0 333#331A000000000000
(1700000002.731801) can0 0B0#B011010000000000
(1700000002.733433) can0 110#10AC000000000000
(1700000002.741317) can0 0B0#B012010000000000
(1700000002.741708) can0 185#856C000000000000
(1700000002.747890) can0 110#10AD000000000000
(1700000002.749216) can0 2A9#A92B000000000000
(1700000002.751431) can0 0B0#B013010000000000
(1700000002.761466) can0 224#2444000000000000
(1700000002.762220) can0 0B0#B014010000000000
(1700000002.762437) can0 110#10AE000000000000
(1700000002.767171) can0 185#856D000000000000
(1700000002.772224) can0 0B0#B015010000000000
(1700000002.779020) can0 110#10AF000000000000
(1700000002.781615) can0 0B0#B016010000000000
(1700000002.790345) can0 185#856E000000000000
(1700000002.791978) can0 0B0#B017010000000000
(1700000002.794231) can0 110#10B0000000000000
(1700000002.802059) can0 0B0#B018010000000000
(1700000002.803159) can0 224#2445000000000000
(1700000002.808909) can0 2A9#A92C000000000000
(1700000002.809111) can0 110#10B1000000000000
(1700000002.812144) can0 0B0#B019010000000000
(1700000002.815507) can0 185#856F000000000000
(1700000002.821825) can0 333#331B000000000000
(1700000002.821844) can0 0B0#B01A010000000000
(1700000002.823990) can0 110#10B2000000000000
(1700000002.832261) can0 0B0#B01B010000000000
(1700000002.839051) can0 110#10B3000000000000
(1700000002.841275) can0 0B0#B01C010000000000
(1700000002.841679) can0 185#8570000000000000
(1700000002.843128) can0 224#2446000000000000
(1700000002.850698) can0 0B0#B01D010000000000
(1700000002.854550) can0 110#10B4000000000000
(1700000002.861680) can0 0B0#B01E010000000000
(1700000002.864671) can0 185#8571000000000000
(1700000002.869372) can0 2A9#A92D000000000000
(1700000002.869444) can0 110#10B5000000000000
(1700000002.870857) can0 0B0#B01F010000000000
(1700000002.881521) can0 0B0#B020010000000000
(1700000002.884210) can0 224#2447000000000000
(1700000002.885157) can0 110#10B6000000000000
(1700000002.888898) can0 185#8572000000000000
(1700000002.892426) can0 0B0#B021010000000000
(1700000002.902044) can0 0B0#B022010000000000
(1700000002.902108) can0 110#10B7000000000000
(1700000002.911070) can0 0B0#B023010000000000
(1700000002.914483) can0 185#8573000000000000
(1700000002.918249) can0 110#10B8000000000000
(1700000002.918622) can0 333#331C000000000000
(1700000002.921489) can0 0B0#B024010000000000
(1700000002.922867) can0 224#2448000000000000
(1700000002.932201) can0 0B0#B025010000000000
(1700000002.934824) can0 110#10B9000000000000
(1700000002.934999) can0 2A9#A92E000000000000
(1700000002.941409) can0 185#8574000000000000
(1700000002.942110) can0 0B0#B026010000000000
(1700000002.950923) can0 110#10BA000000000000
(1700000002.951877) can0 0B0#B027010000000000
(1700000002.959636) can0 224#2449000000000000
(1700000002.961930) can0 0B0#B028010000000000
(1700000002.966619) can0 110#10BB000000000000
(1700000002.967811) can0 185#8575000000000000
(1700000002.971391) can0 0B0#B029010000000000
(1700000002.982202) can0 0B0#B02A010000000000
(1700000002.983127) can0 110#10BC000000000000
(1700000002.992081) can0 0B0#B02B010000000000
(1700000002.992734) can0 185#8576000000000000
(1700000002.996452) can0 224#244A000000000000
(1700000002.996614) can0 2A9#A92F000000000000
(1700000002.997448) can0 110#10BD000000000000
(1700000003.002579) can0 0B0#B02C010000000000
(1700000003.011816) can0 110#10BE000000000000
(1700000003.012921) can0 0B0#B02D010000000000
(1700000003.017220) can0 185#8577000000000000
(1700000003.022608) can0 0B0#B02E010000000000
(1700000003.027954) can0 333#331D000000000000
(1700000003.028524) can0 110#10BF000000000000
(1700000003.032952) can0 0B0#B02F010000000000
(1700000003.036003) can0 224#244B000000000000
(1700000003.041053) can0 185#8578000000000000
(1700000003.042998) can0 0B0#B030010000000000
(1700000003.045872) can0 110#10C0000000000000
(1700000003.052203) can0 0B0#B031010000000000
(1700000003.060919) can0 110#10C1000000000000
(1700000003.062946) can0 0B0#B032010000000000
(1700000003.064088) can0 185#8579000000000000
(1700000003.065617) can0 2A9#A930000000000000
(1700000003.073533) can0 0B0#B033010000000000
(1700000003.077440) can0 110#10C2000000000000
(1700000003.078049) can0 224#244C000000000000
(1700000003.082786) can0 0B0#B034010000000000
(1700000003.087232) can0 185#857A000000000000
(1700000003.093121) can0 0B0#B035010000000000
(1700000003.094012) can0 110#10C3000000000000
(1700000003.104058) can0 0B0#B036010000000000
(1700000003.108879) can0 110#10C4000000000000
(1700000003.114477) can0 185#857B000000000000
(1700000003.114664) can0 0B0#B037010000000000
(1700000003.117571) can0 224#244D000000000000
(1700000003.124404) can0 110#10C5000000000000
(1700000003.124948) can0 0B0#B038010000000000
(1700000003.129901) can0 333#331E000000000000
(1700000003.131793) can0 2A9#A931000000000000
(1700000003.135810) can0 0B0#B039010000000000
(1700000003.139690) can0 110#10C6000000000000
(1700000003.141535) can0 185#857C000000000000
(1700000003.146215) can0 0B0#B03A010000000000
(1700000003.154015) can0 110#10C7000000000000
(1700000003.155293) can0 0B0#B03B010000000000
(1700000003.159371) can0 224#244E000000000000
(1700000003.164430) can0 0B0#B03C010000000000
(1700000003.167433) can0 185#857D000000000000
(1700000003.170563) can0 110#10C8000000000000
(1700000003.174427) can0 0B0#B03D010000000000
(1700000003.183777) can0 0B0#B03E010000000000
(1700000003.186516) can0 110#10C9000000000000
(1700000003.193477) can0 185#857E000000000000
(1700000003.193797) can0 0B0#B03F010000000000
(1700000003.196146) can0 2A9#A932000000000000
(1700000003.201631) can0 224#244F000000000000
(1700000003.203794) can0 110#10CA000000000000
(1700000003.204790) can0 0B0#B040010000000000
(1700000003.215586) can0 0B0#B041010000000000
(1700000003.219824) can0 185#857F000000000000
(1700000003.220320) can0 110#10CB000000000000
(1700000003.225359) can0 0B0#B042010000000000
(1700000003.234493) can0 333#331F000000000000
(1700000003.234755) can0 110#10CC000000000000
(1700000003.235367) can0 0B0#B043010000000000
(1700000003.242511) can0 224#2450000000000000
(1700000003.244499) can0 0B0#B044010000000000
(1700000003.244895) can0 185#8580000000000000
(1700000003.249514) can0 110#10CD000000000000
(1700000003.254963) can0 0B0#B045010000000000
(1700000003.261182) can0 2A9#A933000000000000
(1700000003.264376) can0 0B0#B046010000000000
(1700000003.265935) can0 110#10CE000000000000
(1700000003.269635) can0 185#8581000000000000
(1700000003.273425) can0 0B0#B047010000000000
(1700000003.282673) can0 0B0#B048010000000000
(1700000003.282932) can0 110#10CF000000000000
(1700000003.285763) can0 224#2451000000000000
(1700000003.293067) can0 0B0#B049010000000000
(1700000003.294969) can0 185#8582000000000000
(1700000003.299630) can0 110#10D0000000000000
(1700000003.303166) can0 0B0#B04A010000000000
(1700000003.312562) can0 0B0#B04B010000000000
(1700000003.316866) can0 110#10D1000000000000
(1700000003.318658) can0 2A9#A934000000000000
(1700000003.319495) can0 185#8583000000000000
(1700000003.321832) can0 0B0#B04C010000000000
(1700000003.329391) can0 224#2452000000000000
(1700000003.330948) can0 0B0#B04D010000000000
(1700000003.331191) can0 110#10D2000000000000
(1700000003.338661) can0 333#3320000000000000
(1700000003.340239) can0 0B0#B04E010000000000
(1700000003.345529) can0 110#10D3000000000000
(1700000003.346114) can0 185#8584000000000000
(1700000003.351221) can0 0B0#B04F010000000000
(1700000003.360661) can0 0B0#B050010000000000
(1700000003.361299) can0 110#10D4000000000000
(1700000003.371314) can0 224#2453000000000000
(1700000003.371583) can0 0B0#B051010000000000
(1700000003.372683) can0 185#8585000000000000
(1700000003.377126) can0 110#10D5000000000000
(1700000003.380780) can0 0B0#B052010000000000
(1700000003.387283) can0 2A9#A935000000000000
(1700000003.390368) can0 0B0#B053010000000000
(1700000003.392006) can0 110#10D6000000000000
(1700000003.397738) can0 185#8586000000000000
(1700000003.399461) can0 0B0#B054010000000000
(1700000003.406884) can0 110#10D7000000000000
(1700000003.408677) can0 0B0#B055010000000000
(1700000003.410595) can0 224#2454000000000000
(1700000003.419090) can0 0B0#B056010000000000
(1700000003.421985) can0 110#10D8000000000000
(1700000003.424447) can0 185#8587000000000000
(1700000003.429086) can0 0B0#B057010000000000
(1700000003.438400) can0 0B0#B058010000000000
(1700000003.438584) can0 110#10D9000000000000
(1700000003.446834) can0 2A9#A936000000000000
(1700000003.446878) can0 333#3321000000000000
(1700000003.448067) can0 224#2455000000000000
(1700000003.449347) can0 0B0#B059010000000000
(1700000003.449623) can0 185#8588000000000000
(1700000003.453042) can0 110#10DA000000000000
(1700000003.459321) can0 0B0#B05A010000000000
(1700000003.469855) can0 110#10DB000000000000
(1700000003.470158) can0 0B0#B05B010000000000
(1700000003.476829) can0 185#8589000000000000
(1700000003.480397) can0 0B0#B05C010000000000
(1700000003.485753) can0 110#10DC000000000000
(1700000003.489913) can0 224#2456000000000000
(1700000003.490541) can0 0B0#B05D010000000000
(1700000003.500651) can0 0B0#B05E010000000000
(1700000003.501721) can0 185#858A000000000000
(1700000003.502736) can0 110#10DD000000000000
(1700000003.510080) can0 2A9#A937000000000000
(1700000003.510938) can0 0B0#B05F010000000000
(1700000003.517097) can0 110#10DE000000000000
(1700000003.521072) can0 0B0#B060010000000000
(1700000003.524384) can0 185#858B000000000000
(1700000003.530411) can0 0B0#B061010000000000
(1700000003.530426) can0 224#2457000000000000
(1700000003.532809) can0 110#10DF000000000000
(1700000003.541168) can0 0B0#B062010000000000
(1700000003.548993) can0 110#10E0000000000000
(1700000003.549175) can0 185#858C000000000000
(1700000003.550315) can0 0B0#B063010000000000
(1700000003.552211) can0 333#3322000000000000
(1700000003.559744) can0 0B0#B064010000000000
(1700000003.563625) can0 110#10E1000000000000
(1700000003.568796) can0 224#2458000000000000
(1700000003.569631) can0 0B0#B065010000000000
(1700000003.573020) can0 185#858D000000000000
(1700000003.573710) can0 2A9#A938000000000000
(1700000003.579750) can0 110#10E2000000000000
(1700000003.580562) can0 0B0#B066010000000000
(1700000003.590061) can0 0B0#B067010000000000
(1700000003.596217) can0 110#10E3000000000000
(1700000003.599634) can0 0B0#B068010000000000
(1700000003.600546) can0 185#858E000000000000
(1700000003.609830) can0 0B0#B069010000000000
(1700000003.612051) can0 110#10E4000000000000
(1700000003.612493) can0 224#2459000000000000
(1700000003.619412) can0 0B0#B06A010000000000
(1700000003.624443) can0 185#858F000000000000
(1700000003.628334) can0 110#10E5000000000000
(1700000003.628850) can0 0B0#B06B010000000000
(1700000003.635455) can0 2A9#A939000000000000
(1700000003.639110) can0 0B0#B06C010000000000
(1700000003.644228) can0 110#10E6000000000000
(1700000003.648753) can0 224#245A000000000000
(1700000003.649145) can0 0B0#B06D010000000000
(1700000003.649296) can0 185#8590000000000000
(1700000003.659635) can0 110#10E7000000000000
(1700000003.659981) can0 0B0#B06E010000000000
(1700000003.661135) can0 333#3323000000000000
(1700000003.670611) can0 0B0#B06F010000000000
(1700000003.675379) can0 110#10E8000000000000
(1700000003.676255) can0 185#8591000000000000
(1700000003.679650) can0 0B0#B070010000000000
(1700000003.686905) can0 224#245B000000000000
(1700000003.690590) can0 0B0#B071010000000000
(1700000003.692653) can0 110#10E9000000000000
(1700000003.701033) can0 0B0#B072010000000000
(1700000003.702702) can0 185#8592000000000000
(1700000003.704271) can0 2A9#A93A000000000000
(1700000003.708290) can0 110#10EA000000000000
(1700000003.711113) can0 0B0#B073010000000000
(1700000003.720232) can0 0B0#B074010000000000
(1700000003.722564) can0 110#10EB000000000000
(1700000003.729267) can0 224#245C000000000000
(1700000003.729537) can0 0B0#B075010000000000
(1700000003.729774) can0 185#8593000000000000
(1700000003.738545) can0 0B0#B076010000000000
(1700000003.739579) can0 110#10EC000000000000
(1700000003.748514) can0 0B0#B077010000000000
(1700000003.752903) can0 185#8594000000000000
(1700000003.755051) can0 110#10ED000000000000
(1700000003.758358) can0 0B0#B078010000000000
(1700000003.765339) can0 333#3324000000000000
(1700000003.769242) can0 0B0#B079010000000000
(1700000003.770325) can0 2A9#A93B000000000000
(1700000003.772209) can0 110#10EE000000000000
(1700000003.773026) can0 224#245D000000000000
(1700000003.776839) can0 185#8595000000000000
(1700000003.779453) can0 0B0#B07A010000000000
(1700000003.788578) can0 110#10EF000000000000
(1700000003.788779) can0 0B0#B07B010000000000
(1700000003.798966) can0 0B0#B07C010000000000
(1700000003.802485) can0 185#8596000000000000
(1700000003.803555) can0 110#10F0000000000000
(1700000003.808846) can0 0B0#B07D010000000000
(1700000003.813817) can0 224#245E000000000000
(1700000003.818446) can0 0B0#B07E010000000000
(1700000003.820717) can0 110#10F1000000000000
(1700000003.827851) can0 0B0#B07F010000000000
(1700000003.828124) can0 2A9#A93C000000000000
(1700000003.828893) can0 185#8597000000000000
(1700000003.837505) can0 110#10F2000000000000
(1700000003.838850) can0 0B0#B080010000000000
(1700000003.849632) can0 0B0#B081010000000000
(1700000003.852783) can0 185#8598000000000000
(1700000003.854012) can0 224#245F000000000000
(1700000003.854550) can0 110#10F3000000000000
(1700000003.859323) can0 0B0#B082010000000000
(1700000003.869056) can0 110#10F4000000000000
(1700000003.869797) can0 0B0#B083010000000000
(1700000003.875180) can0 333#3325000000000000
(1700000003.875848) can0 185#8599000000000000
(1700000003.880345) can0 0B0#B084010000000000
(1700000003.885968) can0 110#10F5000000000000
(1700000003.889678) can0 0B0#B085010000000000
(1700000003.896259) can0 2A9#A93D000000000000
(1700000003.897514) can0 224#2460000000000000
(1700000003.899612) can0 0B0#B086010000000000
(1700000003.899630) can0 185#859A000000000000
(1700000003.902829) can0 110#10F6000000000000
(1700000003.909428) can0 0B0#B087010000000000
(1700000003.919009) can0 110#10F7000000000000
(1700000003.920380) can0 0B0#B088010000000000
(1700000003.927221) can0 185#859B000000000000
(1700000003.930663) can0 0B0#B089010000000000
(1700000003.934917) can0 110#10F8000000000000
(1700000003.939437) can0 224#2461000000000000
(1700000003.939783) can0 0B0#B08A010000000000
(1700000003.949198) can0 0B0#B08B010000000000
(1700000003.951455) can0 110#10F9000000000000
(1700000003.952935) can0 185#859C000000000000
(1700000003.958107) can0 2A9#A93E000000000000
(1700000003.958937) can0 0B0#B08C010000000000
(1700000003.967588) can0 110#10FA000000000000
(1700000003.969306) can0 333#3326000000000000
(1700000003.969431) can0 0B0#B08D010000000000
(1700000003.976437) can0 224#2462000000000000
(1700000003.977337) can0 185#859D000000000000
(1700000003.978947) can0 0B0#B08E010000000000
(1700000003.982841) can0 110#10FB000000000000
(1700000003.988652) can0 0B0#B08F010000000000
(1700000003.997355) can0 110#10FC000000000000
(1700000003.998304) can0 0B0#B090010000000000
(1700000004.003161) can0 185#859E000000000000
(1700000004.007779) can0 0B0#B091010000000000
(1700000004.013012) can0 110#10FD000000000000
(1700000004.016874) can0 0B0#B092010000000000
(1700000004.019773) can0 224#2463000000000000
(1700000004.021760) can0 2A9#A93F000000000000
(1700000004.027521) can0 110#10FE000000000000
(1700000004.027574) can0 0B0#B093010000000000
(1700000004.029989) can0 185#859F000000000000
(1700000004.038119) can0 0B0#B094010000000000
(1700000004.044866) can0 110#10FF000000000000
(1700000004.048650) can0 0B0#B095010000000000
(1700000004.053210) can0 185#85A0000000000000
(1700000004.057303) can0 224#2464000000000000
(1700000004.057790) can0 0B0#B096010000000000
(1700000004.060788) can0 110#1000010000000000
(1700000004.065825) can0 333#3327000000000000
(1700000004.066905) can0 0B0#B097010000000000
(1700000004.076824) can0 0B0#B098010000000000
(1700000004.076959) can0 185#85A1000000000000
(1700000004.077925) can0 110#1001010000000000
(1700000004.085854) can0 2A9#A940000000000000
(1700000004.086165) can0 0B0#B099010000000000
(1700000004.093785) can0 110#1002010000000000
(1700000004.096224) can0 0B0#B09A010000000000
(1700000004.097123) can0 224#2465000000000000
(1700000004.101027) can0 185#85A2000000000000
(1700000004.106234) can0 0B0#B09B010000000000
(1700000004.110836) can0 110#1003010000000000
(1700000004.116737) can0 0B0#B09C010000000000
(1700000004.126071) can0 110#1004010000000000
(1700000004.127600) can0 0B0#B09D010000000000
(1700000004.127926) can0 185#85A3000000000000
(1700000004.135898) can0 224#2466000000000000
(1700000004.136966) can0 0B0#B09E010000000000
(1700000004.141071) can0 110#1005010000000000
(1700000004.143335) can0 2A9#A941000000000000
(1700000004.147670) can0 0B0#B09F010000000000
(1700000004.153773) can0 185#85A4000000000000
(1700000004.156395) can0 110#1006010000000000
(1700000004.157758) can0 0B0#B0A0010000000000
(1700000004.167905) can0 0B0#B0A1010000000000
(1700000004.172463) can0 224#2467000000000000
(1700000004.173299) can0 110#1007010000000000
(1700000004.174526) can0 333#3328000000000000
(1700000004.177697) can0 0B0#B0A2010000000000
(1700000004.178712) can0 185#85A5000000000000
(1700000004.186803) can0 0B0#B0A3010000000000
(1700000004.188574) can0 110#1008010000000000
(1700000004.196957) can0 0B0#B0A4010000000000
(1700000004.202398) can0 2A9#A942000000000000
(1700000004.203025) can0 110#1009010000000000
(1700000004.203982) can0 185#85A6000000000000
(1700000004.207199) can0 0B0#B0A5010000000000
(1700000004.214911) can0 224#2468000000000000
(1700000004.216791) can0 0B0#B0A6010000000000
(1700000004.220303) can0 110#100A010000000000
(1700000004.226182) can0 0B0#B0A7010000000000
(1700000004.229440) can0 185#85A7000000000000
(1700000004.235984) can0 0B0#B0A8010000000000
(1700000004.236606) can0 110#100B010000000000
(1700000004.246173) can0 0B0#B0A9010000000000
(1700000004.252513) can0 185#85A8000000000000
(1700000004.252663) can0 110#100C010000000000
(1700000004.255603) can0 0B0#B0AA010000000000
(1700000004.256229) can0 224#2469000000000000
(1700000004.265238) can0 333#3329000000000000
(1700000004.265511) can0 0B0#B0AB010000000000
(1700000004.265601) can0 2A9#A943000000000000
(1700000004.269836) can0 110#100D010000000000
(1700000004.276241) can0 0B0#B0AC010000000000
(1700000004.279655) can0 185#85A9000000000000
(1700000004.285932) can0 0B0#B0AD010000000000
(1700000004.286157) can0 110#100E010000000000
(1700000004.295310) can0 224#246A000000000000
(1700000004.296746) can0 0B0#B0AE010000000000
(1700000004.301060) can0 110#100F010000000000
(1700000004.304986) can0 185#85AA000000000000
(1700000004.307402) can0 0B0#B0AF010000000000
(1700000004.315432) can0 110#1010010000000000
(1700000004.317276) can0 0B0#B0B0010000000000
(1700000004.326621) can0 0B0#B0B1010000000000
(1700000004.330522) can0 110#1011010000000000
(1700000004.331465) can0 185#85AB000000000000
(1700000004.331884) can0 224#246B000000000000
(1700000004.334129) can0 2A9#A944000000000000
(1700000004.336982) can0 0B0#B0B2010000000000
(1700000004.345881) can0 110#1012010000000000
(1700000004.346201) can0 0B0#B0B3010000000000
(1700000004.355322) can0 0B0#B0B4010000000000
(1700000004.358639) can0 185#85AC000000000000
(1700000004.362039) can0 110#1013010000000000
(1700000004.364834) can0 0B0#B0B5010000000000
(1700000004.373995) can0 224#246C000000000000
(1700000004.374129) can0 0B0#B0B6010000000000
(1700000004.374272) can0 333#332A000000000000
(1700000004.379251) can0 110#1014010000000000
(1700000004.382260) can0 185#85AD000000000000
(1700000004.384563) can0 0B0#B0B7010000000000
(1700000004.394150) can0 0B0#B0B8010000000000
(1700000004.395265) can0 110#1015010000000000
(1700000004.396623) can0 2A9#A945000000000000
(1700000004.403600) can0 0B0#B0B9010000000000
(1700000004.405678) can0 185#85AE000000000000
(1700000004.410156) can0 110#1016010000000000
(1700000004.414216) can0 0B0#B0BA010000000000
(1700000004.415211) can0 224#246D000000000000
(1700000004.423251) can0 0B0#B0BB010000000000
(1700000004.425929) can0 110#1017010000000000
(1700000004.428376) can0 185#85AF000000000000
(1700000004.432531) can0 0B0#B0BC010000000000
(1700000004.442150) can0 0B0#B0BD010000000000
(1700000004.443317) can0 110#1018010000000000
(1700000004.452123) can0 0B0#B0BE010000000000
(1700000004.453077) can0 185#85B0000000000000
(1700000004.454295) can0 2A9#A946000000000000
(1700000004.455588) can0 224#246E000000000000
(1700000004.457801) can0 110#1019010000000000
(1700000004.462290) can0 0B0#B0BF010000000000
(1700000004.471988) can0 0B0#B0C0010000000000
(1700000004.474800) can0 110#101A010000000000
(1700000004.475110) can0 333#332B000000000000
(1700000004.479312) can0 185#85B1000000000000
(1700000004.482375) can0 0B0#B0C1010000000000
(1700000004.489459) can0 110#101B010000000000
(1700000004.492790) can0 0B0#B0C2010000000000
(1700000004.496586) can0 224#246F000000000000
(1700000004.502436) can0 0B0#B0C3010000000000
(1700000004.503545) can0 185#85B2000000000000
(1700000004.505208) can0 110#101C010000000000
(1700000004.512707) can0 0B0#B0C4010000000000
(1700000004.519858) can0 110#101D010000000000
(1700000004.521932) can0 0B0#B0C5010000000000
(1700000004.522188) can0 2A9#A947000000000000
(1700000004.530487) can0 185#85B3000000000000
(1700000004.532734) can0 0B0#B0C6010000000000
(1700000004.534453) can0 110#101E010000000000
(1700000004.538373) can0 224#2470000000000000
(1700000004.542565) can0 0B0#B0C7010000000000
(1700000004.549903) can0 110#101F010000000000
(1700000004.552498) can0 0B0#B0C8010000000000
(1700000004.555850) can0 185#85B4000000000000
(1700000004.562883) can0 0B0#B0C9010000000000
(1700000004.566316) can0 110#1020010000000000
(1700000004.570251) can0 333#332C000000000000
(1700000004.572042) can0 0B0#B0CA010000000000
(1700000004.574947) can0 224#2471000000000000
(1700000004.578819) can0 185#85B5000000000000
(1700000004.581444) can0 0B0#B0CB010000000000
(1700000004.582887) can0 110#1021010000000000
(1700000004.587538) can0 2A9#A948000000000000
(1700000004.590760) can0 0B0#B0CC010000000000
(1700000004.599108) can0 110#1022010000000000
(1700000004.601030) can0 0B0#B0CD010000000000
(1700000004.602977) can0 185#85B6000000000000
(1700000004.610318) can0 0B0#B0CE010000000000
(1700000004.613736) can0 110#1023010000000000
(1700000004.614007) can0 224#2472000000000000
(1700000004.620189) can0 0B0#B0CF010000000000
(1700000004.629255) can0 0B0#B0D0010000000000
(1700000004.629760) can0 110#1024010000000000
(1700000004.630217) can0 185#85B7000000000000
(1700000004.639948) can0 0B0#B0D1010000000000
(1700000004.645129) can0 110#1025010000000000
(1700000004.649233) can0 0B0#B0D2010000000000
(1700000004.652055) can0 224#2473000000000000
(1700000004.653573) can0 2A9#A949000000000000
(1700000004.656633) can0 185#85B8000000000000
(1700000004.659595) can0 0B0#B0D3010000000000
(1700000004.660630) can0 110#1026010000000000
(1700000004.669712) can0 0B0#B0D4010000000000
(1700000004.675217) can0 333#332D000000000000
(1700000004.676441) can0 110#1027010000000000
(1700000004.678828) can0 0B0#B0D5010000000000
(1700000004.682787) can0 185#85B9000000000000
(1700000004.688256) can0 0B0#B0D6010000000000
(1700000004.691504) can0 110#1028010000000000
(1700000004.692748) can0 224#2474000000000000
(1700000004.697456) can0 0B0#B0D7010000000000
(1700000004.707724) can0 0B0#B0D8010000000000
(1700000004.707735) can0 110#1029010000000000
(1700000004.708505) can0 185#85BA000000000000
(1700000004.716968) can0 0B0#B0D9010000000000
(1700000004.720843) can0 2A9#A94A000000000000
(1700000004.723427) can0 110#102A010000000000
(1700000004.726800) can0 0B0#B0DA010000000000
(1700000004.729810) can0 224#2475000000000000
(1700000004.733314) can0 185#85BB000000000000
(1700000004.736393) can0 0B0#B0DB010000000000
(1700000004.738085) can0 110#102B010000000000
(1700000004.745733) can0 0B0#B0DC010000000000
(1700000004.754784) can0 110#102C010000000000
(1700000004.754949) can0 0B0#B0DD010000000000
(1700000004.758745) can0 185#85BC000000000000
(1700000004.764681) can0 0B0#B0DE010000000000
(1700000004.766552) can0 224#2476000000000000
(1700000004.772089) can0 110#102D010000000000
(1700000004.774251) can0 333#332E000000000000
(1700000004.774762) can0 0B0#B0DF010000000000
(1700000004.783755) can0 2A9#A94B000000000000
(1700000004.784272) can0 0B0#B0E0010000000000
(1700000004.785887) can0 185#85BD000000000000
(1700000004.789345) can0 110#102E010000000000
(1700000004.794884) can0 0B0#B0E1010000000000
(1700000004.802785) can0 224#2477000000000000
(1700000004.804973) can0 110#102F010000000000
(1700000004.805156) can0 0B0#B0E2010000000000
(1700000004.809432) can0 185#85BE000000000000
(1700000004.814678) can0 0B0#B0E3010000000000
(1700000004.819696) can0 110#1030010000000000
(1700000004.825451) can0 0B0#B0E4010000000000
(1700000004.835149) can0 0B0#B0E5010000000000
(1700000004.835950) can0 110#1031010000000000
(1700000004.836660) can0 185#85BF000000000000
(1700000004.843092) can0 2A9#A94C000000000000
(1700000004.843414) can0 224#2478000000000000
(1700000004.845729) can0 0B0#B0E6010000000000
(1700000004.852732) can0 110#1032010000000000
(1700000004.854855) can0 0B0#B0E7010000000000
(1700000004.862992) can0 185#85C0000000000000
(1700000004.864165) can0 0B0#B0E8010000000000
(1700000004.868208) can0 110#1033010000000000
(1700000004.873994) can0 0B0#B0E9010000000000
(1700000004.883468) can0 333#332F000000000000
(1700000004.883673) can0 110#1034010000000000
(1700000004.884628) can0 0B0#B0EA010000000000
(1700000004.886508) can0 224#2479000000000000
(1700000004.886767) can0 185#85C1000000000000
(1700000004.894859) can0 0B0#B0EB010000000000
(1700000004.900617) can0 110#1035010000000000
(1700000004.901110) can0 2A9#A94D000000000000
(1700000004.905365) can0 0B0#B0EC010000000000
(1700000004.911386) can0 185#85C2000000000000
(1700000004.915536) can0 110#1036010000000000
(1700000004.915790) can0 0B0#B0ED010000000000
(1700000004.922742) can0 224#247A000000000000
(1700000004.925769) can0 0B0#B0EE010000000000
(1700000004.931070) can0 110#1037010000000000
(1700000004.935945) can0 0B0#B0EF010000000000
(1700000004.936315) can0 185#85C3000000000000
(1700000004.946708) can0 0B0#B0F0010000000000
(1700000004.947740) can0 110#1038010000000000
(1700000004.957641) can0 0B0#B0F1010000000000
(1700000004.959405) can0 185#85C4000000000000
(1700000004.963332) can0 2A9#A94E000000000000
(1700000004.963783) can0 224#247B000000000000
(1700000004.965087) can0 110#1039010000000000
(1700000004.967159) can0 0B0#B0F2010000000000
(1700000004.978015) can0 0B0#B0F3010000000000
(1700000004.981488) can0 110#103A010000000000
(1700000004.984157) can0 185#85C5000000000000
(1700000004.988594) can0 0B0#B0F4010000000000
(1700000004.990855) can0 333#3330000000000000
(1700000004.997062) can0 110#103B010000000000
(1700000004.997797) can0 0B0#B0F5010000000000
(1700000005.006490) can0 224#247C000000000000
(1700000005.007630) can0 0B0#B0F6010000000000
(1700000005.010682) can0 185#85C6000000000000
(1700000005.012192) can0 110#103C010000000000
(1700000005.017884) can0 0B0#B0F7010000000000
(1700000005.026081) can0 2A9#A94F000000000000
(1700000005.028077) can0 0B0#B0F8010000000000
(1700000005.029519) can0 110#103D010000000000
(1700000005.037415) can0 185#85C7000000000000
(1700000005.037889) can0 0B0#B0F9010000000000
(1700000005.045042) can0 110#103E010000000000
(1700000005.046671) can0 224#247D000000000000
(1700000005.047402) can0 0B0#B0FA010000000000
(1700000005.057650) can0 0B0#B0FB010000000000
(1700000005.059367) can0 110#103F010000000000
(1700000005.060792) can0 185#85C8000000000000
(1700000005.068584) can0 0B0#B0FC010000000000
(1700000005.076799) can0 110#1040010000000000
(1700000005.078174) can0 0B0#B0FD010000000000
(1700000005.086091) can0 2A9#A950000000000000
(1700000005.087689) can0 0B0#B0FE010000000000
(1700000005.087828) can0 185#85C9000000000000
(1700000005.088617) can0 224#247E000000000000
(1700000005.091572) can0 110#1041010000000000
(1700000005.097114) can0 333#3331000000000000
(1700000005.097493) can0 0B0#B0FF010000000000
(1700000005.106209) can0 110#1042010000000000
(1700000005.107635) can0 0B0#B000020000000000
(1700000005.115154) can0 185#85CA000000000000
(1700000005.117631) can0 0B0#B001020000000000
(1700000005.121697) can0 110#1043010000000000
(1700000005.127075) can0 224#247F000000000000
(1700000005.127899) can0 0B0#B002020000000000
(1700000005.137790) can0 0B0#B003020000000000
(1700000005.138153) can0 110#1044010000000000
(1700000005.141036) can0 185#85CB000000000000
(1700000005.148272) can0 0B0#B004020000000000
(1700000005.149031) can0 2A9#A951000000000000
(1700000005.153225) can0 110#1045010000000000
(1700000005.158602) can0 0B0#B005020000000000
(1700000005.164406) can0 224#2480000000000000
(1700000005.165759) can0 185#85CC000000000000
(1700000005.168625) can0 0B0#B006020000000000
(1700000005.168973) can0 110#1046010000000000
(1700000005.178926) can0 0B0#B007020000000000
(1700000005.186177) can0 110#1047010000000000
(1700000005.188269) can0 0B0#B008020000000000
(1700000005.189639) can0 185#85CD000000000000
(1700000005.199081) can0 0B0#B009020000000000
(1700000005.201284) can0 110#1048010000000000
(1700000005.204346) can0 224#2481000000000000
(1700000005.206915) can0 333#3332000000000000
(1700000005.209867) can0 0B0#B00A020000000000
(1700000005.214398) can0 185#85CE000000000000
(1700000005.217699) can0 2A9#A952000000000000
(1700000005.218563) can0 110#1049010000000000
(1700000005.220244) can0 0B0#B00B020000000000
(1700000005.229899) can0 0B0#B00C020000000000
(1700000005.234480) can0 110#104A010000000000
(1700000005.239808) can0 0B0#B00D020000000000
(1700000005.240581) can0 185#85CF000000000000
(1700000005.241942) can0 224#2482000000000000
(1700000005.250222) can0 0B0#B00E020000000000
(1700000005.251265) can0 110#104B010000000000
(1700000005.259973) can0 0B0#B00F020000000000
(1700000005.263756) can0 185#85D0000000000000
(1700000005.265811) can0 110#104C010000000000
(1700000005.269462) can0 0B0#B010020000000000
(1700000005.279809) can0 0B0#B011020000000000
(1700000005.280655) can0 110#104D010000000000
(1700000005.285108) can0 2A9#A953000000000000
(1700000005.285301) can0 224#2483000000000000
(1700000005.287202) can0 185#85D1000000000000
(1700000005.289711) can0 0B0#B012020000000000
(1700000005.296692) can0 110#104E010000000000
(1700000005.300244) can0 0B0#B013020000000000
(1700000005.302848) can0 333#3333000000000000
(1700000005.310198) can0 0B0#B014020000000000
(1700000005.311766) can0 110#104F010000000000
(1700000005.314111) can0 185#85D2000000000000
(1700000005.320787) can0 0B0#B015020000000000
(1700000005.321977) can0 224#2484000000000000
(1700000005.328611) can0 110#1050010000000000
(1700000005.329915) can0 0B0#B016020000000000
(1700000005.339609) can0 0B0#B017020000000000
(1700000005.340784) can0 185#85D3000000000000
(1700000005.343758) can0 2A9#A954000000000000
(1700000005.344455) can0 110#1051010000000000
(1700000005.348817) can0 0B0#B018020000000000
(1700000005.359482) can0 0B0#B019020000000000
(1700000005.360759) can0 110#1052010000000000
(1700000005.362511) can0 224#2485000000000000
(1700000005.366211) can0 185#85D4000000000000
(1700000005.369963) can0 0B0#B01A020000000000
(1700000005.377542) can0 110#1053010000000000
(1700000005.380797) can0 0B0#B01B020000000000
(1700000005.390696) can0 0B0#B01C020000000000
(1700000005.393086) can0 185#85D5000000000000
(1700000005.393367) can0 110#1054010000000000
(1700000005.398740) can0 333#3334000000000000
(1700000005.400491) can0 0B0#B01D020000000000
(1700000005.404442) can0 224#2486000000000000
(1700000005.408915) can0 2A9#A955000000000000
(1700000005.409598) can0 110#1055010000000000
(1700000005.410860) can0 0B0#B01E020000000000
(1700000005.420171) can0 185#85D6000000000000
(1700000005.421653) can0 0B0#B01F020000000000
(1700000005.423941) can0 110#1056010000000000
(1700000005.431816) can0 0B0#B020020000000000
(1700000005.438815) can0 110#1057010000000000
(1700000005.442271) can0 0B0#B021020000000000
(1700000005.445927) can0 185#85D7000000000000
(1700000005.446203) can0 224#2487000000000000
(1700000005.452044) can0 0B0#B022020000000000
(1700000005.454131) can0 110#1058010000000000
(1700000005.462685) can0 0B0#B023020000000000
(1700000005.467080) can0 2A9#A956000000000000
(1700000005.469526) can0 185#85D8000000000000
(1700000005.471044) can0 110#1059010000000000
(1700000005.473150) can0 0B0#B024020000000000
(1700000005.483678) can0 0B0#B025020000000000
(1700000005.485904) can0 110#105A010000000000
(1700000005.489425) can0 224#2488000000000000
(1700000005.489832) can0 333#3335000000000000
(1700000005.493674) can0 185#85D9000000000000
(1700000005.494058) can0 0B0#B026020000000000
(1700000005.501515) can0 110#105B010000000000
(1700000005.503469) can0 0B0#B027020000000000
(1700000005.513577) can0 0B0#B028020000000000
(1700000005.518474) can0 110#105C010000000000
(1700000005.519615) can0 185#85DA000000000000
(1700000005.523695) can0 0B0#B029020000000000
(1700000005.531508) can0 224#2489000000000000
(1700000005.534275) can0 0B0#B02A020000000000
(1700000005.534720) can0 110#105D010000000000
(1700000005.535299) can0 2A9#A957000000000000
(1700000005.543387) can0 185#85DB000000000000
(1700000005.544451) can0 0B0#B02B020000000000
(1700000005.551246) can0 110#105E010000000000
(1700000005.554782) can0 0B0#B02C020000000000
(1700000005.563804) can0 0B0#B02D020000000000
(1700000005.565512) can0 110#105F010000000000
(1700000005.569804) can0 185#85DC000000000000
(1700000005.570705) can0 224#248A000000000000
(1700000005.573599) can0 0B0#B02E020000000000
(1700000005.581207) can0 110#1060010000000000
(1700000005.583236) can0 0B0#B02F020000000000
(1700000005.589732) can0 333#3336000000000000
(1700000005.593401) can0 0B0#B030020000000000
(1700000005.594219) can0 2A9#A958000000000000
(1700000005.594826) can0 185#85DD000000000000
(1700000005.596508) can0 110#1061010000000000
(1700000005.602481) can0 0B0#B031020000000000
(1700000005.608064) can0 224#248B000000000000
(1700000005.612818) can0 110#1062010000000000
(1700000005.613298) can0 0B0#B032020000000000
(1700000005.618597) can0 185#85DE000000000000
(1700000005.622483) can0 0B0#B033020000000000
(1700000005.629227) can0 110#1063010000000000
(1700000005.632006) can0 0B0#B034020000000000
(1700000005.641495) can0 0B0#B035020000000000
(1700000005.642198) can0 185#85DF000000000000
(1700000005.644814) can0 110#1064010000000000
(1700000005.644875) can0 224#248C000000000000
(1700000005.650749) can0 0B0#B036020000000000
(1700000005.660270) can0 110#1065010000000000
(1700000005.661291) can0 0B0#B037020000000000
(1700000005.661933) can0 2A9#A959000000000000
(1700000005.666784) can0 185#85E0000000000000
(1700000005.672242) can0 0B0#B038020000000000
(1700000005.677574) can0 110#1066010000000000
(1700000005.682481) can0 0B0#B039020000000000
(1700000005.685162) can0 224#248D000000000000
(1700000005.692168) can0 0B0#B03A020000000000
(1700000005.692355) can0 110#1067010000000000
(1700000005.692488) can0 185#85E1000000000000
(1700000005.697589) can0 333#3337000000000000
(1700000005.701505) can0 0B0#B03B020000000000
(1700000005.707267) can0 110#1068010000000000
(1700000005.711058) can0 0B0#B03C020000000000
(1700000005.716853) can0 185#85E2000000000000
(1700000005.720923) can0 2A9#A95A000000000000
(1700000005.722023) can0 0B0#B03D020000000000
(1700000005.723358) can0 110#1069010000000000
(1700000005.728002) can0 224#248E000000000000
(1700000005.732230) can0 0B0#B03E020000000000
(1700000005.739226) can0 110#106A010000000000
(1700000005.740433) can0 185#85E3000000000000
(1700000005.742217) can0 0B0#B03F020000000000
(1700000005.752099) can0 0B0#B040020000000000
(1700000005.756645) can0 110#106B010000000000
(1700000005.763096) can0 0B0#B041020000000000
(1700000005.763298) can0 185#85E4000000000000
(1700000005.771303) can0 224#248F000000000000
(1700000005.772244) can0 110#106C010000000000
(1700000005.773030) can0 0B0#B042020000000000
(1700000005.783870) can0 0B0#B043020000000000
(1700000005.784662) can0 2A9#A95B000000000000
(1700000005.787335) can0 185#85E5000000000000
(1700000005.788061) can0 110#106D010000000000
(1700000005.793373) can0 0B0#B044020000000000
(1700000005.803451) can0 0B0#B045020000000000
(1700000005.803910) can0 110#106E010000000000
(1700000005.803940) can0 333#3338000000000000
(1700000005.809023) can0 224#2490000000000000
(1700000005.812959) can0 185#85E6000000000000
(1700000005.814195) can0 0B0#B046020000000000
(1700000005.818625) can0 110#106F010000000000
(1700000005.823874) can0 0B0#B047020000000000
(1700000005.833196) can0 110#1070010000000000
(1700000005.834866) can0 0B0#B048020000000000
(1700000005.837161) can0 185#85E7000000000000
(1700000005.845081) can0 0B0#B049020000000000
(1700000005.849262) can0 224#2491000000000000
(1700000005.850147) can0 110#1071010000000000
(1700000005.852117) can0 2A9#A95C000000000000
(1700000005.854827) can0 0B0#B04A020000000000
(1700000005.860491) can0 185#85E8000000000000
(1700000005.864683) can0 0B0#B04B020000000000
(1700000005.866485) can0 110#1072010000000000
(1700000005.874938) can0 0B0#B04C020000000000
(1700000005.883465) can0 185#85E9000000000000
(1700000005.883513) can0 110#1073010000000000
(1700000005.885088) can0 0B0#B04D020000000000
(1700000005.885405) can0 224#2492000000000000
(1700000005.894379) can0 0B0#B04E020000000000
(1700000005.899923) can0 110#1074010000000000
(1700000005.904153) can0 0B0#B04F020000000000
(1700000005.907775) can0 185#85EA000000000000
(1700000005.910024) can0 333#3339000000000000
(1700000005.913349) can0 0B0#B050020000000000
(1700000005.914267) can0 110#1075010000000000
(1700000005.915009) can0 2A9#A95D000000000000
(1700000005.922508) can0 0B0#B051020000000000
(1700000005.928200) can0 224#2493000000000000
(1700000005.930662) can0 110#1076010000000000
(1700000005.931817) can0 0B0#B052020000000000
(1700000005.932058) can0 185#85EB000000000000
(1700000005.942812) can0 0B0#B053020000000000
(1700000005.947807) can0 110#1077010000000000
(1700000005.953353) can0 0B0#B054020000000000
(1700000005.957262) can0 185#85EC000000000000
(1700000005.964240) can0 110#1078010000000000
(1700000005.964330) can0 0B0#B055020000000000
(1700000005.968524) can0 224#2494000000000000
(1700000005.973927) can0 0B0#B056020000000000
(1700000005.975515) can0 2A9#A95E000000000000
(1700000005.981615) can0 110#1079010000000000
(1700000005.983994) can0 0B0#B057020000000000
(1700000005.984454) can0 185#85ED000000000000
(1700000005.994003) can0 0B0#B058020000000000
(1700000005.997994) can0 110#107A010000000000
(1700000006.003489) can0 333#333A000000000000
(1700000006.003744) can0 0B0#B059020000000000
(1700000006.011327) can0 224#2495000000000000
(1700000006.011955) can0 185#85EE000000000000
(1700000006.013052) can0 110#107B010000000000
(1700000006.013118) can0 0B0#B05A020000000000
(1700000006.022339) can0 0B0#B05B020000000000
(1700000006.028175) can0 110#107C010000000000
(1700000006.031695) can0 0B0#B05C020000000000
(1700000006.036188) can0 2A9#A95F000000000000
(1700000006.038685) can0 185#85EF000000000000
(1700000006.041437) can0 0B0#B05D020000000000
(1700000006.042844) can0 110#107D010000000000
(1700000006.051751) can0 0B0#B05E020000000000
(1700000006.053378) can0 224#2496000000000000
(1700000006.057618) can0 110#107E010000000000
(1700000006.062148) can0 0B0#B05F020000000000
(1700000006.062217) can0 185#85F0000000000000
(1700000006.072505) can0 0B0#B060020000000000
(1700000006.074796) can0 110#107F010000000000
(1700000006.083312) can0 0B0#B061020000000000
(1700000006.085300) can0 185#85F1000000000000
(1700000006.091485) can0 110#1080010000000000
(1700000006.093177) can0 0B0#B062020000000000
(1700000006.093815) can0 224#2497000000000000
(1700000006.101633) can0 333#333B000000000000
(1700000006.102459) can0 0B0#B063020000000000
(1700000006.105511) can0 2A9#A960000000000000
(1700000006.106274) can0 110#1081010000000000
(1700000006.110307) can0 185#85F2000000000000
(1700000006.113001) can0 0B0#B064020000000000
(1700000006.122208) can0 110#1082010000000000
(1700000006.122806) can0 0B0#B065020000000000
(1700000006.130291) can0 224#2498000000000000
(1700000006.133214) can0 0B0#B066020000000000
(1700000006.133972) can0 185#85F3000000000000
(1700000006.139374) can0 110#1083010000000000
(1700000006.144208) can0 0B0#B067020000000000
(1700000006.154454) can0 0B0#B068020000000000
(1700000006.156744) can0 110#1084010000000000
(1700000006.159191) can0 185#85F4000000000000
(1700000006.164001) can0 0B0#B069020000000000
(1700000006.172055) can0 2A9#A961000000000000
(1700000006.172382) can0 224#2499000000000000
(1700000006.172490) can0 110#1085010000000000
(1700000006.173340) can0 0B0#B06A020000000000
(1700000006.183448) can0 0B0#B06B020000000000
(1700000006.185781) can0 185#85F5000000000000
(1700000006.187193) can0 110#1086010000000000
(1700000006.192310) can0 333#333C000000000000
(1700000006.193077) can0 0B0#B06C020000000000
(1700000006.203382) can0 110#1087010000000000
(1700000006.203835) can0 0B0#B06D020000000000
(1700000006.212903) can0 185#85F6000000000000
(1700000006.213722) can0 0B0#B06E020000000000
(1700000006.213877) can0 224#249A000000000000
(1700000006.220493) can0 110#1088010000000000
(1700000006.223242) can0 0B0#B06F020000000000
(1700000006.229151) can0 2A9#A962000000000000
(1700000006.233980) can0 0B0#B070020000000000
(1700000006.236823) can0 110#1089010000000000
(1700000006.238147) can0 185#85F7000000000000
(1700000006.243120) can0 0B0#B071020000000000
(1700000006.251342) can0 110#108A010000000000
(1700000006.252154) can0 0B0#B072020000000000
(1700000006.253656) can0 224#249B000000000000
(1700000006.263024) can0 0B0#B073020000000000
(1700000006.265318) can0 185#85F8000000000000
(1700000006.266162) can0 110#108B010000000000
(1700000006.272563) can0 0B0#B074020000000000
(1700000006.281066) can0 110#108C010000000000
(1700000006.281623) can0 0B0#B075020000000000
(1700000006.288339) can0 185#85F9000000000000
(1700000006.289662) can0 2A9#A963000000000000
(1700000006.290736) can0 0B0#B076020000000000
(1700000006.294541) can0 224#249C000000000000
(1700000006.295596) can0 110#108D010000000000
(1700000006.299601) can0 333#333D000000000000
(1700000006.301307) can0 0B0#B077020000000000
(1700000006.311060) can0 0B0#B078020000000000
(1700000006.312709) can0 110#108E010000000000
(1700000006.312781) can0 185#85FA000000000000
(1700000006.320543) can0 0B0#B079020000000000
(1700000006.329101) can0 110#108F010000000000
(1700000006.330414) can0 0B0#B07A020000000000
(1700000006.336106) can0 224#249D000000000000
(1700000006.336701) can0 185#85FB000000000000
(1700000006.340432) can0 0B0#B07B020000000000
(1700000006.346141) can0 110#1090010000000000
(1700000006.351066) can0 0B0#B07C020000000000
(1700000006.353828) can0 2A9#A964000000000000
(1700000006.360131) can0 0B0#B07D020000000000
(1700000006.361299) can0 185#85FC000000000000
(1700000006.361315) can0 110#1091010000000000
(1700000006.369453) can0 0B0#B07E020000000000
(1700000006.373144) can0 224#249E000000000000
(1700000006.378263) can0 110#1092010000000000
(1700000006.380146) can0 0B0#B07F020000000000
(1700000006.386962) can0 185#85FD000000000000
(1700000006.389911) can0 0B0#B080020000000000
(1700000006.390428) can0 333#333E000000000000
(1700000006.394273) can0 110#1093010000000000
(1700000006.400592) can0 0B0#B081020000000000
(1700000006.410191) can0 0B0#B082020000000000
(1700000006.410785) can0 110#1094010000000000
(1700000006.413276) can0 185#85FE000000000000
(1700000006.415146) can0 224#249F000000000000
(1700000006.417021) can0 2A9#A965000000000000
(1700000006.420376) can0 0B0#B083020000000000
(1700000006.426052) can0 110#1095010000000000
(1700000006.429853) can0 0B0#B084020000000000
(1700000006.436722) can0 185#85FF000000000000
(1700000006.440165) can0 0B0#B085020000000000
(1700000006.441514) can0 110#1096010000000000
(1700000006.449867) can0 0B0#B086020000000000
(1700000006.454607) can0 224#24A0000000000000
(1700000006.458289) can0 110#1097010000000000
(1700000006.458885) can0 0B0#B087020000000000
(1700000006.461532) can0 185#8500010000000000
(1700000006.468544) can0 0B0#B088020000000000
(1700000006.475642) can0 110#1098010000000000
(1700000006.479283) can0 0B0#B089020000000000
(1700000006.481465) can0 2A9#A966000000000000
(1700000006.486389) can0 185#8501010000000000
(1700000006.489217) can0 0B0#B08A020000000000
(1700000006.490398) can0 110#1099010000000000
(1700000006.490593) can0 333#333F000000000000
(1700000006.491318) can0 224#24A1000000000000
(1700000006.499799) can0 0B0#B08B020000000000
(1700000006.505449) can0 110#109A010000000000
(1700000006.510098) can0 0B0#B08C020000000000
(1700000006.512218) can0 185#8502010000000000
(1700000006.520142) can0 110#109B010000000000
(1700000006.520208) can0 0B0#B08D020000000000
(1700000006.530537) can0 0B0#B08E020000000000
(1700000006.534572) can0 224#24A2000000000000
(1700000006.535612) can0 185#8503010000000000
(1700000006.536101) can0 110#109C010000000000
(1700000006.539790) can0 2A9#A967000000000000
(1700000006.541434) can0 0B0#B08F020000000000
(1700000006.551716) can0 110#109D010000000000
(1700000006.552407) can0 0B0#B090020000000000
(1700000006.561110) can0 185#8504010000000000
(1700000006.562131) can0 0B0#B091020000000000
(1700000006.568730) can0 110#109E010000000000
(1700000006.571209) can0 224#24A3000000000000
(1700000006.572421) can0 0B0#B092020000000000
(1700000006.581617) can0 0B0#B093020000000000
(1700000006.584296) can0 185#8505010000000000
(1700000006.585033) can0 110#109F010000000000
(1700000006.587411) can0 333#3340000000000000
(1700000006.592140) can0 0B0#B094020000000000
(1700000006.601428) can0 0B0#B095020000000000
(1700000006.602143) can0 110#10A0010000000000
(1700000006.605397) can0 2A9#A968000000000000
(1700000006.607564) can0 224#24A4000000000000
(1700000006.607754) can0 185#8506010000000000
(1700000006.610633) can0 0B0#B096020000000000
(1700000006.616643) can0 110#10A1010000000000
(1700000006.620511) can0 0B0#B097020000000000
(1700000006.630366) can0 0B0#B098020000000000
(1700000006.633111) can0 110#10A2010000000000
(1700000006.633492) can0 185#8507010000000000
(1700000006.641130) can0 0B0#B099020000000000
(1700000006.645089) can0 224#24A5000000000000
(1700000006.649756) can0 110#10A3010000000000
(1700000006.652014) can0 0B0#B09A020000000000
(1700000006.658166) can0 185#8508010000000000
(1700000006.661961) can0 0B0#B09B020000000000
(1700000006.662922) can0 2A9#A969000000000000
(1700000006.666290) can0 110#10A4010000000000
(1700000006.672034) can0 0B0#B09C020000000000
(1700000006.677903) can0 333#3341000000000000
(1700000006.682012) can0 0B0#B09D020000000000
(1700000006.682264) can0 110#10A5010000000000
(1700000006.684825) can0 185#8509010000000000
(1700000006.687741) can0 224#24A6000000000000
(1700000006.691462) can0 0B0#B09E020000000000
(1700000006.699425) can0 110#10A6010000000000
(1700000006.702137) can0 0B0#B09F020000000000
(1700000006.711646) can0 0B0#B0A0020000000000
(1700000006.712385) can0 185#850A010000000000
(1700000006.716808) can0 110#10A7010000000000
(1700000006.721281) can0 0B0#B0A1020000000000
(1700000006.725868) can0 2A9#A96A000000000000
(1700000006.730045) can0 224#24A7000000000000
(1700000006.730804) can0 0B0#B0A2020000000000
(1700000006.731634) can0 110#10A8010000000000
(1700000006.739298) can0 185#850B010000000000
(1700000006.739963) can0 0B0#B0A3020000000000
(1700000006.748519) can0 110#10A9010000000000
(1700000006.749967) can0 0B0#B0A4020000000000
(1700000006.760121) can0 0B0#B0A5020000000000
(1700000006.762473) can0 185#850C010000000000
(1700000006.763441) can0 110#10AA010000000000
(1700000006.769484) can0 0B0#B0A6020000000000
(1700000006.771018) can0 224#24A8000000000000
(1700000006.772996) can0 333#3342000000000000
(1700000006.778419) can0 110#10AB010000000000
(1700000006.779801) can0 0B0#B0A7020000000000
(1700000006.786184) can0 185#850D010000000000
(1700000006.788247) can0 2A9#A96B000000000000
(1700000006.789337) can0 0B0#B0A8020000000000
(1700000006.795844) can0 110#10AC010000000000
(1700000006.799527) can0 0B0#B0A9020000000000
(1700000006.809303) can0 0B0#B0AA020000000000
(1700000006.811316) can0 110#10AD010000000000
(1700000006.812247) can0 224#24A9000000000000
(1700000006.813520) can0 185#850E010000000000
(1700000006.819163) can0 0B0#B0AB020000000000
(1700000006.826002) can0 110#10AE010000000000
(1700000006.828376) can0 0B0#B0AC020000000000
(1700000006.838999) can0 0B0#B0AD020000000000
(1700000006.841133) can0 185#850F010000000000
(1700000006.843430) can0 110#10AF010000000000
(1700000006.848085) can0 2A9#A96C000000000000
(1700000006.848923) can0 224#24AA000000000000
(1700000006.849350) can0 0B0#B0AE020000000000
(1700000006.859378) can0 0B0#B0AF020000000000
(1700000006.860709) can0 110#10B0010000000000
(1700000006.865170) can0 333#3343000000000000
(1700000006.866217) can0 185#8510010000000000
(1700000006.868863) can0 0B0#B0B0020000000000
(1700000006.877613) can0 110#10B1010000000000
(1700000006.878578) can0 0B0#B0B1020000000000
(1700000006.888543) can0 0B0#B0B2020000000000
(1700000006.889360) can0 224#24AB000000000000
(1700000006.889683) can0 185#8511010000000000
(1700000006.894178) can0 110#10B2010000000000
(1700000006.898109) can0 0B0#B0B3020000000000
(1700000006.908078) can0 0B0#B0B4020000000000
(1700000006.908095) can0 2A9#A96D000000000000
(1700000006.910243) can0 110#10B3010000000000
(1700000006.914290) can0 185#8512010000000000
(1700000006.918524) can0 0B0#B0B5020000000000
(1700000006.925886) can0 110#10B4010000000000
(1700000006.927862) can0 0B0#B0B6020000000000
(1700000006.932574) can0 224#24AC000000000000
(1700000006.938208) can0 0B0#B0B7020000000000
(1700000006.938813) can0 185#8513010000000000
(1700000006.941659) can0 110#10B5010000000000
(1700000006.948182) can0 0B0#B0B8020000000000
(1700000006.957574) can0 0B0#B0B9020000000000
(1700000006.957741) can0 110#10B6010000000000
(1700000006.960352) can0 333#3344000000000000
(1700000006.965440) can0 185#8514010000000000
(1700000006.968344) can0 0B0#B0BA020000000000
(1700000006.971264) can0 2A9#A96E000000000000
(1700000006.973360) can0 224#24AD000000000000
(1700000006.973460) can0 110#10B7010000000000
(1700000006.978330) can0 0B0#B0BB020000000000
(1700000006.988867) can0 0B0#B0BC020000000000
(1700000006.990455) can0 185#8515010000000000
(1700000006.990862) can0 110#10B8010000000000
(1700000006.997956) can0 0B0#B0BD020000000000
(1700000007.005627) can0 110#10B9010000000000
(1700000007.008243) can0 0B0#B0BE020000000000
(1700000007.013337) can0 185#8516010000000000
(1700000007.013596) can0 224#24AE000000000000
(1700000007.017932) can0 0B0#B0BF020000000000
(1700000007.021017) can0 110#10BA010000000000
(1700000007.028912) can0 0B0#B0C0020000000000
(1700000007.035554) can0 110#10BB010000000000
(1700000007.036662) can0 2A9#A96F000000000000
(1700000007.037326) can0 185#8517010000000000
(1700000007.038168) can0 0B0#B0C1020000000000
(1700000007.047335) can0 0B0#B0C2020000000000
(1700000007.049810) can0 224#24AF000000000000
(1700000007.050869) can0 110#10BC010000000000
(1700000007.057777) can0 0B0#B0C3020000000000
(1700000007.062825) can0 333#3345000000000000
(1700000007.063211) can0 185#8518010000000000
(1700000007.065262) can0 110#10BD010000000000
(1700000007.068041) can0 0B0#B0C4020000000000
(1700000007.077248) can0 0B0#B0C5020000000000
(1700000007.079924) can0 110#10BE010000000000
(1700000007.086500) can0 0B0#B0C6020000000000
(1700000007.088959) can0 185#8519010000000000
(1700000007.090175) can0 224#24B0000000000000
(1700000007.095515) can0 0B0#B0C7020000000000
(1700000007.096332) can0 110#10BF010000000000
(1700000007.098862) can0 2A9#A970000000000000
(1700000007.105968) can0 0B0#B0C8020000000000
(1700000007.113720) can0 110#10C0010000000000
(1700000007.115343) can0 185#851A010000000000
(1700000007.115933) can0 0B0#B0C9020000000000
(1700000007.125642) can0 0B0#B0CA020000000000
(1700000007.130638) can0 110#10C1010000000000
(1700000007.133226) can0 224#24B1000000000000
(1700000007.135014) can0 0B0#B0CB020000000000
(1700000007.141432) can0 185#851B010000000000
(1700000007.144058) can0 0B0#B0CC020000000000
(1700000007.146574) can0 110#10C2010000000000
(1700000007.154265) can0 0B0#B0CD020000000000
(1700000007.163529) can0 2A9#A971000000000000
(1700000007.163888) can0 110#10C3010000000000
(1700000007.164832) can0 0B0#B0CE020000000000
(1700000007.166454) can0 185#851C010000000000
(1700000007.167845) can0 333#3346000000000000
(1700000007.173908) can0 0B0#B0CF020000000000
(1700000007.174681) can0 224#24B2000000000000
(1700000007.180935) can0 110#10C4010000000000
(1700000007.183687) can0 0B0#B0D0020000000000
(1700000007.193334) can0 185#851D010000000000
(1700000007.193369) can0 0B0#B0D1020000000000
(1700000007.196810) can0 110#10C5010000000000
(1700000007.203011) can0 0B0#B0D2020000000000
(1700000007.212254) can0 0B0#B0D3020000000000
(1700000007.212603) can0 224#24B3000000000000
(1700000007.213795) can0 110#10C6010000000000
(1700000007.218961) can0 185#851E010000000000
(1700000007.221686) can0 0B0#B0D4020000000000
(1700000007.222070) can0 2A9#A972000000000000
(1700000007.228294) can0 110#10C7010000000000
(1700000007.231506) can0 0B0#B0D5020000000000
(1700000007.241385) can0 0B0#B0D6020000000000
(1700000007.244114) can0 185#851F010000000000
(1700000007.245016) can0 110#10C8010000000000
(1700000007.250734) can0 0B0#B0D7020000000000
(1700000007.251430) can0 224#24B4000000000000
(1700000007.261116) can0 110#10C9010000000000
(1700000007.261447) can0 0B0#B0D8020000000000
(1700000007.265237) can0 333#3347000000000000
(1700000007.270869) can0 185#8520010000000000
(1700000007.271059) can0 0B0#B0D9020000000000
(1700000007.277343) can0 110#10CA010000000000
(1700000007.281474) can0 0B0#B0DA020000000000
(1700000007.285331) can0 2A9#A973000000000000
(1700000007.290537) can0 0B0#B0DB020000000000
(1700000007.292068) can0 224#24B5000000000000
(1700000007.293950) can0 110#10CB010000000000
(1700000007.297047) can0 185#8521010000000000
(1700000007.301419) can0 0B0#B0DC020000000000
(1700000007.311072) can0 110#10CC010000000000
(1700000007.311307) can0 0B0#B0DD020000000000
(1700000007.321674) can0 0B0#B0DE020000000000
(1700000007.322383) can0 185#8522010000000000
(1700000007.326954) can0 110#10CD010000000000
(1700000007.328543) can0 224#24B6000000000000
(1700000007.332020) can0 0B0#B0DF020000000000
(1700000007.342654) can0 110#10CE010000000000
(1700000007.342707) can0 0B0#B0E0020000000000
(1700000007.346714) can0 185#8523010000000000
(1700000007.346851) can0 2A9#A974000000000000
(1700000007.351924) can0 0B0#B0E1020000000000
(1700000007.357585) can0 110#10CF010000000000
(1700000007.360352) can0 333#3348000000000000
(1700000007.362520) can0 0B0#B0E2020000000000
(1700000007.365054) can0 224#24B7000000000000
(1700000007.371091) can0 185#8524010000000000
(1700000007.372183) can0 0B0#B0E3020000000000
(1700000007.373256) can0 110#10D0010000000000
(1700000007.382031) can0 0B0#B0E4020000000000
(1700000007.388712) can0 110#10D1010000000000
(1700000007.391723) can0 0B0#B0E5020000000000
(1700000007.394745) can0 185#8525010000000000
(1700000007.401827) can0 0B0#B0E6020000000000
(1700000007.401858) can0 224#24B8000000000000
(1700000007.404500) can0 110#10D2010000000000
(1700000007.411176) can0 0B0#B0E7020000000000
(1700000007.414210) can0 2A9#A975000000000000
(1700000007.419408) can0 185#8526010000000000
(1700000007.420566) can0 0B0#B0E8020000000000
(1700000007.420644) can0 110#10D3010000000000
(1700000007.429946) can0 0B0#B0E9020000000000
(1700000007.435014) can0 110#10D4010000000000
(1700000007.440223) can0 0B0#B0EA020000000000
(1700000007.442717) can0 224#24B9000000000000
(1700000007.444139) can0 185#8527010000000000
(1700000007.450379) can0 110#10D5010000000000
(1700000007.451133) can0 0B0#B0EB020000000000
(1700000007.457851) can0 333#3349000000000000
(1700000007.460602) can0 0B0#B0EC020000000000
(1700000007.465736) can0 110#10D6010000000000
(1700000007.468651) can0 185#8528010000000000
(1700000007.470869) can0 0B0#B0ED020000000000
(1700000007.472535) can0 2A9#A976000000000000
(1700000007.480118) can0 224#24BA000000000000
(1700000007.480711) can0 0B0#B0EE020000000000
(1700000007.481010) can0 110#10D7010000000000
(1700000007.491427) can0 0B0#B0EF020000000000
(1700000007.491488) can0 185#8529010000000000
(1700000007.495302) can0 110#10D8010000000000
(1700000007.500650) can0 0B0#B0F0020000000000
(1700000007.510649) can0 110#10D9010000000000
(1700000007.511146) can0 0B0#B0F1020000000000
(1700000007.514499) can0 185#852A010000000000
(1700000007.516631) can0 224#24BB000000000000
(1700000007.520375) can0 0B0#B0F2020000000000
(1700000007.527307) can0 110#10DA010000000000
(1700000007.530027) can0 0B0#B0F3020000000000
(1700000007.535413) can0 2A9#A977000000000000
(1700000007.539595) can0 185#852B010000000000
(1700000007.539701) can0 0B0#B0F4020000000000
(1700000007.543694) can0 110#10DB010000000000
(1700000007.549207) can0 0B0#B0F5020000000000
(1700000007.552546) can0 224#24BC000000000000
(1700000007.558381) can0 110#10DC010000000000
(1700000007.559739) can0 0B0#B0F6020000000000
(1700000007.561879) can0 333#334A000000000000
(1700000007.564183) can0 185#852C010000000000
(1700000007.570328) can0 0B0#B0F7020000000000
(1700000007.573996) can0 110#10DD010000000000
(1700000007.579579) can0 0B0#B0F8020000000000
(1700000007.588679) can0 0B0#B0F9020000000000
(1700000007.589394) can0 185#852D010000000000
(1700000007.590506) can0 110#10DE010000000000
(1700000007.591643) can0 224#24BD000000000000
(1700000007.593104) can0 2A9#A978000000000000
(1700000007.598475) can0 0B0#B0FA020000000000
(1700000007.605024) can0 110#10DF010000000000
(1700000007.609245) can0 0B0#B0FB020000000000
(1700000007.615450) can0 185#852E010000000000
(1700000007.618915) can0 0B0#B0FC020000000000
(1700000007.619744) can0 110#10E0010000000000
(1700000007.628507) can0 0B0#B0FD020000000000
(1700000007.628663) can0 224#24BE000000000000
(1700000007.634786) can0 110#10E1010000000000
(1700000007.638850) can0 185#852F010000000000
(1700000007.639075) can0 0B0#B0FE020000000000
(1700000007.648490) can0 0B0#B0FF020000000000
(1700000007.651932) can0 110#10E2010000000000
(1700000007.657320) can0 333#334B000000000000
(1700000007.658236) can0 0B0#B000030000000000
(1700000007.662167) can0 2A9#A979000000000000
(1700000007.663697) can0 185#8530010000000000
(1700000007.665200) can0 224#24BF000000000000
(1700000007.667031) can0 110#10E3010000000000
(1700000007.667677) can0 0B0#B001030000000000
(1700000007.677645) can0 0B0#B002030000000000
(1700000007.682869) can0 110#10E4010000000000
(1700000007.688041) can0 0B0#B003030000000000
(1700000007.690376) can0 185#8531010000000000
(1700000007.697545) can0 0B0#B004030000000000
(1700000007.697899) can0 110#10E5010000000000
(1700000007.703877) can0 224#24C0000000000000
(1700000007.708264) can0 0B0#B005030000000000
(1700000007.713611) can0 110#10E6010000000000
(1700000007.715440) can0 185#8532010000000000
(1700000007.717354) can0 0B0#B006030000000000
(1700000007.727843) can0 2A9#A97A000000000000
(1700000007.727949) can0 0B0#B007030000000000
(1700000007.729967) can0 110#10E7010000000000
(1700000007.738560) can0 0B0#B008030000000000
(1700000007.739977) can0 185#8533010000000000
(1700000007.745577) can0 110#10E8010000000000
(1700000007.746598) can0 224#24C1000000000000
(1700000007.748159) can0 0B0#B009030000000000
(1700000007.757681) can0 0B0#B00A030000000000
(1700000007.759771) can0 333#334C000000000000
(1700000007.761872) can0 110#10E9010000000000
(1700000007.764657) can0 185#8534010000000000
(1700000007.768237) can0 0B0#B00B030000000000
(1700000007.778771) can0 0B0#B00C030000000000
(1700000007.779217) can0 110#10EA010000000000
(1700000007.786024) can0 224#24C2000000000000
(1700000007.786430) can0 2A9#A97B000000000000
(1700000007.789089) can0 0B0#B00D030000000000
(1700000007.792224) can0 185#8535010000000000
(1700000007.794614) can0 110#10EB010000000000
(1700000007.799058) can0 0B0#B00E030000000000
(1700000007.808600) can0 0B0#B00F030000000000
(1700000007.811437) can0 110#10EC010000000000
(1700000007.818361) can0 185#8536010000000000
(1700000007.819215) can0 0B0#B010030000000000
(1700000007.824992) can0 224#24C3000000000000
(1700000007.827471) can0 110#10ED010000000000
(1700000007.829043) can0 0B0#B011030000000000
(1700000007.839211) can0 0B0#B012030000000000
(1700000007.843054) can0 185#8537010000000000
(1700000007.843443) can0 110#10EE010000000000
(1700000007.847934) can0 2A9#A97C000000000000
(1700000007.848628) can0 0B0#B013030000000000
(1700000007.853120) can0 333#334D000000000000
(1700000007.857891) can0 0B0#B014030000000000
(1700000007.859359) can0 110#10EF010000000000
(1700000007.863185) can0 224#24C4000000000000
(1700000007.867181) can0 0B0#B015030000000000
(1700000007.867207) can0 185#8538010000000000
(1700000007.873809) can0 110#10F0010000000000
(1700000007.876531) can0 0B0#B016030000000000
(1700000007.886884) can0 0B0#B017030000000000
(1700000007.890901) can0 110#10F1010000000000
(1700000007.892625) can0 185#8539010000000000
(1700000007.895965) can0 0B0#B018030000000000
(1700000007.900228) can0 224#24C5000000000000
(1700000007.905878) can0 0B0#B019030000000000
(1700000007.907328) can0 110#10F2010000000000
(1700000007.912677) can0 2A9#A97D000000000000
(1700000007.915619) can0 0B0#B01A030000000000
(1700000007.918774) can0 185#853A010000000000
(1700000007.922765) can0 110#10F3010000000000
(1700000007.926325) can0 0B0#B01B030000000000
(1700000007.935981) can0 0B0#B01C030000000000
(1700000007.939049) can0 110#10F4010000000000
(1700000007.941936) can0 185#853B010000000000
(1700000007.942887) can0 224#24C6000000000000
(1700000007.946898) can0 0B0#B01D030000000000
(1700000007.953328) can0 333#334E000000000000
(1700000007.954021) can0 110#10F5010000000000
(1700000007.957624) can0 0B0#B01E030000000000
(1700000007.966350) can0 185#853C010000000000
(1700000007.967692) can0 0B0#B01F030000000000
(1700000007.971189) can0 110#10F6010000000000
(1700000007.976720) can0 0B0#B020030000000000
(1700000007.976933) can0 2A9#A97E000000000000
(1700000007.985746) can0 224#24C7000000000000
(1700000007.986743) can0 0B0#B021030000000000
(1700000007.987979) can0 110#10F7010000000000
(1700000007.989734) can0 185#853D010000000000
(1700000007.996485) can0 0B0#B022030000000000
