(1700000000.010627) can0 0B0#B000000000000000
(1700000000.015984) can0 110#1000000000000000
(1700000000.021459) can0 0B0#B001000000000000
(1700000000.024180) can0 185#8500000000000000
(1700000000.031565) can0 110#1001000000000000
(1700000000.032270) can0 0B0#B002000000000000
(1700000000.038394) can0 224#2400000000000000
(1700000000.041385) can0 0B0#B003000000000000
(1700000000.046878) can0 110#1002000000000000
(1700000000.050083) can0 185#8501000000000000
(1700000000.050870) can0 0B0#B004000000000000
(1700000000.059605) can0 2A9#A900000000000000
(1700000000.061348) can0 0B0#B005000000000000
(1700000000.063152) can0 110#1003000000000000
(1700000000.071812) can0 0B0#B006000000000000
(1700000000.073033) can0 185#8502000000000000
(1700000000.077133) can0 224#2401000000000000
(1700000000.078600) can0 110#1004000000000000
(1700000000.082450) can0 0B0#B007000000000000
(1700000000.091511) can0 0B0#B008000000000000
(1700000000.094325) can0 333#3300000000000000
(1700000000.095123) can0 110#1005000000000000
(1700000000.097456) can0 185#8503000000000000
(1700000000.100888) can0 0B0#B009000000000000
(1700000000.109515) can0 110#1006000000000000
(1700000000.110130) can0 0B0#B00A000000000000
(1700000000.114002) can0 224#2402000000000000
(1700000000.117287) can0 2A9#A901000000000000
(1700000000.120369) can0 0B0#B00B000000000000
(1700000000.123564) can0 185#8504000000000000
(1700000000.124515) can0 110#1007000000000000
(1700000000.129678) can0 0B0#B00C000000000000
(1700000000.139254) can0 110#1008000000000000
(1700000000.140563) can0 0B0#B00D000000000000
(1700000000.150284) can0 185#8505000000000000
(1700000000.150581) can0 0B0#B00E000000000000
(1700000000.153042) can0 224#2403000000000000
(1700000000.154641) can0 110#1009000000000000
(1700000000.159909) can0 0B0#B00F000000000000
(1700000000.169351) can0 0B0#B010000000000000
(1700000000.171143) can0 110#100A000000000000
(1700000000.174892) can0 185#8506000000000000
(1700000000.177082) can0 2A9#A902000000000000
(1700000000.178767) can0 0B0#B011000000000000
(1700000000.187434) can0 110#100B000000000000
(1700000000.188641) can0 0B0#B012000000000000
(1700000000.193994) can0 224#2404000000000000
(1700000000.197948) can0 0B0#B013000000000000
(1700000000.200333) can0 333#3301000000000000
(1700000000.202242) can0 185#8507000000000000
(1700000000.203257) can0 110#100C000000000000
(1700000000.207950) can0 0B0#B014000000000000
(1700000000.217865) can0 0B0#B015000000000000
(1700000000.218932) can0 110#100D000000000000
(1700000000.228009) can0 185#8508000000000000
(1700000000.228359) can0 0B0#B016000000000000
(1700000000.229974) can0 224#2405000000000000
(1700000000.235050) can0 110#100E000000000000
(1700000000.235899) can0 2A9#A903000000000000
(1700000000.238091) can0 0B0#B017000000000000
(1700000000.247427) can0 0B0#B018000000000000
(1700000000.251417) can0 110#100F000000000000
(1700000000.255623) can0 185#8509000000000000
(1700000000.256578) can0 0B0#B019000000000000
(1700000000.266400) can0 0B0#B01A000000000000
(1700000000.267157) can0 110#1010000000000000
(1700000000.271481) can0 224#2406000000000000
(1700000000.276962) can0 0B0#B01B000000000000
(1700000000.279972) can0 185#850A000000000000
(1700000000.283630) can0 110#1011000000000000
(1700000000.286495) can0 0B0#B01C000000000000
(1700000000.295795) can0 0B0#B01D000000000000
(1700000000.299709) can0 2A9#A904000000000000
(1700000000.300318) can0 110#1012000000000000
(1700000000.303391) can0 185#850B000000000000
(1700000000.305405) can0 0B0#B01E000000000000
(1700000000.306938) can0 333#3302000000000000
(1700000000.310222) can0 224#2407000000000000
(1700000000.314620) can0 0B0#B01F000000000000
(1700000000.317343) can0 110#1013000000000000
(1700000000.325390) can0 0B0#B020000000000000
(1700000000.328656) can0 185#850C000000000000
(1700000000.334528) can0 0B0#B021000000000000
(1700000000.334646) can0 110#1014000000000000
(1700000000.344124) can0 0B0#B022000000000000
(1700000000.350358) can0 110#1015000000000000
(1700000000.350548) can0 224#2408000000000000
(1700000000.353943) can0 0B0#B023000000000000
(1700000000.354912) can0 185#850D000000000000
(1700000000.363119) can0 0B0#B024000000000000
(1700000000.366563) can0 110#1016000000000000
(1700000000.367490) can0 2A9#A905000000000000
(1700000000.373785) can0 0B0#B025000000000000
(1700000000.378172) can0 185#850E000000000000
(1700000000.383053) can0 110#1017000000000000
(1700000000.383153) can0 0B0#B026000000000000
(1700000000.386874) can0 224#2409000000000000
(1700000000.393998) can0 0B0#B027000000000000
(1700000000.399170) can0 110#1018000000000000
(1700000000.403298) can0 185#850F000000000000
(1700000000.404776) can0 0B0#B028000000000000
(1700000000.409193) can0 333#3303000000000000
(1700000000.414115) can0 0B0#B029000000000000
(1700000000.416095) can0 110#1019000000000000
(1700000000.423180) can0 0B0#B02A000000000000
(1700000000.426336) can0 224#240A000000000000
(1700000000.429338) can0 185#8510000000000000
(1700000000.430924) can0 110#101A000000000000
(1700000000.432668) can0 2A9#A906000000000000
(1700000000.433150) can0 0B0#B02B000000000000
(1700000000.442762) can0 0B0#B02C000000000000
(1700000000.445408) can0 110#101B000000000000
(1700000000.453544) can0 0B0#B02D000000000000
(1700000000.454215) can0 185#8511000000000000
(1700000000.462615) can0 110#101C000000000000
(1700000000.462794) can0 0B0#B02E000000000000
(1700000000.468016) can0 224#240B000000000000
(1700000000.471817) can0 0B0#B02F000000000000
(1700000000.478669) can0 110#101D000000000000
(1700000000.480444) can0 185#8512000000000000
(1700000000.481051) can0 0B0#B030000000000000
(1700000000.491659) can0 0B0#B031000000000000
(1700000000.495836) can0 110#101E000000000000
(1700000000.497432) can0 2A9#A907000000000000
(1700000000.500906) can0 0B0#B032000000000000
(1700000000.504174) can0 333#3304000000000000
(1700000000.507592) can0 185#8513000000000000
(1700000000.510217) can0 110#101F000000000000
(1700000000.510898) can0 0B0#B033000000000000
(1700000000.511618) can0 224#240C000000000000
(1700000000.520762) can0 0B0#B034000000000000
(1700000000.526864) can0 110#1020000000000000
(1700000000.530393) can0 185#8514000000000000
(1700000000.531693) can0 0B0#B035000000000000
(1700000000.542283) can0 0B0#B036000000000000
(1700000000.543034) can0 110#1021000000000000
(1700000000.551264) can0 224#240D000000000000
(1700000000.552942) can0 0B0#B037000000000000
(1700000000.553848) can0 185#8515000000000000
(1700000000.555593) can0 2A9#A908000000000000
(1700000000.558098) can0 110#1022000000000000
(1700000000.563698) can0 0B0#B038000000000000
(1700000000.574259) can0 0B0#B039000000000000
(1700000000.574765) can0 110#1023000000000000
(1700000000.576680) can0 185#8516000000000000
(1700000000.584341) can0 0B0#B03A000000000000
(1700000000.590596) can0 110#1024000000000000
(1700000000.591510) can0 224#240E000000000000
(1700000000.595231) can0 0B0#B03B000000000000
(1700000000.599380) can0 185#8517000000000000
(1700000000.605025) can0 0B0#B03C000000000000
(1700000000.606272) can0 110#1025000000000000
(1700000000.614145) can0 333#3305000000000000
(1700000000.615439) can0 0B0#B03D000000000000
(1700000000.616356) can0 2A9#A909000000000000
(1700000000.622601) can0 110#1026000000000000
(1700000000.624587) can0 185#8518000000000000
(1700000000.625215) can0 0B0#B03E000000000000
(1700000000.628198) can0 224#240F000000000000
(1700000000.635935) can0 0B0#B03F000000000000
(1700000000.639540) can0 110#1027000000000000
(1700000000.646866) can0 0B0#B040000000000000
(1700000000.650629) can0 185#8519000000000000
(1700000000.656465) can0 0B0#B041000000000000
(1700000000.656825) can0 110#1028000000000000
(1700000000.666422) can0 0B0#B042000000000000
(1700000000.670254) can0 224#2410000000000000
(1700000000.672815) can0 110#1029000000000000
(1700000000.675553) can0 185#851A000000000000
(1700000000.676664) can0 0B0#B043000000000000
(1700000000.680622) can0 2A9#A90A000000000000
(1700000000.686056) can0 0B0#B044000000000000
(1700000000.689565) can0 110#102A000000000000
(1700000000.695142) can0 0B0#B045000000000000
(1700000000.699981) can0 185#851B000000000000
(1700000000.706073) can0 0B0#B046000000000000
(1700000000.706628) can0 110#102B000000000000
(1700000000.711729) can0 224#2411000000000000
(1700000000.712947) can0 333#3306000000000000
(1700000000.715418) can0 0B0#B047000000000000
(1700000000.722437) can0 110#102C000000000000
(1700000000.724164) can0 185#851C000000000000
(1700000000.724595) can0 0B0#B048000000000000
(1700000000.733634) can0 0B0#B049000000000000
(1700000000.738151) can0 2A9#A90B000000000000
(1700000000.738882) can0 110#102D000000000000
(1700000000.743900) can0 0B0#B04A000000000000
(1700000000.748514) can0 224#2412000000000000
(1700000000.748985) can0 185#851D000000000000
(1700000000.753235) can0 110#102E000000000000
(1700000000.753654) can0 0B0#B04B000000000000
(1700000000.763747) can0 0B0#B04C000000000000
(1700000000.769273) can0 110#102F000000000000
(1700000000.773593) can0 0B0#B04D000000000000
(1700000000.775658) can0 185#851E000000000000
(1700000000.784282) can0 0B0#B04E000000000000
(1700000000.785031) can0 110#1030000000000000
(1700000000.791294) can0 224#2413000000000000
(1700000000.794739) can0 0B0#B04F000000000000
(1700000000.796191) can0 2A9#A90C000000000000
(1700000000.799876) can0 110#1031000000000000
(1700000000.800557) can0 185#851F000000000000
(1700000000.804807) can0 0B0#B050000000000000
(1700000000.807884) can0 333#3307000000000000
(1700000000.814721) can0 0B0#B051000000000000
(1700000000.816071) can0 110#1032000000000000
(1700000000.824459) can0 0B0#B052000000000000
(1700000000.826813) can0 185#8520000000000000
(1700000000.831532) can0 110#1033000000000000
(1700000000.833019) can0 224#2414000000000000
(1700000000.833497) can0 0B0#B053000000000000
(1700000000.843826) can0 0B0#B054000000000000
(1700000000.846905) can0 110#1034000000000000
(1700000000.852935) can0 0B0#B055000000000000
(1700000000.854348) can0 185#8521000000000000
(1700000000.855898) can0 2A9#A90D000000000000
(1700000000.862234) can0 0B0#B056000000000000
(1700000000.864213) can0 110#1035000000000000
(1700000000.872692) can0 0B0#B057000000000000
(1700000000.875548) can0 224#2415000000000000
(1700000000.881335) can0 110#1036000000000000
(1700000000.881691) can0 185#8522000000000000
(1700000000.882292) can0 0B0#B058000000000000
(1700000000.892790) can0 0B0#B059000000000000
(1700000000.897641) can0 110#1037000000000000
(1700000000.903755) can0 0B0#B05A000000000000
(1700000000.905719) can0 333#3308000000000000
(1700000000.906794) can0 185#8523000000000000
(1700000000.913125) can0 224#2416000000000000
(1700000000.913983) can0 0B0#B05B000000000000
(1700000000.914222) can0 110#1038000000000000
(1700000000.915827) can0 2A9#A90E000000000000
(1700000000.924635) can0 0B0#B05C000000000000
(1700000000.930043) can0 185#8524000000000000
(1700000000.930867) can0 110#1039000000000000
(1700000000.934964) can0 0B0#B05D000000000000
(1700000000.944302) can0 0B0#B05E000000000000
(1700000000.946824) can0 110#103A000000000000
(1700000000.949685) can0 224#2417000000000000
(1700000000.953748) can0 0B0#B05F000000000000
(1700000000.955941) can0 185#8525000000000000
(1700000000.962892) can0 110#103B000000000000
(1700000000.964642) can0 0B0#B060000000000000
(1700000000.975358) can0 0B0#B061000000000000
(1700000000.976715) can0 2A9#A90F000000000000
(1700000000.979173) can0 110#103C000000000000
(1700000000.979616) can0 185#8526000000000000
(1700000000.986029) can0 0B0#B062000000000000
(1700000000.992576) can0 224#2418000000000000
(1700000000.994549) can0 110#103D000000000000
(1700000000.995649) can0 0B0#B063000000000000
(1700000001.005306) can0 0B0#B064000000000000
(1700000001.005429) can0 185#8527000000000000
(1700000001.009014) can0 333#3309000000000000
(1700000001.011220) can0 110#103E000000000000
(1700000001.015233) can0 0B0#B065000000000000
(1700000001.025062) can0 0B0#B066000000000000
(1700000001.027697) can0 110#103F000000000000
(1700000001.030026) can0 224#2419000000000000
(1700000001.031892) can0 185#8528000000000000
(1700000001.035881) can0 0B0#B067000000000000
(1700000001.040204) can0 2A9#A910000000000000
(1700000001.044892) can0 110#1040000000000000
(1700000001.045575) can0 0B0#B068000000000000
(1700000001.054813) can0 0B0#B069000000000000
(1700000001.058874) can0 185#8529000000000000
(1700000001.060268) can0 110#1041000000000000
(1700000001.065116) can0 0B0#B06A000000000000
(1700000001.069413) can0 224#241A000000000000
(1700000001.075642) can0 110#1042000000000000
(1700000001.076058) can0 0B0#B06B000000000000
(1700000001.082058) can0 185#852A000000000000
(1700000001.085480) can0 0B0#B06C000000000000
(1700000001.089926) can0 110#1043000000000000
(1700000001.094743) can0 0B0#B06D000000000000
(1700000001.097612) can0 2A9#A911000000000000
(1700000001.105289) can0 0B0#B06E000000000000
(1700000001.105426) can0 110#1044000000000000
(1700000001.107494) can0 185#852B000000000000
(1700000001.110788) can0 224#241B000000000000
(1700000001.113879) can0 333#330A000000000000
(1700000001.115997) can0 0B0#B06F000000000000
(1700000001.121319) can0 110#1045000000000000
(1700000001.125143) can0 0B0#B070000000000000
(1700000001.132106) can0 185#852C000000000000
(1700000001.134468) can0 0B0#B071000000000000
(1700000001.136198) can0 110#1046000000000000
(1700000001.145226) can0 0B0#B072000000000000
(1700000001.149652) can0 224#241C000000000000
(1700000001.151114) can0 110#1047000000000000
(1700000001.154802) can0 0B0#B073000000000000
(1700000001.155363) can0 185#852D000000000000
(1700000001.160385) can0 2A9#A912000000000000
(1700000001.164114) can0 0B0#B074000000000000
(1700000001.168437) can0 110#1048000000000000
(1700000001.174981) can0 0B0#B075000000000000
(1700000001.178871) can0 185#852E000000000000
(1700000001.182713) can0 110#1049000000000000
(1700000001.184542) can0 0B0#B076000000000000
(1700000001.190089) can0 224#241D000000000000
(1700000001.193955) can0 0B0#B077000000000000
(1700000001.199477) can0 110#104A000000000000
(1700000001.203182) can0 0B0#B078000000000000
(1700000001.204246) can0 185#852F000000000000
(1700000001.213376) can0 0B0#B079000000000000
(1700000001.216522) can0 110#104B000000000000
(1700000001.223288) can0 333#330B000000000000
(1700000001.223405) can0 0B0#B07A000000000000
(1700000001.227130) can0 185#8530000000000000
(1700000001.227910) can0 2A9#A913000000000000
(1700000001.229445) can0 224#241E000000000000
(1700000001.231506) can0 110#104C000000000000
(1700000001.233047) can0 0B0#B07B000000000000
(1700000001.242684) can0 0B0#B07C000000000000
(1700000001.247437) can0 110#104D000000000000
(1700000001.251229) can0 185#8531000000000000
(1700000001.251996) can0 0B0#B07D000000000000
(1700000001.261698) can0 0B0#B07E000000000000
(1700000001.262834) can0 110#104E000000000000
(1700000001.267607) can0 224#241F000000000000
(1700000001.270921) can0 0B0#B07F000000000000
(1700000001.275275) can0 185#8532000000000000
(1700000001.279858) can0 110#104F000000000000
(1700000001.281633) can0 0B0#B080000000000000
(1700000001.286846) can0 2A9#A914000000000000
(1700000001.290740) can0 0B0#B081000000000000
(1700000001.294297) can0 110#1050000000000000
(1700000001.299737) can0 185#8533000000000000
(1700000001.300504) can0 0B0#B082000000000000
(1700000001.306092) can0 224#2420000000000000
(1700000001.310207) can0 110#1051000000000000
(1700000001.311484) can0 0B0#B083000000000000
(1700000001.320959) can0 0B0#B084000000000000
(1700000001.322915) can0 333#330C000000000000
(1700000001.324642) can0 110#1052000000000000
(1700000001.326055) can0 185#8534000000000000
(1700000001.331409) can0 0B0#B085000000000000
(1700000001.340778) can0 0B0#B086000000000000
(1700000001.341199) can0 110#1053000000000000
(1700000001.347300) can0 224#2421000000000000
(1700000001.348906) can0 2A9#A915000000000000
(1700000001.350634) can0 185#8535000000000000
(1700000001.351124) can0 0B0#B087000000000000
(1700000001.357947) can0 110#1054000000000000
(1700000001.361787) can0 0B0#B088000000000000
(1700000001.371075) can0 0B0#B089000000000000
(1700000001.374108) can0 110#1055000000000000
(1700000001.376975) can0 185#8536000000000000
(1700000001.381325) can0 0B0#B08A000000000000
(1700000001.384705) can0 224#2422000000000000
(1700000001.390554) can0 110#1056000000000000
(1700000001.391916) can0 0B0#B08B000000000000
(1700000001.401042) can0 0B0#B08C000000000000
(1700000001.403271) can0 185#8537000000000000
(1700000001.405698) can0 2A9#A916000000000000
(1700000001.407109) can0 110#1057000000000000
(1700000001.410523) can0 0B0#B08D000000000000
(1700000001.412987) can0 333#330D000000000000
(1700000001.420130) can0 0B0#B08E000000000000
(1700000001.422038) can0 110#1058000000000000
(1700000001.426030) can0 224#2423000000000000
(1700000001.428798) can0 185#8538000000000000
(1700000001.430520) can0 0B0#B08F000000000000
(1700000001.438463) can0 110#1059000000000000
(1700000001.441350) can0 0B0#B090000000000000
(1700000001.450521) can0 0B0#B091000000000000
(1700000001.452807) can0 185#8539000000000000
(1700000001.454560) can0 110#105A000000000000
(1700000001.460103) can0 0B0#B092000000000000
(1700000001.467444) can0 224#2424000000000000
(1700000001.469967) can0 0B0#B093000000000000
(1700000001.470360) can0 2A9#A917000000000000
(1700000001.471469) can0 110#105B000000000000
(1700000001.476066) can0 185#853A000000000000
(1700000001.479654) can0 0B0#B094000000000000
(1700000001.488791) can0 0B0#B095000000000000
(1700000001.488893) can0 110#105C000000000000
(1700000001.499441) can0 0B0#B096000000000000
(1700000001.500540) can0 185#853B000000000000
(1700000001.503791) can0 110#105D000000000000
(1700000001.505531) can0 333#330E000000000000
(1700000001.506342) can0 224#2425000000000000
(1700000001.509052) can0 0B0#B097000000000000
(1700000001.519040) can0 110#105E000000000000
(1700000001.519551) can0 0B0#B098000000000000
(1700000001.527083) can0 185#853C000000000000
(1700000001.530010) can0 0B0#B099000000000000
(1700000001.531794) can0 2A9#A918000000000000
(1700000001.534357) can0 110#105F000000000000
(1700000001.539981) can0 0B0#B09A000000000000
(1700000001.543764) can0 224#2426000000000000
(1700000001.550194) can0 110#1060000000000000
(1700000001.550338) can0 0B0#B09B000000000000
(1700000001.550730) can0 185#853D000000000000
(1700000001.561203) can0 0B0#B09C000000000000
(1700000001.566670) can0 110#1061000000000000
(1700000001.570712) can0 0B0#B09D000000000000
(1700000001.577876) can0 185#853E000000000000
(1700000001.580834) can0 224#2427000000000000
(1700000001.581345) can0 0B0#B09E000000000000
(1700000001.584063) can0 110#1062000000000000
(1700000001.589292) can0 2A9#A919000000000000
(1700000001.591293) can0 0B0#B09F000000000000
(1700000001.600110) can0 333#330F000000000000
(1700000001.600874) can0 110#1063000000000000
(1700000001.601536) can0 0B0#B0A0000000000000
(1700000001.603613) can0 185#853F000000000000
(1700000001.611973) can0 0B0#B0A1000000000000
(1700000001.615978) can0 110#1064000000000000
(1700000001.622461) can0 0B0#B0A2000000000000
(1700000001.624494) can0 224#2428000000000000
(1700000001.626482) can0 185#8540000000000000
(1700000001.630461) can0 110#1065000000000000
(1700000001.633379) can0 0B0#B0A3000000000000
(1700000001.644090) can0 0B0#B0A4000000000000
(1700000001.646595) can0 110#1066000000000000
(1700000001.652558) can0 185#8541000000000000
(1700000001.653430) can0 2A9#A91A000000000000
(1700000001.654408) can0 0B0#B0A5000000000000
(1700000001.662603) can0 110#1067000000000000
(1700000001.664551) can0 0B0#B0A6000000000000
(1700000001.667344) can0 224#2429000000000000
(1700000001.674273) can0 0B0#B0A7000000000000
(1700000001.677548) can0 110#1068000000000000
(1700000001.677923) can0 185#8542000000000000
(1700000001.684266) can0 0B0#B0A8000000000000
(1700000001.693117) can0 110#1069000000000000
(1700000001.693597) can0 333#3310000000000000
(1700000001.695122) can0 0B0#B0A9000000000000
(1700000001.703635) can0 224#242A000000000000
(1700000001.704160) can0 0B0#B0AA000000000000
(1700000001.704495) can0 185#8543000000000000
(1700000001.707914) can0 110#106A000000000000
(1700000001.714913) can0 0B0#B0AB000000000000
(1700000001.716551) can0 2A9#A91B000000000000
(1700000001.724033) can0 0B0#B0AC000000000000
(1700000001.724824) can0 110#106B000000000000
(1700000001.727303) can0 185#8544000000000000
(1700000001.734689) can0 0B0#B0AD000000000000
(1700000001.741360) can0 110#106C000000000000
(1700000001.743606) can0 224#242B000000000000
(1700000001.745331) can0 0B0#B0AE000000000000
(1700000001.751669) can0 185#8545000000000000
(1700000001.755088) can0 0B0#B0AF000000000000
(1700000001.758553) can0 110#106D000000000000
(1700000001.765235) can0 0B0#B0B0000000000000
(1700000001.774391) can0 110#106E000000000000
(1700000001.775981) can0 0B0#B0B1000000000000
(1700000001.776019) can0 185#8546000000000000
(1700000001.776387) can0 2A9#A91C000000000000
(1700000001.785804) can0 0B0#B0B2000000000000
(1700000001.786581) can0 224#242C000000000000
(1700000001.790485) can0 333#3311000000000000
(1700000001.790681) can0 110#106F000000000000
(1700000001.795822) can0 0B0#B0B3000000000000
(1700000001.801255) can0 185#8547000000000000
(1700000001.805352) can0 0B0#B0B4000000000000
(1700000001.807350) can0 110#1070000000000000
(1700000001.814917) can0 0B0#B0B5000000000000
(1700000001.824620) can0 0B0#B0B6000000000000
(1700000001.824703) can0 110#1071000000000000
(1700000001.824817) can0 224#242D000000000000
(1700000001.824961) can0 185#8548000000000000
(1700000001.833631) can0 0B0#B0B7000000000000
(1700000001.839078) can0 110#1072000000000000
(1700000001.841198) can0 2A9#A91D000000000000
(1700000001.844600) can0 0B0#B0B8000000000000
(1700000001.848407) can0 185#8549000000000000
(1700000001.854231) can0 0B0#B0B9000000000000
(1700000001.854923) can0 110#1073000000000000
(1700000001.863285) can0 224#242E000000000000
(1700000001.863539) can0 0B0#B0BA000000000000
(1700000001.872356) can0 110#1074000000000000
(1700000001.872706) can0 0B0#B0BB000000000000
(1700000001.873020) can0 185#854A000000000000
(1700000001.882125) can0 0B0#B0BC000000000000
(1700000001.888939) can0 110#1075000000000000
(1700000001.892562) can0 0B0#B0BD000000000000
(1700000001.893518) can0 333#3312000000000000
(1700000001.896587) can0 185#854B000000000000
(1700000001.901959) can0 0B0#B0BE000000000000
(1700000001.905030) can0 110#1076000000000000
(1700000001.905456) can0 224#242F000000000000
(1700000001.909965) can0 2A9#A91E000000000000
(1700000001.911138) can0 0B0#B0BF000000000000
(1700000001.920658) can0 0B0#B0C0000000000000
(1700000001.921218) can0 185#854C000000000000
(1700000001.922224) can0 110#1077000000000000
(1700000001.930702) can0 0B0#B0C1000000000000
(1700000001.938936) can0 110#1078000000000000
(1700000001.940446) can0 0B0#B0C2000000000000
(1700000001.944151) can0 224#2430000000000000
(1700000001.945920) can0 185#854D000000000000
(1700000001.950710) can0 0B0#B0C3000000000000
(1700000001.953370) can0 110#1079000000000000
(1700000001.960343) can0 0B0#B0C4000000000000
(1700000001.970778) can0 110#107A000000000000
(1700000001.971100) can0 0B0#B0C5000000000000
(1700000001.972905) can0 185#854E000000000000
(1700000001.975844) can0 2A9#A91F000000000000
(1700000001.980023) can0 224#2431000000000000
(1700000001.981547) can0 0B0#B0C6000000000000
(1700000001.984179) can0 333#3313000000000000
(1700000001.985939) can0 110#107B000000000000
(1700000001.991493) can0 0B0#B0C7000000000000
(1700000001.999010) can0 185#854F000000000000
(1700000002.001972) can0 110#107C000000000000
(1700000002.002310) can0 0B0#B0C8000000000000
(1700000002.011990) can0 0B0#B0C9000000000000
(1700000002.017363) can0 110#107D000000000000
(1700000002.022668) can0 185#8550000000000000
(1700000002.022868) can0 0B0#B0CA000000000000
(1700000002.023276) can0 224#2432000000000000
(1700000002.032642) can0 0B0#B0CB000000000000
(1700000002.032844) can0 110#107E000000000000
(1700000002.040859) can0 2A9#A920000000000000
(1700000002.042844) can0 0B0#B0CC000000000000
(1700000002.049585) can0 110#107F000000000000
(1700000002.049817) can0 185#8551000000000000
(1700000002.053387) can0 0B0#B0CD000000000000
(1700000002.062382) can0 224#2433000000000000
(1700000002.062981) can0 0B0#B0CE000000000000
(1700000002.066754) can0 110#1080000000000000
(1700000002.073188) can0 0B0#B0CF000000000000
(1700000002.076280) can0 185#8552000000000000
(1700000002.079996) can0 333#3314000000000000
(1700000002.082377) can0 0B0#B0D0000000000000
(1700000002.083994) can0 110#1081000000000000
(1700000002.092995) can0 0B0#B0D1000000000000
(1700000002.099004) can0 110#1082000000000000
(1700000002.101119) can0 224#2434000000000000
(1700000002.102273) can0 0B0#B0D2000000000000
(1700000002.102537) can0 185#8553000000000000
(1700000002.106824) can0 2A9#A921000000000000
(1700000002.113173) can0 0B0#B0D3000000000000
(1700000002.116261) can0 110#1083000000000000
(1700000002.123534) can0 0B0#B0D4000000000000
(1700000002.127911) can0 185#8554000000000000
(1700000002.132343) can0 110#1084000000000000
(1700000002.132821) can0 0B0#B0D5000000000000
(1700000002.137534) can0 224#2435000000000000
(1700000002.143518) can0 0B0#B0D6000000000000
(1700000002.148813) can0 110#1085000000000000
(1700000002.150911) can0 185#8555000000000000
(1700000002.153789) can0 0B0#B0D7000000000000
(1700000002.163452) can0 0B0#B0D8000000000000
(1700000002.164493) can0 2A9#A922000000000000
(1700000002.165869) can0 110#1086000000000000
(1700000002.173390) can0 0B0#B0D9000000000000
(1700000002.174850) can0 224#2436000000000000
(1700000002.177653) can0 185#8556000000000000
(1700000002.179025) can0 333#3315000000000000
(1700000002.180414) can0 110#1087000000000000
(1700000002.184037) can0 0B0#B0DA000000000000
(1700000002.194259) can0 0B0#B0DB000000000000
(1700000002.196409) can0 110#1088000000000000
(1700000002.201763) can0 185#8557000000000000
(1700000002.205068) can0 0B0#B0DC000000000000
(1700000002.211211) can0 110#1089000000000000
(1700000002.214338) can0 0B0#B0DD000000000000
(1700000002.216274) can0 224#2437000000000000
(1700000002.224950) can0 0B0#B0DE000000000000
(1700000002.225237) can0 185#8558000000000000
(1700000002.225694) can0 110#108A000000000000
(1700000002.228020) can0 2A9#A923000000000000
(1700000002.235354) can0 0B0#B0DF000000000000
(1700000002.240257) can0 110#108B000000000000
(1700000002.244464) can0 0B0#B0E0000000000000
(1700000002.252606) can0 185#8559000000000000
(1700000002.255441) can0 0B0#B0E1000000000000
(1700000002.256232) can0 224#2438000000000000
(1700000002.256541) can0 110#108C000000000000
(1700000002.265695) can0 0B0#B0E2000000000000
(1700000002.271751) can0 110#108D000000000000
(1700000002.276373) can0 185#855A000000000000
(1700000002.276568) can0 0B0#B0E3000000000000
(1700000002.280577) can0 333#3316000000000000
(1700000002.286800) can0 0B0#B0E4000000000000
(1700000002.288134) can0 110#108E000000000000
(1700000002.292681) can0 2A9#A924000000000000
(1700000002.295351) can0 224#2439000000000000
(1700000002.296379) can0 0B0#B0E5000000000000
(1700000002.301458) can0 185#855B000000000000
(1700000002.303178) can0 110#108F000000000000
(1700000002.305567) can0 0B0#B0E6000000000000
(1700000002.316131) can0 0B0#B0E7000000000000
(1700000002.319726) can0 110#1090000000000000
(1700000002.326417) can0 0B0#B0E8000000000000
(1700000002.329004) can0 185#855C000000000000
(1700000002.336938) can0 110#1091000000000000
(1700000002.336954) can0 0B0#B0E9000000000000
(1700000002.338729) can0 224#243A000000000000
(1700000002.347500) can0 0B0#B0EA000000000000
(1700000002.353112) can0 110#1092000000000000
(1700000002.353950) can0 185#855D000000000000
(1700000002.356963) can0 0B0#B0EB000000000000
(1700000002.361107) can0 2A9#A925000000000000
(1700000002.367326) can0 0B0#B0EC000000000000
(1700000002.368271) can0 110#1093000000000000
(1700000002.378046) can0 0B0#B0ED000000000000
(1700000002.379926) can0 185#855E000000000000
(1700000002.381839) can0 224#243B000000000000
(1700000002.382646) can0 110#1094000000000000
(1700000002.387863) can0 0B0#B0EE000000000000
(1700000002.388396) can0 333#3317000000000000
(1700000002.397239) can0 0B0#B0EF000000000000
(1700000002.397483) can0 110#1095000000000000
(1700000002.405916) can0 185#855F000000000000
(1700000002.408167) can0 0B0#B0F0000000000000
(1700000002.413927) can0 110#1096000000000000
(1700000002.417786) can0 0B0#B0F1000000000000
(1700000002.420317) can0 2A9#A926000000000000
(1700000002.423637) can0 224#243C000000000000
(1700000002.427325) can0 0B0#B0F2000000000000
(1700000002.429289) can0 185#8560000000000000
(1700000002.430885) can0 110#1097000000000000
(1700000002.436950) can0 0B0#B0F3000000000000
(1700000002.446909) can0 110#1098000000000000
(1700000002.447921) can0 0B0#B0F4000000000000
(1700000002.452538) can0 185#8561000000000000
(1700000002.457044) can0 0B0#B0F5000000000000
(1700000002.463585) can0 224#243D000000000000
(1700000002.464284) can0 110#1099000000000000
(1700000002.467177) can0 0B0#B0F6000000000000
(1700000002.476207) can0 185#8562000000000000
(1700000002.478169) can0 0B0#B0F7000000000000
(1700000002.480946) can0 110#109A000000000000
(1700000002.487347) can0 2A9#A927000000000000
(1700000002.488698) can0 0B0#B0F8000000000000
(1700000002.492045) can0 333#3318000000000000
(1700000002.496470) can0 110#109B000000000000
(1700000002.499624) can0 185#8563000000000000
(1700000002.499672) can0 0B0#B0F9000000000000
(1700000002.507339) can0 224#243E000000000000
(1700000002.510497) can0 0B0#B0FA000000000000
(1700000002.510997) can0 110#109C000000000000
(1700000002.519929) can0 0B0#B0FB000000000000
(1700000002.522776) can0 185#8564000000000000
(1700000002.526636) can0 110#109D000000000000
(1700000002.529764) can0 0B0#B0FC000000000000
(1700000002.539695) can0 0B0#B0FD000000000000
(1700000002.541411) can0 110#109E000000000000
(1700000002.546885) can0 185#8565000000000000
(1700000002.549785) can0 224#243F000000000000
(1700000002.550028) can0 0B0#B0FE000000000000
(1700000002.553740) can0 2A9#A928000000000000
(1700000002.558605) can0 110#109F000000000000
(1700000002.559293) can0 0B0#B0FF000000000000
(1700000002.568709) can0 0B0#B000010000000000
(1700000002.570374) can0 185#8566000000000000
(1700000002.575641) can0 110#10A0000000000000
(1700000002.579117) can0 0B0#B001010000000000
(1700000002.588390) can0 0B0#B002010000000000
(1700000002.589610) can0 224#2440000000000000
(1700000002.591607) can0 110#10A1000000000000
(1700000002.597841) can0 0B0#B003010000000000
(1700000002.597977) can0 185#8567000000000000
(1700000002.599748) can0 333#3319000000000000
(1700000002.605940) can0 110#10A2000000000000
(1700000002.608763) can0 0B0#B004010000000000
(1700000002.611714) can0 2A9#A929000000000000
(1700000002.617775) can0 0B0#B005010000000000
(1700000002.621653) can0 185#8568000000000000
(1700000002.622719) can0 110#10A3000000000000
(1700000002.626994) can0 0B0#B006010000000000
(1700000002.632844) can0 224#2441000000000000
(1700000002.636892) can0 0B0#B007010000000000
(1700000002.638357) can0 110#10A4000000000000
(1700000002.647164) can0 0B0#B008010000000000
(1700000002.648740) can0 185#8569000000000000
(1700000002.655412) can0 110#10A5000000000000
(1700000002.656245) can0 0B0#B009010000000000
(1700000002.666665) can0 0B0#B00A010000000000
(1700000002.669735) can0 110#10A6000000000000
(1700000002.670982) can0 2A9#A92A000000000000
(1700000002.671816) can0 224#2442000000000000
(1700000002.673360) can0 185#856A000000000000
(1700000002.676697) can0 0B0#B00B010000000000
(1700000002.684257) can0 110#10A7000000000000
(1700000002.686072) can0 0B0#B00C010000000000
(1700000002.695604) can0 0B0#B00D010000000000
(1700000002.696351) can0 185#856B000000000000
(1700000002.699872) can0 110#10A8000000000000
(1700000002.704228) can0 333#331A000000000000
(1700000002.705753) can0 0B0#B00E010000000000
(1700000002.707649) can0 224#2443000000000000
(1700000002.716432) can0 0B0#B00F010000000000
(1700000002.716600) can0 110#10A9000000000000
(1700000002.720641) can0 185#856C000000000000
(1700000002.726148) can0 0B0#B010010000000000
(1700000002.731348) can0 110#10AA000000000000
(1700000002.735787) can0 2A9#A92B000000000000
(1700000002.737062) can0 0B0#B011010000000000
(1700000002.746857) can0 185#856D000000000000
(1700000002.747646) can0 0B0#B012010000000000
(1700000002.747677) can0 224#2444000000000000
(1700000002.747804) can0 110#10AB000000000000
(1700000002.758055) can0 0B0#B013010000000000
(1700000002.763253) can0 110#10AC000000000000
(1700000002.768183) can0 0B0#B014010000000000
(1700000002.771402) can0 185#856E000000000000
(1700000002.778311) can0 0B0#B015010000000000
(1700000002.779324) can0 110#10AD000000000000
(1700000002.785999) can0 224#2445000000000000
(1700000002.788340) can0 0B0#B016010000000000
(1700000002.794197) can0 110#10AE000000000000
(1700000002.796216) can0 333#331B000000000000
(1700000002.797111) can0 185#856F000000000000
(1700000002.798056) can0 0B0#B017010000000000
(1700000002.802532) can0 2A9#A92C000000000000
(1700000002.807881) can0 0B0#B018010000000000
(1700000002.809025) can0 110#10AF000000000000
(1700000002.818328) can0 0B0#B019010000000000
(1700000002.821984) can0 224#2446000000000000
(1700000002.823496) can0 185#8570000000000000
(1700000002.824357) can0 110#10B0000000000000
(1700000002.829280) can0 0B0#B01A010000000000
(1700000002.839175) can0 0B0#B01B010000000000
(1700000002.840644) can0 110#10B1000000000000
(1700000002.849793) can0 0B0#B01C010000000000
(1700000002.850163) can0 185#8571000000000000
(1700000002.855404) can0 110#10B2000000000000
(1700000002.859631) can0 0B0#B01D010000000000
(1700000002.860764) can0 224#2447000000000000
(1700000002.862656) can0 2A9#A92D000000000000
(1700000002.868886) can0 0B0#B01E010000000000
(1700000002.870186) can0 110#10B3000000000000
(1700000002.877079) can0 185#8572000000000000
(1700000002.879753) can0 0B0#B01F010000000000
(1700000002.886371) can0 110#10B4000000000000
(1700000002.889409) can0 0B0#B020010000000000
(1700000002.898617) can0 0B0#B021010000000000
(1700000002.901165) can0 110#10B5000000000000
(1700000002.901573) can0 185#8573000000000000
(1700000002.901859) can0 333#331C000000000000
(1700000002.902347) can0 224#2448000000000000
(1700000002.908236) can0 0B0#B022010000000000
(1700000002.917123) can0 110#10B6000000000000
(1700000002.918408) can0 0B0#B023010000000000
(1700000002.924617) can0 185#8574000000000000
(1700000002.929133) can0 0B0#B024010000000000
(1700000002.929481) can0 2A9#A92E000000000000
(1700000002.932159) can0 110#10B7000000000000
(1700000002.938719) can0 0B0#B025010000000000
(1700000002.945219) can0 224#2449000000000000
(1700000002.947358) can0 110#10B8000000000000
(1700000002.949424) can0 0B0#B026010000000000
(1700000002.950682) can0 185#8575000000000000
(1700000002.960089) can0 0B0#B027010000000000
(1700000002.963780) can0 110#10B9000000000000
(1700000002.971013) can0 0B0#B028010000000000
(1700000002.975904) can0 185#8576000000000000
(1700000002.978718) can0 110#10BA000000000000
(1700000002.980305) can0 0B0#B029010000000000
(1700000002.983313) can0 224#244A000000000000
(1700000002.989911) can0 2A9#A92F000000000000
(1700000002.990350) can0 0B0#B02A010000000000
(1700000002.994326) can0 110#10BB000000000000
(1700000002.999595) can0 333#331D000000000000
(1700000003.000623) can0 0B0#B02B010000000000
(1700000003.001074) can0 185#8577000000000000
(1700000003.009200) can0 110#10BC000000000000
(1700000003.010959) can0 0B0#B02C010000000000
(1700000003.020717) can0 224#244B000000000000
(1700000003.021532) can0 0B0#B02D010000000000
(1700000003.025638) can0 110#10BD000000000000
(1700000003.026559) can0 185#8578000000000000
(1700000003.032435) can0 0B0#B02E010000000000
(1700000003.040676) can0 110#10BE000000000000
(1700000003.041890) can0 0B0#B02F010000000000
(1700000003.050993) can0 185#8579000000000000
(1700000003.052536) can0 0B0#B030010000000000
(1700000003.054040) can0 2A9#A930000000000000
(1700000003.055568) can0 110#10BF000000000000
(1700000003.060909) can0 224#244C000000000000
(1700000003.062547) can0 0B0#B031010000000000
(1700000003.070786) can0 110#10C0000000000000
(1700000003.073037) can0 0B0#B032010000000000
(1700000003.075890) can0 185#857A000000000000
(1700000003.082511) can0 0B0#B033010000000000
(1700000003.086973) can0 110#10C1000000000000
(1700000003.092968) can0 0B0#B034010000000000
(1700000003.099257) can0 333#331E000000000000
(1700000003.099291) can0 185#857B000000000000
(1700000003.101672) can0 110#10C2000000000000
(1700000003.102052) can0 0B0#B035010000000000
(1700000003.104150) can0 224#244D000000000000
(1700000003.111283) can0 0B0#B036010000000000
(1700000003.118243) can0 110#10C3000000000000
(1700000003.119325) can0 2A9#A931000000000000
(1700000003.122010) can0 0B0#B037010000000000
(1700000003.124713) can0 185#857C000000000000
(1700000003.131069) can0 0B0#B038010000000000
(1700000003.132593) can0 110#10C4000000000000
(1700000003.141673) can0 0B0#B039010000000000
(1700000003.147059) can0 224#244E000000000000
(1700000003.147085) can0 110#10C5000000000000
(1700000003.148552) can0 185#857D000000000000
(1700000003.150954) can0 0B0#B03A010000000000
(1700000003.161683) can0 0B0#B03B010000000000
(1700000003.164051) can0 110#10C6000000000000
(1700000003.172320) can0 0B0#B03C010000000000
(1700000003.173918) can0 185#857E000000000000
(1700000003.178336) can0 110#10C7000000000000
(1700000003.181427) can0 0B0#B03D010000000000
(1700000003.183874) can0 224#244F000000000000
(1700000003.188499) can0 2A9#A932000000000000
(1700000003.191494) can0 0B0#B03E010000000000
(1700000003.193158) can0 333#331F000000000000
(1700000003.194968) can0 110#10C8000000000000
(1700000003.200100) can0 185#857F000000000000
(1700000003.201622) can0 0B0#B03F010000000000
(1700000003.212511) can0 0B0#B040010000000000
(1700000003.223296) can0 0B0#B041010000000000
(1700000003.224779) can0 224#2450000000000000
(1700000003.226008) can0 185#8580000000000000
(1700000003.233146) can0 0B0#B042010000000000
(1700000003.242349) can0 0B0#B043010000000000
(1700000003.249812) can0 185#8581000000000000
(1700000003.251559) can0 2A9#A933000000000000
(1700000003.251880) can0 0B0#B044010000000000
(1700000003.261932) can0 0B0#B045010000000000
(1700000003.266435) can0 224#2451000000000000
(1700000003.272837) can0 0B0#B046010000000000
(1700000003.273054) can0 185#8582000000000000
(1700000003.283537) can0 0B0#B047010000000000
(1700000003.291332) can0 333#3320000000000000
(1700000003.293634) can0 0B0#B048010000000000
(1700000003.299382) can0 185#8583000000000000
(1700000003.302959) can0 0B0#B049010000000000
(1700000003.304273) can0 224#2452000000000000
(1700000003.310982) can0 2A9#A934000000000000
(1700000003.313618) can0 0B0#B04A010000000000
(1700000003.324083) can0 0B0#B04B010000000000
(1700000003.324426) can0 185#8584000000000000
(1700000003.334047) can0 0B0#B04C010000000000
(1700000003.344179) can0 0B0#B04D010000000000
(1700000003.345548) can0 224#2453000000000000
(1700000003.350908) can0 185#8585000000000000
(1700000003.354150) can0 0B0#B04E010000000000
(1700000003.364033) can0 0B0#B04F010000000000
(1700000003.373925) can0 0B0#B050010000000000
(1700000003.374253) can0 2A9#A935000000000000
(1700000003.378307) can0 185#8586000000000000
(1700000003.383125) can0 0B0#B051010000000000
(1700000003.387496) can0 224#2454000000000000
(1700000003.393303) can0 0B0#B052010000000000
(1700000003.397451) can0 333#3321000000000000
(1700000003.402845) can0 185#8587000000000000
(1700000003.403086) can0 0B0#B053010000000000
(1700000003.412742) can0 0B0#B054010000000000
(1700000003.422425) can0 0B0#B055010000000000
(1700000003.428984) can0 185#8588000000000000
(1700000003.429585) can0 224#2455000000000000
(1700000003.432666) can0 0B0#B056010000000000
(1700000003.435210) can0 2A9#A936000000000000
(1700000003.442222) can0 0B0#B057010000000000
(1700000003.452810) can0 0B0#B058010000000000
(1700000003.453444) can0 185#8589000000000000
(1700000003.462969) can0 0B0#B059010000000000
(1700000003.471228) can0 224#2456000000000000
(1700000003.473827) can0 0B0#B05A010000000000
(1700000003.476180) can0 185#858A000000000000
(1700000003.484162) can0 0B0#B05B010000000000
(1700000003.494379) can0 0B0#B05C010000000000
(1700000003.494933) can0 2A9#A937000000000000
(1700000003.501189) can0 333#3322000000000000
(1700000003.501259) can0 185#858B000000000000
(1700000003.503540) can0 0B0#B05D010000000000
(1700000003.512802) can0 0B0#B05E010000000000
(1700000003.514781) can0 224#2457000000000000
(1700000003.523650) can0 0B0#B05F010000000000
(1700000003.526598) can0 185#858C000000000000
(1700000003.534044) can0 0B0#B060010000000000
(1700000003.543057) can0 0B0#B061010000000000
(1700000003.551768) can0 185#858D000000000000
(1700000003.551819) can0 224#2458000000000000
(1700000003.552962) can0 0B0#B062010000000000
(1700000003.555254) can0 2A9#A938000000000000
(1700000003.563912) can0 0B0#B063010000000000
(1700000003.573311) can0 0B0#B064010000000000
(1700000003.575038) can0 185#858E000000000000
(1700000003.584228) can0 0B0#B065010000000000
(1700000003.589563) can0 224#2459000000000000
(1700000003.593408) can0 0B0#B066010000000000
(1700000003.599756) can0 185#858F000000000000
(1700000003.603852) can0 333#3323000000000000
(1700000003.604406) can0 0B0#B067010000000000
(1700000003.614072) can0 2A9#A939000000000000
(1700000003.614581) can0 0B0#B068010000000000
(1700000003.623774) can0 185#8590000000000000
(1700000003.624960) can0 0B0#B069010000000000
(1700000003.627835) can0 224#245A000000000000
(1700000003.634060) can0 0B0#B06A010000000000
(1700000003.644921) can0 0B0#B06B010000000000
(1700000003.646995) can0 185#8591000000000000
(1700000003.654596) can0 0B0#B06C010000000000
(1700000003.665077) can0 0B0#B06D010000000000
(1700000003.671072) can0 224#245B000000000000
(1700000003.671864) can0 185#8592000000000000
(1700000003.674593) can0 0B0#B06E010000000000
(1700000003.677722) can0 2A9#A93A000000000000
(1700000003.683919) can0 0B0#B06F010000000000
(1700000003.694044) can0 0B0#B070010000000000
(1700000003.695410) can0 185#8593000000000000
(1700000003.703891) can0 0B0#B071010000000000
(1700000003.707213) can0 224#245C000000000000
(1700000003.709612) can0 333#3324000000000000
(1700000003.713005) can0 0B0#B072010000000000
(1700000003.718173) can0 185#8594000000000000
(1700000003.722588) can0 0B0#B073010000000000
(1700000003.732211) can0 0B0#B074010000000000
(1700000003.740463) can0 2A9#A93B000000000000
(1700000003.741666) can0 0B0#B075010000000000
(1700000003.742281) can0 185#8595000000000000
(1700000003.743336) can0 224#245D000000000000
(1700000003.750943) can0 0B0#B076010000000000
(1700000003.761231) can0 0B0#B077010000000000
(1700000003.767180) can0 185#8596000000000000
(1700000003.771173) can0 0B0#B078010000000000
(1700000003.779660) can0 224#245E000000000000
(1700000003.780834) can0 0B0#B079010000000000
(1700000003.791497) can0 0B0#B07A010000000000
(1700000003.791762) can0 185#8597000000000000
(1700000003.799873) can0 2A9#A93C000000000000
(1700000003.801565) can0 0B0#B07B010000000000
(1700000003.809442) can0 333#3325000000000000
(1700000003.812040) can0 0B0#B07C010000000000
(1700000003.816634) can0 224#245F000000000000
(1700000003.817028) can0 185#8598000000000000
(1700000003.821696) can0 0B0#B07D010000000000
(1700000003.831440) can0 0B0#B07E010000000000
(1700000003.841431) can0 0B0#B07F010000000000
(1700000003.844257) can0 185#8599000000000000
(1700000003.852129) can0 0B0#B080010000000000
(1700000003.855549) can0 224#2460000000000000
(1700000003.859035) can0 2A9#A93D000000000000
(1700000003.861785) can0 0B0#B081010000000000
(1700000003.870585) can0 185#859A000000000000
(1700000003.871624) can0 0B0#B082010000000000
(1700000003.881477) can0 0B0#B083010000000000
(1700000003.891046) can0 0B0#B084010000000000
(1700000003.892800) can0 224#2461000000000000
(1700000003.893245) can0 185#859B000000000000
(1700000003.900828) can0 0B0#B085010000000000
(1700000003.908759) can0 333#3326000000000000
(1700000003.910646) can0 0B0#B086010000000000
(1700000003.917590) can0 2A9#A93E000000000000
(1700000003.919836) can0 0B0#B087010000000000
(1700000003.920227) can0 185#859C000000000000
(1700000003.929815) can0 0B0#B088010000000000
(1700000003.932326) can0 224#2462000000000000
(1700000003.939499) can0 0B0#B089010000000000
(1700000003.943443) can0 185#859D000000000000
(1700000003.950267) can0 0B0#B08A010000000000
(1700000003.959899) can0 0B0#B08B010000000000
(1700000003.966164) can0 185#859E000000000000
(1700000003.970012) can0 224#2463000000000000
(1700000003.970390) can0 0B0#B08C010000000000
(1700000003.974408) can0 2A9#A93F000000000000
(1700000003.980282) can0 0B0#B08D010000000000
(1700000003.990180) can0 0B0#B08E010000000000
(1700000003.993376) can0 185#859F000000000000
(1700000003.999916) can0 0B0#B08F010000000000
(1700000004.006325) can0 224#2464000000000000
(1700000004.009756) can0 0B0#B090010000000000
(1700000004.012608) can0 333#3327000000000000
(1700000004.016470) can0 185#85A0000000000000
(1700000004.018936) can0 0B0#B091010000000000
(1700000004.029546) can0 0B0#B092010000000000
(1700000004.035074) can0 2A9#A940000000000000
(1700000004.039486) can0 185#85A1000000000000
(1700000004.040516) can0 0B0#B093010000000000
(1700000004.043952) can0 224#2465000000000000
(1700000004.050576) can0 0B0#B094010000000000
(1700000004.060075) can0 0B0#B095010000000000
(1700000004.063494) can0 185#85A2000000000000
(1700000004.070523) can0 0B0#B096010000000000
(1700000004.079985) can0 224#2466000000000000
(1700000004.080119) can0 0B0#B097010000000000
(1700000004.086201) can0 185#85A3000000000000
(1700000004.089148) can0 0B0#B098010000000000
(1700000004.093242) can0 2A9#A941000000000000
(1700000004.099625) can0 0B0#B099010000000000
(1700000004.110614) can0 0B0#B09A010000000000
(1700000004.110872) can0 185#85A4000000000000
(1700000004.117180) can0 333#3328000000000000
(1700000004.120776) can0 0B0#B09B010000000000
(1700000004.123482) can0 224#2467000000000000
(1700000004.130210) can0 0B0#B09C010000000000
(1700000004.138244) can0 185#85A5000000000000
(1700000004.139951) can0 0B0#B09D010000000000
(1700000004.150100) can0 0B0#B09E010000000000
(1700000004.157942) can0 2A9#A942000000000000
(1700000004.159159) can0 0B0#B09F010000000000
(1700000004.163026) can0 185#85A6000000000000
(1700000004.164794) can0 224#2468000000000000
(1700000004.168626) can0 0B0#B0A0010000000000
(1700000004.178623) can0 0B0#B0A1010000000000
(1700000004.187566) can0 185#85A7000000000000
(1700000004.188091) can0 0B0#B0A2010000000000
(1700000004.197480) can0 0B0#B0A3010000000000
(1700000004.206066) can0 224#2469000000000000
(1700000004.207018) can0 0B0#B0A4010000000000
(1700000004.211631) can0 185#85A8000000000000
(1700000004.216391) can0 0B0#B0A5010000000000
(1700000004.218626) can0 333#3329000000000000
(1700000004.219314) can0 2A9#A943000000000000
(1700000004.227121) can0 0B0#B0A6010000000000
(1700000004.236983) can0 0B0#B0A7010000000000
(1700000004.237515) can0 185#85A9000000000000
(1700000004.245840) can0 224#246A000000000000
(1700000004.246952) can0 0B0#B0A8010000000000
(1700000004.256130) can0 0B0#B0A9010000000000
(1700000004.264669) can0 185#85AA000000000000
(1700000004.266826) can0 0B0#B0AA010000000000
(1700000004.276778) can0 0B0#B0AB010000000000
(1700000004.285868) can0 0B0#B0AC010000000000
(1700000004.286833) can0 2A9#A944000000000000
(1700000004.288491) can0 185#85AB000000000000
(1700000004.289549) can0 224#246B000000000000
(1700000004.296364) can0 0B0#B0AD010000000000
(1700000004.305646) can0 0B0#B0AE010000000000
(1700000004.312273) can0 185#85AC000000000000
(1700000004.316420) can0 0B0#B0AF010000000000
(1700000004.323784) can0 333#332A000000000000
(1700000004.326144) can0 0B0#B0B0010000000000
(1700000004.329875) can0 224#246C000000000000
(1700000004.335102) can0 185#85AD000000000000
(1700000004.336731) can0 0B0#B0B1010000000000
(1700000004.345341) can0 2A9#A945000000000000
(1700000004.345906) can0 0B0#B0B2010000000000
(1700000004.355769) can0 0B0#B0B3010000000000
(1700000004.361024) can0 185#85AE000000000000
(1700000004.365133) can0 0B0#B0B4010000000000
(1700000004.370776) can0 224#246D000000000000
(1700000004.375210) can0 0B0#B0B5010000000000
(1700000004.384229) can0 185#85AF000000000000
(1700000004.384523) can0 0B0#B0B6010000000000
(1700000004.395342) can0 0B0#B0B7010000000000
(1700000004.404960) can0 0B0#B0B8010000000000
(1700000004.406294) can0 2A9#A946000000000000
(1700000004.408003) can0 185#85B0000000000000
(1700000004.413926) can0 224#246E000000000000
(1700000004.414707) can0 0B0#B0B9010000000000
(1700000004.425250) can0 0B0#B0BA010000000000
(1700000004.432545) can0 333#332B000000000000
(1700000004.433302) can0 185#85B1000000000000
(1700000004.435185) can0 0B0#B0BB010000000000
(1700000004.445480) can0 0B0#B0BC010000000000
(1700000004.450456) can0 224#246F000000000000
(1700000004.455988) can0 0B0#B0BD010000000000
(1700000004.457809) can0 185#85B2000000000000
(1700000004.465563) can0 0B0#B0BE010000000000
(1700000004.466430) can0 2A9#A947000000000000
(1700000004.476197) can0 0B0#B0BF010000000000
(1700000004.481171) can0 185#85B3000000000000
(1700000004.486598) can0 0B0#B0C0010000000000
(1700000004.489061) can0 224#2470000000000000
(1700000004.496833) can0 0B0#B0C1010000000000
(1700000004.503961) can0 185#85B4000000000000
(1700000004.507267) can0 0B0#B0C2010000000000
(1700000004.518265) can0 0B0#B0C3010000000000
(1700000004.524316) can0 2A9#A948000000000000
(1700000004.526648) can0 224#2471000000000000
(1700000004.527910) can0 0B0#B0C4010000000000
(1700000004.531026) can0 185#85B5000000000000
(1700000004.536121) can0 333#332C000000000000
(1700000004.537356) can0 0B0#B0C5010000000000
(1700000004.547928) can0 0B0#B0C6010000000000
(1700000004.554995) can0 185#85B6000000000000
(1700000004.557775) can0 0B0#B0C7010000000000
(1700000004.565929) can0 224#2472000000000000
(1700000004.568270) can0 0B0#B0C8010000000000
(1700000004.577755) can0 0B0#B0C9010000000000
(1700000004.581529) can0 185#85B7000000000000
(1700000004.581569) can0 2A9#A949000000000000
(1700000004.587143) can0 0B0#B0CA010000000000
(1700000004.597184) can0 0B0#B0CB010000000000
(1700000004.606785) can0 185#85B8000000000000
(1700000004.607675) can0 0B0#B0CC010000000000
(1700000004.609169) can0 224#2473000000000000
(1700000004.616939) can0 0B0#B0CD010000000000
(1700000004.626512) can0 333#332D000000000000
(1700000004.626530) can0 0B0#B0CE010000000000
(1700000004.630086) can0 185#85B9000000000000
(1700000004.636792) can0 0B0#B0CF010000000000
(1700000004.640784) can0 2A9#A94A000000000000
(1700000004.645969) can0 0B0#B0D0010000000000
(1700000004.647373) can0 224#2474000000000000
(1700000004.655484) can0 0B0#B0D1010000000000
(1700000004.656737) can0 185#85BA000000000000
(1700000004.664857) can0 0B0#B0D2010000000000
(1700000004.674754) can0 0B0#B0D3010000000000
(1700000004.682802) can0 185#85BB000000000000
(1700000004.683814) can0 224#2475000000000000
(1700000004.684250) can0 0B0#B0D4010000000000
(1700000004.694387) can0 0B0#B0D5010000000000
(1700000004.704968) can0 0B0#B0D6010000000000
(1700000004.705664) can0 2A9#A94B000000000000
(1700000004.707476) can0 185#85BC000000000000
(1700000004.715220) can0 0B0#B0D7010000000000
(1700000004.722794) can0 224#2476000000000000
(1700000004.723025) can0 333#332E000000000000
(1700000004.724532) can0 0B0#B0D8010000000000
(1700000004.730550) can0 185#85BD000000000000
(1700000004.735280) can0 0B0#B0D9010000000000
(1700000004.744710) can0 0B0#B0DA010000000000
(1700000004.753893) can0 0B0#B0DB010000000000
(1700000004.756236) can0 185#85BE000000000000
(1700000004.763968) can0 0B0#B0DC010000000000
(1700000004.765496) can0 224#2477000000000000
(1700000004.771500) can0 2A9#A94C000000000000
(1700000004.773676) can0 0B0#B0DD010000000000
(1700000004.780367) can0 185#85BF000000000000
(1700000004.783128) can0 0B0#B0DE010000000000
(1700000004.794015) can0 0B0#B0DF010000000000
(1700000004.804788) can0 0B0#B0E0010000000000
(1700000004.805129) can0 185#85C0000000000000
(1700000004.807031) can0 224#2478000000000000
(1700000004.815235) can0 0B0#B0E1010000000000
(1700000004.825346) can0 0B0#B0E2010000000000
(1700000004.829954) can0 2A9#A94D000000000000
(1700000004.830167) can0 333#332F000000000000
(1700000004.832582) can0 185#85C1000000000000
(1700000004.834688) can0 0B0#B0E3010000000000
(1700000004.843911) can0 0B0#B0E4010000000000
(1700000004.846296) can0 224#2479000000000000
(1700000004.853101) can0 0B0#B0E5010000000000
(1700000004.858836) can0 185#85C2000000000000
(1700000004.863448) can0 0B0#B0E6010000000000
(1700000004.873431) can0 0B0#B0E7010000000000
(1700000004.882943) can0 185#85C3000000000000
(1700000004.884303) can0 0B0#B0E8010000000000
(1700000004.888216) can0 224#247A000000000000
(1700000004.894071) can0 2A9#A94E000000000000
(1700000004.894561) can0 0B0#B0E9010000000000
(1700000004.903909) can0 0B0#B0EA010000000000
(1700000004.907956) can0 185#85C4000000000000
(1700000004.914389) can0 0B0#B0EB010000000000
(1700000004.923407) can0 0B0#B0EC010000000000
(1700000004.928249) can0 224#247B000000000000
(1700000004.929517) can0 333#3330000000000000
(1700000004.932972) can0 0B0#B0ED010000000000
(1700000004.934631) can0 185#85C5000000000000
(1700000004.943048) can0 0B0#B0EE010000000000
(1700000004.953367) can0 0B0#B0EF010000000000
(1700000004.956477) can0 2A9#A94F000000000000
(1700000004.960623) can0 185#85C6000000000000
(1700000004.964280) can0 0B0#B0F0010000000000
(1700000004.968279) can0 224#247C000000000000
(1700000004.974299) can0 0B0#B0F1010000000000
(1700000004.983775) can0 0B0#B0F2010000000000
(1700000004.985783) can0 185#85C7000000000000
(1700000004.993163) can0 0B0#B0F3010000000000
(1700000005.004036) can0 0B0#B0F4010000000000
(1700000005.011826) can0 185#85C8000000000000
(1700000005.011870) can0 224#247D000000000000
(1700000005.014755) can0 0B0#B0F5010000000000
(1700000005.020284) can0 333#3331000000000000
(1700000005.024759) can0 2A9#A950000000000000
(1700000005.025299) can0 0B0#B0F6010000000000
(1700000005.034798) can0 0B0#B0F7010000000000
(1700000005.035431) can0 185#85C9000000000000
(1700000005.044691) can0 0B0#B0F8010000000000
(1700000005.049678) can0 224#247E000000000000
(1700000005.054090) can0 0B0#B0F9010000000000
(1700000005.061095) can0 185#85CA000000000000
(1700000005.063313) can0 0B0#B0FA010000000000
(1700000005.073851) can0 0B0#B0FB010000000000
(1700000005.082937) can0 0B0#B0FC010000000000
(1700000005.087698) can0 185#85CB000000000000
(1700000005.091027) can0 2A9#A951000000000000
(1700000005.092036) can0 0B0#B0FD010000000000
(1700000005.092104) can0 224#247F000000000000
(1700000005.102189) can0 0B0#B0FE010000000000
(1700000005.111947) can0 0B0#B0FF010000000000
(1700000005.112205) can0 185#85CC000000000000
(1700000005.122351) can0 0B0#B000020000000000
(1700000005.125293) can0 333#3332000000000000
(1700000005.132800) can0 0B0#B001020000000000
(1700000005.133867) can0 224#2480000000000000
(1700000005.137348) can0 185#85CD000000000000
(1700000005.142201) can0 0B0#B002020000000000
(1700000005.152178) can0 0B0#B003020000000000
(1700000005.154673) can0 2A9#A952000000000000
(1700000005.161391) can0 0B0#B004020000000000
(1700000005.163265) can0 185#85CE000000000000
(1700000005.171177) can0 0B0#B005020000000000
(1700000005.177627) can0 224#2481000000000000
(1700000005.180471) can0 0B0#B006020000000000
(1700000005.189035) can0 185#85CF000000000000
(1700000005.189702) can0 0B0#B007020000000000
(1700000005.200370) can0 0B0#B008020000000000
(1700000005.210374) can0 0B0#B009020000000000
(1700000005.212408) can0 185#85D0000000000000
(1700000005.213149) can0 2A9#A953000000000000
(1700000005.219525) can0 333#3333000000000000
(1700000005.220418) can0 0B0#B00A020000000000
(1700000005.221362) can0 224#2482000000000000
(1700000005.230463) can0 0B0#B00B020000000000
(1700000005.237619) can0 185#85D1000000000000
(1700000005.240343) can0 0B0#B00C020000000000
(1700000005.251274) can0 0B0#B00D020000000000
(1700000005.261656) can0 185#85D2000000000000
(1700000005.262105) can0 0B0#B00E020000000000
(1700000005.263237) can0 224#2483000000000000
(1700000005.271664) can0 0B0#B00F020000000000
(1700000005.274638) can0 2A9#A954000000000000
(1700000005.281659) can0 0B0#B010020000000000
(1700000005.289101) can0 185#85D3000000000000
(1700000005.291879) can0 0B0#B011020000000000
(1700000005.302338) can0 0B0#B012020000000000
(1700000005.306815) can0 224#2484000000000000
(1700000005.311687) can0 0B0#B013020000000000
(1700000005.313376) can0 185#85D4000000000000
(1700000005.320793) can0 0B0#B014020000000000
(1700000005.327691) can0 333#3334000000000000
(1700000005.331649) can0 0B0#B015020000000000
(1700000005.336220) can0 2A9#A955000000000000
(1700000005.339944) can0 185#85D5000000000000
(1700000005.340700) can0 0B0#B016020000000000
(1700000005.345596) can0 224#2485000000000000
(1700000005.350339) can0 0B0#B017020000000000
(1700000005.361100) can0 0B0#B018020000000000
(1700000005.365932) can0 185#85D6000000000000
(1700000005.370355) can0 0B0#B019020000000000
(1700000005.380630) can0 0B0#B01A020000000000
(1700000005.381679) can0 224#2486000000000000
(1700000005.390095) can0 0B0#B01B020000000000
(1700000005.391452) can0 185#85D7000000000000
(1700000005.393849) can0 2A9#A956000000000000
(1700000005.399831) can0 0B0#B01C020000000000
(1700000005.409290) can0 0B0#B01D020000000000
(1700000005.416078) can0 185#85D8000000000000
(1700000005.418633) can0 0B0#B01E020000000000
(1700000005.420480) can0 333#3335000000000000
(1700000005.421827) can0 224#2487000000000000
(1700000005.427824) can0 0B0#B01F020000000000
(1700000005.437329) can0 0B0#B020020000000000
(1700000005.442827) can0 185#85D9000000000000
(1700000005.446477) can0 0B0#B021020000000000
(1700000005.455775) can0 0B0#B022020000000000
(1700000005.462502) can0 2A9#A957000000000000
(1700000005.464881) can0 0B0#B023020000000000
(1700000005.465090) can0 224#2488000000000000
(1700000005.470426) can0 185#85DA000000000000
(1700000005.474215) can0 0B0#B024020000000000
(1700000005.484428) can0 0B0#B025020000000000
(1700000005.495007) can0 0B0#B026020000000000
(1700000005.495880) can0 185#85DB000000000000
(1700000005.505058) can0 224#2489000000000000
(1700000005.505623) can0 0B0#B027020000000000
(1700000005.514939) can0 0B0#B028020000000000
(1700000005.518682) can0 185#85DC000000000000
(1700000005.522725) can0 2A9#A958000000000000
(1700000005.525868) can0 0B0#B029020000000000
(1700000005.525892) can0 333#3336000000000000
(1700000005.535190) can0 0B0#B02A020000000000
(1700000005.543316) can0 185#85DD000000000000
(1700000005.545300) can0 0B0#B02B020000000000
(1700000005.546176) can0 224#248A000000000000
(1700000005.555514) can0 0B0#B02C020000000000
(1700000005.565446) can0 0B0#B02D020000000000
(1700000005.568174) can0 185#85DE000000000000
(1700000005.575670) can0 0B0#B02E020000000000
(1700000005.585276) can0 0B0#B02F020000000000
(1700000005.588658) can0 2A9#A959000000000000
(1700000005.589707) can0 224#248B000000000000
(1700000005.594647) can0 185#85DF000000000000
(1700000005.595440) can0 0B0#B030020000000000
(1700000005.604701) can0 0B0#B031020000000000
(1700000005.614076) can0 0B0#B032020000000000
(1700000005.618004) can0 110#10C9000000000000
(1700000005.619619) can0 185#85E0000000000000
(1700000005.624482) can0 0B0#B033020000000000
(1700000005.628023) can0 333#3337000000000000
(1700000005.629592) can0 224#248C000000000000
(1700000005.633268) can0 110#10CA000000000000
(1700000005.634127) can0 0B0#B034020000000000
(1700000005.643611) can0 0B0#B035020000000000
(1700000005.644085) can0 185#85E1000000000000
(1700000005.650261) can0 110#10CB000000000000
(1700000005.653555) can0 0B0#B036020000000000
(1700000005.654157) can0 2A9#A95A000000000000
(1700000005.663877) can0 0B0#B037020000000000
(1700000005.665974) can0 110#10CC000000000000
(1700000005.668851) can0 185#85E2000000000000
(1700000005.669065) can0 224#248D000000000000
(1700000005.673397) can0 0B0#B038020000000000
(1700000005.680764) can0 110#10CD000000000000
(1700000005.683261) can0 0B0#B039020000000000
(1700000005.692494) can0 185#85E3000000000000
(1700000005.693949) can0 0B0#B03A020000000000
(1700000005.696137) can0 110#10CE000000000000
(1700000005.703449) can0 0B0#B03B020000000000
(1700000005.711669) can0 224#248E000000000000
(1700000005.713073) can0 110#10CF000000000000
(1700000005.713237) can0 0B0#B03C020000000000
(1700000005.714688) can0 2A9#A95B000000000000
(1700000005.720073) can0 185#85E4000000000000
(1700000005.723110) can0 0B0#B03D020000000000
(1700000005.729794) can0 110#10D0000000000000
(1700000005.732460) can0 0B0#B03E020000000000
(1700000005.737554) can0 333#3338000000000000
(1700000005.742599) can0 0B0#B03F020000000000
(1700000005.746507) can0 110#10D1000000000000
(1700000005.746921) can0 185#85E5000000000000
(1700000005.748519) can0 224#248F000000000000
(1700000005.751758) can0 0B0#B040020000000000
(1700000005.761208) can0 110#10D2000000000000
(1700000005.762103) can0 0B0#B041020000000000
(1700000005.770374) can0 185#85E6000000000000
(1700000005.772748) can0 0B0#B042020000000000
(1700000005.775699) can0 2A9#A95C000000000000
(1700000005.777286) can0 110#10D3000000000000
(1700000005.783171) can0 0B0#B043020000000000
(1700000005.789165) can0 224#2490000000000000
(1700000005.791815) can0 110#10D4000000000000
(1700000005.793532) can0 0B0#B044020000000000
(1700000005.796419) can0 185#85E7000000000000
(1700000005.804232) can0 0B0#B045020000000000
(1700000005.806614) can0 110#10D5000000000000
(1700000005.814186) can0 0B0#B046020000000000
(1700000005.820950) can0 185#85E8000000000000
(1700000005.823925) can0 110#10D6000000000000
(1700000005.824290) can0 0B0#B047020000000000
(1700000005.829534) can0 224#2491000000000000
(1700000005.834228) can0 0B0#B048020000000000
(1700000005.837116) can0 2A9#A95D000000000000
(1700000005.838038) can0 333#3339000000000000
(1700000005.839068) can0 110#10D7000000000000
(1700000005.844270) can0 0B0#B049020000000000
(1700000005.847282) can0 185#85E9000000000000
(1700000005.854587) can0 0B0#B04A020000000000
(1700000005.856334) can0 110#10D8000000000000
(1700000005.864175) can0 0B0#B04B020000000000
(1700000005.870138) can0 224#2492000000000000
(1700000005.871605) can0 110#10D9000000000000
(1700000005.871759) can0 185#85EA000000000000
(1700000005.873490) can0 0B0#B04C020000000000
(1700000005.883031) can0 0B0#B04D020000000000
(1700000005.887319) can0 110#10DA000000000000
(1700000005.892562) can0 0B0#B04E020000000000
(1700000005.894974) can0 185#85EB000000000000
(1700000005.895004) can0 2A9#A95E000000000000
(1700000005.902962) can0 0B0#B04F020000000000
(1700000005.903328) can0 110#10DB000000000000
(1700000005.911649) can0 224#2493000000000000
(1700000005.912591) can0 0B0#B050020000000000
(1700000005.918952) can0 185#85EC000000000000
(1700000005.920740) can0 110#10DC000000000000
(1700000005.921919) can0 0B0#B051020000000000
(1700000005.931490) can0 0B0#B052020000000000
(1700000005.936085) can0 110#10DD000000000000
(1700000005.940195) can0 333#333A000000000000
(1700000005.940739) can0 0B0#B053020000000000
(1700000005.944728) can0 185#85ED000000000000
(1700000005.947586) can0 224#2494000000000000
(1700000005.950438) can0 0B0#B054020000000000
(1700000005.952441) can0 110#10DE000000000000
(1700000005.957015) can0 2A9#A95F000000000000
(1700000005.961011) can0 0B0#B055020000000000
(1700000005.967388) can0 185#85EE000000000000
(1700000005.967868) can0 110#10DF000000000000
(1700000005.971679) can0 0B0#B056020000000000
(1700000005.981036) can0 0B0#B057020000000000
(1700000005.983928) can0 110#10E0000000000000
(1700000005.986296) can0 224#2495000000000000
(1700000005.991652) can0 0B0#B058020000000000
(1700000005.993027) can0 185#85EF000000000000
(1700000006.000786) can0 110#10E1000000000000
(1700000006.001626) can0 0B0#B059020000000000
(1700000006.011125) can0 0B0#B05A020000000000
(1700000006.015974) can0 185#85F0000000000000
(1700000006.016790) can0 110#10E2000000000000
(1700000006.021847) can0 0B0#B05B020000000000
(1700000006.024720) can0 2A9#A960000000000000
(1700000006.029805) can0 224#2496000000000000
(1700000006.032050) can0 0B0#B05C020000000000
(1700000006.032463) can0 110#10E3000000000000
(1700000006.039992) can0 185#85F1000000000000
(1700000006.041892) can0 0B0#B05D020000000000
(1700000006.044795) can0 333#333B000000000000
(1700000006.049602) can0 110#10E4000000000000
(1700000006.052831) can0 0B0#B05E020000000000
(1700000006.063226) can0 0B0#B05F020000000000
(1700000006.064079) can0 110#10E5000000000000
(1700000006.064743) can0 185#85F2000000000000
(1700000006.071211) can0 224#2497000000000000
(1700000006.073810) can0 0B0#B060020000000000
(1700000006.081284) can0 110#10E6000000000000
(1700000006.082140) can0 2A9#A961000000000000
(1700000006.083707) can0 0B0#B061020000000000
(1700000006.088622) can0 185#85F3000000000000
(1700000006.093027) can0 0B0#B062020000000000
(1700000006.097312) can0 110#10E7000000000000
(1700000006.104021) can0 0B0#B063020000000000
(1700000006.112588) can0 185#85F4000000000000
(1700000006.113306) can0 224#2498000000000000
(1700000006.113567) can0 110#10E8000000000000
(1700000006.113735) can0 0B0#B064020000000000
(1700000006.124030) can0 0B0#B065020000000000
(1700000006.130533) can0 110#10E9000000000000
(1700000006.134800) can0 0B0#B066020000000000
(1700000006.136948) can0 185#85F5000000000000
(1700000006.144005) can0 0B0#B067020000000000
(1700000006.145238) can0 110#10EA000000000000
(1700000006.145357) can0 2A9#A962000000000000
(1700000006.146074) can0 333#333C000000000000
(1700000006.153544) can0 0B0#B068020000000000
(1700000006.153854) can0 224#2499000000000000
(1700000006.159879) can0 185#85F6000000000000
(1700000006.161963) can0 110#10EB000000000000
(1700000006.163490) can0 0B0#B069020000000000
(1700000006.172664) can0 0B0#B06A020000000000
(1700000006.178743) can0 110#10EC000000000000
(1700000006.183102) can0 0B0#B06B020000000000
(1700000006.187173) can0 185#85F7000000000000
(1700000006.190289) can0 224#249A000000000000
(1700000006.193099) can0 0B0#B06C020000000000
(1700000006.194584) can0 110#10ED000000000000
(1700000006.203564) can0 0B0#B06D020000000000
(1700000006.208896) can0 2A9#A963000000000000
(1700000006.210276) can0 110#10EE000000000000
(1700000006.212972) can0 0B0#B06E020000000000
(1700000006.214396) can0 185#85F8000000000000
(1700000006.223440) can0 0B0#B06F020000000000
(1700000006.225804) can0 110#10EF000000000000
(1700000006.232512) can0 224#249B000000000000
(1700000006.233390) can0 0B0#B070020000000000
(1700000006.240467) can0 110#10F0000000000000
(1700000006.240870) can0 185#85F9000000000000
(1700000006.242944) can0 0B0#B071020000000000
(1700000006.250266) can0 333#333D000000000000
(1700000006.252191) can0 0B0#B072020000000000
(1700000006.255165) can0 110#10F1000000000000
(1700000006.261440) can0 0B0#B073020000000000
(1700000006.266949) can0 185#85FA000000000000
(1700000006.268003) can0 2A9#A964000000000000
(1700000006.271194) can0 0B0#B074020000000000
(1700000006.271523) can0 224#249C000000000000
(1700000006.272219) can0 110#10F2000000000000
(1700000006.281316) can0 0B0#B075020000000000
(1700000006.288669) can0 110#10F3000000000000
(1700000006.290210) can0 185#85FB000000000000
(1700000006.291558) can0 0B0#B076020000000000
(1700000006.301042) can0 0B0#B077020000000000
(1700000006.302964) can0 110#10F4000000000000
(1700000006.311167) can0 0B0#B078020000000000
(1700000006.311539) can0 224#249D000000000000
(1700000006.317476) can0 185#85FC000000000000
(1700000006.319244) can0 110#10F5000000000000
(1700000006.320324) can0 0B0#B079020000000000
(1700000006.329185) can0 2A9#A965000000000000
(1700000006.330784) can0 0B0#B07A020000000000
(1700000006.333864) can0 110#10F6000000000000
(1700000006.340986) can0 0B0#B07B020000000000
(1700000006.344028) can0 185#85FD000000000000
(1700000006.349406) can0 333#333E000000000000
(1700000006.350345) can0 110#10F7000000000000
(1700000006.350984) can0 224#249E000000000000
(1700000006.351715) can0 0B0#B07C020000000000
(1700000006.362447) can0 0B0#B07D020000000000
(1700000006.365461) can0 110#10F8000000000000
(1700000006.370634) can0 185#85FE000000000000
(1700000006.372333) can0 0B0#B07E020000000000
(1700000006.382167) can0 0B0#B07F020000000000
(1700000006.382348) can0 110#10F9000000000000
(1700000006.391301) can0 224#249F000000000000
(1700000006.392959) can0 0B0#B080020000000000
(1700000006.396722) can0 185#85FF000000000000
(1700000006.396881) can0 2A9#A966000000000000
(1700000006.399486) can0 110#10FA000000000000
(1700000006.403499) can0 0B0#B081020000000000
(1700000006.414431) can0 0B0#B082020000000000
(1700000006.416894) can0 110#10FB000000000000
(1700000006.422778) can0 185#8500010000000000
(1700000006.425092) can0 0B0#B083020000000000
(1700000006.428610) can0 224#24A0000000000000
(1700000006.433675) can0 110#10FC000000000000
(1700000006.434679) can0 0B0#B084020000000000
(1700000006.443882) can0 0B0#B085020000000000
(1700000006.447504) can0 185#8501010000000000
(1700000006.448808) can0 333#333F000000000000
(1700000006.450037) can0 110#10FD000000000000
(1700000006.454378) can0 2A9#A967000000000000
(1700000006.454497) can0 0B0#B086020000000000
(1700000006.464628) can0 224#24A1000000000000
(1700000006.464756) can0 0B0#B087020000000000
(1700000006.464985) can0 110#10FE000000000000
(1700000006.474833) can0 0B0#B088020000000000
(1700000006.474972) can0 185#8502010000000000
(1700000006.479373) can0 110#10FF000000000000
(1700000006.484110) can0 0B0#B089020000000000
(1700000006.493578) can0 0B0#B08A020000000000
(1700000006.496760) can0 110#1000010000000000
(1700000006.498197) can0 185#8503010000000000
(1700000006.503452) can0 0B0#B08B020000000000
(1700000006.504599) can0 224#24A2000000000000
(1700000006.512601) can0 0B0#B08C020000000000
(1700000006.514041) can0 110#1001010000000000
(1700000006.522455) can0 2A9#A968000000000000
(1700000006.523080) can0 185#8504010000000000
(1700000006.523318) can0 0B0#B08D020000000000
(1700000006.529787) can0 110#1002010000000000
(1700000006.532967) can0 0B0#B08E020000000000
(1700000006.543389) can0 0B0#B08F020000000000
(1700000006.545257) can0 224#24A3000000000000
(1700000006.545960) can0 110#1003010000000000
(1700000006.548619) can0 185#8505010000000000
(1700000006.552507) can0 0B0#B090020000000000
(1700000006.553657) can0 333#3340000000000000
(1700000006.561907) can0 110#1004010000000000
(1700000006.563257) can0 0B0#B091020000000000
(1700000006.573375) can0 185#8506010000000000
(1700000006.574189) can0 0B0#B092020000000000
(1700000006.578734) can0 110#1005010000000000
(1700000006.583255) can0 2A9#A969000000000000
(1700000006.584129) can0 0B0#B093020000000000
(1700000006.588459) can0 224#24A4000000000000
(1700000006.594381) can0 110#1006010000000000
(1700000006.594708) can0 0B0#B094020000000000
(1700000006.599389) can0 185#8507010000000000
(1700000006.604864) can0 0B0#B095020000000000
(1700000006.611187) can0 110#1007010000000000
(1700000006.614752) can0 0B0#B096020000000000
(1700000006.622976) can0 185#8508010000000000
(1700000006.624902) can0 0B0#B097020000000000
(1700000006.627260) can0 224#24A5000000000000
(1700000006.628476) can0 110#1008010000000000
(1700000006.635093) can0 0B0#B098020000000000
(1700000006.642741) can0 2A9#A96A000000000000
(1700000006.645066) can0 0B0#B099020000000000
(1700000006.645723) can0 110#1009010000000000
(1700000006.647639) can0 185#8509010000000000
(1700000006.654994) can0 0B0#B09A020000000000
(1700000006.657465) can0 333#3341000000000000
(1700000006.660457) can0 110#100A010000000000
(1700000006.664572) can0 0B0#B09B020000000000
(1700000006.666421) can0 224#24A6000000000000
(1700000006.674235) can0 0B0#B09C020000000000
(1700000006.674419) can0 185#850A010000000000
(1700000006.677522) can0 110#100B010000000000
(1700000006.685033) can0 0B0#B09D020000000000
(1700000006.694041) can0 110#100C010000000000
(1700000006.694204) can0 0B0#B09E020000000000
(1700000006.700840) can0 185#850B010000000000
(1700000006.703897) can0 224#24A7000000000000
(1700000006.704810) can0 0B0#B09F020000000000
(1700000006.709693) can0 110#100D010000000000
(1700000006.711734) can0 2A9#A96B000000000000
(1700000006.715707) can0 0B0#B0A0020000000000
(1700000006.725277) can0 0B0#B0A1020000000000
(1700000006.726089) can0 110#100E010000000000
(1700000006.726253) can0 185#850C010000000000
(1700000006.735218) can0 0B0#B0A2020000000000
(1700000006.743051) can0 110#100F010000000000
(1700000006.744523) can0 0B0#B0A3020000000000
(1700000006.747305) can0 224#24A8000000000000
(1700000006.752997) can0 185#850D010000000000
(1700000006.754524) can0 0B0#B0A4020000000000
(1700000006.757305) can0 333#3342000000000000
(1700000006.757773) can0 110#1010010000000000
(1700000006.764094) can0 0B0#B0A5020000000000
(1700000006.768557) can0 2A9#A96C000000000000
(1700000006.773090) can0 110#1011010000000000
(1700000006.774709) can0 0B0#B0A6020000000000
(1700000006.778669) can0 185#850E010000000000
(1700000006.785407) can0 0B0#B0A7020000000000
(1700000006.785796) can0 224#24A9000000000000
(1700000006.790176) can0 110#1012010000000000
(1700000006.795521) can0 0B0#B0A8020000000000
(1700000006.806041) can0 185#850F010000000000
(1700000006.806226) can0 110#1013010000000000
(1700000006.806359) can0 0B0#B0A9020000000000
(1700000006.816353) can0 0B0#B0AA020000000000
(1700000006.822448) can0 110#1014010000000000
(1700000006.826901) can0 0B0#B0AB020000000000
(1700000006.828458) can0 224#24AA000000000000
(1700000006.832974) can0 185#8510010000000000
(1700000006.834260) can0 2A9#A96D000000000000
(1700000006.836951) can0 110#1015010000000000
(1700000006.837341) can0 0B0#B0AC020000000000
(1700000006.847055) can0 0B0#B0AD020000000000
(1700000006.851673) can0 110#1016010000000000
(1700000006.857353) can0 0B0#B0AE020000000000
(1700000006.858594) can0 185#8511010000000000
(1700000006.866084) can0 333#3343000000000000
(1700000006.866254) can0 110#1017010000000000
(1700000006.866480) can0 224#24AB000000000000
(1700000006.866745) can0 0B0#B0AF020000000000
(1700000006.876754) can0 0B0#B0B0020000000000
(1700000006.882802) can0 110#1018010000000000
(1700000006.884625) can0 185#8512010000000000
(1700000006.886789) can0 0B0#B0B1020000000000
(1700000006.891186) can0 2A9#A96E000000000000
(1700000006.896472) can0 0B0#B0B2020000000000
(1700000006.899225) can0 110#1019010000000000
(1700000006.902954) can0 224#24AC000000000000
(1700000006.905505) can0 0B0#B0B3020000000000
(1700000006.909260) can0 185#8513010000000000
(1700000006.913954) can0 110#101A010000000000
(1700000006.914745) can0 0B0#B0B4020000000000
(1700000006.925359) can0 0B0#B0B5020000000000
(1700000006.929193) can0 110#101B010000000000
(1700000006.935028) can0 0B0#B0B6020000000000
(1700000006.935553) can0 185#8514010000000000
(1700000006.938856) can0 224#24AD000000000000
(1700000006.944747) can0 110#101C010000000000
(1700000006.945186) can0 0B0#B0B7020000000000
(1700000006.955885) can0 0B0#B0B8020000000000
(1700000006.959405) can0 185#8515010000000000
(1700000006.959913) can0 2A9#A96F000000000000
(1700000006.960869) can0 110#101D010000000000
(1700000006.966170) can0 0B0#B0B9020000000000
(1700000006.970811) can0 333#3344000000000000
(1700000006.977026) can0 110#101E010000000000
(1700000006.977150) can0 0B0#B0BA020000000000
(1700000006.979586) can0 224#24AE000000000000
(1700000006.983953) can0 185#8516010000000000
(1700000006.987207) can0 0B0#B0BB020000000000
(1700000006.993299) can0 110#101F010000000000
(1700000006.996932) can0 0B0#B0BC020000000000
(1700000007.005973) can0 0B0#B0BD020000000000
(1700000007.008833) can0 110#1020010000000000
(1700000007.010886) can0 185#8517010000000000
(1700000007.016007) can0 0B0#B0BE020000000000
(1700000007.018301) can0 2A9#A970000000000000
(1700000007.020279) can0 224#24AF000000000000
(1700000007.024263) can0 110#1021010000000000
(1700000007.026098) can0 0B0#B0BF020000000000
(1700000007.034405) can0 185#8518010000000000
(1700000007.035564) can0 0B0#B0C0020000000000
(1700000007.038819) can0 110#1022010000000000
(1700000007.045678) can0 0B0#B0C1020000000000
(1700000007.053736) can0 110#1023010000000000
(1700000007.056244) can0 0B0#B0C2020000000000
(1700000007.056393) can0 224#24B0000000000000
(1700000007.059861) can0 185#8519010000000000
(1700000007.065966) can0 0B0#B0C3020000000000
(1700000007.070760) can0 110#1024010000000000
(1700000007.072502) can0 333#3345000000000000
(1700000007.075191) can0 0B0#B0C4020000000000
(1700000007.075310) can0 2A9#A971000000000000
(1700000007.084367) can0 0B0#B0C5020000000000
(1700000007.084408) can0 185#851A010000000000
(1700000007.085273) can0 110#1025010000000000
(1700000007.094813) can0 0B0#B0C6020000000000
(1700000007.096841) can0 224#24B1000000000000
(1700000007.100531) can0 110#1026010000000000
(1700000007.104489) can0 0B0#B0C7020000000000
(1700000007.108634) can0 185#851B010000000000
(1700000007.115012) can0 0B0#B0C8020000000000
(1700000007.116037) can0 110#1027010000000000
(1700000007.125574) can0 0B0#B0C9020000000000
(1700000007.130442) can0 110#1028010000000000
(1700000007.134734) can0 2A9#A972000000000000
(1700000007.135171) can0 0B0#B0CA020000000000
(1700000007.135176) can0 224#24B2000000000000
(1700000007.135302) can0 185#851C010000000000
(1700000007.144718) can0 0B0#B0CB020000000000
(1700000007.145716) can0 110#1029010000000000
(1700000007.155286) can0 0B0#B0CC020000000000
(1700000007.159640) can0 185#851D010000000000
(1700000007.160640) can0 110#102A010000000000
(1700000007.166245) can0 0B0#B0CD020000000000
(1700000007.169503) can0 333#3346000000000000
(1700000007.174407) can0 224#24B3000000000000
(1700000007.176508) can0 0B0#B0CE020000000000
(1700000007.177982) can0 110#102B010000000000
(1700000007.185750) can0 185#851E010000000000
(1700000007.187122) can0 0B0#B0CF020000000000
(1700000007.192639) can0 110#102C010000000000
(1700000007.196273) can0 0B0#B0D0020000000000
(1700000007.196514) can0 2A9#A973000000000000
(1700000007.205553) can0 0B0#B0D1020000000000
(1700000007.209328) can0 110#102D010000000000
(1700000007.211637) can0 185#851F010000000000
(1700000007.213607) can0 224#24B4000000000000
(1700000007.215714) can0 0B0#B0D2020000000000
(1700000007.225349) can0 110#102E010000000000
(1700000007.226167) can0 0B0#B0D3020000000000
(1700000007.236513) can0 0B0#B0D4020000000000
(1700000007.236947) can0 185#8520010000000000
(1700000007.242709) can0 110#102F010000000000
(1700000007.247070) can0 0B0#B0D5020000000000
(1700000007.251361) can0 224#24B5000000000000
(1700000007.253821) can0 2A9#A974000000000000
(1700000007.257584) can0 110#1030010000000000
(1700000007.257674) can0 0B0#B0D6020000000000
(1700000007.262343) can0 185#8521010000000000
(1700000007.266876) can0 0B0#B0D7020000000000
(1700000007.273174) can0 110#1031010000000000
(1700000007.277636) can0 0B0#B0D8020000000000
(1700000007.279290) can0 333#3347000000000000
(1700000007.285335) can0 185#8522010000000000
(1700000007.287749) can0 110#1032010000000000
(1700000007.287811) can0 0B0#B0D9020000000000
(1700000007.290356) can0 224#24B6000000000000
(1700000007.297307) can0 0B0#B0DA020000000000
(1700000007.304567) can0 110#1033010000000000
(1700000007.307014) can0 0B0#B0DB020000000000
(1700000007.308555) can0 185#8523010000000000
(1700000007.312369) can0 2A9#A975000000000000
(1700000007.316032) can0 0B0#B0DC020000000000
(1700000007.319126) can0 110#1034010000000000
(1700000007.326549) can0 0B0#B0DD020000000000
(1700000007.327342) can0 224#24B7000000000000
(1700000007.335184) can0 185#8524010000000000
(1700000007.335275) can0 110#1035010000000000
(1700000007.335697) can0 0B0#B0DE020000000000
(1700000007.344832) can0 0B0#B0DF020000000000
(1700000007.351573) can0 110#1036010000000000
(1700000007.355399) can0 0B0#B0E0020000000000
(1700000007.360901) can0 185#8525010000000000
(1700000007.364313) can0 224#24B8000000000000
(1700000007.365761) can0 0B0#B0E1020000000000
(1700000007.366634) can0 110#1037010000000000
(1700000007.371158) can0 2A9#A976000000000000
(1700000007.375847) can0 0B0#B0E2020000000000
(1700000007.383411) can0 110#1038010000000000
(1700000007.386124) can0 0B0#B0E3020000000000
(1700000007.388295) can0 185#8526010000000000
(1700000007.388697) can0 333#3348000000000000
(1700000007.396921) can0 0B0#B0E4020000000000
(1700000007.400463) can0 110#1039010000000000
(1700000007.405190) can0 224#24B9000000000000
(1700000007.407191) can0 0B0#B0E5020000000000
(1700000007.411264) can0 185#8527010000000000
(1700000007.415519) can0 110#103A010000000000
(1700000007.417956) can0 0B0#B0E6020000000000
(1700000007.428133) can0 0B0#B0E7020000000000
(1700000007.430498) can0 2A9#A977000000000000
(1700000007.432862) can0 110#103B010000000000
(1700000007.435112) can0 185#8528010000000000
(1700000007.438555) can0 0B0#B0E8020000000000
(1700000007.443779) can0 224#24BA000000000000
(1700000007.448859) can0 0B0#B0E9020000000000
(1700000007.448879) can0 110#103C010000000000
(1700000007.459047) can0 185#8529010000000000
(1700000007.459622) can0 0B0#B0EA020000000000
(1700000007.464903) can0 110#103D010000000000
(1700000007.468756) can0 0B0#B0EB020000000000
(1700000007.478137) can0 0B0#B0EC020000000000
(1700000007.479531) can0 110#103E010000000000
(1700000007.483845) can0 185#852A010000000000
(1700000007.486524) can0 224#24BB000000000000
(1700000007.487683) can0 0B0#B0ED020000000000
(1700000007.494944) can0 110#103F010000000000
(1700000007.495128) can0 2A9#A978000000000000
(1700000007.496977) can0 333#3349000000000000
(1700000007.497435) can0 0B0#B0EE020000000000
(1700000007.507597) can0 0B0#B0EF020000000000
(1700000007.509419) can0 185#852B010000000000
(1700000007.509692) can0 110#1040010000000000
(1700000007.516618) can0 0B0#B0F0020000000000
(1700000007.524985) can0 224#24BC000000000000
(1700000007.525233) can0 110#1041010000000000
(1700000007.527387) can0 0B0#B0F1020000000000
(1700000007.533886) can0 185#852C010000000000
(1700000007.537341) can0 0B0#B0F2020000000000
(1700000007.540200) can0 110#1042010000000000
(1700000007.547292) can0 0B0#B0F3020000000000
(1700000007.555087) can0 110#1043010000000000
(1700000007.556587) can0 0B0#B0F4020000000000
(1700000007.558058) can0 2A9#A979000000000000
(1700000007.558934) can0 185#852D010000000000
(1700000007.565661) can0 0B0#B0F5020000000000
(1700000007.566419) can0 224#24BD000000000000
(1700000007.571124) can0 110#1044010000000000
(1700000007.574663) can0 0B0#B0F6020000000000
(1700000007.584395) can0 185#852E010000000000
(1700000007.584652) can0 0B0#B0F7020000000000
(1700000007.585593) can0 110#1045010000000000
(1700000007.594232) can0 0B0#B0F8020000000000
(1700000007.599415) can0 333#334A000000000000
(1700000007.602913) can0 110#1046010000000000
(1700000007.604170) can0 0B0#B0F9020000000000
(1700000007.606734) can0 224#24BE000000000000
(1700000007.611937) can0 185#852F010000000000
(1700000007.614357) can0 0B0#B0FA020000000000
(1700000007.618369) can0 110#1047010000000000
(1700000007.618619) can0 2A9#A97A000000000000
(1700000007.623812) can0 0B0#B0FB020000000000
(1700000007.633088) can0 0B0#B0FC020000000000
(1700000007.635008) can0 185#8530010000000000
(1700000007.635027) can0 110#1048010000000000
(1700000007.642455) can0 0B0#B0FD020000000000
(1700000007.648951) can0 224#24BF000000000000
(1700000007.651274) can0 110#1049010000000000
(1700000007.651908) can0 0B0#B0FE020000000000
(1700000007.658159) can0 185#8531010000000000
(1700000007.661048) can0 0B0#B0FF020000000000
(1700000007.666750) can0 110#104A010000000000
(1700000007.670253) can0 0B0#B000030000000000
(1700000007.676495) can0 2A9#A97B000000000000
(1700000007.679405) can0 0B0#B001030000000000
(1700000007.681963) can0 110#104B010000000000
(1700000007.682458) can0 185#8532010000000000
(1700000007.685089) can0 224#24C0000000000000
(1700000007.688986) can0 0B0#B002030000000000
(1700000007.690686) can0 333#334B000000000000
(1700000007.697371) can0 110#104C010000000000
(1700000007.698309) can0 0B0#B003030000000000
(1700000007.705194) can0 185#8533010000000000
(1700000007.707549) can0 0B0#B004030000000000
(1700000007.712712) can0 110#104D010000000000
(1700000007.717536) can0 0B0#B005030000000000
(1700000007.727382) can0 110#104E010000000000
(1700000007.727740) can0 224#24C1000000000000
(1700000007.728323) can0 0B0#B006030000000000
(1700000007.729219) can0 185#8534010000000000
(1700000007.737001) can0 2A9#A97C000000000000
(1700000007.738755) can0 0B0#B007030000000000
(1700000007.742015) can0 110#104F010000000000
(1700000007.749272) can0 0B0#B008030000000000
(1700000007.752045) can0 185#8535010000000000
(1700000007.757446) can0 110#1050010000000000
(1700000007.759848) can0 0B0#B009030000000000
(1700000007.769670) can0 0B0#B00A030000000000
(1700000007.769862) can0 224#24C2000000000000
(1700000007.772405) can0 110#1051010000000000
(1700000007.777393) can0 185#8536010000000000
(1700000007.780224) can0 0B0#B00B030000000000
(1700000007.789560) can0 110#1052010000000000
(1700000007.790658) can0 333#334C000000000000
(1700000007.790939) can0 0B0#B00C030000000000
(1700000007.794403) can0 2A9#A97D000000000000
(1700000007.800816) can0 0B0#B00D030000000000
(1700000007.804440) can0 185#8537010000000000
(1700000007.806342) can0 110#1053010000000000
(1700000007.807910) can0 224#24C3000000000000
(1700000007.809873) can0 0B0#B00E030000000000
(1700000007.818942) can0 0B0#B00F030000000000
(1700000007.822645) can0 110#1054010000000000
(1700000007.827962) can0 0B0#B010030000000000
(1700000007.831223) can0 185#8538010000000000
(1700000007.838068) can0 110#1055010000000000
(1700000007.838858) can0 0B0#B011030000000000
(1700000007.845441) can0 224#24C4000000000000
(1700000007.849390) can0 0B0#B012030000000000
(1700000007.854802) can0 110#1056010000000000
(1700000007.856639) can0 185#8539010000000000
(1700000007.857296) can0 2A9#A97E000000000000
(1700000007.859521) can0 0B0#B013030000000000
(1700000007.869762) can0 0B0#B014030000000000
(1700000007.871561) can0 110#1057010000000000
(1700000007.880269) can0 0B0#B015030000000000
(1700000007.883560) can0 185#853A010000000000
(1700000007.886585) can0 110#1058010000000000
(1700000007.887707) can0 224#24C5000000000000
(1700000007.890195) can0 0B0#B016030000000000
(1700000007.895617) can0 333#334D000000000000
(1700000007.899772) can0 0B0#B017030000000000
(1700000007.903729) can0 110#1059010000000000
(1700000007.908090) can0 185#853B010000000000
(1700000007.910501) can0 0B0#B018030000000000
(1700000007.916252) can0 2A9#A97F000000000000
(1700000007.918969) can0 110#105A010000000000
(1700000007.919519) can0 0B0#B019030000000000
(1700000007.929537) can0 0B0#B01A030000000000
(1700000007.929692) can0 224#24C6000000000000
(1700000007.934047) can0 110#105B010000000000
(1700000007.934828) can0 185#853C010000000000
(1700000007.939295) can0 0B0#B01B030000000000
(1700000007.948550) can0 110#105C010000000000
(1700000007.949885) can0 0B0#B01C030000000000
(1700000007.957718) can0 185#853D010000000000
(1700000007.959951) can0 0B0#B01D030000000000
(1700000007.964527) can0 110#105D010000000000
(1700000007.969457) can0 0B0#B01E030000000000
(1700000007.969942) can0 224#24C7000000000000
(1700000007.974652) can0 2A9#A980000000000000
(1700000007.979227) can0 0B0#B01F030000000000
(1700000007.981267) can0 110#105E010000000000
(1700000007.984563) can0 185#853E010000000000
(1700000007.986648) can0 333#334E000000000000
(1700000007.988352) can0 0B0#B020030000000000
(1700000007.995635) can0 110#105F010000000000
(1700000007.997458) can0 0B0#B021030000000000
